#
# There is insufficient memory for the Java Runtime Environment to continue.
# Native memory allocation (malloc) failed to allocate 219856 bytes for Chunk::new
# Possible reasons:
#   The system is out of physical RAM or swap space
#   The process is running with CompressedOops enabled, and the Java Heap may be blocking the growth of the native heap
# Possible solutions:
#   Reduce memory load on the system
#   Increase physical memory or swap space
#   Check if swap backing store is full
#   Decrease Java heap size (-Xmx/-Xms)
#   Decrease number of Java threads
#   Decrease Java thread stack sizes (-Xss)
#   Set larger code cache with -XX:ReservedCodeCacheSize=
#   JVM is running with Unscaled Compressed Oops mode in which the Java heap is
#     placed in the first 4GB address space. The Java Heap base address is the
#     maximum limit for the native heap growth. Please use -XX:HeapBaseMinAddress
#     to set the Java Heap base and to place the Java Heap above 4GB virtual address.
# This output file may be truncated or incomplete.
#
#  Out of Memory Error (./src/hotspot/share/memory/arena.cpp:197), pid=22316, tid=3752
#
# JRE version: OpenJDK Runtime Environment Microsoft-40648 (11.0.16.1+1) (build 11.0.16.1+1-LTS)
# Java VM: OpenJDK 64-Bit Server VM Microsoft-40648 (11.0.16.1+1-LTS, mixed mode, tiered, compressed oops, g1 gc, windows-amd64)
# No core dump will be written. Minidumps are not enabled by default on client versions of Windows
#

---------------  S U M M A R Y ------------

Command Line: -Xmx64m -Xms64m -Dorg.gradle.appname=gradlew org.gradle.wrapper.GradleWrapperMain app:installDebug -PreactNativeDevServerPort=8081

Host: Intel(R) Core(TM) i7-4720HQ CPU @ 2.60GHz, 8 cores, 15G,  Windows 10 , 64 bit Build 19041 (10.0.19041.2364)
Time: Thu Feb  2 14:03:17 2023 ora solare Europa occidentale elapsed time: 0.988012 seconds (0d 0h 0m 0s)

---------------  T H R E A D  ---------------

Current thread (0x0000022a288b9000):  JavaThread "C2 CompilerThread0" daemon [_thread_in_native, id=3752, stack(0x00000088b3400000,0x00000088b3500000)]


Current CompileTask:
C2:    988  656       4       java.util.HashMap::putVal (300 bytes)

Stack: [0x00000088b3400000,0x00000088b3500000]
Native frames: (J=compiled Java code, j=interpreted, Vv=VM code, C=native code)
V  [jvm.dll+0x62652a]
V  [jvm.dll+0x7b3249]
V  [jvm.dll+0x7b4938]
V  [jvm.dll+0x7b5013]
V  [jvm.dll+0x24fca8]
V  [jvm.dll+0xc262c]
V  [jvm.dll+0xc2bec]
V  [jvm.dll+0x2c1b24]
V  [jvm.dll+0x52e84c]
V  [jvm.dll+0x208866]
V  [jvm.dll+0x20a854]
V  [jvm.dll+0x207fdb]
V  [jvm.dll+0x18a411]
V  [jvm.dll+0x217954]
V  [jvm.dll+0x215b9b]
V  [jvm.dll+0x775d50]
V  [jvm.dll+0x76ec84]
V  [jvm.dll+0x625395]
C  [ucrtbase.dll+0x21bb2]
C  [KERNEL32.DLL+0x17614]
C  [ntdll.dll+0x526a1]


---------------  P R O C E S S  ---------------

Threads class SMR info:
_java_thread_list=0x0000022a28b8f160, length=10, elements={
0x0000022a0baa4000, 0x0000022a28897800, 0x0000022a288a1800, 0x0000022a288b1800,
0x0000022a288b3000, 0x0000022a288b6000, 0x0000022a288b9000, 0x0000022a28909800,
0x0000022a2891f800, 0x0000022a28bab800
}

Java Threads: ( => current thread )
  0x0000022a0baa4000 JavaThread "main" [_thread_in_vm, id=12700, stack(0x00000088b2800000,0x00000088b2900000)]
  0x0000022a28897800 JavaThread "Reference Handler" daemon [_thread_blocked, id=9804, stack(0x00000088b2f00000,0x00000088b3000000)]
  0x0000022a288a1800 JavaThread "Finalizer" daemon [_thread_blocked, id=13004, stack(0x00000088b3000000,0x00000088b3100000)]
  0x0000022a288b1800 JavaThread "Signal Dispatcher" daemon [_thread_blocked, id=3168, stack(0x00000088b3100000,0x00000088b3200000)]
  0x0000022a288b3000 JavaThread "Attach Listener" daemon [_thread_blocked, id=9408, stack(0x00000088b3200000,0x00000088b3300000)]
  0x0000022a288b6000 JavaThread "Service Thread" daemon [_thread_blocked, id=26548, stack(0x00000088b3300000,0x00000088b3400000)]
=>0x0000022a288b9000 JavaThread "C2 CompilerThread0" daemon [_thread_in_native, id=3752, stack(0x00000088b3400000,0x00000088b3500000)]
  0x0000022a28909800 JavaThread "C1 CompilerThread0" daemon [_thread_blocked, id=13376, stack(0x00000088b3500000,0x00000088b3600000)]
  0x0000022a2891f800 JavaThread "Sweeper thread" daemon [_thread_blocked, id=20908, stack(0x00000088b3600000,0x00000088b3700000)]
  0x0000022a28bab800 JavaThread "Common-Cleaner" daemon [_thread_blocked, id=22956, stack(0x00000088b3800000,0x00000088b3900000)]

Other Threads:
  0x0000022a2886d000 VMThread "VM Thread" [stack: 0x00000088b2e00000,0x00000088b2f00000] [id=19672]
  0x0000022a28ba3800 WatcherThread [stack: 0x00000088b3700000,0x00000088b3800000] [id=17012]
  0x0000022a0babc800 GCTaskThread "GC Thread#0" [stack: 0x00000088b2900000,0x00000088b2a00000] [id=22236]
  0x0000022a0bac7000 ConcurrentGCThread "G1 Main Marker" [stack: 0x00000088b2a00000,0x00000088b2b00000] [id=23504]
  0x0000022a0bac8800 ConcurrentGCThread "G1 Conc#0" [stack: 0x00000088b2b00000,0x00000088b2c00000] [id=22836]
  0x0000022a0bb2e000 ConcurrentGCThread "G1 Refine#0" [stack: 0x00000088b2c00000,0x00000088b2d00000] [id=17804]
  0x0000022a0bb2f000 ConcurrentGCThread "G1 Young RemSet Sampling" [stack: 0x00000088b2d00000,0x00000088b2e00000] [id=8972]

Threads with active compile tasks:
C2 CompilerThread0     1019  656       4       java.util.HashMap::putVal (300 bytes)
C1 CompilerThread0     1019  666       3       java.util.zip.ZipFile::getZipEntry (325 bytes)

VM state:not at safepoint (normal execution)

VM Mutex/Monitor currently owned by a thread: None

Heap address: 0x00000000fc000000, size: 64 MB, Compressed Oops mode: 32-bit
Narrow klass base: 0x0000000000000000, Narrow klass shift: 3
Compressed class space size: 1073741824 Address: 0x0000000100000000

Heap:
 garbage-first heap   total 65536K, used 22528K [0x00000000fc000000, 0x0000000100000000)
  region size 1024K, 18 young (18432K), 0 survivors (0K)
 Metaspace       used 7935K, capacity 8113K, committed 8320K, reserved 1056768K
  class space    used 699K, capacity 786K, committed 896K, reserved 1048576K
Heap Regions: E=young(eden), S=young(survivor), O=old, HS=humongous(starts), HC=humongous(continues), CS=collection set, F=free, A=archive, TAMS=top-at-mark-start (previous, next)
|   0|0x00000000fc000000, 0x00000000fc100000, 0x00000000fc100000|100%|HS|  |TAMS 0x00000000fc000000, 0x00000000fc000000| Complete 
|   1|0x00000000fc100000, 0x00000000fc200000, 0x00000000fc200000|100%|HC|  |TAMS 0x00000000fc100000, 0x00000000fc100000| Complete 
|   2|0x00000000fc200000, 0x00000000fc300000, 0x00000000fc300000|100%|HC|  |TAMS 0x00000000fc200000, 0x00000000fc200000| Complete 
|   3|0x00000000fc300000, 0x00000000fc400000, 0x00000000fc400000|100%|HS|  |TAMS 0x00000000fc300000, 0x00000000fc300000| Complete 
|   4|0x00000000fc400000, 0x00000000fc500000, 0x00000000fc500000|100%|HC|  |TAMS 0x00000000fc400000, 0x00000000fc400000| Complete 
|   5|0x00000000fc500000, 0x00000000fc600000, 0x00000000fc600000|100%|HC|  |TAMS 0x00000000fc500000, 0x00000000fc500000| Complete 
|   6|0x00000000fc600000, 0x00000000fc600000, 0x00000000fc700000|  0%| F|  |TAMS 0x00000000fc600000, 0x00000000fc600000| Untracked 
|   7|0x00000000fc700000, 0x00000000fc700000, 0x00000000fc800000|  0%| F|  |TAMS 0x00000000fc700000, 0x00000000fc700000| Untracked 
|   8|0x00000000fc800000, 0x00000000fc800000, 0x00000000fc900000|  0%| F|  |TAMS 0x00000000fc800000, 0x00000000fc800000| Untracked 
|   9|0x00000000fc900000, 0x00000000fc900000, 0x00000000fca00000|  0%| F|  |TAMS 0x00000000fc900000, 0x00000000fc900000| Untracked 
|  10|0x00000000fca00000, 0x00000000fca00000, 0x00000000fcb00000|  0%| F|  |TAMS 0x00000000fca00000, 0x00000000fca00000| Untracked 
|  11|0x00000000fcb00000, 0x00000000fcb00000, 0x00000000fcc00000|  0%| F|  |TAMS 0x00000000fcb00000, 0x00000000fcb00000| Untracked 
|  12|0x00000000fcc00000, 0x00000000fcc00000, 0x00000000fcd00000|  0%| F|  |TAMS 0x00000000fcc00000, 0x00000000fcc00000| Untracked 
|  13|0x00000000fcd00000, 0x00000000fcd00000, 0x00000000fce00000|  0%| F|  |TAMS 0x00000000fcd00000, 0x00000000fcd00000| Untracked 
|  14|0x00000000fce00000, 0x00000000fce00000, 0x00000000fcf00000|  0%| F|  |TAMS 0x00000000fce00000, 0x00000000fce00000| Untracked 
|  15|0x00000000fcf00000, 0x00000000fcf00000, 0x00000000fd000000|  0%| F|  |TAMS 0x00000000fcf00000, 0x00000000fcf00000| Untracked 
|  16|0x00000000fd000000, 0x00000000fd000000, 0x00000000fd100000|  0%| F|  |TAMS 0x00000000fd000000, 0x00000000fd000000| Untracked 
|  17|0x00000000fd100000, 0x00000000fd100000, 0x00000000fd200000|  0%| F|  |TAMS 0x00000000fd100000, 0x00000000fd100000| Untracked 
|  18|0x00000000fd200000, 0x00000000fd200000, 0x00000000fd300000|  0%| F|  |TAMS 0x00000000fd200000, 0x00000000fd200000| Untracked 
|  19|0x00000000fd300000, 0x00000000fd300000, 0x00000000fd400000|  0%| F|  |TAMS 0x00000000fd300000, 0x00000000fd300000| Untracked 
|  20|0x00000000fd400000, 0x00000000fd400000, 0x00000000fd500000|  0%| F|  |TAMS 0x00000000fd400000, 0x00000000fd400000| Untracked 
|  21|0x00000000fd500000, 0x00000000fd500000, 0x00000000fd600000|  0%| F|  |TAMS 0x00000000fd500000, 0x00000000fd500000| Untracked 
|  22|0x00000000fd600000, 0x00000000fd600000, 0x00000000fd700000|  0%| F|  |TAMS 0x00000000fd600000, 0x00000000fd600000| Untracked 
|  23|0x00000000fd700000, 0x00000000fd700000, 0x00000000fd800000|  0%| F|  |TAMS 0x00000000fd700000, 0x00000000fd700000| Untracked 
|  24|0x00000000fd800000, 0x00000000fd800000, 0x00000000fd900000|  0%| F|  |TAMS 0x00000000fd800000, 0x00000000fd800000| Untracked 
|  25|0x00000000fd900000, 0x00000000fd900000, 0x00000000fda00000|  0%| F|  |TAMS 0x00000000fd900000, 0x00000000fd900000| Untracked 
|  26|0x00000000fda00000, 0x00000000fda00000, 0x00000000fdb00000|  0%| F|  |TAMS 0x00000000fda00000, 0x00000000fda00000| Untracked 
|  27|0x00000000fdb00000, 0x00000000fdb00000, 0x00000000fdc00000|  0%| F|  |TAMS 0x00000000fdb00000, 0x00000000fdb00000| Untracked 
|  28|0x00000000fdc00000, 0x00000000fdc00000, 0x00000000fdd00000|  0%| F|  |TAMS 0x00000000fdc00000, 0x00000000fdc00000| Untracked 
|  29|0x00000000fdd00000, 0x00000000fdd00000, 0x00000000fde00000|  0%| F|  |TAMS 0x00000000fdd00000, 0x00000000fdd00000| Untracked 
|  30|0x00000000fde00000, 0x00000000fde00000, 0x00000000fdf00000|  0%| F|  |TAMS 0x00000000fde00000, 0x00000000fde00000| Untracked 
|  31|0x00000000fdf00000, 0x00000000fdf00000, 0x00000000fe000000|  0%| F|  |TAMS 0x00000000fdf00000, 0x00000000fdf00000| Untracked 
|  32|0x00000000fe000000, 0x00000000fe000000, 0x00000000fe100000|  0%| F|  |TAMS 0x00000000fe000000, 0x00000000fe000000| Untracked 
|  33|0x00000000fe100000, 0x00000000fe100000, 0x00000000fe200000|  0%| F|  |TAMS 0x00000000fe100000, 0x00000000fe100000| Untracked 
|  34|0x00000000fe200000, 0x00000000fe200000, 0x00000000fe300000|  0%| F|  |TAMS 0x00000000fe200000, 0x00000000fe200000| Untracked 
|  35|0x00000000fe300000, 0x00000000fe300000, 0x00000000fe400000|  0%| F|  |TAMS 0x00000000fe300000, 0x00000000fe300000| Untracked 
|  36|0x00000000fe400000, 0x00000000fe400000, 0x00000000fe500000|  0%| F|  |TAMS 0x00000000fe400000, 0x00000000fe400000| Untracked 
|  37|0x00000000fe500000, 0x00000000fe500000, 0x00000000fe600000|  0%| F|  |TAMS 0x00000000fe500000, 0x00000000fe500000| Untracked 
|  38|0x00000000fe600000, 0x00000000fe600000, 0x00000000fe700000|  0%| F|  |TAMS 0x00000000fe600000, 0x00000000fe600000| Untracked 
|  39|0x00000000fe700000, 0x00000000fe700000, 0x00000000fe800000|  0%| F|  |TAMS 0x00000000fe700000, 0x00000000fe700000| Untracked 
|  40|0x00000000fe800000, 0x00000000fe800000, 0x00000000fe900000|  0%| F|  |TAMS 0x00000000fe800000, 0x00000000fe800000| Untracked 
|  41|0x00000000fe900000, 0x00000000fe900000, 0x00000000fea00000|  0%| F|  |TAMS 0x00000000fe900000, 0x00000000fe900000| Untracked 
|  42|0x00000000fea00000, 0x00000000fea00000, 0x00000000feb00000|  0%| F|  |TAMS 0x00000000fea00000, 0x00000000fea00000| Untracked 
|  43|0x00000000feb00000, 0x00000000feb00000, 0x00000000fec00000|  0%| F|  |TAMS 0x00000000feb00000, 0x00000000feb00000| Untracked 
|  44|0x00000000fec00000, 0x00000000fec00000, 0x00000000fed00000|  0%| F|  |TAMS 0x00000000fec00000, 0x00000000fec00000| Untracked 
|  45|0x00000000fed00000, 0x00000000fed00000, 0x00000000fee00000|  0%| F|  |TAMS 0x00000000fed00000, 0x00000000fed00000| Untracked 
|  46|0x00000000fee00000, 0x00000000fef00000, 0x00000000fef00000|100%| E|  |TAMS 0x00000000fee00000, 0x00000000fee00000| Complete 
|  47|0x00000000fef00000, 0x00000000ff000000, 0x00000000ff000000|100%| E|CS|TAMS 0x00000000fef00000, 0x00000000fef00000| Complete 
|  48|0x00000000ff000000, 0x00000000ff100000, 0x00000000ff100000|100%| E|CS|TAMS 0x00000000ff000000, 0x00000000ff000000| Complete 
|  49|0x00000000ff100000, 0x00000000ff200000, 0x00000000ff200000|100%| E|CS|TAMS 0x00000000ff100000, 0x00000000ff100000| Complete 
|  50|0x00000000ff200000, 0x00000000ff300000, 0x00000000ff300000|100%| E|CS|TAMS 0x00000000ff200000, 0x00000000ff200000| Complete 
|  51|0x00000000ff300000, 0x00000000ff400000, 0x00000000ff400000|100%| E|CS|TAMS 0x00000000ff300000, 0x00000000ff300000| Complete 
|  52|0x00000000ff400000, 0x00000000ff500000, 0x00000000ff500000|100%| E|CS|TAMS 0x00000000ff400000, 0x00000000ff400000| Complete 
|  53|0x00000000ff500000, 0x00000000ff600000, 0x00000000ff600000|100%| E|CS|TAMS 0x00000000ff500000, 0x00000000ff500000| Complete 
|  54|0x00000000ff600000, 0x00000000ff700000, 0x00000000ff700000|100%| E|CS|TAMS 0x00000000ff600000, 0x00000000ff600000| Complete 
|  55|0x00000000ff700000, 0x00000000ff800000, 0x00000000ff800000|100%| E|CS|TAMS 0x00000000ff700000, 0x00000000ff700000| Complete 
|  56|0x00000000ff800000, 0x00000000ff900000, 0x00000000ff900000|100%| E|  |TAMS 0x00000000ff800000, 0x00000000ff800000| Complete 
|  57|0x00000000ff900000, 0x00000000ffa00000, 0x00000000ffa00000|100%| E|CS|TAMS 0x00000000ff900000, 0x00000000ff900000| Complete 
|  58|0x00000000ffa00000, 0x00000000ffb00000, 0x00000000ffb00000|100%| E|CS|TAMS 0x00000000ffa00000, 0x00000000ffa00000| Complete 
|  59|0x00000000ffb00000, 0x00000000ffc00000, 0x00000000ffc00000|100%| E|CS|TAMS 0x00000000ffb00000, 0x00000000ffb00000| Complete 
|  60|0x00000000ffc00000, 0x00000000ffd00000, 0x00000000ffd00000|100%| E|CS|TAMS 0x00000000ffc00000, 0x00000000ffc00000| Complete 
|  61|0x00000000ffd00000, 0x00000000ffe00000, 0x00000000ffe00000|100%| E|CS|TAMS 0x00000000ffd00000, 0x00000000ffd00000| Complete 
|  62|0x00000000ffe00000, 0x00000000fff00000, 0x00000000fff00000|100%| E|CS|TAMS 0x00000000ffe00000, 0x00000000ffe00000| Complete 
|  63|0x00000000fff00000, 0x0000000100000000, 0x0000000100000000|100%| E|CS|TAMS 0x00000000fff00000, 0x00000000fff00000| Complete 

Card table byte_map: [0x0000022a0bbc0000,0x0000022a0bbe0000] _byte_map_base: 0x0000022a0b3e0000

Marking Bits (Prev, Next): (CMBitMap*) 0x0000022a0bac5ff8, (CMBitMap*) 0x0000022a0bac6030
 Prev Bits: [0x0000022a25490000, 0x0000022a25590000)
 Next Bits: [0x0000022a25590000, 0x0000022a25690000)

Polling page: 0x0000022a0b8a0000

Metaspace:

Usage:
  Non-class:      7.16 MB capacity,     7.08 MB ( 99%) used,    75.02 KB (  1%) free+waste,     6.06 KB ( <1%) overhead. 
      Class:    786.00 KB capacity,   701.48 KB ( 89%) used,    81.64 KB ( 10%) free+waste,     2.88 KB ( <1%) overhead. 
       Both:      7.92 MB capacity,     7.76 MB ( 98%) used,   156.66 KB (  2%) free+waste,     8.94 KB ( <1%) overhead. 

Virtual space:
  Non-class space:        8.00 MB reserved,       7.25 MB ( 91%) committed 
      Class space:        1.00 GB reserved,     896.00 KB ( <1%) committed 
             Both:        1.01 GB reserved,       8.13 MB ( <1%) committed 

Chunk freelists:
   Non-Class:  33.00 KB
       Class:  14.00 KB
        Both:  47.00 KB

MaxMetaspaceSize: 17179869184.00 GB
CompressedClassSpaceSize: 1.00 GB
Initial GC threshold: 20.80 MB
Current GC threshold: 20.80 MB
CDS: off

CodeHeap 'non-profiled nmethods': size=120000Kb used=214Kb max_used=214Kb free=119785Kb
 bounds [0x0000022a1d500000, 0x0000022a1d770000, 0x0000022a24a30000]
CodeHeap 'profiled nmethods': size=120000Kb used=1243Kb max_used=1243Kb free=118756Kb
 bounds [0x0000022a15fd0000, 0x0000022a16240000, 0x0000022a1d500000]
CodeHeap 'non-nmethods': size=5760Kb used=1107Kb max_used=1123Kb free=4653Kb
 bounds [0x0000022a15a30000, 0x0000022a15ca0000, 0x0000022a15fd0000]
 total_blobs=1021 nmethods=668 adapters=266
 compilation: enabled
              stopped_count=0, restarted_count=0
 full_count=0

Compilation events (20 events):
Event: 0.958 Thread 0x0000022a28909800 nmethod 645 0x0000022a160f2a90 code [0x0000022a160f2ee0, 0x0000022a160f4f48]
Event: 0.959 Thread 0x0000022a288b9000  646       4       java.lang.String::toLowerCase (29 bytes)
Event: 0.962 Thread 0x0000022a28909800  648       3       java.lang.ref.SoftReference::get (29 bytes)
Event: 0.962 Thread 0x0000022a28909800 nmethod 648 0x0000022a160f5b90 code [0x0000022a160f5d40, 0x0000022a160f5f18]
Event: 0.966 Thread 0x0000022a28909800  650       3       java.lang.Runtime$Version::feature (17 bytes)
Event: 0.967 Thread 0x0000022a28909800 nmethod 650 0x0000022a160f5f90 code [0x0000022a160f6160, 0x0000022a160f6428]
Event: 0.967 Thread 0x0000022a28909800  651       3       java.net.URL::toString (5 bytes)
Event: 0.967 Thread 0x0000022a28909800 nmethod 651 0x0000022a160f6510 code [0x0000022a160f66e0, 0x0000022a160f6908]
Event: 0.967 Thread 0x0000022a28909800  652       3       java.net.URL::toExternalForm (9 bytes)
Event: 0.967 Thread 0x0000022a28909800 nmethod 652 0x0000022a160f6a10 code [0x0000022a160f6bc0, 0x0000022a160f6d88]
Event: 0.969 Thread 0x0000022a28909800  653       3       sun.net.www.protocol.jar.Handler::checkNestedProtocol (18 bytes)
Event: 0.969 Thread 0x0000022a28909800 nmethod 653 0x0000022a160f6e90 code [0x0000022a160f7060, 0x0000022a160f7228]
Event: 0.972 Thread 0x0000022a288b9000 nmethod 646 0x0000022a1d533f10 code [0x0000022a1d5340e0, 0x0000022a1d5348b8]
Event: 0.972 Thread 0x0000022a288b9000  649       4       java.lang.StringLatin1::charAt (28 bytes)
Event: 0.972 Thread 0x0000022a288b9000 nmethod 649 0x0000022a1d534d90 code [0x0000022a1d534f20, 0x0000022a1d534f98]
Event: 0.973 Thread 0x0000022a288b9000  647       4       java.lang.StringBuilder::append (8 bytes)
Event: 0.975 Thread 0x0000022a28909800  654       3       jdk.internal.loader.FileURLMapper::getPath (141 bytes)
Event: 0.976 Thread 0x0000022a28909800 nmethod 654 0x0000022a160f7310 code [0x0000022a160f7680, 0x0000022a160f8838]
Event: 0.980 Thread 0x0000022a288b9000 nmethod 647 0x0000022a1d535090 code [0x0000022a1d535240, 0x0000022a1d5357e8]
Event: 0.980 Thread 0x0000022a288b9000  656       4       java.util.HashMap::putVal (300 bytes)

GC Heap History (0 events):
No events

Deoptimization events (20 events):
Event: 0.875 Thread 0x0000022a0baa4000 Uncommon trap: trap_request=0xffffffde fr.pc=0x0000022a1d528b20 relative=0x0000000000000f00
Event: 0.875 Thread 0x0000022a0baa4000 Uncommon trap: reason=class_check action=maybe_recompile pc=0x0000022a1d528b20 method=java.util.HashMap.putVal(ILjava/lang/Object;Ljava/lang/Object;ZZ)Ljava/lang/Object; @ 91 c2
Event: 0.875 Thread 0x0000022a0baa4000 DEOPT PACKING pc=0x0000022a1d528b20 sp=0x00000088b28f99b0
Event: 0.875 Thread 0x0000022a0baa4000 DEOPT UNPACKING pc=0x0000022a15a7a1af sp=0x00000088b28f9940 mode 2
Event: 0.892 Thread 0x0000022a0baa4000 DEOPT PACKING pc=0x0000022a16028368 sp=0x00000088b28f9200
Event: 0.892 Thread 0x0000022a0baa4000 DEOPT UNPACKING pc=0x0000022a15a7a95e sp=0x00000088b28f86d0 mode 0
Event: 0.921 Thread 0x0000022a0baa4000 Uncommon trap: trap_request=0xffffffde fr.pc=0x0000022a1d528b20 relative=0x0000000000000f00
Event: 0.921 Thread 0x0000022a0baa4000 Uncommon trap: reason=class_check action=maybe_recompile pc=0x0000022a1d528b20 method=java.util.HashMap.putVal(ILjava/lang/Object;Ljava/lang/Object;ZZ)Ljava/lang/Object; @ 91 c2
Event: 0.921 Thread 0x0000022a0baa4000 DEOPT PACKING pc=0x0000022a1d528b20 sp=0x00000088b28fa6a0
Event: 0.921 Thread 0x0000022a0baa4000 DEOPT UNPACKING pc=0x0000022a15a7a1af sp=0x00000088b28fa630 mode 2
Event: 0.938 Thread 0x0000022a0baa4000 DEOPT PACKING pc=0x0000022a160b4aa2 sp=0x00000088b28f6c50
Event: 0.938 Thread 0x0000022a0baa4000 DEOPT UNPACKING pc=0x0000022a15a7a95e sp=0x00000088b28f60b8 mode 0
Event: 0.947 Thread 0x0000022a0baa4000 Uncommon trap: trap_request=0xffffffde fr.pc=0x0000022a1d532d04 relative=0x00000000000010e4
Event: 0.947 Thread 0x0000022a0baa4000 Uncommon trap: reason=class_check action=maybe_recompile pc=0x0000022a1d532d04 method=java.util.HashMap.putVal(ILjava/lang/Object;Ljava/lang/Object;ZZ)Ljava/lang/Object; @ 203 c2
Event: 0.947 Thread 0x0000022a0baa4000 DEOPT PACKING pc=0x0000022a1d532d04 sp=0x00000088b28fa6a0
Event: 0.947 Thread 0x0000022a0baa4000 DEOPT UNPACKING pc=0x0000022a15a7a1af sp=0x00000088b28fa630 mode 2
Event: 0.950 Thread 0x0000022a0baa4000 Uncommon trap: trap_request=0xffffffde fr.pc=0x0000022a1d532d04 relative=0x00000000000010e4
Event: 0.950 Thread 0x0000022a0baa4000 Uncommon trap: reason=class_check action=maybe_recompile pc=0x0000022a1d532d04 method=java.util.HashMap.putVal(ILjava/lang/Object;Ljava/lang/Object;ZZ)Ljava/lang/Object; @ 203 c2
Event: 0.950 Thread 0x0000022a0baa4000 DEOPT PACKING pc=0x0000022a1d532d04 sp=0x00000088b28fa6a0
Event: 0.950 Thread 0x0000022a0baa4000 DEOPT UNPACKING pc=0x0000022a15a7a1af sp=0x00000088b28fa630 mode 2

Classes redefined (0 events):
No events

Internal exceptions (3 events):
Event: 0.442 Thread 0x0000022a0baa4000 Exception <a 'java/lang/NoSuchMethodError'{0x00000000ffc60fe0}: 'int java.lang.invoke.DirectMethodHandle$Holder.invokeStaticInit(java.lang.Object, java.lang.Object)'> (0x00000000ffc60fe0) thrown at [./src/hotspot/share/interpreter/linkResolver.cpp, line 773]
Event: 0.515 Thread 0x0000022a0baa4000 Exception <a 'java/lang/NoSuchMethodError'{0x00000000ffb352b8}: 'int java.lang.invoke.DirectMethodHandle$Holder.invokeSpecial(java.lang.Object, java.lang.Object, java.lang.Object, java.lang.Object)'> (0x00000000ffb352b8) thrown at [./src/hotspot/share/interpreter/linkResolver.cpp, line 773]
Event: 0.525 Thread 0x0000022a0baa4000 Exception <a 'java/lang/NoSuchMethodError'{0x00000000ffb6dd20}: 'int java.lang.invoke.DirectMethodHandle$Holder.invokeSpecialIFC(java.lang.Object, java.lang.Object, int)'> (0x00000000ffb6dd20) thrown at [./src/hotspot/share/interpreter/linkResolver.cpp, line 773]

Events (20 events):
Event: 0.908 loading class java/util/concurrent/LinkedBlockingQueue$Node
Event: 0.908 loading class java/util/concurrent/LinkedBlockingQueue$Node done
Event: 0.908 loading class org/slf4j/helpers/NOPLoggerFactory
Event: 0.908 loading class org/slf4j/helpers/NOPLoggerFactory done
Event: 0.908 loading class org/slf4j/helpers/Util
Event: 0.908 loading class org/slf4j/helpers/Util done
Event: 0.909 loading class java/lang/SecurityException
Event: 0.909 loading class java/lang/SecurityException done
Event: 0.909 loading class java/util/Collections$EmptyEnumeration
Event: 0.909 loading class java/util/Collections$EmptyEnumeration done
Event: 0.909 loading class jdk/internal/loader/BuiltinClassLoader$1
Event: 0.909 loading class jdk/internal/loader/BuiltinClassLoader$1 done
Event: 0.910 loading class java/lang/CompoundEnumeration
Event: 0.910 loading class java/lang/CompoundEnumeration done
Event: 0.910 loading class jdk/internal/loader/URLClassPath$1
Event: 0.910 loading class jdk/internal/loader/URLClassPath$1 done
Event: 0.910 loading class java/net/URLClassLoader$3
Event: 0.910 loading class java/net/URLClassLoader$3 done
Event: 0.910 loading class java/net/URLClassLoader$3$1
Event: 0.910 loading class java/net/URLClassLoader$3$1 done


Dynamic libraries:
0x00007ff636e00000 - 0x00007ff636e0d000 	C:\Program Files\Microsoft\jdk-11.0.16.101-hotspot\bin\java.exe
0x00007ffed2810000 - 0x00007ffed2a08000 	C:\WINDOWS\SYSTEM32\ntdll.dll
0x00007ffed1190000 - 0x00007ffed124f000 	C:\WINDOWS\System32\KERNEL32.DLL
0x00007ffed0540000 - 0x00007ffed0812000 	C:\WINDOWS\System32\KERNELBASE.dll
0x00007ffed0440000 - 0x00007ffed0540000 	C:\WINDOWS\System32\ucrtbase.dll
0x00007ffebefc0000 - 0x00007ffebefd7000 	C:\Program Files\Microsoft\jdk-11.0.16.101-hotspot\bin\jli.dll
0x00007ffed1c90000 - 0x00007ffed1e31000 	C:\WINDOWS\System32\USER32.dll
0x00007ffebefa0000 - 0x00007ffebefb5000 	C:\Program Files\Microsoft\jdk-11.0.16.101-hotspot\bin\VCRUNTIME140.dll
0x00007ffed0820000 - 0x00007ffed0842000 	C:\WINDOWS\System32\win32u.dll
0x00007ffed1250000 - 0x00007ffed127b000 	C:\WINDOWS\System32\GDI32.dll
0x00007ffebda60000 - 0x00007ffebdcfa000 	C:\WINDOWS\WinSxS\amd64_microsoft.windows.common-controls_6595b64144ccf1df_6.0.19041.1110_none_60b5254171f9507e\COMCTL32.dll
0x00007ffed1bf0000 - 0x00007ffed1c8e000 	C:\WINDOWS\System32\msvcrt.dll
0x00007ffed0140000 - 0x00007ffed024f000 	C:\WINDOWS\System32\gdi32full.dll
0x00007ffecff00000 - 0x00007ffecff9d000 	C:\WINDOWS\System32\msvcp_win.dll
0x00007ffed0980000 - 0x00007ffed09b2000 	C:\WINDOWS\System32\IMM32.DLL
0x00007ffea0b50000 - 0x00007ffea0beb000 	C:\Program Files\Microsoft\jdk-11.0.16.101-hotspot\bin\msvcp140.dll
0x00007ffe0c7e0000 - 0x00007ffe0d36a000 	C:\Program Files\Microsoft\jdk-11.0.16.101-hotspot\bin\server\jvm.dll
0x00007ffed2720000 - 0x00007ffed27ce000 	C:\WINDOWS\System32\ADVAPI32.dll
0x00007ffed0850000 - 0x00007ffed08ec000 	C:\WINDOWS\System32\sechost.dll
0x00007ffed12e0000 - 0x00007ffed1405000 	C:\WINDOWS\System32\RPCRT4.dll
0x00007ffed0e60000 - 0x00007ffed0e68000 	C:\WINDOWS\System32\PSAPI.DLL
0x00007ffe463c0000 - 0x00007ffe463c9000 	C:\WINDOWS\SYSTEM32\WSOCK32.dll
0x00007ffed26b0000 - 0x00007ffed271b000 	C:\WINDOWS\System32\WS2_32.dll
0x00007ffebeda0000 - 0x00007ffebedc7000 	C:\WINDOWS\SYSTEM32\WINMM.dll
0x00007ffecd540000 - 0x00007ffecd54a000 	C:\WINDOWS\SYSTEM32\VERSION.dll
0x00007ffece750000 - 0x00007ffece762000 	C:\WINDOWS\SYSTEM32\kernel.appcore.dll
0x00007ffebef90000 - 0x00007ffebefa0000 	C:\Program Files\Microsoft\jdk-11.0.16.101-hotspot\bin\verify.dll
0x00007ffec37b0000 - 0x00007ffec3994000 	C:\WINDOWS\SYSTEM32\DBGHELP.DLL
0x00007ffeb8cc0000 - 0x00007ffeb8cf5000 	C:\WINDOWS\SYSTEM32\dbgcore.DLL
0x00007ffed0250000 - 0x00007ffed02d2000 	C:\WINDOWS\System32\bcryptPrimitives.dll
0x00007ffebef60000 - 0x00007ffebef88000 	C:\Program Files\Microsoft\jdk-11.0.16.101-hotspot\bin\java.dll
0x00007ffebef50000 - 0x00007ffebef5a000 	C:\Program Files\Microsoft\jdk-11.0.16.101-hotspot\bin\jimage.dll
0x00007ffebef30000 - 0x00007ffebef48000 	C:\Program Files\Microsoft\jdk-11.0.16.101-hotspot\bin\zip.dll
0x00007ffed1f60000 - 0x00007ffed26a4000 	C:\WINDOWS\System32\SHELL32.dll
0x00007ffecdfa0000 - 0x00007ffece732000 	C:\WINDOWS\SYSTEM32\windows.storage.dll
0x00007ffed1420000 - 0x00007ffed1775000 	C:\WINDOWS\System32\combase.dll
0x00007ffecf960000 - 0x00007ffecf990000 	C:\WINDOWS\SYSTEM32\Wldp.dll
0x00007ffed0a70000 - 0x00007ffed0b1d000 	C:\WINDOWS\System32\SHCORE.dll
0x00007ffed0910000 - 0x00007ffed0965000 	C:\WINDOWS\System32\shlwapi.dll
0x00007ffecfe40000 - 0x00007ffecfe5f000 	C:\WINDOWS\SYSTEM32\profapi.dll
0x00007ffebef10000 - 0x00007ffebef29000 	C:\Program Files\Microsoft\jdk-11.0.16.101-hotspot\bin\net.dll
0x00007ffec5480000 - 0x00007ffec558c000 	C:\WINDOWS\SYSTEM32\WINHTTP.dll
0x00007ffecf6c0000 - 0x00007ffecf72a000 	C:\WINDOWS\system32\mswsock.dll
0x00007ffebee10000 - 0x00007ffebee23000 	C:\Program Files\Microsoft\jdk-11.0.16.101-hotspot\bin\nio.dll

dbghelp: loaded successfully - version: 4.0.5 - missing functions: none
symbol engine: initialized successfully - sym options: 0x614 - pdb path: .;C:\Program Files\Microsoft\jdk-11.0.16.101-hotspot\bin;C:\WINDOWS\SYSTEM32;C:\WINDOWS\WinSxS\amd64_microsoft.windows.common-controls_6595b64144ccf1df_6.0.19041.1110_none_60b5254171f9507e;C:\Program Files\Microsoft\jdk-11.0.16.101-hotspot\bin\server

VM Arguments:
jvm_args: -Xmx64m -Xms64m -Dorg.gradle.appname=gradlew 
java_command: org.gradle.wrapper.GradleWrapperMain app:installDebug -PreactNativeDevServerPort=8081
java_class_path (initial): C:\Users\Andrea\Desktop\AppAlternanza\AppAlessio\android\\gradle\wrapper\gradle-wrapper.jar
Launcher Type: SUN_STANDARD

[Global flags]
     intx CICompilerCount                          = 4                                         {product} {ergonomic}
     uint ConcGCThreads                            = 2                                         {product} {ergonomic}
     uint G1ConcRefinementThreads                  = 8                                         {product} {ergonomic}
   size_t G1HeapRegionSize                         = 1048576                                   {product} {ergonomic}
    uintx GCDrainStackTargetSize                   = 64                                        {product} {ergonomic}
   size_t InitialHeapSize                          = 67108864                                  {product} {command line}
   size_t MarkStackSize                            = 4194304                                   {product} {ergonomic}
   size_t MaxHeapSize                              = 67108864                                  {product} {command line}
   size_t MaxNewSize                               = 39845888                                  {product} {ergonomic}
   size_t MinHeapDeltaBytes                        = 1048576                                   {product} {ergonomic}
    uintx NonNMethodCodeHeapSize                   = 5836300                                {pd product} {ergonomic}
    uintx NonProfiledCodeHeapSize                  = 122910970                              {pd product} {ergonomic}
    uintx ProfiledCodeHeapSize                     = 122910970                              {pd product} {ergonomic}
    uintx ReservedCodeCacheSize                    = 251658240                              {pd product} {ergonomic}
     bool SegmentedCodeCache                       = true                                      {product} {ergonomic}
     bool UseCompressedClassPointers               = true                                 {lp64_product} {ergonomic}
     bool UseCompressedOops                        = true                                 {lp64_product} {ergonomic}
     bool UseG1GC                                  = true                                      {product} {ergonomic}
     bool UseLargePagesIndividualAllocation        = false                                  {pd product} {ergonomic}

Logging:
Log output configuration:
 #0: stdout all=warning uptime,level,tags
 #1: stderr all=off uptime,level,tags

Environment Variables:
JAVA_HOME=C:\Program Files\Microsoft\jdk-11.0.16.101-hotspot\
CLASSPATH=C:\Users\Andrea\Desktop\AppAlternanza\AppAlessio\android\\gradle\wrapper\gradle-wrapper.jar
PATH=C:\Users\Andrea\Desktop\AppAlternanza\AppAlessio\android\node_modules\.bin;C:\Users\Andrea\Desktop\AppAlternanza\AppAlessio\node_modules\.bin;C:\Users\Andrea\Desktop\AppAlternanza\node_modules\.bin;C:\Users\Andrea\Desktop\node_modules\.bin;C:\Users\Andrea\node_modules\.bin;C:\Users\node_modules\.bin;C:\node_modules\.bin;C:\Program Files\nodejs;C:\Users\Andrea\Desktop\AppAlternanza\AppAlessio\node_modules\.bin;C:\Users\Andrea\Desktop\AppAlternanza\AppAlessio\node_modules\.bin;C:\Users\Andrea\Desktop\AppAlternanza\node_modules\.bin;C:\Users\Andrea\Desktop\node_modules\.bin;C:\Users\Andrea\node_modules\.bin;C:\Users\node_modules\.bin;C:\node_modules\.bin;C:\Users\Andrea\AppData\Roaming\npm\node_modules\npm\node_modules\@npmcli\run-script\lib\node-gyp-bin;C:\Users\Andrea\Desktop\AppAlternanza\AppAlessio\node_modules\.bin;C:\Users\Andrea\Desktop\AppAlternanza\node_modules\.bin;C:\Users\Andrea\Desktop\node_modules\.bin;C:\Users\Andrea\node_modules\.bin;C:\Users\node_modules\.bin;C:\node_modules\.bin;C:\Program Files\nodejs;C:\Users\Andrea\Desktop\AppAlternanza\AppAlessio\node_modules\react-native\scripts\node_modules\.bin;C:\Users\Andrea\Desktop\AppAlternanza\AppAlessio\node_modules\react-native\node_modules\.bin;C:\Users\Andrea\Desktop\AppAlternanza\AppAlessio\node_modules\node_modules\.bin;C:\Users\Andrea\Desktop\AppAlternanza\AppAlessio\node_modules\.bin;C:\Users\Andrea\Desktop\AppAlternanza\node_modules\.bin;C:\Users\Andrea\Desktop\node_modules\.bin;C:\Users\Andrea\node_modules\.bin;C:\Users\node_modules\.bin;C:\node_modules\.bin;C:\Program Files\nodejs;C:\Users\Andrea\Desktop\AppAlternanza\AppAlessio\node_modules\.bin;C:\Users\Andrea\Desktop\AppAlternanza\AppAlessio\node_modules\.bin;C:\Users\Andrea\Desktop\AppAlternanza\node_modules\.bin;C:\Users\Andrea\Desktop\node_modules\.bin;C:\Users\Andrea\node_modules\.bin;C:\Users\node_modules\.bin;C:\node_modules\.bin;C:\Users\Andrea\AppData\Roaming\npm\node_modules\npm\node_modules\@npmcli\run-script\lib\node-gyp-bin;C:\P
USERNAME=Andrea
LANG=en_US.UTF-8
OS=Windows_NT
PROCESSOR_IDENTIFIER=Intel64 Family 6 Model 60 Stepping 3, GenuineIntel
TMP=C:\Users\Andrea\AppData\Local\Temp
TEMP=C:\Users\Andrea\AppData\Local\Temp



---------------  S Y S T E M  ---------------

OS: Windows 10 , 64 bit Build 19041 (10.0.19041.2364)
OS uptime: 0 days 1:55 hours

CPU:total 8 (initial active 8) (4 cores per cpu, 2 threads per core) family 6 model 60 stepping 3 microcode 0x27, cmov, cx8, fxsr, mmx, sse, sse2, sse3, ssse3, sse4.1, sse4.2, popcnt, avx, avx2, aes, clmul, erms, lzcnt, ht, tsc, tscinvbit, bmi1, bmi2, fma

Memory: 4k page, system-wide physical 16267M (3349M free)
TotalPageFile size 17291M (AvailPageFile size 87M)
current process WorkingSet (physical memory assigned to process): 67M, peak: 67M
current process commit charge ("private bytes"): 150M, peak: 150M

vm_info: OpenJDK 64-Bit Server VM (11.0.16.1+1-LTS) for windows-amd64 JRE (11.0.16.1+1-LTS), built on Aug 20 2022 20:09:04 by "" with MS VC++ 15.9 (VS2017)

END.
