#
# There is insufficient memory for the Java Runtime Environment to continue.
# Native memory allocation (malloc) failed to allocate 44816 bytes for Chunk::new
# Possible reasons:
#   The system is out of physical RAM or swap space
#   The process is running with CompressedOops enabled, and the Java Heap may be blocking the growth of the native heap
# Possible solutions:
#   Reduce memory load on the system
#   Increase physical memory or swap space
#   Check if swap backing store is full
#   Decrease Java heap size (-Xmx/-Xms)
#   Decrease number of Java threads
#   Decrease Java thread stack sizes (-Xss)
#   Set larger code cache with -XX:ReservedCodeCacheSize=
#   JVM is running with Unscaled Compressed Oops mode in which the Java heap is
#     placed in the first 4GB address space. The Java Heap base address is the
#     maximum limit for the native heap growth. Please use -XX:HeapBaseMinAddress
#     to set the Java Heap base and to place the Java Heap above 4GB virtual address.
# This output file may be truncated or incomplete.
#
#  Out of Memory Error (./src/hotspot/share/memory/arena.cpp:197), pid=25240, tid=25348
#
# JRE version: OpenJDK Runtime Environment Microsoft-40648 (11.0.16.1+1) (build 11.0.16.1+1-LTS)
# Java VM: OpenJDK 64-Bit Server VM Microsoft-40648 (11.0.16.1+1-LTS, mixed mode, tiered, compressed oops, g1 gc, windows-amd64)
# No core dump will be written. Minidumps are not enabled by default on client versions of Windows
#

---------------  S U M M A R Y ------------

Command Line: -Xmx64m -Xms64m -Dorg.gradle.appname=gradlew org.gradle.wrapper.GradleWrapperMain app:installRelease -PreactNativeDevServerPort=8081

Host: Intel(R) Core(TM) i7-4720HQ CPU @ 2.60GHz, 8 cores, 15G,  Windows 10 , 64 bit Build 19041 (10.0.19041.2364)
Time: Wed Feb  1 23:55:03 2023 ora solare Europa occidentale elapsed time: 0.600277 seconds (0d 0h 0m 0s)

---------------  T H R E A D  ---------------

Current thread (0x0000021b9baa3000):  JavaThread "C2 CompilerThread1" daemon [_thread_in_native, id=25348, stack(0x000000ac62500000,0x000000ac62600000)]


Current CompileTask:
C2:    600  783       4       java.util.HashMap::get (23 bytes)

Stack: [0x000000ac62500000,0x000000ac62600000]
Native frames: (J=compiled Java code, j=interpreted, Vv=VM code, C=native code)
V  [jvm.dll+0x62652a]
V  [jvm.dll+0x7b3249]
V  [jvm.dll+0x7b4938]
V  [jvm.dll+0x7b5013]
V  [jvm.dll+0x24fca8]
V  [jvm.dll+0xc262c]
V  [jvm.dll+0xc2bec]
V  [jvm.dll+0x359e77]
V  [jvm.dll+0x326003]
V  [jvm.dll+0x32533a]
V  [jvm.dll+0x208fd5]
V  [jvm.dll+0x2080fd]
V  [jvm.dll+0x18a411]
V  [jvm.dll+0x217954]
V  [jvm.dll+0x215b9b]
V  [jvm.dll+0x775d50]
V  [jvm.dll+0x76ec84]
V  [jvm.dll+0x625395]
C  [ucrtbase.dll+0x21bb2]
C  [KERNEL32.DLL+0x17614]
C  [ntdll.dll+0x526a1]


---------------  P R O C E S S  ---------------

Threads class SMR info:
_java_thread_list=0x0000021b9bac20b0, length=11, elements={
0x0000021bfa552000, 0x0000021b9b54f800, 0x0000021b9b57b800, 0x0000021b9b5d5000,
0x0000021b9b5d7000, 0x0000021b9b5da000, 0x0000021b9b5dc000, 0x0000021b9b5e9000,
0x0000021b9b5f0000, 0x0000021b9b89d000, 0x0000021b9baa3000
}

Java Threads: ( => current thread )
  0x0000021bfa552000 JavaThread "main" [_thread_in_vm, id=25260, stack(0x000000ac61400000,0x000000ac61500000)]
  0x0000021b9b54f800 JavaThread "Reference Handler" daemon [_thread_blocked, id=25288, stack(0x000000ac61b00000,0x000000ac61c00000)]
  0x0000021b9b57b800 JavaThread "Finalizer" daemon [_thread_blocked, id=25292, stack(0x000000ac61c00000,0x000000ac61d00000)]
  0x0000021b9b5d5000 JavaThread "Signal Dispatcher" daemon [_thread_blocked, id=25296, stack(0x000000ac61d00000,0x000000ac61e00000)]
  0x0000021b9b5d7000 JavaThread "Attach Listener" daemon [_thread_blocked, id=25300, stack(0x000000ac61e00000,0x000000ac61f00000)]
  0x0000021b9b5da000 JavaThread "Service Thread" daemon [_thread_blocked, id=25304, stack(0x000000ac61f00000,0x000000ac62000000)]
  0x0000021b9b5dc000 JavaThread "C2 CompilerThread0" daemon [_thread_in_native, id=25308, stack(0x000000ac62000000,0x000000ac62100000)]
  0x0000021b9b5e9000 JavaThread "C1 CompilerThread0" daemon [_thread_blocked, id=25312, stack(0x000000ac62100000,0x000000ac62200000)]
  0x0000021b9b5f0000 JavaThread "Sweeper thread" daemon [_thread_blocked, id=25316, stack(0x000000ac62200000,0x000000ac62300000)]
  0x0000021b9b89d000 JavaThread "Common-Cleaner" daemon [_thread_blocked, id=25324, stack(0x000000ac62400000,0x000000ac62500000)]
=>0x0000021b9baa3000 JavaThread "C2 CompilerThread1" daemon [_thread_in_native, id=25348, stack(0x000000ac62500000,0x000000ac62600000)]

Other Threads:
  0x0000021b9b54c000 VMThread "VM Thread" [stack: 0x000000ac61a00000,0x000000ac61b00000] [id=25284]
  0x0000021b9b8a6800 WatcherThread [stack: 0x000000ac62300000,0x000000ac62400000] [id=25320]
  0x0000021bfa56a000 GCTaskThread "GC Thread#0" [stack: 0x000000ac61500000,0x000000ac61600000] [id=25264]
  0x0000021bfa573800 ConcurrentGCThread "G1 Main Marker" [stack: 0x000000ac61600000,0x000000ac61700000] [id=25268]
  0x0000021bfa575000 ConcurrentGCThread "G1 Conc#0" [stack: 0x000000ac61700000,0x000000ac61800000] [id=25272]
  0x0000021bfa5db000 ConcurrentGCThread "G1 Refine#0" [stack: 0x000000ac61800000,0x000000ac61900000] [id=25276]
  0x0000021bfa5dc800 ConcurrentGCThread "G1 Young RemSet Sampling" [stack: 0x000000ac61900000,0x000000ac61a00000] [id=25280]

Threads with active compile tasks:
C2 CompilerThread0      635  792   !   4       java.util.jar.JarFile::checkForSpecialAttributes (163 bytes)
C2 CompilerThread1      635  783       4       java.util.HashMap::get (23 bytes)

VM state:not at safepoint (normal execution)

VM Mutex/Monitor currently owned by a thread: None

Heap address: 0x00000000fc000000, size: 64 MB, Compressed Oops mode: 32-bit
Narrow klass base: 0x0000000000000000, Narrow klass shift: 3
Compressed class space size: 1073741824 Address: 0x0000000100000000

Heap:
 garbage-first heap   total 65536K, used 26624K [0x00000000fc000000, 0x0000000100000000)
  region size 1024K, 22 young (22528K), 0 survivors (0K)
 Metaspace       used 9521K, capacity 9770K, committed 9984K, reserved 1058816K
  class space    used 918K, capacity 1000K, committed 1024K, reserved 1048576K
Heap Regions: E=young(eden), S=young(survivor), O=old, HS=humongous(starts), HC=humongous(continues), CS=collection set, F=free, A=archive, TAMS=top-at-mark-start (previous, next)
|   0|0x00000000fc000000, 0x00000000fc100000, 0x00000000fc100000|100%|HS|  |TAMS 0x00000000fc000000, 0x00000000fc000000| Complete 
|   1|0x00000000fc100000, 0x00000000fc200000, 0x00000000fc200000|100%|HC|  |TAMS 0x00000000fc100000, 0x00000000fc100000| Complete 
|   2|0x00000000fc200000, 0x00000000fc300000, 0x00000000fc300000|100%|HC|  |TAMS 0x00000000fc200000, 0x00000000fc200000| Complete 
|   3|0x00000000fc300000, 0x00000000fc400000, 0x00000000fc400000|100%|HS|  |TAMS 0x00000000fc300000, 0x00000000fc300000| Complete 
|   4|0x00000000fc400000, 0x00000000fc500000, 0x00000000fc500000|100%|HC|  |TAMS 0x00000000fc400000, 0x00000000fc400000| Complete 
|   5|0x00000000fc500000, 0x00000000fc600000, 0x00000000fc600000|100%|HC|  |TAMS 0x00000000fc500000, 0x00000000fc500000| Complete 
|   6|0x00000000fc600000, 0x00000000fc600000, 0x00000000fc700000|  0%| F|  |TAMS 0x00000000fc600000, 0x00000000fc600000| Untracked 
|   7|0x00000000fc700000, 0x00000000fc700000, 0x00000000fc800000|  0%| F|  |TAMS 0x00000000fc700000, 0x00000000fc700000| Untracked 
|   8|0x00000000fc800000, 0x00000000fc800000, 0x00000000fc900000|  0%| F|  |TAMS 0x00000000fc800000, 0x00000000fc800000| Untracked 
|   9|0x00000000fc900000, 0x00000000fc900000, 0x00000000fca00000|  0%| F|  |TAMS 0x00000000fc900000, 0x00000000fc900000| Untracked 
|  10|0x00000000fca00000, 0x00000000fca00000, 0x00000000fcb00000|  0%| F|  |TAMS 0x00000000fca00000, 0x00000000fca00000| Untracked 
|  11|0x00000000fcb00000, 0x00000000fcb00000, 0x00000000fcc00000|  0%| F|  |TAMS 0x00000000fcb00000, 0x00000000fcb00000| Untracked 
|  12|0x00000000fcc00000, 0x00000000fcc00000, 0x00000000fcd00000|  0%| F|  |TAMS 0x00000000fcc00000, 0x00000000fcc00000| Untracked 
|  13|0x00000000fcd00000, 0x00000000fcd00000, 0x00000000fce00000|  0%| F|  |TAMS 0x00000000fcd00000, 0x00000000fcd00000| Untracked 
|  14|0x00000000fce00000, 0x00000000fce00000, 0x00000000fcf00000|  0%| F|  |TAMS 0x00000000fce00000, 0x00000000fce00000| Untracked 
|  15|0x00000000fcf00000, 0x00000000fcf00000, 0x00000000fd000000|  0%| F|  |TAMS 0x00000000fcf00000, 0x00000000fcf00000| Untracked 
|  16|0x00000000fd000000, 0x00000000fd000000, 0x00000000fd100000|  0%| F|  |TAMS 0x00000000fd000000, 0x00000000fd000000| Untracked 
|  17|0x00000000fd100000, 0x00000000fd100000, 0x00000000fd200000|  0%| F|  |TAMS 0x00000000fd100000, 0x00000000fd100000| Untracked 
|  18|0x00000000fd200000, 0x00000000fd200000, 0x00000000fd300000|  0%| F|  |TAMS 0x00000000fd200000, 0x00000000fd200000| Untracked 
|  19|0x00000000fd300000, 0x00000000fd300000, 0x00000000fd400000|  0%| F|  |TAMS 0x00000000fd300000, 0x00000000fd300000| Untracked 
|  20|0x00000000fd400000, 0x00000000fd400000, 0x00000000fd500000|  0%| F|  |TAMS 0x00000000fd400000, 0x00000000fd400000| Untracked 
|  21|0x00000000fd500000, 0x00000000fd500000, 0x00000000fd600000|  0%| F|  |TAMS 0x00000000fd500000, 0x00000000fd500000| Untracked 
|  22|0x00000000fd600000, 0x00000000fd600000, 0x00000000fd700000|  0%| F|  |TAMS 0x00000000fd600000, 0x00000000fd600000| Untracked 
|  23|0x00000000fd700000, 0x00000000fd700000, 0x00000000fd800000|  0%| F|  |TAMS 0x00000000fd700000, 0x00000000fd700000| Untracked 
|  24|0x00000000fd800000, 0x00000000fd800000, 0x00000000fd900000|  0%| F|  |TAMS 0x00000000fd800000, 0x00000000fd800000| Untracked 
|  25|0x00000000fd900000, 0x00000000fd900000, 0x00000000fda00000|  0%| F|  |TAMS 0x00000000fd900000, 0x00000000fd900000| Untracked 
|  26|0x00000000fda00000, 0x00000000fda00000, 0x00000000fdb00000|  0%| F|  |TAMS 0x00000000fda00000, 0x00000000fda00000| Untracked 
|  27|0x00000000fdb00000, 0x00000000fdb00000, 0x00000000fdc00000|  0%| F|  |TAMS 0x00000000fdb00000, 0x00000000fdb00000| Untracked 
|  28|0x00000000fdc00000, 0x00000000fdc00000, 0x00000000fdd00000|  0%| F|  |TAMS 0x00000000fdc00000, 0x00000000fdc00000| Untracked 
|  29|0x00000000fdd00000, 0x00000000fdd00000, 0x00000000fde00000|  0%| F|  |TAMS 0x00000000fdd00000, 0x00000000fdd00000| Untracked 
|  30|0x00000000fde00000, 0x00000000fde00000, 0x00000000fdf00000|  0%| F|  |TAMS 0x00000000fde00000, 0x00000000fde00000| Untracked 
|  31|0x00000000fdf00000, 0x00000000fdf00000, 0x00000000fe000000|  0%| F|  |TAMS 0x00000000fdf00000, 0x00000000fdf00000| Untracked 
|  32|0x00000000fe000000, 0x00000000fe000000, 0x00000000fe100000|  0%| F|  |TAMS 0x00000000fe000000, 0x00000000fe000000| Untracked 
|  33|0x00000000fe100000, 0x00000000fe100000, 0x00000000fe200000|  0%| F|  |TAMS 0x00000000fe100000, 0x00000000fe100000| Untracked 
|  34|0x00000000fe200000, 0x00000000fe200000, 0x00000000fe300000|  0%| F|  |TAMS 0x00000000fe200000, 0x00000000fe200000| Untracked 
|  35|0x00000000fe300000, 0x00000000fe300000, 0x00000000fe400000|  0%| F|  |TAMS 0x00000000fe300000, 0x00000000fe300000| Untracked 
|  36|0x00000000fe400000, 0x00000000fe400000, 0x00000000fe500000|  0%| F|  |TAMS 0x00000000fe400000, 0x00000000fe400000| Untracked 
|  37|0x00000000fe500000, 0x00000000fe500000, 0x00000000fe600000|  0%| F|  |TAMS 0x00000000fe500000, 0x00000000fe500000| Untracked 
|  38|0x00000000fe600000, 0x00000000fe600000, 0x00000000fe700000|  0%| F|  |TAMS 0x00000000fe600000, 0x00000000fe600000| Untracked 
|  39|0x00000000fe700000, 0x00000000fe700000, 0x00000000fe800000|  0%| F|  |TAMS 0x00000000fe700000, 0x00000000fe700000| Untracked 
|  40|0x00000000fe800000, 0x00000000fe800000, 0x00000000fe900000|  0%| F|  |TAMS 0x00000000fe800000, 0x00000000fe800000| Untracked 
|  41|0x00000000fe900000, 0x00000000fe900000, 0x00000000fea00000|  0%| F|  |TAMS 0x00000000fe900000, 0x00000000fe900000| Untracked 
|  42|0x00000000fea00000, 0x00000000feaf7240, 0x00000000feb00000| 96%| E|  |TAMS 0x00000000fea00000, 0x00000000fea00000| Complete 
|  43|0x00000000feb00000, 0x00000000fec00000, 0x00000000fec00000|100%| E|CS|TAMS 0x00000000feb00000, 0x00000000feb00000| Complete 
|  44|0x00000000fec00000, 0x00000000fed00000, 0x00000000fed00000|100%| E|CS|TAMS 0x00000000fec00000, 0x00000000fec00000| Complete 
|  45|0x00000000fed00000, 0x00000000fee00000, 0x00000000fee00000|100%| E|CS|TAMS 0x00000000fed00000, 0x00000000fed00000| Complete 
|  46|0x00000000fee00000, 0x00000000fef00000, 0x00000000fef00000|100%| E|CS|TAMS 0x00000000fee00000, 0x00000000fee00000| Complete 
|  47|0x00000000fef00000, 0x00000000ff000000, 0x00000000ff000000|100%| E|CS|TAMS 0x00000000fef00000, 0x00000000fef00000| Complete 
|  48|0x00000000ff000000, 0x00000000ff100000, 0x00000000ff100000|100%| E|CS|TAMS 0x00000000ff000000, 0x00000000ff000000| Complete 
|  49|0x00000000ff100000, 0x00000000ff200000, 0x00000000ff200000|100%| E|CS|TAMS 0x00000000ff100000, 0x00000000ff100000| Complete 
|  50|0x00000000ff200000, 0x00000000ff300000, 0x00000000ff300000|100%| E|CS|TAMS 0x00000000ff200000, 0x00000000ff200000| Complete 
|  51|0x00000000ff300000, 0x00000000ff400000, 0x00000000ff400000|100%| E|CS|TAMS 0x00000000ff300000, 0x00000000ff300000| Complete 
|  52|0x00000000ff400000, 0x00000000ff500000, 0x00000000ff500000|100%| E|CS|TAMS 0x00000000ff400000, 0x00000000ff400000| Complete 
|  53|0x00000000ff500000, 0x00000000ff600000, 0x00000000ff600000|100%| E|CS|TAMS 0x00000000ff500000, 0x00000000ff500000| Complete 
|  54|0x00000000ff600000, 0x00000000ff700000, 0x00000000ff700000|100%| E|CS|TAMS 0x00000000ff600000, 0x00000000ff600000| Complete 
|  55|0x00000000ff700000, 0x00000000ff800000, 0x00000000ff800000|100%| E|CS|TAMS 0x00000000ff700000, 0x00000000ff700000| Complete 
|  56|0x00000000ff800000, 0x00000000ff900000, 0x00000000ff900000|100%| E|  |TAMS 0x00000000ff800000, 0x00000000ff800000| Complete 
|  57|0x00000000ff900000, 0x00000000ffa00000, 0x00000000ffa00000|100%| E|CS|TAMS 0x00000000ff900000, 0x00000000ff900000| Complete 
|  58|0x00000000ffa00000, 0x00000000ffb00000, 0x00000000ffb00000|100%| E|CS|TAMS 0x00000000ffa00000, 0x00000000ffa00000| Complete 
|  59|0x00000000ffb00000, 0x00000000ffc00000, 0x00000000ffc00000|100%| E|CS|TAMS 0x00000000ffb00000, 0x00000000ffb00000| Complete 
|  60|0x00000000ffc00000, 0x00000000ffd00000, 0x00000000ffd00000|100%| E|CS|TAMS 0x00000000ffc00000, 0x00000000ffc00000| Complete 
|  61|0x00000000ffd00000, 0x00000000ffe00000, 0x00000000ffe00000|100%| E|CS|TAMS 0x00000000ffd00000, 0x00000000ffd00000| Complete 
|  62|0x00000000ffe00000, 0x00000000fff00000, 0x00000000fff00000|100%| E|CS|TAMS 0x00000000ffe00000, 0x00000000ffe00000| Complete 
|  63|0x00000000fff00000, 0x0000000100000000, 0x0000000100000000|100%| E|CS|TAMS 0x00000000fff00000, 0x00000000fff00000| Complete 

Card table byte_map: [0x0000021b98130000,0x0000021b98150000] _byte_map_base: 0x0000021b97950000

Marking Bits (Prev, Next): (CMBitMap*) 0x0000021bfa5725a8, (CMBitMap*) 0x0000021bfa5725e0
 Prev Bits: [0x0000021b98170000, 0x0000021b98270000)
 Next Bits: [0x0000021b98270000, 0x0000021b98370000)

Polling page: 0x0000021b80000000

Metaspace:

Usage:
  Non-class:      8.56 MB capacity,     8.41 MB ( 98%) used,   150.32 KB (  2%) free+waste,     9.63 KB ( <1%) overhead. 
      Class:   1000.00 KB capacity,   921.67 KB ( 92%) used,    73.70 KB (  7%) free+waste,     4.63 KB ( <1%) overhead. 
       Both:      9.54 MB capacity,     9.31 MB ( 98%) used,   224.02 KB (  2%) free+waste,    14.25 KB ( <1%) overhead. 

Virtual space:
  Non-class space:       10.00 MB reserved,       8.75 MB ( 88%) committed 
      Class space:        1.00 GB reserved,       1.00 MB ( <1%) committed 
             Both:        1.01 GB reserved,       9.75 MB ( <1%) committed 

Chunk freelists:
   Non-Class:  62.00 KB
       Class:  24.00 KB
        Both:  86.00 KB

MaxMetaspaceSize: 17179869184.00 GB
CompressedClassSpaceSize: 1.00 GB
Initial GC threshold: 20.80 MB
Current GC threshold: 20.80 MB
CDS: off

CodeHeap 'non-profiled nmethods': size=120000Kb used=287Kb max_used=287Kb free=119712Kb
 bounds [0x0000021b90170000, 0x0000021b903e0000, 0x0000021b976a0000]
CodeHeap 'profiled nmethods': size=120000Kb used=1506Kb max_used=1506Kb free=118493Kb
 bounds [0x0000021b88c40000, 0x0000021b88eb0000, 0x0000021b90170000]
CodeHeap 'non-nmethods': size=5760Kb used=1115Kb max_used=1129Kb free=4644Kb
 bounds [0x0000021b886a0000, 0x0000021b88910000, 0x0000021b88c40000]
 total_blobs=1170 nmethods=806 adapters=277
 compilation: enabled
              stopped_count=0, restarted_count=0
 full_count=0

Compilation events (20 events):
Event: 0.589 Thread 0x0000021b9b5e9000  778       3       java.net.URLStreamHandler::toExternalForm (156 bytes)
Event: 0.590 Thread 0x0000021b9b5e9000 nmethod 778 0x0000021b88d9fd90 code [0x0000021b88da0240, 0x0000021b88da21f8]
Event: 0.590 Thread 0x0000021b9b5e9000  779       3       java.util.WeakHashMap::getTable (9 bytes)
Event: 0.590 Thread 0x0000021b9b5e9000 nmethod 779 0x0000021b88da2b90 code [0x0000021b88da2d40, 0x0000021b88da2e88]
Event: 0.591 Thread 0x0000021b9b5dc000  780       4       java.util.WeakHashMap::indexFor (6 bytes)
Event: 0.591 Thread 0x0000021b9b5e9000  781       3       java.util.WeakHashMap::eq (19 bytes)
Event: 0.591 Thread 0x0000021b9b5dc000 nmethod 780 0x0000021b901b6010 code [0x0000021b901b61a0, 0x0000021b901b61f8]
Event: 0.591 Thread 0x0000021b9b5e9000 nmethod 781 0x0000021b88da2f10 code [0x0000021b88da30e0, 0x0000021b88da3308]
Event: 0.591 Thread 0x0000021b9b5e9000  782   !   3       jdk.internal.loader.URLClassPath$JarLoader::checkResource (78 bytes)
Event: 0.592 Thread 0x0000021b9b5e9000 nmethod 782 0x0000021b88da3410 code [0x0000021b88da3660, 0x0000021b88da4008]
Event: 0.593 Thread 0x0000021b9baa3000  783       4       java.util.HashMap::get (23 bytes)
Event: 0.593 Thread 0x0000021b9b5e9000  784       3       java.lang.Throwable::<init> (39 bytes)
Event: 0.594 Thread 0x0000021b9b5e9000 nmethod 784 0x0000021b88da4490 code [0x0000021b88da4680, 0x0000021b88da4d88]
Event: 0.594 Thread 0x0000021b9b5e9000  785       3       java.net.URLClassLoader$1::run (5 bytes)
Event: 0.594 Thread 0x0000021b9b5e9000 nmethod 785 0x0000021b88da4f10 code [0x0000021b88da50c0, 0x0000021b88da5208]
Event: 0.594 Thread 0x0000021b9b5e9000  786   !   3       java.net.URLClassLoader$1::run (81 bytes)
Event: 0.594 Thread 0x0000021b9b5dc000  787       4       java.util.zip.ZipFile::ensureOpen (38 bytes)
Event: 0.594 Thread 0x0000021b9b5e9000 nmethod 786 0x0000021b88da5290 code [0x0000021b88da54c0, 0x0000021b88da5a58]
Event: 0.595 Thread 0x0000021b9b5e9000  788       3       java.lang.ClassLoader::checkPackageAccess (102 bytes)
Event: 0.595 Thread 0x0000021b9b5dc000 nmethod 787 0x0000021b901b6310 code [0x0000021b901b64a0, 0x0000021b901b6538]

GC Heap History (0 events):
No events

Deoptimization events (20 events):
Event: 0.470 Thread 0x0000021bfa552000 Uncommon trap: trap_request=0xffffffde fr.pc=0x0000021b90199830 relative=0x0000000000000f10
Event: 0.470 Thread 0x0000021bfa552000 Uncommon trap: reason=class_check action=maybe_recompile pc=0x0000021b90199830 method=java.util.HashMap.putVal(ILjava/lang/Object;Ljava/lang/Object;ZZ)Ljava/lang/Object; @ 91 c2
Event: 0.470 Thread 0x0000021bfa552000 DEOPT PACKING pc=0x0000021b90199830 sp=0x000000ac614fa610
Event: 0.470 Thread 0x0000021bfa552000 DEOPT UNPACKING pc=0x0000021b886ea1af sp=0x000000ac614fa5d0 mode 2
Event: 0.530 Thread 0x0000021bfa552000 Uncommon trap: trap_request=0xffffffc6 fr.pc=0x0000021b901a4e5c relative=0x00000000000010bc
Event: 0.530 Thread 0x0000021bfa552000 Uncommon trap: reason=bimorphic_or_optimized_type_check action=maybe_recompile pc=0x0000021b901a4e5c method=java.util.HashMap.putVal(ILjava/lang/Object;Ljava/lang/Object;ZZ)Ljava/lang/Object; @ 91 c2
Event: 0.530 Thread 0x0000021bfa552000 DEOPT PACKING pc=0x0000021b901a4e5c sp=0x000000ac614fb0a0
Event: 0.530 Thread 0x0000021bfa552000 DEOPT UNPACKING pc=0x0000021b886ea1af sp=0x000000ac614fafd8 mode 2
Event: 0.531 Thread 0x0000021bfa552000 Uncommon trap: trap_request=0xffffffc6 fr.pc=0x0000021b901a4e5c relative=0x00000000000010bc
Event: 0.531 Thread 0x0000021bfa552000 Uncommon trap: reason=bimorphic_or_optimized_type_check action=maybe_recompile pc=0x0000021b901a4e5c method=java.util.HashMap.putVal(ILjava/lang/Object;Ljava/lang/Object;ZZ)Ljava/lang/Object; @ 91 c2
Event: 0.531 Thread 0x0000021bfa552000 DEOPT PACKING pc=0x0000021b901a4e5c sp=0x000000ac614fb100
Event: 0.531 Thread 0x0000021bfa552000 DEOPT UNPACKING pc=0x0000021b886ea1af sp=0x000000ac614fb038 mode 2
Event: 0.531 Thread 0x0000021bfa552000 Uncommon trap: trap_request=0xffffffc6 fr.pc=0x0000021b901a4e5c relative=0x00000000000010bc
Event: 0.531 Thread 0x0000021bfa552000 Uncommon trap: reason=bimorphic_or_optimized_type_check action=maybe_recompile pc=0x0000021b901a4e5c method=java.util.HashMap.putVal(ILjava/lang/Object;Ljava/lang/Object;ZZ)Ljava/lang/Object; @ 91 c2
Event: 0.531 Thread 0x0000021bfa552000 DEOPT PACKING pc=0x0000021b901a4e5c sp=0x000000ac614fb090
Event: 0.531 Thread 0x0000021bfa552000 DEOPT UNPACKING pc=0x0000021b886ea1af sp=0x000000ac614fafc8 mode 2
Event: 0.531 Thread 0x0000021bfa552000 Uncommon trap: trap_request=0xffffffc6 fr.pc=0x0000021b901a4e5c relative=0x00000000000010bc
Event: 0.531 Thread 0x0000021bfa552000 Uncommon trap: reason=bimorphic_or_optimized_type_check action=maybe_recompile pc=0x0000021b901a4e5c method=java.util.HashMap.putVal(ILjava/lang/Object;Ljava/lang/Object;ZZ)Ljava/lang/Object; @ 91 c2
Event: 0.531 Thread 0x0000021bfa552000 DEOPT PACKING pc=0x0000021b901a4e5c sp=0x000000ac614fb0c0
Event: 0.531 Thread 0x0000021bfa552000 DEOPT UNPACKING pc=0x0000021b886ea1af sp=0x000000ac614faff8 mode 2

Classes redefined (0 events):
No events

Internal exceptions (3 events):
Event: 0.188 Thread 0x0000021bfa552000 Exception <a 'java/lang/NoSuchMethodError'{0x00000000ffc60fe0}: 'int java.lang.invoke.DirectMethodHandle$Holder.invokeStaticInit(java.lang.Object, java.lang.Object)'> (0x00000000ffc60fe0) thrown at [./src/hotspot/share/interpreter/linkResolver.cpp, line 773]
Event: 0.223 Thread 0x0000021bfa552000 Exception <a 'java/lang/NoSuchMethodError'{0x00000000ffb352b8}: 'int java.lang.invoke.DirectMethodHandle$Holder.invokeSpecial(java.lang.Object, java.lang.Object, java.lang.Object, java.lang.Object)'> (0x00000000ffb352b8) thrown at [./src/hotspot/share/interpreter/linkResolver.cpp, line 773]
Event: 0.231 Thread 0x0000021bfa552000 Exception <a 'java/lang/NoSuchMethodError'{0x00000000ffb6dd20}: 'int java.lang.invoke.DirectMethodHandle$Holder.invokeSpecialIFC(java.lang.Object, java.lang.Object, int)'> (0x00000000ffb6dd20) thrown at [./src/hotspot/share/interpreter/linkResolver.cpp, line 773]

Events (20 events):
Event: 0.592 loading class org/gradle/launcher/cli/CommandLineActionCreator
Event: 0.592 loading class org/gradle/launcher/cli/CommandLineActionCreator done
Event: 0.593 loading class org/gradle/cli/CommandLineParser
Event: 0.593 loading class org/gradle/cli/CommandLineParser done
Event: 0.593 loading class org/gradle/cli/CommandLineParser$ParserState
Event: 0.593 loading class org/gradle/cli/CommandLineParser$ParserState done
Event: 0.594 loading class org/gradle/cli/CommandLineParser$BeforeFirstSubCommand
Event: 0.594 loading class org/gradle/cli/CommandLineParser$BeforeFirstSubCommand done
Event: 0.594 loading class org/gradle/cli/CommandLineParser$OptionAwareParserState
Event: 0.594 loading class org/gradle/cli/CommandLineParser$OptionAwareParserState done
Event: 0.594 loading class org/gradle/cli/CommandLineParser$AfterOptions
Event: 0.594 loading class org/gradle/cli/CommandLineParser$AfterOptions done
Event: 0.595 loading class org/gradle/launcher/cli/DefaultCommandLineActionFactory$BuiltInActionCreator
Event: 0.595 loading class org/gradle/launcher/cli/DefaultCommandLineActionFactory$BuiltInActionCreator done
Event: 0.595 loading class org/gradle/launcher/cli/DefaultCommandLineActionFactory$ContinuingActionCreator
Event: 0.595 loading class org/gradle/launcher/cli/DefaultCommandLineActionFactory$ContinuingActionCreator done
Event: 0.596 loading class org/gradle/internal/buildevents/BuildExceptionReporter
Event: 0.596 loading class org/gradle/internal/buildevents/BuildExceptionReporter done
Event: 0.596 loading class org/gradle/internal/exceptions/ExceptionContextVisitor
Event: 0.596 loading class org/gradle/internal/exceptions/ExceptionContextVisitor done


Dynamic libraries:
0x00007ff697e70000 - 0x00007ff697e7d000 	C:\Program Files\Microsoft\jdk-11.0.16.101-hotspot\bin\java.exe
0x00007ffe8e930000 - 0x00007ffe8eb28000 	C:\WINDOWS\SYSTEM32\ntdll.dll
0x00007ffe8e4f0000 - 0x00007ffe8e5af000 	C:\WINDOWS\System32\KERNEL32.DLL
0x00007ffe8c020000 - 0x00007ffe8c2f2000 	C:\WINDOWS\System32\KERNELBASE.dll
0x00007ffe8c6d0000 - 0x00007ffe8c7d0000 	C:\WINDOWS\System32\ucrtbase.dll
0x00007ffe559a0000 - 0x00007ffe559b7000 	C:\Program Files\Microsoft\jdk-11.0.16.101-hotspot\bin\jli.dll
0x00007ffe55220000 - 0x00007ffe55235000 	C:\Program Files\Microsoft\jdk-11.0.16.101-hotspot\bin\VCRUNTIME140.dll
0x00007ffe8cf10000 - 0x00007ffe8d0b1000 	C:\WINDOWS\System32\USER32.dll
0x00007ffe8c840000 - 0x00007ffe8c862000 	C:\WINDOWS\System32\win32u.dll
0x00007ffe8cd20000 - 0x00007ffe8cd4b000 	C:\WINDOWS\System32\GDI32.dll
0x00007ffe7a220000 - 0x00007ffe7a4ba000 	C:\WINDOWS\WinSxS\amd64_microsoft.windows.common-controls_6595b64144ccf1df_6.0.19041.1110_none_60b5254171f9507e\COMCTL32.dll
0x00007ffe8c5c0000 - 0x00007ffe8c6cf000 	C:\WINDOWS\System32\gdi32full.dll
0x00007ffe8cc80000 - 0x00007ffe8cd1e000 	C:\WINDOWS\System32\msvcrt.dll
0x00007ffe8c300000 - 0x00007ffe8c39d000 	C:\WINDOWS\System32\msvcp_win.dll
0x00007ffe8de10000 - 0x00007ffe8de42000 	C:\WINDOWS\System32\IMM32.DLL
0x00007ffe392a0000 - 0x00007ffe3933b000 	C:\Program Files\Microsoft\jdk-11.0.16.101-hotspot\bin\msvcp140.dll
0x00007ffe293e0000 - 0x00007ffe29f6a000 	C:\Program Files\Microsoft\jdk-11.0.16.101-hotspot\bin\server\jvm.dll
0x00007ffe8cdb0000 - 0x00007ffe8ce5e000 	C:\WINDOWS\System32\ADVAPI32.dll
0x00007ffe8ce70000 - 0x00007ffe8cf0c000 	C:\WINDOWS\System32\sechost.dll
0x00007ffe8e660000 - 0x00007ffe8e785000 	C:\WINDOWS\System32\RPCRT4.dll
0x00007ffe8df20000 - 0x00007ffe8df28000 	C:\WINDOWS\System32\PSAPI.DLL
0x00007ffe76050000 - 0x00007ffe76059000 	C:\WINDOWS\SYSTEM32\WSOCK32.dll
0x00007ffe7b2a0000 - 0x00007ffe7b2c7000 	C:\WINDOWS\SYSTEM32\WINMM.dll
0x00007ffe8deb0000 - 0x00007ffe8df1b000 	C:\WINDOWS\System32\WS2_32.dll
0x00007ffe83ed0000 - 0x00007ffe83eda000 	C:\WINDOWS\SYSTEM32\VERSION.dll
0x00007ffe8a8a0000 - 0x00007ffe8a8b2000 	C:\WINDOWS\SYSTEM32\kernel.appcore.dll
0x00007ffe6ea30000 - 0x00007ffe6ea40000 	C:\Program Files\Microsoft\jdk-11.0.16.101-hotspot\bin\verify.dll
0x00007ffe81b80000 - 0x00007ffe81d64000 	C:\WINDOWS\SYSTEM32\DBGHELP.DLL
0x00007ffe75ea0000 - 0x00007ffe75ed5000 	C:\WINDOWS\SYSTEM32\dbgcore.DLL
0x00007ffe8c3a0000 - 0x00007ffe8c422000 	C:\WINDOWS\System32\bcryptPrimitives.dll
0x00007ffe53d50000 - 0x00007ffe53d78000 	C:\Program Files\Microsoft\jdk-11.0.16.101-hotspot\bin\java.dll
0x00007ffe6a230000 - 0x00007ffe6a23a000 	C:\Program Files\Microsoft\jdk-11.0.16.101-hotspot\bin\jimage.dll
0x00007ffe539f0000 - 0x00007ffe53a08000 	C:\Program Files\Microsoft\jdk-11.0.16.101-hotspot\bin\zip.dll
0x00007ffe8d6c0000 - 0x00007ffe8de04000 	C:\WINDOWS\System32\SHELL32.dll
0x00007ffe8a090000 - 0x00007ffe8a822000 	C:\WINDOWS\SYSTEM32\windows.storage.dll
0x00007ffe8df30000 - 0x00007ffe8e285000 	C:\WINDOWS\System32\combase.dll
0x00007ffe8ba80000 - 0x00007ffe8bab0000 	C:\WINDOWS\SYSTEM32\Wldp.dll
0x00007ffe8e5b0000 - 0x00007ffe8e65d000 	C:\WINDOWS\System32\SHCORE.dll
0x00007ffe8d590000 - 0x00007ffe8d5e5000 	C:\WINDOWS\System32\shlwapi.dll
0x00007ffe8bf60000 - 0x00007ffe8bf7f000 	C:\WINDOWS\SYSTEM32\profapi.dll
0x00007ffe539d0000 - 0x00007ffe539e9000 	C:\Program Files\Microsoft\jdk-11.0.16.101-hotspot\bin\net.dll
0x00007ffe82710000 - 0x00007ffe8281c000 	C:\WINDOWS\SYSTEM32\WINHTTP.dll
0x00007ffe8b7e0000 - 0x00007ffe8b84a000 	C:\WINDOWS\system32\mswsock.dll
0x00007ffe53090000 - 0x00007ffe530a3000 	C:\Program Files\Microsoft\jdk-11.0.16.101-hotspot\bin\nio.dll

dbghelp: loaded successfully - version: 4.0.5 - missing functions: none
symbol engine: initialized successfully - sym options: 0x614 - pdb path: .;C:\Program Files\Microsoft\jdk-11.0.16.101-hotspot\bin;C:\WINDOWS\SYSTEM32;C:\WINDOWS\WinSxS\amd64_microsoft.windows.common-controls_6595b64144ccf1df_6.0.19041.1110_none_60b5254171f9507e;C:\Program Files\Microsoft\jdk-11.0.16.101-hotspot\bin\server

VM Arguments:
jvm_args: -Xmx64m -Xms64m -Dorg.gradle.appname=gradlew 
java_command: org.gradle.wrapper.GradleWrapperMain app:installRelease -PreactNativeDevServerPort=8081
java_class_path (initial): C:\Users\Andrea\Desktop\AppAlternanza\AppAlessio\android\\gradle\wrapper\gradle-wrapper.jar
Launcher Type: SUN_STANDARD

[Global flags]
     intx CICompilerCount                          = 4                                         {product} {ergonomic}
     uint ConcGCThreads                            = 2                                         {product} {ergonomic}
     uint G1ConcRefinementThreads                  = 8                                         {product} {ergonomic}
   size_t G1HeapRegionSize                         = 1048576                                   {product} {ergonomic}
    uintx GCDrainStackTargetSize                   = 64                                        {product} {ergonomic}
   size_t InitialHeapSize                          = 67108864                                  {product} {command line}
   size_t MarkStackSize                            = 4194304                                   {product} {ergonomic}
   size_t MaxHeapSize                              = 67108864                                  {product} {command line}
   size_t MaxNewSize                               = 39845888                                  {product} {ergonomic}
   size_t MinHeapDeltaBytes                        = 1048576                                   {product} {ergonomic}
    uintx NonNMethodCodeHeapSize                   = 5836300                                {pd product} {ergonomic}
    uintx NonProfiledCodeHeapSize                  = 122910970                              {pd product} {ergonomic}
    uintx ProfiledCodeHeapSize                     = 122910970                              {pd product} {ergonomic}
    uintx ReservedCodeCacheSize                    = 251658240                              {pd product} {ergonomic}
     bool SegmentedCodeCache                       = true                                      {product} {ergonomic}
     bool UseCompressedClassPointers               = true                                 {lp64_product} {ergonomic}
     bool UseCompressedOops                        = true                                 {lp64_product} {ergonomic}
     bool UseG1GC                                  = true                                      {product} {ergonomic}
     bool UseLargePagesIndividualAllocation        = false                                  {pd product} {ergonomic}

Logging:
Log output configuration:
 #0: stdout all=warning uptime,level,tags
 #1: stderr all=off uptime,level,tags

Environment Variables:
JAVA_HOME=C:\Program Files\Microsoft\jdk-11.0.16.101-hotspot\
CLASSPATH=C:\Users\Andrea\Desktop\AppAlternanza\AppAlessio\android\\gradle\wrapper\gradle-wrapper.jar
PATH=C:\Users\Andrea\Desktop\AppAlternanza\AppAlessio\android\node_modules\.bin;C:\Users\Andrea\Desktop\AppAlternanza\AppAlessio\node_modules\.bin;C:\Users\Andrea\Desktop\AppAlternanza\node_modules\.bin;C:\Users\Andrea\Desktop\node_modules\.bin;C:\Users\Andrea\node_modules\.bin;C:\Users\node_modules\.bin;C:\node_modules\.bin;C:\Program Files\nodejs;C:\Users\Andrea\Desktop\AppAlternanza\AppAlessio\node_modules\.bin;C:\Users\Andrea\Desktop\AppAlternanza\AppAlessio\node_modules\.bin;C:\Users\Andrea\Desktop\AppAlternanza\node_modules\.bin;C:\Users\Andrea\Desktop\node_modules\.bin;C:\Users\Andrea\node_modules\.bin;C:\Users\node_modules\.bin;C:\node_modules\.bin;C:\Users\Andrea\AppData\Roaming\npm\node_modules\npm\node_modules\@npmcli\run-script\lib\node-gyp-bin;C:\Program Files\Microsoft\jdk-11.0.16.101-hotspot\bin;C:\Program Files\Common Files\Oracle\Java\javapath;C:\Qt\5.11.1\msvc2017_64\bin;C:\Program Files (x86)\Intel\iCLS Client\;C:\Program Files\Intel\iCLS Client\;C:\WINDOWS\system32;C:\WINDOWS;C:\WINDOWS\System32\Wbem;C:\WINDOWS\System32\WindowsPowerShell\v1.0\;C:\Program Files\Intel\Intel(R) Management Engine Components\DAL;C:\Program Files\Intel\Intel(R) Management Engine Components\IPT;C:\Program Files (x86)\Intel\Intel(R) Management Engine Components\DAL;C:\Program Files (x86)\Intel\Intel(R) Management Engine Components\IPT;C:\adb;C:\Program Files (x86)\NVIDIA Corporation\PhysX\Common;C:\WINDOWS\System32\OpenSSH\;C:\Program Files\NVIDIA Corporation\NVIDIA NvDLISR;C:\WINDOWS\system32;C:\WINDOWS;C:\WINDOWS\System32\Wbem;C:\WINDOWS\System32\WindowsPowerShell\v1.0\;C:\WINDOWS\System32\OpenSSH\;C:\Program Files\nodejs\;C:\Program Files\Microsoft SQL Server\150\Tools\Binn\;C:\Program Files\Microsoft SQL Server\Client SDK\ODBC\170\Tools\Binn\;C:\Program Files\dotnet\;C:\ProgramData\chocolatey\bin;C:\Program Files\Git\cmd;C:\Users\Andrea\AppData\Local\Android\Sdk\tools;C:\Users\Andrea\AppData\Local\Microsoft\WindowsApps;C:\Users\Andrea\AppData\Local\Microsoft\WindowsApps
USERNAME=Andrea
LANG=en_US.UTF-8
OS=Windows_NT
PROCESSOR_IDENTIFIER=Intel64 Family 6 Model 60 Stepping 3, GenuineIntel
TMP=C:\Users\Andrea\AppData\Local\Temp
TEMP=C:\Users\Andrea\AppData\Local\Temp



---------------  S Y S T E M  ---------------

OS: Windows 10 , 64 bit Build 19041 (10.0.19041.2364)
OS uptime: 0 days 6:36 hours

CPU:total 8 (initial active 8) (4 cores per cpu, 2 threads per core) family 6 model 60 stepping 3 microcode 0x27, cmov, cx8, fxsr, mmx, sse, sse2, sse3, ssse3, sse4.1, sse4.2, popcnt, avx, avx2, aes, clmul, erms, lzcnt, ht, tsc, tscinvbit, bmi1, bmi2, fma

Memory: 4k page, system-wide physical 16267M (2214M free)
TotalPageFile size 17291M (AvailPageFile size 4M)
current process WorkingSet (physical memory assigned to process): 74M, peak: 74M
current process commit charge ("private bytes"): 153M, peak: 153M

vm_info: OpenJDK 64-Bit Server VM (11.0.16.1+1-LTS) for windows-amd64 JRE (11.0.16.1+1-LTS), built on Aug 20 2022 20:09:04 by "" with MS VC++ 15.9 (VS2017)

END.
