#
# There is insufficient memory for the Java Runtime Environment to continue.
# Native memory allocation (malloc) failed to allocate 1229936 bytes for Chunk::new
# Possible reasons:
#   The system is out of physical RAM or swap space
#   The process is running with CompressedOops enabled, and the Java Heap may be blocking the growth of the native heap
# Possible solutions:
#   Reduce memory load on the system
#   Increase physical memory or swap space
#   Check if swap backing store is full
#   Decrease Java heap size (-Xmx/-Xms)
#   Decrease number of Java threads
#   Decrease Java thread stack sizes (-Xss)
#   Set larger code cache with -XX:ReservedCodeCacheSize=
#   JVM is running with Unscaled Compressed Oops mode in which the Java heap is
#     placed in the first 4GB address space. The Java Heap base address is the
#     maximum limit for the native heap growth. Please use -XX:HeapBaseMinAddress
#     to set the Java Heap base and to place the Java Heap above 4GB virtual address.
# This output file may be truncated or incomplete.
#
#  Out of Memory Error (./src/hotspot/share/memory/arena.cpp:197), pid=27408, tid=26628
#
# JRE version: OpenJDK Runtime Environment Microsoft-40648 (11.0.16.1+1) (build 11.0.16.1+1-LTS)
# Java VM: OpenJDK 64-Bit Server VM Microsoft-40648 (11.0.16.1+1-LTS, mixed mode, tiered, compressed oops, g1 gc, windows-amd64)
# No core dump will be written. Minidumps are not enabled by default on client versions of Windows
#

---------------  S U M M A R Y ------------

Command Line: -XX:MaxMetaspaceSize=512m --add-opens=java.base/java.util=ALL-UNNAMED --add-opens=java.base/java.lang=ALL-UNNAMED --add-opens=java.base/java.lang.invoke=ALL-UNNAMED --add-opens=java.base/java.util=ALL-UNNAMED --add-opens=java.prefs/java.util.prefs=ALL-UNNAMED --add-opens=java.prefs/java.util.prefs=ALL-UNNAMED --add-opens=java.base/java.nio.charset=ALL-UNNAMED --add-opens=java.base/java.net=ALL-UNNAMED --add-opens=java.base/java.util.concurrent.atomic=ALL-UNNAMED -Xmx2048m -Dfile.encoding=windows-1252 -Duser.country=IT -Duser.language=it -Duser.variant org.gradle.launcher.daemon.bootstrap.GradleDaemon 7.5.1

Host: Intel(R) Core(TM) i7-4720HQ CPU @ 2.60GHz, 8 cores, 15G,  Windows 10 , 64 bit Build 19041 (10.0.19041.2364)
Time: Fri Jan 27 15:39:38 2023 ora solare Europa occidentale elapsed time: 7.158356 seconds (0d 0h 0m 7s)

---------------  T H R E A D  ---------------

Current thread (0x000001f124236000):  JavaThread "C2 CompilerThread1" daemon [_thread_in_native, id=26628, stack(0x0000000fccd00000,0x0000000fcce00000)]


Current CompileTask:
C2:   7158 3577       4       groovy.lang.MetaClassImpl$1MOPIter::methodNameAction (325 bytes)

Stack: [0x0000000fccd00000,0x0000000fcce00000]
Native frames: (J=compiled Java code, j=interpreted, Vv=VM code, C=native code)
V  [jvm.dll+0x62652a]
V  [jvm.dll+0x7b3249]
V  [jvm.dll+0x7b4938]
V  [jvm.dll+0x7b5013]
V  [jvm.dll+0x24fca8]
V  [jvm.dll+0xc262c]
V  [jvm.dll+0xc2bec]
V  [jvm.dll+0x359e32]
V  [jvm.dll+0x19e8e9]
V  [jvm.dll+0x2090e2]
V  [jvm.dll+0x2080fd]
V  [jvm.dll+0x18a411]
V  [jvm.dll+0x217954]
V  [jvm.dll+0x215b9b]
V  [jvm.dll+0x775d50]
V  [jvm.dll+0x76ec84]
V  [jvm.dll+0x625395]
C  [ucrtbase.dll+0x21bb2]
C  [KERNEL32.DLL+0x17614]
C  [ntdll.dll+0x526a1]


---------------  P R O C E S S  ---------------

Threads class SMR info:
_java_thread_list=0x000001f126ace5f0, length=37, elements={
0x000001f101dca800, 0x000001f120ec1000, 0x000001f120ec2000, 0x000001f12174e000,
0x000001f121750800, 0x000001f121751800, 0x000001f121753800, 0x000001f121755000,
0x000001f121766800, 0x000001f1218dc800, 0x000001f124a18800, 0x000001f12279e800,
0x000001f12390d000, 0x000001f12492a800, 0x000001f123189000, 0x000001f123972800,
0x000001f123973000, 0x000001f1239b5000, 0x000001f124075000, 0x000001f124079800,
0x000001f123d3b800, 0x000001f123d3d800, 0x000001f123d3c800, 0x000001f124236000,
0x000001f123d3e000, 0x000001f123d3b000, 0x000001f123d3a000, 0x000001f123d3f000,
0x000001f123d39800, 0x000001f123d40000, 0x000001f124218000, 0x000001f124217800,
0x000001f126d16800, 0x000001f12421c800, 0x000001f12421d000, 0x000001f124219000,
0x000001f124220800
}

Java Threads: ( => current thread )
  0x000001f101dca800 JavaThread "main" [_thread_blocked, id=17796, stack(0x0000000fca700000,0x0000000fca800000)]
  0x000001f120ec1000 JavaThread "Reference Handler" daemon [_thread_blocked, id=6604, stack(0x0000000fcae00000,0x0000000fcaf00000)]
  0x000001f120ec2000 JavaThread "Finalizer" daemon [_thread_blocked, id=24524, stack(0x0000000fcaf00000,0x0000000fcb000000)]
  0x000001f12174e000 JavaThread "Signal Dispatcher" daemon [_thread_blocked, id=19144, stack(0x0000000fcb000000,0x0000000fcb100000)]
  0x000001f121750800 JavaThread "Attach Listener" daemon [_thread_blocked, id=13952, stack(0x0000000fcb100000,0x0000000fcb200000)]
  0x000001f121751800 JavaThread "Service Thread" daemon [_thread_blocked, id=15692, stack(0x0000000fcb200000,0x0000000fcb300000)]
  0x000001f121753800 JavaThread "C2 CompilerThread0" daemon [_thread_blocked, id=8168, stack(0x0000000fcb300000,0x0000000fcb400000)]
  0x000001f121755000 JavaThread "C1 CompilerThread0" daemon [_thread_blocked, id=17648, stack(0x0000000fcb400000,0x0000000fcb500000)]
  0x000001f121766800 JavaThread "Sweeper thread" daemon [_thread_blocked, id=27400, stack(0x0000000fcb500000,0x0000000fcb600000)]
  0x000001f1218dc800 JavaThread "Common-Cleaner" daemon [_thread_blocked, id=3548, stack(0x0000000fcb600000,0x0000000fcb700000)]
  0x000001f124a18800 JavaThread "Daemon health stats" [_thread_blocked, id=25736, stack(0x0000000fcbf00000,0x0000000fcc000000)]
  0x000001f12279e800 JavaThread "Incoming local TCP Connector on port 6764" [_thread_in_native, id=3724, stack(0x0000000fcb800000,0x0000000fcb900000)]
  0x000001f12390d000 JavaThread "Daemon periodic checks" [_thread_blocked, id=21140, stack(0x0000000fcb900000,0x0000000fcba00000)]
  0x000001f12492a800 JavaThread "Daemon" [_thread_blocked, id=22600, stack(0x0000000fcc000000,0x0000000fcc100000)]
  0x000001f123189000 JavaThread "Handler for socket connection from /127.0.0.1:6764 to /127.0.0.1:6765" [_thread_in_native, id=12356, stack(0x0000000fcc100000,0x0000000fcc200000)]
  0x000001f123972800 JavaThread "Cancel handler" [_thread_blocked, id=10364, stack(0x0000000fcc200000,0x0000000fcc300000)]
  0x000001f123973000 JavaThread "Daemon worker" [_thread_in_native, id=14856, stack(0x0000000fcc300000,0x0000000fcc400000)]
  0x000001f1239b5000 JavaThread "Asynchronous log dispatcher for DefaultDaemonConnection: socket connection from /127.0.0.1:6764 to /127.0.0.1:6765" [_thread_blocked, id=19224, stack(0x0000000fcc400000,0x0000000fcc500000)]
  0x000001f124075000 JavaThread "Stdin handler" [_thread_blocked, id=8400, stack(0x0000000fcc500000,0x0000000fcc600000)]
  0x000001f124079800 JavaThread "Daemon client event forwarder" [_thread_blocked, id=25932, stack(0x0000000fcc600000,0x0000000fcc700000)]
  0x000001f123d3b800 JavaThread "Cache worker for journal cache (C:\Users\Andrea\.gradle\caches\journal-1)" [_thread_blocked, id=25756, stack(0x0000000fcc700000,0x0000000fcc800000)]
  0x000001f123d3d800 JavaThread "File lock request listener" [_thread_in_native, id=15884, stack(0x0000000fcc800000,0x0000000fcc900000)]
  0x000001f123d3c800 JavaThread "Cache worker for file hash cache (C:\Users\Andrea\.gradle\caches\7.5.1\fileHashes)" [_thread_blocked, id=18048, stack(0x0000000fcc900000,0x0000000fcca00000)]
=>0x000001f124236000 JavaThread "C2 CompilerThread1" daemon [_thread_in_native, id=26628, stack(0x0000000fccd00000,0x0000000fcce00000)]
  0x000001f123d3e000 JavaThread "File watcher server" daemon [_thread_in_native, id=8180, stack(0x0000000fcce00000,0x0000000fccf00000)]
  0x000001f123d3b000 JavaThread "File watcher consumer" daemon [_thread_blocked, id=19280, stack(0x0000000fccf00000,0x0000000fcd000000)]
  0x000001f123d3a000 JavaThread "Cache worker for checksums cache (C:\Users\Andrea\Desktop\AppAlternanza\AppAlessio\android\.gradle\7.5.1\checksums)" [_thread_blocked, id=15160, stack(0x0000000fcd000000,0x0000000fcd100000)]
  0x000001f123d3f000 JavaThread "Cache worker for cache directory md-rule (C:\Users\Andrea\.gradle\caches\7.5.1\md-rule)" [_thread_blocked, id=22784, stack(0x0000000fcd100000,0x0000000fcd200000)]
  0x000001f123d39800 JavaThread "Cache worker for file content cache (C:\Users\Andrea\.gradle\caches\7.5.1\fileContent)" [_thread_blocked, id=25200, stack(0x0000000fcd200000,0x0000000fcd300000)]
  0x000001f123d40000 JavaThread "Cache worker for file hash cache (C:\Users\Andrea\Desktop\AppAlternanza\AppAlessio\android\.gradle\7.5.1\fileHashes)" [_thread_blocked, id=7816, stack(0x0000000fcd300000,0x0000000fcd400000)]
  0x000001f124218000 JavaThread "Cache worker for cache directory md-supplier (C:\Users\Andrea\.gradle\caches\7.5.1\md-supplier)" [_thread_blocked, id=23012, stack(0x0000000fcd400000,0x0000000fcd500000)]
  0x000001f124217800 JavaThread "Cache worker for execution history cache (C:\Users\Andrea\.gradle\caches\7.5.1\executionHistory)" [_thread_blocked, id=13508, stack(0x0000000fcd500000,0x0000000fcd600000)]
  0x000001f126d16800 JavaThread "C2 CompilerThread2" daemon [_thread_in_native, id=6516, stack(0x0000000fcd600000,0x0000000fcd700000)]
  0x000001f12421c800 JavaThread "jar transforms" [_thread_blocked, id=14564, stack(0x0000000fcd700000,0x0000000fcd800000)]
  0x000001f12421d000 JavaThread "jar transforms Thread 2" [_thread_blocked, id=10272, stack(0x0000000fcd800000,0x0000000fcd900000)]
  0x000001f124219000 JavaThread "jar transforms Thread 3" [_thread_blocked, id=17664, stack(0x0000000fcd900000,0x0000000fcda00000)]
  0x000001f124220800 JavaThread "jar transforms Thread 4" [_thread_blocked, id=23600, stack(0x0000000fcda00000,0x0000000fcdb00000)]

Other Threads:
  0x000001f120ebd000 VMThread "VM Thread" [stack: 0x0000000fcad00000,0x0000000fcae00000] [id=17540]
  0x000001f1218d5800 WatcherThread [stack: 0x0000000fcb700000,0x0000000fcb800000] [id=23416]
  0x000001f101dde000 GCTaskThread "GC Thread#0" [stack: 0x0000000fca800000,0x0000000fca900000] [id=13588]
  0x000001f1223fe000 GCTaskThread "GC Thread#1" [stack: 0x0000000fcba00000,0x0000000fcbb00000] [id=21956]
  0x000001f12281c800 GCTaskThread "GC Thread#2" [stack: 0x0000000fcbb00000,0x0000000fcbc00000] [id=9056]
  0x000001f12285d000 GCTaskThread "GC Thread#3" [stack: 0x0000000fcbc00000,0x0000000fcbd00000] [id=21552]
  0x000001f12285d800 GCTaskThread "GC Thread#4" [stack: 0x0000000fcbd00000,0x0000000fcbe00000] [id=22276]
  0x000001f12284f800 GCTaskThread "GC Thread#5" [stack: 0x0000000fcbe00000,0x0000000fcbf00000] [id=2396]
  0x000001f123aa6000 GCTaskThread "GC Thread#6" [stack: 0x0000000fcca00000,0x0000000fccb00000] [id=6456]
  0x000001f124076800 GCTaskThread "GC Thread#7" [stack: 0x0000000fccb00000,0x0000000fccc00000] [id=20976]
  0x000001f101e11800 ConcurrentGCThread "G1 Main Marker" [stack: 0x0000000fca900000,0x0000000fcaa00000] [id=13840]
  0x000001f101e12800 ConcurrentGCThread "G1 Conc#0" [stack: 0x0000000fcaa00000,0x0000000fcab00000] [id=6152]
  0x000001f1227df000 ConcurrentGCThread "G1 Conc#1" [stack: 0x0000000fccc00000,0x0000000fccd00000] [id=10812]
  0x000001f101e9e000 ConcurrentGCThread "G1 Refine#0" [stack: 0x0000000fcab00000,0x0000000fcac00000] [id=9172]
  0x000001f120d52800 ConcurrentGCThread "G1 Young RemSet Sampling" [stack: 0x0000000fcac00000,0x0000000fcad00000] [id=26488]

Threads with active compile tasks:
C2 CompilerThread1     7195 3577       4       groovy.lang.MetaClassImpl$1MOPIter::methodNameAction (325 bytes)
C2 CompilerThread2     7196 3566       4       org.codehaus.groovy.runtime.metaclass.MetaMethodIndex::addMethodToList (131 bytes)

VM state:not at safepoint (normal execution)

VM Mutex/Monitor currently owned by a thread: None

Heap address: 0x0000000080000000, size: 2048 MB, Compressed Oops mode: 32-bit
Narrow klass base: 0x0000000000000000, Narrow klass shift: 3
Compressed class space size: 528482304 Address: 0x0000000100000000

Heap:
 garbage-first heap   total 262144K, used 89605K [0x0000000080000000, 0x0000000100000000)
  region size 1024K, 71 young (72704K), 6 survivors (6144K)
 Metaspace       used 40398K, capacity 41424K, committed 41680K, reserved 552960K
  class space    used 5072K, capacity 5466K, committed 5504K, reserved 516096K
Heap Regions: E=young(eden), S=young(survivor), O=old, HS=humongous(starts), HC=humongous(continues), CS=collection set, F=free, A=archive, TAMS=top-at-mark-start (previous, next)
|   0|0x0000000080000000, 0x0000000080100000, 0x0000000080100000|100%| O|  |TAMS 0x0000000080100000, 0x0000000080000000| Untracked 
|   1|0x0000000080100000, 0x0000000080200000, 0x0000000080200000|100%| O|  |TAMS 0x0000000080200000, 0x0000000080100000| Untracked 
|   2|0x0000000080200000, 0x0000000080300000, 0x0000000080300000|100%| O|  |TAMS 0x0000000080300000, 0x0000000080200000| Untracked 
|   3|0x0000000080300000, 0x0000000080400000, 0x0000000080400000|100%|HS|  |TAMS 0x0000000080400000, 0x0000000080300000| Complete 
|   4|0x0000000080400000, 0x0000000080500000, 0x0000000080500000|100%|HC|  |TAMS 0x0000000080500000, 0x0000000080400000| Complete 
|   5|0x0000000080500000, 0x0000000080600000, 0x0000000080600000|100%|HC|  |TAMS 0x0000000080600000, 0x0000000080500000| Complete 
|   6|0x0000000080600000, 0x0000000080700000, 0x0000000080700000|100%| O|  |TAMS 0x0000000080700000, 0x0000000080600000| Untracked 
|   7|0x0000000080700000, 0x0000000080800000, 0x0000000080800000|100%| O|  |TAMS 0x0000000080800000, 0x0000000080700000| Untracked 
|   8|0x0000000080800000, 0x0000000080900000, 0x0000000080900000|100%| O|  |TAMS 0x0000000080900000, 0x0000000080800000| Untracked 
|   9|0x0000000080900000, 0x0000000080a00000, 0x0000000080a00000|100%| O|  |TAMS 0x0000000080a00000, 0x0000000080900000| Untracked 
|  10|0x0000000080a00000, 0x0000000080b00000, 0x0000000080b00000|100%| O|  |TAMS 0x0000000080b00000, 0x0000000080a00000| Untracked 
|  11|0x0000000080b00000, 0x0000000080c00000, 0x0000000080c00000|100%| O|  |TAMS 0x0000000080c00000, 0x0000000080b00000| Untracked 
|  12|0x0000000080c00000, 0x0000000080d00000, 0x0000000080d00000|100%| O|  |TAMS 0x0000000080d00000, 0x0000000080c00000| Untracked 
|  13|0x0000000080d00000, 0x0000000080e00000, 0x0000000080e00000|100%| O|  |TAMS 0x0000000080e00000, 0x0000000080d00000| Untracked 
|  14|0x0000000080e00000, 0x0000000080f00000, 0x0000000080f00000|100%| O|  |TAMS 0x0000000080f00000, 0x0000000080e00000| Untracked 
|  15|0x0000000080f00000, 0x0000000081000000, 0x0000000081000000|100%| O|  |TAMS 0x0000000081000000, 0x0000000080f00000| Untracked 
|  16|0x0000000081000000, 0x000000008103a200, 0x0000000081100000| 22%| O|  |TAMS 0x000000008103a200, 0x0000000081000000| Untracked 
|  17|0x0000000081100000, 0x0000000081200000, 0x0000000081200000|100%|HS|  |TAMS 0x0000000081100000, 0x0000000081100000| Complete 
|  18|0x0000000081200000, 0x0000000081300000, 0x0000000081300000|100%|HS|  |TAMS 0x0000000081200000, 0x0000000081200000| Complete 
|  19|0x0000000081300000, 0x0000000081400000, 0x0000000081400000|100%|HC|  |TAMS 0x0000000081300000, 0x0000000081300000| Complete 
|  20|0x0000000081400000, 0x0000000081400000, 0x0000000081500000|  0%| F|  |TAMS 0x0000000081400000, 0x0000000081400000| Untracked 
|  21|0x0000000081500000, 0x0000000081500000, 0x0000000081600000|  0%| F|  |TAMS 0x0000000081500000, 0x0000000081500000| Untracked 
|  22|0x0000000081600000, 0x0000000081600000, 0x0000000081700000|  0%| F|  |TAMS 0x0000000081600000, 0x0000000081600000| Untracked 
|  23|0x0000000081700000, 0x0000000081700000, 0x0000000081800000|  0%| F|  |TAMS 0x0000000081700000, 0x0000000081700000| Untracked 
|  24|0x0000000081800000, 0x0000000081800000, 0x0000000081900000|  0%| F|  |TAMS 0x0000000081800000, 0x0000000081800000| Untracked 
|  25|0x0000000081900000, 0x0000000081900000, 0x0000000081a00000|  0%| F|  |TAMS 0x0000000081900000, 0x0000000081900000| Untracked 
|  26|0x0000000081a00000, 0x0000000081a00000, 0x0000000081b00000|  0%| F|  |TAMS 0x0000000081a00000, 0x0000000081a00000| Untracked 
|  27|0x0000000081b00000, 0x0000000081b00000, 0x0000000081c00000|  0%| F|  |TAMS 0x0000000081b00000, 0x0000000081b00000| Untracked 
|  28|0x0000000081c00000, 0x0000000081c00000, 0x0000000081d00000|  0%| F|  |TAMS 0x0000000081c00000, 0x0000000081c00000| Untracked 
|  29|0x0000000081d00000, 0x0000000081d00000, 0x0000000081e00000|  0%| F|  |TAMS 0x0000000081d00000, 0x0000000081d00000| Untracked 
|  30|0x0000000081e00000, 0x0000000081e00000, 0x0000000081f00000|  0%| F|  |TAMS 0x0000000081e00000, 0x0000000081e00000| Untracked 
|  31|0x0000000081f00000, 0x0000000081f00000, 0x0000000082000000|  0%| F|  |TAMS 0x0000000081f00000, 0x0000000081f00000| Untracked 
|  32|0x0000000082000000, 0x0000000082000000, 0x0000000082100000|  0%| F|  |TAMS 0x0000000082000000, 0x0000000082000000| Untracked 
|  33|0x0000000082100000, 0x0000000082100000, 0x0000000082200000|  0%| F|  |TAMS 0x0000000082100000, 0x0000000082100000| Untracked 
|  34|0x0000000082200000, 0x0000000082200000, 0x0000000082300000|  0%| F|  |TAMS 0x0000000082200000, 0x0000000082200000| Untracked 
|  35|0x0000000082300000, 0x0000000082300000, 0x0000000082400000|  0%| F|  |TAMS 0x0000000082300000, 0x0000000082300000| Untracked 
|  36|0x0000000082400000, 0x0000000082400000, 0x0000000082500000|  0%| F|  |TAMS 0x0000000082400000, 0x0000000082400000| Untracked 
|  37|0x0000000082500000, 0x0000000082500000, 0x0000000082600000|  0%| F|  |TAMS 0x0000000082500000, 0x0000000082500000| Untracked 
|  38|0x0000000082600000, 0x0000000082600000, 0x0000000082700000|  0%| F|  |TAMS 0x0000000082600000, 0x0000000082600000| Untracked 
|  39|0x0000000082700000, 0x0000000082700000, 0x0000000082800000|  0%| F|  |TAMS 0x0000000082700000, 0x0000000082700000| Untracked 
|  40|0x0000000082800000, 0x0000000082800000, 0x0000000082900000|  0%| F|  |TAMS 0x0000000082800000, 0x0000000082800000| Untracked 
|  41|0x0000000082900000, 0x0000000082900000, 0x0000000082a00000|  0%| F|  |TAMS 0x0000000082900000, 0x0000000082900000| Untracked 
|  42|0x0000000082a00000, 0x0000000082a00000, 0x0000000082b00000|  0%| F|  |TAMS 0x0000000082a00000, 0x0000000082a00000| Untracked 
|  43|0x0000000082b00000, 0x0000000082b00000, 0x0000000082c00000|  0%| F|  |TAMS 0x0000000082b00000, 0x0000000082b00000| Untracked 
|  44|0x0000000082c00000, 0x0000000082c00000, 0x0000000082d00000|  0%| F|  |TAMS 0x0000000082c00000, 0x0000000082c00000| Untracked 
|  45|0x0000000082d00000, 0x0000000082d00000, 0x0000000082e00000|  0%| F|  |TAMS 0x0000000082d00000, 0x0000000082d00000| Untracked 
|  46|0x0000000082e00000, 0x0000000082e00000, 0x0000000082f00000|  0%| F|  |TAMS 0x0000000082e00000, 0x0000000082e00000| Untracked 
|  47|0x0000000082f00000, 0x0000000082f00000, 0x0000000083000000|  0%| F|  |TAMS 0x0000000082f00000, 0x0000000082f00000| Untracked 
|  48|0x0000000083000000, 0x0000000083000000, 0x0000000083100000|  0%| F|  |TAMS 0x0000000083000000, 0x0000000083000000| Untracked 
|  49|0x0000000083100000, 0x0000000083100000, 0x0000000083200000|  0%| F|  |TAMS 0x0000000083100000, 0x0000000083100000| Untracked 
|  50|0x0000000083200000, 0x0000000083200000, 0x0000000083300000|  0%| F|  |TAMS 0x0000000083200000, 0x0000000083200000| Untracked 
|  51|0x0000000083300000, 0x0000000083300000, 0x0000000083400000|  0%| F|  |TAMS 0x0000000083300000, 0x0000000083300000| Untracked 
|  52|0x0000000083400000, 0x0000000083400000, 0x0000000083500000|  0%| F|  |TAMS 0x0000000083400000, 0x0000000083400000| Untracked 
|  53|0x0000000083500000, 0x0000000083500000, 0x0000000083600000|  0%| F|  |TAMS 0x0000000083500000, 0x0000000083500000| Untracked 
|  54|0x0000000083600000, 0x0000000083600000, 0x0000000083700000|  0%| F|  |TAMS 0x0000000083600000, 0x0000000083600000| Untracked 
|  55|0x0000000083700000, 0x0000000083700000, 0x0000000083800000|  0%| F|  |TAMS 0x0000000083700000, 0x0000000083700000| Untracked 
|  56|0x0000000083800000, 0x0000000083800000, 0x0000000083900000|  0%| F|  |TAMS 0x0000000083800000, 0x0000000083800000| Untracked 
|  57|0x0000000083900000, 0x0000000083900000, 0x0000000083a00000|  0%| F|  |TAMS 0x0000000083900000, 0x0000000083900000| Untracked 
|  58|0x0000000083a00000, 0x0000000083a00000, 0x0000000083b00000|  0%| F|  |TAMS 0x0000000083a00000, 0x0000000083a00000| Untracked 
|  59|0x0000000083b00000, 0x0000000083b00000, 0x0000000083c00000|  0%| F|  |TAMS 0x0000000083b00000, 0x0000000083b00000| Untracked 
|  60|0x0000000083c00000, 0x0000000083c00000, 0x0000000083d00000|  0%| F|  |TAMS 0x0000000083c00000, 0x0000000083c00000| Untracked 
|  61|0x0000000083d00000, 0x0000000083d00000, 0x0000000083e00000|  0%| F|  |TAMS 0x0000000083d00000, 0x0000000083d00000| Untracked 
|  62|0x0000000083e00000, 0x0000000083e00000, 0x0000000083f00000|  0%| F|  |TAMS 0x0000000083e00000, 0x0000000083e00000| Untracked 
|  63|0x0000000083f00000, 0x0000000083f00000, 0x0000000084000000|  0%| F|  |TAMS 0x0000000083f00000, 0x0000000083f00000| Untracked 
|  64|0x0000000084000000, 0x0000000084000000, 0x0000000084100000|  0%| F|  |TAMS 0x0000000084000000, 0x0000000084000000| Untracked 
|  65|0x0000000084100000, 0x0000000084100000, 0x0000000084200000|  0%| F|  |TAMS 0x0000000084100000, 0x0000000084100000| Untracked 
|  66|0x0000000084200000, 0x0000000084200000, 0x0000000084300000|  0%| F|  |TAMS 0x0000000084200000, 0x0000000084200000| Untracked 
|  67|0x0000000084300000, 0x0000000084300000, 0x0000000084400000|  0%| F|  |TAMS 0x0000000084300000, 0x0000000084300000| Untracked 
|  68|0x0000000084400000, 0x0000000084400000, 0x0000000084500000|  0%| F|  |TAMS 0x0000000084400000, 0x0000000084400000| Untracked 
|  69|0x0000000084500000, 0x0000000084500000, 0x0000000084600000|  0%| F|  |TAMS 0x0000000084500000, 0x0000000084500000| Untracked 
|  70|0x0000000084600000, 0x0000000084600000, 0x0000000084700000|  0%| F|  |TAMS 0x0000000084600000, 0x0000000084600000| Untracked 
|  71|0x0000000084700000, 0x0000000084700000, 0x0000000084800000|  0%| F|  |TAMS 0x0000000084700000, 0x0000000084700000| Untracked 
|  72|0x0000000084800000, 0x0000000084800000, 0x0000000084900000|  0%| F|  |TAMS 0x0000000084800000, 0x0000000084800000| Untracked 
|  73|0x0000000084900000, 0x0000000084900000, 0x0000000084a00000|  0%| F|  |TAMS 0x0000000084900000, 0x0000000084900000| Untracked 
|  74|0x0000000084a00000, 0x0000000084a00000, 0x0000000084b00000|  0%| F|  |TAMS 0x0000000084a00000, 0x0000000084a00000| Untracked 
|  75|0x0000000084b00000, 0x0000000084b00000, 0x0000000084c00000|  0%| F|  |TAMS 0x0000000084b00000, 0x0000000084b00000| Untracked 
|  76|0x0000000084c00000, 0x0000000084c00000, 0x0000000084d00000|  0%| F|  |TAMS 0x0000000084c00000, 0x0000000084c00000| Untracked 
|  77|0x0000000084d00000, 0x0000000084d00000, 0x0000000084e00000|  0%| F|  |TAMS 0x0000000084d00000, 0x0000000084d00000| Untracked 
|  78|0x0000000084e00000, 0x0000000084e00000, 0x0000000084f00000|  0%| F|  |TAMS 0x0000000084e00000, 0x0000000084e00000| Untracked 
|  79|0x0000000084f00000, 0x0000000084f00000, 0x0000000085000000|  0%| F|  |TAMS 0x0000000084f00000, 0x0000000084f00000| Untracked 
|  80|0x0000000085000000, 0x0000000085000000, 0x0000000085100000|  0%| F|  |TAMS 0x0000000085000000, 0x0000000085000000| Untracked 
|  81|0x0000000085100000, 0x0000000085100000, 0x0000000085200000|  0%| F|  |TAMS 0x0000000085100000, 0x0000000085100000| Untracked 
|  82|0x0000000085200000, 0x0000000085200000, 0x0000000085300000|  0%| F|  |TAMS 0x0000000085200000, 0x0000000085200000| Untracked 
|  83|0x0000000085300000, 0x0000000085300000, 0x0000000085400000|  0%| F|  |TAMS 0x0000000085300000, 0x0000000085300000| Untracked 
|  84|0x0000000085400000, 0x0000000085400000, 0x0000000085500000|  0%| F|  |TAMS 0x0000000085400000, 0x0000000085400000| Untracked 
|  85|0x0000000085500000, 0x0000000085500000, 0x0000000085600000|  0%| F|  |TAMS 0x0000000085500000, 0x0000000085500000| Untracked 
|  86|0x0000000085600000, 0x0000000085600000, 0x0000000085700000|  0%| F|  |TAMS 0x0000000085600000, 0x0000000085600000| Untracked 
|  87|0x0000000085700000, 0x0000000085700000, 0x0000000085800000|  0%| F|  |TAMS 0x0000000085700000, 0x0000000085700000| Untracked 
|  88|0x0000000085800000, 0x0000000085800000, 0x0000000085900000|  0%| F|  |TAMS 0x0000000085800000, 0x0000000085800000| Untracked 
|  89|0x0000000085900000, 0x0000000085900000, 0x0000000085a00000|  0%| F|  |TAMS 0x0000000085900000, 0x0000000085900000| Untracked 
|  90|0x0000000085a00000, 0x0000000085a00000, 0x0000000085b00000|  0%| F|  |TAMS 0x0000000085a00000, 0x0000000085a00000| Untracked 
|  91|0x0000000085b00000, 0x0000000085b00000, 0x0000000085c00000|  0%| F|  |TAMS 0x0000000085b00000, 0x0000000085b00000| Untracked 
|  92|0x0000000085c00000, 0x0000000085c00000, 0x0000000085d00000|  0%| F|  |TAMS 0x0000000085c00000, 0x0000000085c00000| Untracked 
|  93|0x0000000085d00000, 0x0000000085d00000, 0x0000000085e00000|  0%| F|  |TAMS 0x0000000085d00000, 0x0000000085d00000| Untracked 
|  94|0x0000000085e00000, 0x0000000085e00000, 0x0000000085f00000|  0%| F|  |TAMS 0x0000000085e00000, 0x0000000085e00000| Untracked 
|  95|0x0000000085f00000, 0x0000000085f00000, 0x0000000086000000|  0%| F|  |TAMS 0x0000000085f00000, 0x0000000085f00000| Untracked 
|  96|0x0000000086000000, 0x0000000086000000, 0x0000000086100000|  0%| F|  |TAMS 0x0000000086000000, 0x0000000086000000| Untracked 
|  97|0x0000000086100000, 0x0000000086100000, 0x0000000086200000|  0%| F|  |TAMS 0x0000000086100000, 0x0000000086100000| Untracked 
|  98|0x0000000086200000, 0x0000000086200000, 0x0000000086300000|  0%| F|  |TAMS 0x0000000086200000, 0x0000000086200000| Untracked 
|  99|0x0000000086300000, 0x0000000086300000, 0x0000000086400000|  0%| F|  |TAMS 0x0000000086300000, 0x0000000086300000| Untracked 
| 100|0x0000000086400000, 0x0000000086400000, 0x0000000086500000|  0%| F|  |TAMS 0x0000000086400000, 0x0000000086400000| Untracked 
| 101|0x0000000086500000, 0x0000000086500000, 0x0000000086600000|  0%| F|  |TAMS 0x0000000086500000, 0x0000000086500000| Untracked 
| 102|0x0000000086600000, 0x0000000086600000, 0x0000000086700000|  0%| F|  |TAMS 0x0000000086600000, 0x0000000086600000| Untracked 
| 103|0x0000000086700000, 0x0000000086700000, 0x0000000086800000|  0%| F|  |TAMS 0x0000000086700000, 0x0000000086700000| Untracked 
| 104|0x0000000086800000, 0x0000000086800000, 0x0000000086900000|  0%| F|  |TAMS 0x0000000086800000, 0x0000000086800000| Untracked 
| 105|0x0000000086900000, 0x0000000086900000, 0x0000000086a00000|  0%| F|  |TAMS 0x0000000086900000, 0x0000000086900000| Untracked 
| 106|0x0000000086a00000, 0x0000000086a00000, 0x0000000086b00000|  0%| F|  |TAMS 0x0000000086a00000, 0x0000000086a00000| Untracked 
| 107|0x0000000086b00000, 0x0000000086b00000, 0x0000000086c00000|  0%| F|  |TAMS 0x0000000086b00000, 0x0000000086b00000| Untracked 
| 108|0x0000000086c00000, 0x0000000086c00000, 0x0000000086d00000|  0%| F|  |TAMS 0x0000000086c00000, 0x0000000086c00000| Untracked 
| 109|0x0000000086d00000, 0x0000000086d00000, 0x0000000086e00000|  0%| F|  |TAMS 0x0000000086d00000, 0x0000000086d00000| Untracked 
| 110|0x0000000086e00000, 0x0000000086e00000, 0x0000000086f00000|  0%| F|  |TAMS 0x0000000086e00000, 0x0000000086e00000| Untracked 
| 111|0x0000000086f00000, 0x0000000086f00000, 0x0000000087000000|  0%| F|  |TAMS 0x0000000086f00000, 0x0000000086f00000| Untracked 
| 112|0x0000000087000000, 0x0000000087000000, 0x0000000087100000|  0%| F|  |TAMS 0x0000000087000000, 0x0000000087000000| Untracked 
| 113|0x0000000087100000, 0x0000000087100000, 0x0000000087200000|  0%| F|  |TAMS 0x0000000087100000, 0x0000000087100000| Untracked 
| 114|0x0000000087200000, 0x0000000087200000, 0x0000000087300000|  0%| F|  |TAMS 0x0000000087200000, 0x0000000087200000| Untracked 
| 115|0x0000000087300000, 0x0000000087300000, 0x0000000087400000|  0%| F|  |TAMS 0x0000000087300000, 0x0000000087300000| Untracked 
| 116|0x0000000087400000, 0x0000000087400000, 0x0000000087500000|  0%| F|  |TAMS 0x0000000087400000, 0x0000000087400000| Untracked 
| 117|0x0000000087500000, 0x0000000087500000, 0x0000000087600000|  0%| F|  |TAMS 0x0000000087500000, 0x0000000087500000| Untracked 
| 118|0x0000000087600000, 0x0000000087600000, 0x0000000087700000|  0%| F|  |TAMS 0x0000000087600000, 0x0000000087600000| Untracked 
| 119|0x0000000087700000, 0x0000000087700000, 0x0000000087800000|  0%| F|  |TAMS 0x0000000087700000, 0x0000000087700000| Untracked 
| 120|0x0000000087800000, 0x0000000087800000, 0x0000000087900000|  0%| F|  |TAMS 0x0000000087800000, 0x0000000087800000| Untracked 
| 121|0x0000000087900000, 0x0000000087900000, 0x0000000087a00000|  0%| F|  |TAMS 0x0000000087900000, 0x0000000087900000| Untracked 
| 122|0x0000000087a00000, 0x0000000087a00000, 0x0000000087b00000|  0%| F|  |TAMS 0x0000000087a00000, 0x0000000087a00000| Untracked 
| 123|0x0000000087b00000, 0x0000000087b00000, 0x0000000087c00000|  0%| F|  |TAMS 0x0000000087b00000, 0x0000000087b00000| Untracked 
| 124|0x0000000087c00000, 0x0000000087c00000, 0x0000000087d00000|  0%| F|  |TAMS 0x0000000087c00000, 0x0000000087c00000| Untracked 
| 125|0x0000000087d00000, 0x0000000087d00000, 0x0000000087e00000|  0%| F|  |TAMS 0x0000000087d00000, 0x0000000087d00000| Untracked 
| 126|0x0000000087e00000, 0x0000000087e00000, 0x0000000087f00000|  0%| F|  |TAMS 0x0000000087e00000, 0x0000000087e00000| Untracked 
| 127|0x0000000087f00000, 0x0000000087f00000, 0x0000000088000000|  0%| F|  |TAMS 0x0000000087f00000, 0x0000000087f00000| Untracked 
| 128|0x0000000088000000, 0x0000000088000000, 0x0000000088100000|  0%| F|  |TAMS 0x0000000088000000, 0x0000000088000000| Untracked 
| 129|0x0000000088100000, 0x0000000088100000, 0x0000000088200000|  0%| F|  |TAMS 0x0000000088100000, 0x0000000088100000| Untracked 
| 130|0x0000000088200000, 0x0000000088200000, 0x0000000088300000|  0%| F|  |TAMS 0x0000000088200000, 0x0000000088200000| Untracked 
| 131|0x0000000088300000, 0x0000000088300000, 0x0000000088400000|  0%| F|  |TAMS 0x0000000088300000, 0x0000000088300000| Untracked 
| 132|0x0000000088400000, 0x0000000088400000, 0x0000000088500000|  0%| F|  |TAMS 0x0000000088400000, 0x0000000088400000| Untracked 
| 133|0x0000000088500000, 0x0000000088500000, 0x0000000088600000|  0%| F|  |TAMS 0x0000000088500000, 0x0000000088500000| Untracked 
| 134|0x0000000088600000, 0x0000000088600000, 0x0000000088700000|  0%| F|  |TAMS 0x0000000088600000, 0x0000000088600000| Untracked 
| 135|0x0000000088700000, 0x0000000088700000, 0x0000000088800000|  0%| F|  |TAMS 0x0000000088700000, 0x0000000088700000| Untracked 
| 136|0x0000000088800000, 0x0000000088800000, 0x0000000088900000|  0%| F|  |TAMS 0x0000000088800000, 0x0000000088800000| Untracked 
| 137|0x0000000088900000, 0x0000000088900000, 0x0000000088a00000|  0%| F|  |TAMS 0x0000000088900000, 0x0000000088900000| Untracked 
| 138|0x0000000088a00000, 0x0000000088a00000, 0x0000000088b00000|  0%| F|  |TAMS 0x0000000088a00000, 0x0000000088a00000| Untracked 
| 139|0x0000000088b00000, 0x0000000088b00000, 0x0000000088c00000|  0%| F|  |TAMS 0x0000000088b00000, 0x0000000088b00000| Untracked 
| 140|0x0000000088c00000, 0x0000000088c00000, 0x0000000088d00000|  0%| F|  |TAMS 0x0000000088c00000, 0x0000000088c00000| Untracked 
| 141|0x0000000088d00000, 0x0000000088d00000, 0x0000000088e00000|  0%| F|  |TAMS 0x0000000088d00000, 0x0000000088d00000| Untracked 
| 142|0x0000000088e00000, 0x0000000088e00000, 0x0000000088f00000|  0%| F|  |TAMS 0x0000000088e00000, 0x0000000088e00000| Untracked 
| 143|0x0000000088f00000, 0x0000000088f00000, 0x0000000089000000|  0%| F|  |TAMS 0x0000000088f00000, 0x0000000088f00000| Untracked 
| 144|0x0000000089000000, 0x0000000089000000, 0x0000000089100000|  0%| F|  |TAMS 0x0000000089000000, 0x0000000089000000| Untracked 
| 145|0x0000000089100000, 0x0000000089100000, 0x0000000089200000|  0%| F|  |TAMS 0x0000000089100000, 0x0000000089100000| Untracked 
| 146|0x0000000089200000, 0x0000000089200000, 0x0000000089300000|  0%| F|  |TAMS 0x0000000089200000, 0x0000000089200000| Untracked 
| 147|0x0000000089300000, 0x0000000089300000, 0x0000000089400000|  0%| F|  |TAMS 0x0000000089300000, 0x0000000089300000| Untracked 
| 148|0x0000000089400000, 0x0000000089400000, 0x0000000089500000|  0%| F|  |TAMS 0x0000000089400000, 0x0000000089400000| Untracked 
| 149|0x0000000089500000, 0x0000000089500000, 0x0000000089600000|  0%| F|  |TAMS 0x0000000089500000, 0x0000000089500000| Untracked 
| 150|0x0000000089600000, 0x0000000089600000, 0x0000000089700000|  0%| F|  |TAMS 0x0000000089600000, 0x0000000089600000| Untracked 
| 151|0x0000000089700000, 0x0000000089700000, 0x0000000089800000|  0%| F|  |TAMS 0x0000000089700000, 0x0000000089700000| Untracked 
| 152|0x0000000089800000, 0x0000000089800000, 0x0000000089900000|  0%| F|  |TAMS 0x0000000089800000, 0x0000000089800000| Untracked 
| 153|0x0000000089900000, 0x0000000089900000, 0x0000000089a00000|  0%| F|  |TAMS 0x0000000089900000, 0x0000000089900000| Untracked 
| 154|0x0000000089a00000, 0x0000000089a00000, 0x0000000089b00000|  0%| F|  |TAMS 0x0000000089a00000, 0x0000000089a00000| Untracked 
| 155|0x0000000089b00000, 0x0000000089b00000, 0x0000000089c00000|  0%| F|  |TAMS 0x0000000089b00000, 0x0000000089b00000| Untracked 
| 156|0x0000000089c00000, 0x0000000089c00000, 0x0000000089d00000|  0%| F|  |TAMS 0x0000000089c00000, 0x0000000089c00000| Untracked 
| 157|0x0000000089d00000, 0x0000000089d00000, 0x0000000089e00000|  0%| F|  |TAMS 0x0000000089d00000, 0x0000000089d00000| Untracked 
| 158|0x0000000089e00000, 0x0000000089e00000, 0x0000000089f00000|  0%| F|  |TAMS 0x0000000089e00000, 0x0000000089e00000| Untracked 
| 159|0x0000000089f00000, 0x0000000089f00000, 0x000000008a000000|  0%| F|  |TAMS 0x0000000089f00000, 0x0000000089f00000| Untracked 
| 160|0x000000008a000000, 0x000000008a000000, 0x000000008a100000|  0%| F|  |TAMS 0x000000008a000000, 0x000000008a000000| Untracked 
| 161|0x000000008a100000, 0x000000008a100000, 0x000000008a200000|  0%| F|  |TAMS 0x000000008a100000, 0x000000008a100000| Untracked 
| 162|0x000000008a200000, 0x000000008a200000, 0x000000008a300000|  0%| F|  |TAMS 0x000000008a200000, 0x000000008a200000| Untracked 
| 163|0x000000008a300000, 0x000000008a300000, 0x000000008a400000|  0%| F|  |TAMS 0x000000008a300000, 0x000000008a300000| Untracked 
| 164|0x000000008a400000, 0x000000008a400000, 0x000000008a500000|  0%| F|  |TAMS 0x000000008a400000, 0x000000008a400000| Untracked 
| 165|0x000000008a500000, 0x000000008a500000, 0x000000008a600000|  0%| F|  |TAMS 0x000000008a500000, 0x000000008a500000| Untracked 
| 166|0x000000008a600000, 0x000000008a600000, 0x000000008a700000|  0%| F|  |TAMS 0x000000008a600000, 0x000000008a600000| Untracked 
| 167|0x000000008a700000, 0x000000008a700000, 0x000000008a800000|  0%| F|  |TAMS 0x000000008a700000, 0x000000008a700000| Untracked 
| 168|0x000000008a800000, 0x000000008a800000, 0x000000008a900000|  0%| F|  |TAMS 0x000000008a800000, 0x000000008a800000| Untracked 
| 169|0x000000008a900000, 0x000000008a900000, 0x000000008aa00000|  0%| F|  |TAMS 0x000000008a900000, 0x000000008a900000| Untracked 
| 170|0x000000008aa00000, 0x000000008aa00000, 0x000000008ab00000|  0%| F|  |TAMS 0x000000008aa00000, 0x000000008aa00000| Untracked 
| 171|0x000000008ab00000, 0x000000008ab00000, 0x000000008ac00000|  0%| F|  |TAMS 0x000000008ab00000, 0x000000008ab00000| Untracked 
| 172|0x000000008ac00000, 0x000000008ac00000, 0x000000008ad00000|  0%| F|  |TAMS 0x000000008ac00000, 0x000000008ac00000| Untracked 
| 173|0x000000008ad00000, 0x000000008ad00000, 0x000000008ae00000|  0%| F|  |TAMS 0x000000008ad00000, 0x000000008ad00000| Untracked 
| 174|0x000000008ae00000, 0x000000008ae00000, 0x000000008af00000|  0%| F|  |TAMS 0x000000008ae00000, 0x000000008ae00000| Untracked 
| 175|0x000000008af00000, 0x000000008af00000, 0x000000008b000000|  0%| F|  |TAMS 0x000000008af00000, 0x000000008af00000| Untracked 
| 176|0x000000008b000000, 0x000000008b000000, 0x000000008b100000|  0%| F|  |TAMS 0x000000008b000000, 0x000000008b000000| Untracked 
| 177|0x000000008b100000, 0x000000008b100000, 0x000000008b200000|  0%| F|  |TAMS 0x000000008b100000, 0x000000008b100000| Untracked 
| 178|0x000000008b200000, 0x000000008b200000, 0x000000008b300000|  0%| F|  |TAMS 0x000000008b200000, 0x000000008b200000| Untracked 
| 179|0x000000008b300000, 0x000000008b300000, 0x000000008b400000|  0%| F|  |TAMS 0x000000008b300000, 0x000000008b300000| Untracked 
| 180|0x000000008b400000, 0x000000008b400000, 0x000000008b500000|  0%| F|  |TAMS 0x000000008b400000, 0x000000008b400000| Untracked 
| 181|0x000000008b500000, 0x000000008b500000, 0x000000008b600000|  0%| F|  |TAMS 0x000000008b500000, 0x000000008b500000| Untracked 
| 182|0x000000008b600000, 0x000000008b600000, 0x000000008b700000|  0%| F|  |TAMS 0x000000008b600000, 0x000000008b600000| Untracked 
| 183|0x000000008b700000, 0x000000008b700000, 0x000000008b800000|  0%| F|  |TAMS 0x000000008b700000, 0x000000008b700000| Untracked 
| 184|0x000000008b800000, 0x000000008b800000, 0x000000008b900000|  0%| F|  |TAMS 0x000000008b800000, 0x000000008b800000| Untracked 
| 185|0x000000008b900000, 0x000000008b980800, 0x000000008ba00000| 50%| E|  |TAMS 0x000000008b900000, 0x000000008b900000| Complete 
| 186|0x000000008ba00000, 0x000000008bb00000, 0x000000008bb00000|100%| E|CS|TAMS 0x000000008ba00000, 0x000000008ba00000| Complete 
| 187|0x000000008bb00000, 0x000000008bc00000, 0x000000008bc00000|100%| E|CS|TAMS 0x000000008bb00000, 0x000000008bb00000| Complete 
| 188|0x000000008bc00000, 0x000000008bd00000, 0x000000008bd00000|100%| E|CS|TAMS 0x000000008bc00000, 0x000000008bc00000| Complete 
| 189|0x000000008bd00000, 0x000000008be00000, 0x000000008be00000|100%| E|CS|TAMS 0x000000008bd00000, 0x000000008bd00000| Complete 
| 190|0x000000008be00000, 0x000000008bf00000, 0x000000008bf00000|100%| E|CS|TAMS 0x000000008be00000, 0x000000008be00000| Complete 
| 191|0x000000008bf00000, 0x000000008c000000, 0x000000008c000000|100%| E|CS|TAMS 0x000000008bf00000, 0x000000008bf00000| Complete 
| 192|0x000000008c000000, 0x000000008c100000, 0x000000008c100000|100%| E|CS|TAMS 0x000000008c000000, 0x000000008c000000| Complete 
| 193|0x000000008c100000, 0x000000008c200000, 0x000000008c200000|100%| E|CS|TAMS 0x000000008c100000, 0x000000008c100000| Complete 
| 194|0x000000008c200000, 0x000000008c300000, 0x000000008c300000|100%| E|CS|TAMS 0x000000008c200000, 0x000000008c200000| Complete 
| 195|0x000000008c300000, 0x000000008c400000, 0x000000008c400000|100%| E|CS|TAMS 0x000000008c300000, 0x000000008c300000| Complete 
| 196|0x000000008c400000, 0x000000008c500000, 0x000000008c500000|100%| E|CS|TAMS 0x000000008c400000, 0x000000008c400000| Complete 
| 197|0x000000008c500000, 0x000000008c547560, 0x000000008c600000| 27%| S|CS|TAMS 0x000000008c500000, 0x000000008c500000| Complete 
| 198|0x000000008c600000, 0x000000008c700000, 0x000000008c700000|100%| S|CS|TAMS 0x000000008c600000, 0x000000008c600000| Complete 
| 199|0x000000008c700000, 0x000000008c800000, 0x000000008c800000|100%| S|CS|TAMS 0x000000008c700000, 0x000000008c700000| Complete 
| 200|0x000000008c800000, 0x000000008c900000, 0x000000008c900000|100%| S|CS|TAMS 0x000000008c800000, 0x000000008c800000| Complete 
| 201|0x000000008c900000, 0x000000008ca00000, 0x000000008ca00000|100%| S|CS|TAMS 0x000000008c900000, 0x000000008c900000| Complete 
| 202|0x000000008ca00000, 0x000000008cb00000, 0x000000008cb00000|100%| S|CS|TAMS 0x000000008ca00000, 0x000000008ca00000| Complete 
| 203|0x000000008cb00000, 0x000000008cc00000, 0x000000008cc00000|100%| E|CS|TAMS 0x000000008cb00000, 0x000000008cb00000| Complete 
| 204|0x000000008cc00000, 0x000000008cd00000, 0x000000008cd00000|100%| E|CS|TAMS 0x000000008cc00000, 0x000000008cc00000| Complete 
| 205|0x000000008cd00000, 0x000000008ce00000, 0x000000008ce00000|100%| E|CS|TAMS 0x000000008cd00000, 0x000000008cd00000| Complete 
| 206|0x000000008ce00000, 0x000000008cf00000, 0x000000008cf00000|100%| E|CS|TAMS 0x000000008ce00000, 0x000000008ce00000| Complete 
| 207|0x000000008cf00000, 0x000000008d000000, 0x000000008d000000|100%| E|CS|TAMS 0x000000008cf00000, 0x000000008cf00000| Complete 
| 208|0x000000008d000000, 0x000000008d100000, 0x000000008d100000|100%| E|CS|TAMS 0x000000008d000000, 0x000000008d000000| Complete 
| 209|0x000000008d100000, 0x000000008d200000, 0x000000008d200000|100%| E|CS|TAMS 0x000000008d100000, 0x000000008d100000| Complete 
| 210|0x000000008d200000, 0x000000008d300000, 0x000000008d300000|100%| E|CS|TAMS 0x000000008d200000, 0x000000008d200000| Complete 
| 211|0x000000008d300000, 0x000000008d400000, 0x000000008d400000|100%| E|CS|TAMS 0x000000008d300000, 0x000000008d300000| Complete 
| 212|0x000000008d400000, 0x000000008d500000, 0x000000008d500000|100%| E|CS|TAMS 0x000000008d400000, 0x000000008d400000| Complete 
| 213|0x000000008d500000, 0x000000008d600000, 0x000000008d600000|100%| E|CS|TAMS 0x000000008d500000, 0x000000008d500000| Complete 
| 214|0x000000008d600000, 0x000000008d700000, 0x000000008d700000|100%| E|  |TAMS 0x000000008d600000, 0x000000008d600000| Complete 
| 215|0x000000008d700000, 0x000000008d800000, 0x000000008d800000|100%| E|CS|TAMS 0x000000008d700000, 0x000000008d700000| Complete 
| 216|0x000000008d800000, 0x000000008d900000, 0x000000008d900000|100%| E|CS|TAMS 0x000000008d800000, 0x000000008d800000| Complete 
| 217|0x000000008d900000, 0x000000008da00000, 0x000000008da00000|100%| E|CS|TAMS 0x000000008d900000, 0x000000008d900000| Complete 
| 218|0x000000008da00000, 0x000000008db00000, 0x000000008db00000|100%| E|CS|TAMS 0x000000008da00000, 0x000000008da00000| Complete 
| 219|0x000000008db00000, 0x000000008dc00000, 0x000000008dc00000|100%| E|CS|TAMS 0x000000008db00000, 0x000000008db00000| Complete 
| 220|0x000000008dc00000, 0x000000008dd00000, 0x000000008dd00000|100%| E|CS|TAMS 0x000000008dc00000, 0x000000008dc00000| Complete 
| 221|0x000000008dd00000, 0x000000008de00000, 0x000000008de00000|100%| E|CS|TAMS 0x000000008dd00000, 0x000000008dd00000| Complete 
| 222|0x000000008de00000, 0x000000008df00000, 0x000000008df00000|100%| E|CS|TAMS 0x000000008de00000, 0x000000008de00000| Complete 
| 223|0x000000008df00000, 0x000000008e000000, 0x000000008e000000|100%| E|CS|TAMS 0x000000008df00000, 0x000000008df00000| Complete 
| 224|0x000000008e000000, 0x000000008e100000, 0x000000008e100000|100%| E|CS|TAMS 0x000000008e000000, 0x000000008e000000| Complete 
| 225|0x000000008e100000, 0x000000008e200000, 0x000000008e200000|100%| E|CS|TAMS 0x000000008e100000, 0x000000008e100000| Complete 
| 226|0x000000008e200000, 0x000000008e300000, 0x000000008e300000|100%| E|CS|TAMS 0x000000008e200000, 0x000000008e200000| Complete 
| 227|0x000000008e300000, 0x000000008e400000, 0x000000008e400000|100%| E|CS|TAMS 0x000000008e300000, 0x000000008e300000| Complete 
| 228|0x000000008e400000, 0x000000008e500000, 0x000000008e500000|100%| E|CS|TAMS 0x000000008e400000, 0x000000008e400000| Complete 
| 229|0x000000008e500000, 0x000000008e600000, 0x000000008e600000|100%| E|CS|TAMS 0x000000008e500000, 0x000000008e500000| Complete 
| 230|0x000000008e600000, 0x000000008e700000, 0x000000008e700000|100%| E|CS|TAMS 0x000000008e600000, 0x000000008e600000| Complete 
| 231|0x000000008e700000, 0x000000008e800000, 0x000000008e800000|100%| E|CS|TAMS 0x000000008e700000, 0x000000008e700000| Complete 
| 232|0x000000008e800000, 0x000000008e900000, 0x000000008e900000|100%| E|CS|TAMS 0x000000008e800000, 0x000000008e800000| Complete 
| 233|0x000000008e900000, 0x000000008ea00000, 0x000000008ea00000|100%| E|CS|TAMS 0x000000008e900000, 0x000000008e900000| Complete 
| 234|0x000000008ea00000, 0x000000008eb00000, 0x000000008eb00000|100%| E|CS|TAMS 0x000000008ea00000, 0x000000008ea00000| Complete 
| 235|0x000000008eb00000, 0x000000008ec00000, 0x000000008ec00000|100%| E|CS|TAMS 0x000000008eb00000, 0x000000008eb00000| Complete 
| 236|0x000000008ec00000, 0x000000008ed00000, 0x000000008ed00000|100%| E|CS|TAMS 0x000000008ec00000, 0x000000008ec00000| Complete 
| 237|0x000000008ed00000, 0x000000008ee00000, 0x000000008ee00000|100%| E|CS|TAMS 0x000000008ed00000, 0x000000008ed00000| Complete 
| 238|0x000000008ee00000, 0x000000008ef00000, 0x000000008ef00000|100%| E|CS|TAMS 0x000000008ee00000, 0x000000008ee00000| Complete 
| 239|0x000000008ef00000, 0x000000008f000000, 0x000000008f000000|100%| E|CS|TAMS 0x000000008ef00000, 0x000000008ef00000| Complete 
| 240|0x000000008f000000, 0x000000008f100000, 0x000000008f100000|100%| E|CS|TAMS 0x000000008f000000, 0x000000008f000000| Complete 
| 241|0x000000008f100000, 0x000000008f200000, 0x000000008f200000|100%| E|CS|TAMS 0x000000008f100000, 0x000000008f100000| Complete 
| 242|0x000000008f200000, 0x000000008f300000, 0x000000008f300000|100%| E|CS|TAMS 0x000000008f200000, 0x000000008f200000| Complete 
| 243|0x000000008f300000, 0x000000008f400000, 0x000000008f400000|100%| E|CS|TAMS 0x000000008f300000, 0x000000008f300000| Complete 
| 244|0x000000008f400000, 0x000000008f500000, 0x000000008f500000|100%| E|CS|TAMS 0x000000008f400000, 0x000000008f400000| Complete 
| 245|0x000000008f500000, 0x000000008f600000, 0x000000008f600000|100%| E|CS|TAMS 0x000000008f500000, 0x000000008f500000| Complete 
| 246|0x000000008f600000, 0x000000008f700000, 0x000000008f700000|100%| E|CS|TAMS 0x000000008f600000, 0x000000008f600000| Complete 
| 247|0x000000008f700000, 0x000000008f800000, 0x000000008f800000|100%| E|CS|TAMS 0x000000008f700000, 0x000000008f700000| Complete 
| 248|0x000000008f800000, 0x000000008f900000, 0x000000008f900000|100%| E|CS|TAMS 0x000000008f800000, 0x000000008f800000| Complete 
| 249|0x000000008f900000, 0x000000008fa00000, 0x000000008fa00000|100%| E|CS|TAMS 0x000000008f900000, 0x000000008f900000| Complete 
| 250|0x000000008fa00000, 0x000000008fb00000, 0x000000008fb00000|100%| E|CS|TAMS 0x000000008fa00000, 0x000000008fa00000| Complete 
| 251|0x000000008fb00000, 0x000000008fc00000, 0x000000008fc00000|100%| E|CS|TAMS 0x000000008fb00000, 0x000000008fb00000| Complete 
| 252|0x000000008fc00000, 0x000000008fd00000, 0x000000008fd00000|100%| E|CS|TAMS 0x000000008fc00000, 0x000000008fc00000| Complete 
| 253|0x000000008fd00000, 0x000000008fe00000, 0x000000008fe00000|100%| E|CS|TAMS 0x000000008fd00000, 0x000000008fd00000| Complete 
| 254|0x000000008fe00000, 0x000000008ff00000, 0x000000008ff00000|100%| E|CS|TAMS 0x000000008fe00000, 0x000000008fe00000| Complete 
| 255|0x000000008ff00000, 0x0000000090000000, 0x0000000090000000|100%| E|CS|TAMS 0x000000008ff00000, 0x000000008ff00000| Complete 

Card table byte_map: [0x000001f119c50000,0x000001f11a050000] _byte_map_base: 0x000001f119850000

Marking Bits (Prev, Next): (CMBitMap*) 0x000001f101e08cc8, (CMBitMap*) 0x000001f101e08d00
 Prev Bits: [0x000001f11a450000, 0x000001f11c450000)
 Next Bits: [0x000001f11c450000, 0x000001f11e450000)

Polling page: 0x000001f1015a0000

Metaspace:

Usage:
  Non-class:     35.12 MB capacity,    34.50 MB ( 98%) used,   533.17 KB (  1%) free+waste,    99.38 KB ( <1%) overhead. 
      Class:      5.34 MB capacity,     4.95 MB ( 93%) used,   345.15 KB (  6%) free+waste,    48.25 KB ( <1%) overhead. 
       Both:     40.45 MB capacity,    39.45 MB ( 98%) used,   878.32 KB (  2%) free+waste,   147.63 KB ( <1%) overhead. 

Virtual space:
  Non-class space:       36.00 MB reserved,      35.33 MB ( 98%) committed 
      Class space:      504.00 MB reserved,       5.38 MB (  1%) committed 
             Both:      540.00 MB reserved,      40.70 MB (  8%) committed 

Chunk freelists:
   Non-Class:  26.00 KB
       Class:  6.00 KB
        Both:  32.00 KB

MaxMetaspaceSize: 512.00 MB
CompressedClassSpaceSize: 504.00 MB
Initial GC threshold: 20.80 MB
Current GC threshold: 58.88 MB
CDS: off

CodeHeap 'non-profiled nmethods': size=120000Kb used=2016Kb max_used=2016Kb free=117984Kb
 bounds [0x000001f111ff0000, 0x000001f112260000, 0x000001f119520000]
CodeHeap 'profiled nmethods': size=120000Kb used=7649Kb max_used=7649Kb free=112350Kb
 bounds [0x000001f10aac0000, 0x000001f10b240000, 0x000001f111ff0000]
CodeHeap 'non-nmethods': size=5760Kb used=2274Kb max_used=2318Kb free=3485Kb
 bounds [0x000001f10a520000, 0x000001f10a790000, 0x000001f10aac0000]
 total_blobs=4431 nmethods=3662 adapters=681
 compilation: enabled
              stopped_count=0, restarted_count=0
 full_count=0

Compilation events (20 events):
Event: 6.968 Thread 0x000001f121755000 3664       3       java.lang.invoke.LambdaForm$MH/0x00000001000e0040::invoke (31 bytes)
Event: 6.969 Thread 0x000001f121755000 nmethod 3664 0x000001f10b231110 code [0x000001f10b2312e0, 0x000001f10b231778]
Event: 6.969 Thread 0x000001f121755000 3665       3       java.beans.Introspector::makeQualifiedMethodName (50 bytes)
Event: 6.970 Thread 0x000001f121755000 nmethod 3665 0x000001f10b231890 code [0x000001f10b231b20, 0x000001f10b232588]
Event: 6.970 Thread 0x000001f121755000 3666       3       java.lang.reflect.Executable::isSynthetic (8 bytes)
Event: 6.970 Thread 0x000001f121755000 nmethod 3666 0x000001f10b232a10 code [0x000001f10b232be0, 0x000001f10b232e48]
Event: 6.970 Thread 0x000001f121755000 3667       3       java.lang.reflect.Method::isSynthetic (5 bytes)
Event: 6.970 Thread 0x000001f121755000 nmethod 3667 0x000001f10b232f10 code [0x000001f10b2330e0, 0x000001f10b233318]
Event: 6.970 Thread 0x000001f121755000 3669       3       com.sun.beans.util.Cache::getEntryValue (33 bytes)
Event: 6.971 Thread 0x000001f121755000 nmethod 3669 0x000001f10b233410 code [0x000001f10b233600, 0x000001f10b233ac8]
Event: 6.971 Thread 0x000001f121755000 3668       3       java.beans.FeatureDescriptor::<init> (137 bytes)
Event: 6.972 Thread 0x000001f121755000 nmethod 3668 0x000001f10b233c90 code [0x000001f10b233f40, 0x000001f10b234d38]
Event: 6.972 Thread 0x000001f121755000 3671       3       groovyjarjarasm.asm.SymbolTable::put (150 bytes)
Event: 6.972 Thread 0x000001f121755000 nmethod 3671 0x000001f10b235090 code [0x000001f10b2352a0, 0x000001f10b235af8]
Event: 6.972 Thread 0x000001f121755000 3670       3       java.beans.PropertyDescriptor::setClass0 (25 bytes)
Event: 6.973 Thread 0x000001f121755000 nmethod 3670 0x000001f10b235e10 code [0x000001f10b236060, 0x000001f10b236af8]
Event: 7.103 Thread 0x000001f121755000 3672       3       java.util.concurrent.TimeUnit::toNanos (45 bytes)
Event: 7.103 Thread 0x000001f121755000 nmethod 3672 0x000001f10b236d90 code [0x000001f10b236f40, 0x000001f10b237158]
Event: 7.134 Thread 0x000001f121755000 3673   !   3       java.util.concurrent.locks.AbstractQueuedSynchronizer::acquireQueued (74 bytes)
Event: 7.135 Thread 0x000001f121755000 nmethod 3673 0x000001f10b237210 code [0x000001f10b2374c0, 0x000001f10b238168]

GC Heap History (8 events):
Event: 1.217 GC heap before
{Heap before GC invocations=0 (full 0):
 garbage-first heap   total 262144K, used 29696K [0x0000000080000000, 0x0000000100000000)
  region size 1024K, 24 young (24576K), 0 survivors (0K)
 Metaspace       used 10068K, capacity 10320K, committed 10368K, reserved 526336K
  class space    used 1020K, capacity 1105K, committed 1152K, reserved 516096K
}
Event: 1.222 GC heap after
{Heap after GC invocations=1 (full 0):
 garbage-first heap   total 262144K, used 9375K [0x0000000080000000, 0x0000000100000000)
  region size 1024K, 3 young (3072K), 3 survivors (3072K)
 Metaspace       used 10068K, capacity 10320K, committed 10368K, reserved 526336K
  class space    used 1020K, capacity 1105K, committed 1152K, reserved 516096K
}
Event: 3.657 GC heap before
{Heap before GC invocations=1 (full 0):
 garbage-first heap   total 262144K, used 104607K [0x0000000080000000, 0x0000000100000000)
  region size 1024K, 96 young (98304K), 3 survivors (3072K)
 Metaspace       used 20705K, capacity 21187K, committed 21296K, reserved 536576K
  class space    used 2480K, capacity 2628K, committed 2688K, reserved 516096K
}
Event: 3.668 GC heap after
{Heap after GC invocations=2 (full 0):
 garbage-first heap   total 262144K, used 17100K [0x0000000080000000, 0x0000000100000000)
  region size 1024K, 11 young (11264K), 11 survivors (11264K)
 Metaspace       used 20705K, capacity 21187K, committed 21296K, reserved 536576K
  class space    used 2480K, capacity 2628K, committed 2688K, reserved 516096K
}
Event: 4.672 GC heap before
{Heap before GC invocations=3 (full 0):
 garbage-first heap   total 262144K, used 81612K [0x0000000080000000, 0x0000000100000000)
  region size 1024K, 75 young (76800K), 11 survivors (11264K)
 Metaspace       used 27283K, capacity 27939K, committed 28080K, reserved 540672K
  class space    used 3522K, capacity 3739K, committed 3840K, reserved 516096K
}
Event: 4.681 GC heap after
{Heap after GC invocations=4 (full 0):
 garbage-first heap   total 262144K, used 19349K [0x0000000080000000, 0x0000000100000000)
  region size 1024K, 3 young (3072K), 3 survivors (3072K)
 Metaspace       used 27283K, capacity 27939K, committed 28080K, reserved 540672K
  class space    used 3522K, capacity 3739K, committed 3840K, reserved 516096K
}
Event: 5.665 GC heap before
{Heap before GC invocations=4 (full 0):
 garbage-first heap   total 262144K, used 72597K [0x0000000080000000, 0x0000000100000000)
  region size 1024K, 56 young (57344K), 3 survivors (3072K)
 Metaspace       used 35100K, capacity 35847K, committed 35920K, reserved 548864K
  class space    used 4495K, capacity 4824K, committed 4864K, reserved 516096K
}
Event: 5.678 GC heap after
{Heap after GC invocations=5 (full 0):
 garbage-first heap   total 262144K, used 22021K [0x0000000080000000, 0x0000000100000000)
  region size 1024K, 6 young (6144K), 6 survivors (6144K)
 Metaspace       used 35100K, capacity 35847K, committed 35920K, reserved 548864K
  class space    used 4495K, capacity 4824K, committed 4864K, reserved 516096K
}

Deoptimization events (20 events):
Event: 6.697 Thread 0x000001f123973000 DEOPT PACKING pc=0x000001f1121877e0 sp=0x0000000fcc3f7eb0
Event: 6.697 Thread 0x000001f123973000 DEOPT UNPACKING pc=0x000001f10a56a1af sp=0x0000000fcc3f7d78 mode 2
Event: 6.744 Thread 0x000001f123973000 DEOPT PACKING pc=0x000001f10b172874 sp=0x0000000fcc3f9c40
Event: 6.744 Thread 0x000001f123973000 DEOPT UNPACKING pc=0x000001f10a56a95e sp=0x0000000fcc3f91e0 mode 0
Event: 6.748 Thread 0x000001f123973000 Uncommon trap: trap_request=0xffffff4d fr.pc=0x000001f112034b04 relative=0x00000000000001e4
Event: 6.748 Thread 0x000001f123973000 Uncommon trap: reason=unstable_if action=reinterpret pc=0x000001f112034b04 method=java.lang.StringCoding.encodeUTF8(B[BZ)[B @ 2 c2
Event: 6.748 Thread 0x000001f123973000 DEOPT PACKING pc=0x000001f112034b04 sp=0x0000000fcc3f96e0
Event: 6.748 Thread 0x000001f123973000 DEOPT UNPACKING pc=0x000001f10a56a1af sp=0x0000000fcc3f9688 mode 2
Event: 6.852 Thread 0x000001f123973000 Uncommon trap: trap_request=0xffffff4d fr.pc=0x000001f1121c7214 relative=0x0000000000005774
Event: 6.852 Thread 0x000001f123973000 Uncommon trap: reason=unstable_if action=reinterpret pc=0x000001f1121c7214 method=java.net.URLClassLoader.defineClass(Ljava/lang/String;Ljdk/internal/loader/Resource;)Ljava/lang/Class; @ 21 c2
Event: 6.852 Thread 0x000001f123973000 DEOPT PACKING pc=0x000001f1121c7214 sp=0x0000000fcc3f7250
Event: 6.852 Thread 0x000001f123973000 DEOPT UNPACKING pc=0x000001f10a56a1af sp=0x0000000fcc3f71c0 mode 2
Event: 6.880 Thread 0x000001f123973000 Uncommon trap: trap_request=0xffffffde fr.pc=0x000001f1121b6280 relative=0x00000000000009a0
Event: 6.882 Thread 0x000001f123973000 Uncommon trap: reason=class_check action=maybe_recompile pc=0x000001f1121b6280 method=java.util.WeakHashMap.eq(Ljava/lang/Object;Ljava/lang/Object;)Z @ 7 c2
Event: 6.882 Thread 0x000001f123973000 DEOPT PACKING pc=0x000001f1121b6280 sp=0x0000000fcc3f6300
Event: 6.882 Thread 0x000001f123973000 DEOPT UNPACKING pc=0x000001f10a56a1af sp=0x0000000fcc3f6270 mode 2
Event: 6.907 Thread 0x000001f123973000 Uncommon trap: trap_request=0xffffff4d fr.pc=0x000001f1120b7934 relative=0x00000000000013f4
Event: 6.908 Thread 0x000001f123973000 Uncommon trap: reason=unstable_if action=reinterpret pc=0x000001f1120b7934 method=java.util.concurrent.ConcurrentHashMap.putVal(Ljava/lang/Object;Ljava/lang/Object;Z)Ljava/lang/Object; @ 231 c2
Event: 6.908 Thread 0x000001f123973000 DEOPT PACKING pc=0x000001f1120b7934 sp=0x0000000fcc3f70b0
Event: 6.908 Thread 0x000001f123973000 DEOPT UNPACKING pc=0x000001f10a56a1af sp=0x0000000fcc3f7030 mode 2

Classes redefined (0 events):
No events

Internal exceptions (20 events):
Event: 6.912 Thread 0x000001f123973000 Exception <a 'java/lang/ClassNotFoundException'{0x000000008bddf6d8}: java/lang/RuntimeBeanInfo> (0x000000008bddf6d8) thrown at [./src/hotspot/share/classfile/systemDictionary.cpp, line 230]
Event: 6.912 Thread 0x000001f123973000 Exception <a 'java/lang/ClassNotFoundException'{0x000000008bde4898}: java/lang/RuntimeCustomizer> (0x000000008bde4898) thrown at [./src/hotspot/share/classfile/systemDictionary.cpp, line 230]
Event: 6.928 Thread 0x000001f123973000 Exception <a 'java/lang/NoSuchMethodError'{0x000000008bc042d8}: 'void java.lang.invoke.DirectMethodHandle$Holder.invokeStatic(java.lang.Object, long)'> (0x000000008bc042d8) thrown at [./src/hotspot/share/interpreter/linkResolver.cpp, line 773]
Event: 6.929 Thread 0x000001f123973000 Exception <a 'java/lang/NoSuchMethodError'{0x000000008bc0a238}: 'java.lang.Object java.lang.invoke.DirectMethodHandle$Holder.invokeStatic(java.lang.Object, long)'> (0x000000008bc0a238) thrown at [./src/hotspot/share/interpreter/linkResolver.cpp, line 773]
Event: 6.929 Thread 0x000001f123973000 Exception <a 'java/lang/NoSuchMethodError'{0x000000008bc0e550}: 'java.lang.Object java.lang.invoke.DirectMethodHandle$Holder.invokeSpecial(java.lang.Object, java.lang.Object, long)'> (0x000000008bc0e550) thrown at [./src/hotspot/share/interpreter/linkResolver.cpp, line 773]
Event: 6.931 Thread 0x000001f123973000 Exception <a 'java/lang/NoSuchMethodError'{0x000000008bc1a0a0}: 'java.lang.Object java.lang.invoke.DirectMethodHandle$Holder.invokeStaticInit(java.lang.Object, java.lang.Object, long, java.lang.Object)'> (0x000000008bc1a0a0) thrown at [./src/hotspot/share/interpreter/linkResolver.cpp, line 773]
Event: 6.938 Thread 0x000001f123973000 Exception <a 'java/lang/ClassNotFoundException'{0x000000008bc3f688}: java/lang/ProcessImplBeanInfo> (0x000000008bc3f688) thrown at [./src/hotspot/share/classfile/systemDictionary.cpp, line 230]
Event: 6.939 Thread 0x000001f123973000 Exception <a 'java/lang/ClassNotFoundException'{0x000000008bc44dd0}: java/lang/ProcessBeanInfo> (0x000000008bc44dd0) thrown at [./src/hotspot/share/classfile/systemDictionary.cpp, line 230]
Event: 6.939 Thread 0x000001f123973000 Exception <a 'java/lang/ClassNotFoundException'{0x000000008bc4a788}: java/lang/ProcessCustomizer> (0x000000008bc4a788) thrown at [./src/hotspot/share/classfile/systemDictionary.cpp, line 230]
Event: 6.942 Thread 0x000001f123973000 Exception <a 'java/lang/ClassNotFoundException'{0x000000008bc5ab28}: java/lang/ProcessImplCustomizer> (0x000000008bc5ab28) thrown at [./src/hotspot/share/classfile/systemDictionary.cpp, line 230]
Event: 6.949 Thread 0x000001f123973000 Exception <a 'java/lang/ClassNotFoundException'{0x000000008bcabe50}: java/io/InputStreamReaderBeanInfo> (0x000000008bcabe50) thrown at [./src/hotspot/share/classfile/systemDictionary.cpp, line 230]
Event: 6.950 Thread 0x000001f123973000 Exception <a 'java/lang/ClassNotFoundException'{0x000000008bcb1510}: java/io/ReaderBeanInfo> (0x000000008bcb1510) thrown at [./src/hotspot/share/classfile/systemDictionary.cpp, line 230]
Event: 6.950 Thread 0x000001f123973000 Exception <a 'java/lang/ClassNotFoundException'{0x000000008bcb6e90}: java/io/ReaderCustomizer> (0x000000008bcb6e90) thrown at [./src/hotspot/share/classfile/systemDictionary.cpp, line 230]
Event: 6.951 Thread 0x000001f123973000 Exception <a 'java/lang/ClassNotFoundException'{0x000000008bcc1450}: java/io/InputStreamReaderCustomizer> (0x000000008bcc1450) thrown at [./src/hotspot/share/classfile/systemDictionary.cpp, line 230]
Event: 6.953 Thread 0x000001f123973000 Exception <a 'java/lang/ClassNotFoundException'{0x000000008bce4a10}: java/io/BufferedReaderBeanInfo> (0x000000008bce4a10) thrown at [./src/hotspot/share/classfile/systemDictionary.cpp, line 230]
Event: 6.953 Thread 0x000001f123973000 Exception <a 'java/lang/ClassNotFoundException'{0x000000008bce9bd8}: java/io/BufferedReaderCustomizer> (0x000000008bce9bd8) thrown at [./src/hotspot/share/classfile/systemDictionary.cpp, line 230]
Event: 6.959 Thread 0x000001f123973000 Exception <a 'java/lang/ClassNotFoundException'{0x000000008ba20918}: java/lang/StringBufferBeanInfo> (0x000000008ba20918) thrown at [./src/hotspot/share/classfile/systemDictionary.cpp, line 230]
Event: 6.959 Thread 0x000001f123973000 Exception <a 'java/lang/ClassNotFoundException'{0x000000008ba260a8}: java/lang/AbstractStringBuilderBeanInfo> (0x000000008ba260a8) thrown at [./src/hotspot/share/classfile/systemDictionary.cpp, line 230]
Event: 6.959 Thread 0x000001f123973000 Exception <a 'java/lang/ClassNotFoundException'{0x000000008ba2b850}: java/lang/AbstractStringBuilderCustomizer> (0x000000008ba2b850) thrown at [./src/hotspot/share/classfile/systemDictionary.cpp, line 230]
Event: 6.969 Thread 0x000001f123973000 Exception <a 'java/lang/ClassNotFoundException'{0x000000008baf7ec8}: java/lang/StringBufferCustomizer> (0x000000008baf7ec8) thrown at [./src/hotspot/share/classfile/systemDictionary.cpp, line 230]

Events (20 events):
Event: 6.954 loading class groovy/runtime/metaclass/java/lang/StringBufferMetaClass
Event: 6.954 loading class groovy/runtime/metaclass/java/lang/StringBufferMetaClass done
Event: 6.958 loading class java/lang/StringBufferBeanInfo
Event: 6.958 loading class java/lang/StringBufferBeanInfo done
Event: 6.959 loading class java/lang/StringBufferBeanInfo
Event: 6.959 loading class java/lang/StringBufferBeanInfo done
Event: 6.959 loading class java/lang/AbstractStringBuilderBeanInfo
Event: 6.959 loading class java/lang/AbstractStringBuilderBeanInfo done
Event: 6.959 loading class java/lang/AbstractStringBuilderBeanInfo
Event: 6.959 loading class java/lang/AbstractStringBuilderBeanInfo done
Event: 6.959 loading class java/lang/AbstractStringBuilderCustomizer
Event: 6.959 loading class java/lang/AbstractStringBuilderCustomizer done
Event: 6.959 loading class java/lang/AbstractStringBuilderCustomizer
Event: 6.959 loading class java/lang/AbstractStringBuilderCustomizer done
Event: 6.969 loading class java/lang/StringBufferCustomizer
Event: 6.969 loading class java/lang/StringBufferCustomizer done
Event: 6.969 loading class java/lang/StringBufferCustomizer
Event: 6.969 loading class java/lang/StringBufferCustomizer done
Event: 6.972 loading class groovy/lang/GroovyRuntimeException
Event: 6.972 loading class groovy/lang/GroovyRuntimeException done


Dynamic libraries:
0x00007ff6f5960000 - 0x00007ff6f596d000 	C:\Program Files\Microsoft\jdk-11.0.16.101-hotspot\bin\java.exe
0x00007ffa07b50000 - 0x00007ffa07d48000 	C:\WINDOWS\SYSTEM32\ntdll.dll
0x00007ffa07a50000 - 0x00007ffa07b0f000 	C:\WINDOWS\System32\KERNEL32.DLL
0x00007ffa05530000 - 0x00007ffa05802000 	C:\WINDOWS\System32\KERNELBASE.dll
0x00007ffa05430000 - 0x00007ffa05530000 	C:\WINDOWS\System32\ucrtbase.dll
0x00007ff9ed510000 - 0x00007ff9ed527000 	C:\Program Files\Microsoft\jdk-11.0.16.101-hotspot\bin\jli.dll
0x00007ffa05e80000 - 0x00007ffa06021000 	C:\WINDOWS\System32\USER32.dll
0x00007ffa052f0000 - 0x00007ffa05312000 	C:\WINDOWS\System32\win32u.dll
0x00007ffa069a0000 - 0x00007ffa069cb000 	C:\WINDOWS\System32\GDI32.dll
0x00007ffa05320000 - 0x00007ffa0542f000 	C:\WINDOWS\System32\gdi32full.dll
0x00007ffa05810000 - 0x00007ffa058ad000 	C:\WINDOWS\System32\msvcp_win.dll
0x00007ff9f2e60000 - 0x00007ff9f30fa000 	C:\WINDOWS\WinSxS\amd64_microsoft.windows.common-controls_6595b64144ccf1df_6.0.19041.1110_none_60b5254171f9507e\COMCTL32.dll
0x00007ffa07950000 - 0x00007ffa079ee000 	C:\WINDOWS\System32\msvcrt.dll
0x00007ff9ee940000 - 0x00007ff9ee955000 	C:\Program Files\Microsoft\jdk-11.0.16.101-hotspot\bin\VCRUNTIME140.dll
0x00007ffa06890000 - 0x00007ffa068c2000 	C:\WINDOWS\System32\IMM32.DLL
0x00007ff9d01f0000 - 0x00007ff9d028b000 	C:\Program Files\Microsoft\jdk-11.0.16.101-hotspot\bin\msvcp140.dll
0x00007ff9b7160000 - 0x00007ff9b7cea000 	C:\Program Files\Microsoft\jdk-11.0.16.101-hotspot\bin\server\jvm.dll
0x00007ffa076f0000 - 0x00007ffa0779e000 	C:\WINDOWS\System32\ADVAPI32.dll
0x00007ffa066d0000 - 0x00007ffa0676c000 	C:\WINDOWS\System32\sechost.dll
0x00007ffa05d50000 - 0x00007ffa05e75000 	C:\WINDOWS\System32\RPCRT4.dll
0x00007ffa05ba0000 - 0x00007ffa05ba8000 	C:\WINDOWS\System32\PSAPI.DLL
0x00007ff9ed3e0000 - 0x00007ff9ed3e9000 	C:\WINDOWS\SYSTEM32\WSOCK32.dll
0x00007ffa06660000 - 0x00007ffa066cb000 	C:\WINDOWS\System32\WS2_32.dll
0x00007ff9fc8e0000 - 0x00007ff9fc8ea000 	C:\WINDOWS\SYSTEM32\VERSION.dll
0x00007ff9f44d0000 - 0x00007ff9f44f7000 	C:\WINDOWS\SYSTEM32\WINMM.dll
0x00007ffa03ac0000 - 0x00007ffa03ad2000 	C:\WINDOWS\SYSTEM32\kernel.appcore.dll
0x00007ff9f5a70000 - 0x00007ff9f5a80000 	C:\Program Files\Microsoft\jdk-11.0.16.101-hotspot\bin\verify.dll
0x00007ff9fa610000 - 0x00007ff9fa7f4000 	C:\WINDOWS\SYSTEM32\DBGHELP.DLL
0x00007ff9f0c10000 - 0x00007ff9f0c45000 	C:\WINDOWS\SYSTEM32\dbgcore.DLL
0x00007ffa058b0000 - 0x00007ffa05932000 	C:\WINDOWS\System32\bcryptPrimitives.dll
0x00007ff9e4650000 - 0x00007ff9e4678000 	C:\Program Files\Microsoft\jdk-11.0.16.101-hotspot\bin\java.dll
0x00007ff9ee8b0000 - 0x00007ff9ee8ba000 	C:\Program Files\Microsoft\jdk-11.0.16.101-hotspot\bin\jimage.dll
0x00007ff9ed0a0000 - 0x00007ff9ed0b8000 	C:\Program Files\Microsoft\jdk-11.0.16.101-hotspot\bin\zip.dll
0x00007ffa06a80000 - 0x00007ffa071c4000 	C:\WINDOWS\System32\SHELL32.dll
0x00007ffa032e0000 - 0x00007ffa03a72000 	C:\WINDOWS\SYSTEM32\windows.storage.dll
0x00007ffa07330000 - 0x00007ffa07685000 	C:\WINDOWS\System32\combase.dll
0x00007ffa04ca0000 - 0x00007ffa04cd0000 	C:\WINDOWS\SYSTEM32\Wldp.dll
0x00007ffa069d0000 - 0x00007ffa06a7d000 	C:\WINDOWS\System32\SHCORE.dll
0x00007ffa068e0000 - 0x00007ffa06935000 	C:\WINDOWS\System32\shlwapi.dll
0x00007ffa05180000 - 0x00007ffa0519f000 	C:\WINDOWS\SYSTEM32\profapi.dll
0x00007ff9e4a60000 - 0x00007ff9e4a79000 	C:\Program Files\Microsoft\jdk-11.0.16.101-hotspot\bin\net.dll
0x00007ff9f92d0000 - 0x00007ff9f93dc000 	C:\WINDOWS\SYSTEM32\WINHTTP.dll
0x00007ffa04a00000 - 0x00007ffa04a6a000 	C:\WINDOWS\system32\mswsock.dll
0x00007ff9e2450000 - 0x00007ff9e2463000 	C:\Program Files\Microsoft\jdk-11.0.16.101-hotspot\bin\nio.dll
0x00007ff9e0a00000 - 0x00007ff9e0a27000 	C:\Users\Andrea\.gradle\native\e1d6ef7f7dcc3fd88c89a11ec53ec762bb8ba0a96d01ffa2cd45eb1d1d8dd5c5\windows-amd64\native-platform.dll
0x00007ff9c23a0000 - 0x00007ff9c24e4000 	C:\Users\Andrea\.gradle\native\0d407fdbe67a94daf76414ababcb853783967236a71b16ec16e742cd7a986fd3\windows-amd64\native-platform-file-events.dll
0x00007ff9ed940000 - 0x00007ff9ed949000 	C:\Program Files\Microsoft\jdk-11.0.16.101-hotspot\bin\management.dll
0x00007ff9ed650000 - 0x00007ff9ed65b000 	C:\Program Files\Microsoft\jdk-11.0.16.101-hotspot\bin\management_ext.dll
0x00007ffa04c00000 - 0x00007ffa04c18000 	C:\WINDOWS\SYSTEM32\CRYPTSP.dll
0x00007ffa042b0000 - 0x00007ffa042e4000 	C:\WINDOWS\system32\rsaenh.dll
0x00007ffa05af0000 - 0x00007ffa05b17000 	C:\WINDOWS\System32\bcrypt.dll
0x00007ffa05100000 - 0x00007ffa0512e000 	C:\WINDOWS\SYSTEM32\USERENV.dll
0x00007ffa04bf0000 - 0x00007ffa04bfc000 	C:\WINDOWS\SYSTEM32\CRYPTBASE.dll
0x00007ffa046a0000 - 0x00007ffa046db000 	C:\WINDOWS\SYSTEM32\IPHLPAPI.DLL
0x00007ffa05b90000 - 0x00007ffa05b98000 	C:\WINDOWS\System32\NSI.dll
0x00007ff9fbb40000 - 0x00007ff9fbb57000 	C:\WINDOWS\SYSTEM32\dhcpcsvc6.DLL
0x00007ff9fc8f0000 - 0x00007ff9fc90d000 	C:\WINDOWS\SYSTEM32\dhcpcsvc.DLL
0x00007ffa046f0000 - 0x00007ffa047ba000 	C:\WINDOWS\SYSTEM32\DNSAPI.dll

dbghelp: loaded successfully - version: 4.0.5 - missing functions: none
symbol engine: initialized successfully - sym options: 0x614 - pdb path: .;C:\Program Files\Microsoft\jdk-11.0.16.101-hotspot\bin;C:\WINDOWS\SYSTEM32;C:\WINDOWS\WinSxS\amd64_microsoft.windows.common-controls_6595b64144ccf1df_6.0.19041.1110_none_60b5254171f9507e;C:\Program Files\Microsoft\jdk-11.0.16.101-hotspot\bin\server;C:\Users\Andrea\.gradle\native\e1d6ef7f7dcc3fd88c89a11ec53ec762bb8ba0a96d01ffa2cd45eb1d1d8dd5c5\windows-amd64;C:\Users\Andrea\.gradle\native\0d407fdbe67a94daf76414ababcb853783967236a71b16ec16e742cd7a986fd3\windows-amd64

VM Arguments:
jvm_args: -XX:MaxMetaspaceSize=512m --add-opens=java.base/java.util=ALL-UNNAMED --add-opens=java.base/java.lang=ALL-UNNAMED --add-opens=java.base/java.lang.invoke=ALL-UNNAMED --add-opens=java.base/java.util=ALL-UNNAMED --add-opens=java.prefs/java.util.prefs=ALL-UNNAMED --add-opens=java.prefs/java.util.prefs=ALL-UNNAMED --add-opens=java.base/java.nio.charset=ALL-UNNAMED --add-opens=java.base/java.net=ALL-UNNAMED --add-opens=java.base/java.util.concurrent.atomic=ALL-UNNAMED -Xmx2048m -Dfile.encoding=windows-1252 -Duser.country=IT -Duser.language=it -Duser.variant 
java_command: org.gradle.launcher.daemon.bootstrap.GradleDaemon 7.5.1
java_class_path (initial): C:\Users\Andrea\.gradle\wrapper\dists\gradle-7.5.1-all\1ehga6e77gqps5uk2kc5kf1vc\gradle-7.5.1\lib\gradle-launcher-7.5.1.jar
Launcher Type: SUN_STANDARD

[Global flags]
     intx CICompilerCount                          = 4                                         {product} {ergonomic}
   size_t CompressedClassSpaceSize                 = 528482304                                 {product} {ergonomic}
     uint ConcGCThreads                            = 2                                         {product} {ergonomic}
     uint G1ConcRefinementThreads                  = 8                                         {product} {ergonomic}
   size_t G1HeapRegionSize                         = 1048576                                   {product} {ergonomic}
    uintx GCDrainStackTargetSize                   = 64                                        {product} {ergonomic}
   size_t InitialHeapSize                          = 268435456                                 {product} {ergonomic}
   size_t MarkStackSize                            = 4194304                                   {product} {ergonomic}
   size_t MaxHeapSize                              = 2147483648                                {product} {command line}
   size_t MaxMetaspaceSize                         = 536870912                                 {product} {command line}
   size_t MaxNewSize                               = 1287651328                                {product} {ergonomic}
   size_t MinHeapDeltaBytes                        = 1048576                                   {product} {ergonomic}
    uintx NonNMethodCodeHeapSize                   = 5836300                                {pd product} {ergonomic}
    uintx NonProfiledCodeHeapSize                  = 122910970                              {pd product} {ergonomic}
    uintx ProfiledCodeHeapSize                     = 122910970                              {pd product} {ergonomic}
    uintx ReservedCodeCacheSize                    = 251658240                              {pd product} {ergonomic}
     bool SegmentedCodeCache                       = true                                      {product} {ergonomic}
     bool UseCompressedClassPointers               = true                                 {lp64_product} {ergonomic}
     bool UseCompressedOops                        = true                                 {lp64_product} {ergonomic}
     bool UseG1GC                                  = true                                      {product} {ergonomic}
     bool UseLargePagesIndividualAllocation        = false                                  {pd product} {ergonomic}

Logging:
Log output configuration:
 #0: stdout all=warning uptime,level,tags
 #1: stderr all=off uptime,level,tags

Environment Variables:
JAVA_HOME=C:\Program Files\Microsoft\jdk-11.0.16.101-hotspot\
CLASSPATH=C:\Users\Andrea\Desktop\AppAlternanza\AppAlessio\android\\gradle\wrapper\gradle-wrapper.jar
PATH=C:\Users\Andrea\Desktop\AppAlternanza\AppAlessio\android\node_modules\.bin;C:\Users\Andrea\Desktop\AppAlternanza\AppAlessio\node_modules\.bin;C:\Users\Andrea\Desktop\AppAlternanza\node_modules\.bin;C:\Users\Andrea\Desktop\node_modules\.bin;C:\Users\Andrea\node_modules\.bin;C:\Users\node_modules\.bin;C:\node_modules\.bin;C:\Program Files\nodejs;C:\Users\Andrea\Desktop\AppAlternanza\AppAlessio\node_modules\.bin;C:\Users\Andrea\Desktop\AppAlternanza\AppAlessio\node_modules\.bin;C:\Users\Andrea\Desktop\AppAlternanza\node_modules\.bin;C:\Users\Andrea\Desktop\node_modules\.bin;C:\Users\Andrea\node_modules\.bin;C:\Users\node_modules\.bin;C:\node_modules\.bin;C:\Users\Andrea\AppData\Roaming\npm\node_modules\npm\node_modules\@npmcli\run-script\lib\node-gyp-bin;C:\Program Files\Microsoft\jdk-11.0.16.101-hotspot\bin;C:\Program Files\Common Files\Oracle\Java\javapath;C:\Qt\5.11.1\msvc2017_64\bin;C:\Program Files (x86)\Intel\iCLS Client\;C:\Program Files\Intel\iCLS Client\;C:\WINDOWS\system32;C:\WINDOWS;C:\WINDOWS\System32\Wbem;C:\WINDOWS\System32\WindowsPowerShell\v1.0\;C:\Program Files\Intel\Intel(R) Management Engine Components\DAL;C:\Program Files\Intel\Intel(R) Management Engine Components\IPT;C:\Program Files (x86)\Intel\Intel(R) Management Engine Components\DAL;C:\Program Files (x86)\Intel\Intel(R) Management Engine Components\IPT;C:\adb;C:\Program Files (x86)\NVIDIA Corporation\PhysX\Common;C:\WINDOWS\System32\OpenSSH\;C:\Program Files\NVIDIA Corporation\NVIDIA NvDLISR;C:\WINDOWS\system32;C:\WINDOWS;C:\WINDOWS\System32\Wbem;C:\WINDOWS\System32\WindowsPowerShell\v1.0\;C:\WINDOWS\System32\OpenSSH\;C:\Program Files\nodejs\;C:\Program Files\Microsoft SQL Server\150\Tools\Binn\;C:\Program Files\Microsoft SQL Server\Client SDK\ODBC\170\Tools\Binn\;C:\Program Files\dotnet\;C:\ProgramData\chocolatey\bin;C:\Program Files\Git\cmd;C:\Users\Andrea\AppData\Local\Microsoft\WindowsApps;C:\Users\Andrea\AppData\Local\Microsoft\WindowsApps;C:\Users\Andrea\.dotnet\tools;C:\Users\Andrea\A
USERNAME=Andrea
LANG=en_US.UTF-8
OS=Windows_NT
PROCESSOR_IDENTIFIER=Intel64 Family 6 Model 60 Stepping 3, GenuineIntel
TMP=C:\Users\Andrea\AppData\Local\Temp
TEMP=C:\Users\Andrea\AppData\Local\Temp



---------------  S Y S T E M  ---------------

OS: Windows 10 , 64 bit Build 19041 (10.0.19041.2364)
OS uptime: 0 days 23:21 hours

CPU:total 8 (initial active 8) (4 cores per cpu, 2 threads per core) family 6 model 60 stepping 3 microcode 0x27, cmov, cx8, fxsr, mmx, sse, sse2, sse3, ssse3, sse4.1, sse4.2, popcnt, avx, avx2, aes, clmul, erms, lzcnt, ht, tsc, tscinvbit, bmi1, bmi2, fma

Memory: 4k page, system-wide physical 16267M (4075M free)
TotalPageFile size 17291M (AvailPageFile size 10M)
current process WorkingSet (physical memory assigned to process): 282M, peak: 290M
current process commit charge ("private bytes"): 456M, peak: 465M

vm_info: OpenJDK 64-Bit Server VM (11.0.16.1+1-LTS) for windows-amd64 JRE (11.0.16.1+1-LTS), built on Aug 20 2022 20:09:04 by "" with MS VC++ 15.9 (VS2017)

END.
