#
# There is insufficient memory for the Java Runtime Environment to continue.
# Native memory allocation (malloc) failed to allocate 1351536 bytes for Chunk::new
# Possible reasons:
#   The system is out of physical RAM or swap space
#   The process is running with CompressedOops enabled, and the Java Heap may be blocking the growth of the native heap
# Possible solutions:
#   Reduce memory load on the system
#   Increase physical memory or swap space
#   Check if swap backing store is full
#   Decrease Java heap size (-Xmx/-Xms)
#   Decrease number of Java threads
#   Decrease Java thread stack sizes (-Xss)
#   Set larger code cache with -XX:ReservedCodeCacheSize=
#   JVM is running with Unscaled Compressed Oops mode in which the Java heap is
#     placed in the first 4GB address space. The Java Heap base address is the
#     maximum limit for the native heap growth. Please use -XX:HeapBaseMinAddress
#     to set the Java Heap base and to place the Java Heap above 4GB virtual address.
# This output file may be truncated or incomplete.
#
#  Out of Memory Error (./src/hotspot/share/memory/arena.cpp:197), pid=1428, tid=18304
#
# JRE version: OpenJDK Runtime Environment Microsoft-40648 (11.0.16.1+1) (build 11.0.16.1+1-LTS)
# Java VM: OpenJDK 64-Bit Server VM Microsoft-40648 (11.0.16.1+1-LTS, mixed mode, tiered, compressed oops, g1 gc, windows-amd64)
# No core dump will be written. Minidumps are not enabled by default on client versions of Windows
#

---------------  S U M M A R Y ------------

Command Line: -XX:MaxMetaspaceSize=512m --add-opens=java.base/java.util=ALL-UNNAMED --add-opens=java.base/java.lang=ALL-UNNAMED --add-opens=java.base/java.lang.invoke=ALL-UNNAMED --add-opens=java.base/java.util=ALL-UNNAMED --add-opens=java.prefs/java.util.prefs=ALL-UNNAMED --add-opens=java.prefs/java.util.prefs=ALL-UNNAMED --add-opens=java.base/java.nio.charset=ALL-UNNAMED --add-opens=java.base/java.net=ALL-UNNAMED --add-opens=java.base/java.util.concurrent.atomic=ALL-UNNAMED -Xmx2048m -Dfile.encoding=windows-1252 -Duser.country=IT -Duser.language=it -Duser.variant org.gradle.launcher.daemon.bootstrap.GradleDaemon 7.5.1

Host: Intel(R) Core(TM) i7-4720HQ CPU @ 2.60GHz, 8 cores, 15G,  Windows 10 , 64 bit Build 19041 (10.0.19041.2364)
Time: Wed Feb  1 09:33:10 2023 ora solare Europa occidentale elapsed time: 41.686025 seconds (0d 0h 0m 41s)

---------------  T H R E A D  ---------------

Current thread (0x000001cb747aa800):  JavaThread "C2 CompilerThread0" daemon [_thread_in_native, id=18304, stack(0x0000002dde700000,0x0000002dde800000)]


Current CompileTask:
C2:  41686 9445       4       org.codehaus.groovy.vmplugin.v9.Java9::checkCanSetAccessible (137 bytes)

Stack: [0x0000002dde700000,0x0000002dde800000]
Native frames: (J=compiled Java code, j=interpreted, Vv=VM code, C=native code)
V  [jvm.dll+0x62652a]
V  [jvm.dll+0x7b3249]
V  [jvm.dll+0x7b4938]
V  [jvm.dll+0x7b5013]
V  [jvm.dll+0x24fca8]
V  [jvm.dll+0xc262c]
V  [jvm.dll+0xc2bec]
V  [jvm.dll+0x359e77]
V  [jvm.dll+0x326003]
V  [jvm.dll+0x32533a]
V  [jvm.dll+0x208fd5]
V  [jvm.dll+0x2080fd]
V  [jvm.dll+0x18a411]
V  [jvm.dll+0x217954]
V  [jvm.dll+0x215b9b]
V  [jvm.dll+0x775d50]
V  [jvm.dll+0x76ec84]
V  [jvm.dll+0x625395]
C  [ucrtbase.dll+0x21bb2]
C  [KERNEL32.DLL+0x17614]
C  [ntdll.dll+0x526a1]


---------------  P R O C E S S  ---------------

Threads class SMR info:
_java_thread_list=0x000001cb7b973290, length=136, elements={
0x000001cb54e36000, 0x000001cb73f36800, 0x000001cb74782800, 0x000001cb747a4800,
0x000001cb747a6800, 0x000001cb747a7800, 0x000001cb747aa800, 0x000001cb747b4800,
0x000001cb747c4800, 0x000001cb74924000, 0x000001cb75eaa000, 0x000001cb762fd000,
0x000001cb76e81000, 0x000001cb77262800, 0x000001cb77bd1000, 0x000001cb778cd800,
0x000001cb75e5f000, 0x000001cb77b94800, 0x000001cb75c9a800, 0x000001cb7663a000,
0x000001cb76e75800, 0x000001cb76e75000, 0x000001cb76e79000, 0x000001cb76e7a000,
0x000001cb76e76800, 0x000001cb76e77800, 0x000001cb76e78000, 0x000001cb76e74000,
0x000001cb76e7a800, 0x000001cb77a62000, 0x000001cb77a62800, 0x000001cb77a63800,
0x000001cb77a64800, 0x000001cb77a65000, 0x000001cb77a67000, 0x000001cb77a61000,
0x000001cb77a68800, 0x000001cb77a6c800, 0x000001cb77a69800, 0x000001cb77a6b800,
0x000001cb77a6a000, 0x000001cb77a6d800, 0x000001cb77a67800, 0x000001cb77a6e000,
0x000001cb77a6f000, 0x000001cb77a70000, 0x000001cb77a6b000, 0x000001cb75f18000,
0x000001cb75f18800, 0x000001cb75f1c000, 0x000001cb75f1e800, 0x000001cb75f1d800,
0x000001cb75f19800, 0x000001cb75f1c800, 0x000001cb75f1f000, 0x000001cb75f20000,
0x000001cb75f1a800, 0x000001cb75f21000, 0x000001cb75f1b000, 0x000001cb75f25800,
0x000001cb75f25000, 0x000001cb75f26800, 0x000001cb75f23800, 0x000001cb75f21800,
0x000001cb75f22800, 0x000001cb75f24000, 0x000001cb78107800, 0x000001cb78105000,
0x000001cb78108800, 0x000001cb78106000, 0x000001cb78103800, 0x000001cb78107000,
0x000001cb78109000, 0x000001cb7810a000, 0x000001cb78104800, 0x000001cb7810e000,
0x000001cb78110000, 0x000001cb7810f000, 0x000001cb7810b000, 0x000001cb7810b800,
0x000001cb7810d800, 0x000001cb78110800, 0x000001cb78111800, 0x000001cb78112000,
0x000001cb7810c800, 0x000001cb7d184800, 0x000001cb7d186000, 0x000001cb7d188800,
0x000001cb7d189800, 0x000001cb7d187000, 0x000001cb7d187800, 0x000001cb7d18a000,
0x000001cb7d18b000, 0x000001cb7d185000, 0x000001cb7d18c800, 0x000001cb7d190800,
0x000001cb7d18d800, 0x000001cb7d190000, 0x000001cb7d18e000, 0x000001cb7d18f000,
0x000001cb7d191800, 0x000001cb7d18b800, 0x000001cb7d192000, 0x000001cb7d193000,
0x000001cb75c49800, 0x000001cb75c4a000, 0x000001cb75c4b000, 0x000001cb75c4c000,
0x000001cb75c4c800, 0x000001cb75c4d800, 0x000001cb75c47800, 0x000001cb75c4e000,
0x000001cb75c48800, 0x000001cb75c54000, 0x000001cb75c52800, 0x000001cb75c4f000,
0x000001cb75c51800, 0x000001cb75c50000, 0x000001cb75c54800, 0x000001cb75c53000,
0x000001cb75c55800, 0x000001cb75c56800, 0x000001cb75c50800, 0x000001cb7d96d000,
0x000001cb7d96b000, 0x000001cb7d96a800, 0x000001cb7d96c000, 0x000001cb7d968800,
0x000001cb7d967000, 0x000001cb7d96d800, 0x000001cb7d968000, 0x000001cb7d96e800,
0x000001cb7d96f000, 0x000001cb7d969800, 0x000001cb7ac79000, 0x000001cb7b9f4800
}

Java Threads: ( => current thread )
  0x000001cb54e36000 JavaThread "main" [_thread_blocked, id=16496, stack(0x0000002dddb00000,0x0000002dddc00000)]
  0x000001cb73f36800 JavaThread "Reference Handler" daemon [_thread_blocked, id=9760, stack(0x0000002dde200000,0x0000002dde300000)]
  0x000001cb74782800 JavaThread "Finalizer" daemon [_thread_blocked, id=20380, stack(0x0000002dde300000,0x0000002dde400000)]
  0x000001cb747a4800 JavaThread "Signal Dispatcher" daemon [_thread_blocked, id=23672, stack(0x0000002dde400000,0x0000002dde500000)]
  0x000001cb747a6800 JavaThread "Attach Listener" daemon [_thread_blocked, id=21388, stack(0x0000002dde500000,0x0000002dde600000)]
  0x000001cb747a7800 JavaThread "Service Thread" daemon [_thread_blocked, id=23504, stack(0x0000002dde600000,0x0000002dde700000)]
=>0x000001cb747aa800 JavaThread "C2 CompilerThread0" daemon [_thread_in_native, id=18304, stack(0x0000002dde700000,0x0000002dde800000)]
  0x000001cb747b4800 JavaThread "C1 CompilerThread0" daemon [_thread_in_vm, id=14676, stack(0x0000002dde800000,0x0000002dde900000)]
  0x000001cb747c4800 JavaThread "Sweeper thread" daemon [_thread_blocked, id=17908, stack(0x0000002dde900000,0x0000002ddea00000)]
  0x000001cb74924000 JavaThread "Common-Cleaner" daemon [_thread_blocked, id=25260, stack(0x0000002ddea00000,0x0000002ddeb00000)]
  0x000001cb75eaa000 JavaThread "Daemon health stats" [_thread_blocked, id=14716, stack(0x0000002ddf300000,0x0000002ddf400000)]
  0x000001cb762fd000 JavaThread "Incoming local TCP Connector on port 1593" [_thread_in_native, id=15600, stack(0x0000002ddec00000,0x0000002dded00000)]
  0x000001cb76e81000 JavaThread "Daemon periodic checks" [_thread_blocked, id=16488, stack(0x0000002ddf200000,0x0000002ddf300000)]
  0x000001cb77262800 JavaThread "Daemon" [_thread_blocked, id=21268, stack(0x0000002ddf400000,0x0000002ddf500000)]
  0x000001cb77bd1000 JavaThread "Handler for socket connection from /127.0.0.1:1593 to /127.0.0.1:1594" [_thread_in_native, id=5208, stack(0x0000002ddf500000,0x0000002ddf600000)]
  0x000001cb778cd800 JavaThread "Cancel handler" [_thread_blocked, id=4676, stack(0x0000002ddf600000,0x0000002ddf700000)]
  0x000001cb75e5f000 JavaThread "Daemon worker" [_thread_in_Java, id=3140, stack(0x0000002ddf700000,0x0000002ddf800000)]
  0x000001cb77b94800 JavaThread "Asynchronous log dispatcher for DefaultDaemonConnection: socket connection from /127.0.0.1:1593 to /127.0.0.1:1594" [_thread_blocked, id=15888, stack(0x0000002ddf800000,0x0000002ddf900000)]
  0x000001cb75c9a800 JavaThread "Stdin handler" [_thread_blocked, id=19724, stack(0x0000002ddf900000,0x0000002ddfa00000)]
  0x000001cb7663a000 JavaThread "Daemon client event forwarder" [_thread_blocked, id=24548, stack(0x0000002ddfa00000,0x0000002ddfb00000)]
  0x000001cb76e75800 JavaThread "Cache worker for journal cache (C:\Users\Andrea\.gradle\caches\journal-1)" [_thread_blocked, id=10340, stack(0x0000002ddfb00000,0x0000002ddfc00000)]
  0x000001cb76e75000 JavaThread "File lock request listener" [_thread_in_native, id=6136, stack(0x0000002ddfc00000,0x0000002ddfd00000)]
  0x000001cb76e79000 JavaThread "Cache worker for file hash cache (C:\Users\Andrea\.gradle\caches\7.5.1\fileHashes)" [_thread_blocked, id=6596, stack(0x0000002ddfd00000,0x0000002ddfe00000)]
  0x000001cb76e7a000 JavaThread "File watcher server" daemon [_thread_in_native, id=7584, stack(0x0000002de0200000,0x0000002de0300000)]
  0x000001cb76e76800 JavaThread "File watcher consumer" daemon [_thread_blocked, id=17244, stack(0x0000002de0300000,0x0000002de0400000)]
  0x000001cb76e77800 JavaThread "Cache worker for checksums cache (C:\Users\Andrea\Desktop\AppAlternanza\AppAlessio\android\.gradle\7.5.1\checksums)" [_thread_blocked, id=18344, stack(0x0000002de0400000,0x0000002de0500000)]
  0x000001cb76e78000 JavaThread "Cache worker for cache directory md-rule (C:\Users\Andrea\.gradle\caches\7.5.1\md-rule)" [_thread_blocked, id=25516, stack(0x0000002de0500000,0x0000002de0600000)]
  0x000001cb76e74000 JavaThread "Cache worker for file content cache (C:\Users\Andrea\.gradle\caches\7.5.1\fileContent)" [_thread_blocked, id=7468, stack(0x0000002de0600000,0x0000002de0700000)]
  0x000001cb76e7a800 JavaThread "Cache worker for file hash cache (C:\Users\Andrea\Desktop\AppAlternanza\AppAlessio\android\.gradle\7.5.1\fileHashes)" [_thread_blocked, id=8368, stack(0x0000002de0700000,0x0000002de0800000)]
  0x000001cb77a62000 JavaThread "Cache worker for cache directory md-supplier (C:\Users\Andrea\.gradle\caches\7.5.1\md-supplier)" [_thread_blocked, id=7900, stack(0x0000002de0800000,0x0000002de0900000)]
  0x000001cb77a62800 JavaThread "Cache worker for execution history cache (C:\Users\Andrea\.gradle\caches\7.5.1\executionHistory)" [_thread_blocked, id=18028, stack(0x0000002de0900000,0x0000002de0a00000)]
  0x000001cb77a63800 JavaThread "jar transforms" [_thread_blocked, id=5288, stack(0x0000002de0b00000,0x0000002de0c00000)]
  0x000001cb77a64800 JavaThread "jar transforms Thread 2" [_thread_blocked, id=3044, stack(0x0000002de0c00000,0x0000002de0d00000)]
  0x000001cb77a65000 JavaThread "jar transforms Thread 3" [_thread_blocked, id=18036, stack(0x0000002de0d00000,0x0000002de0e00000)]
  0x000001cb77a67000 JavaThread "jar transforms Thread 4" [_thread_blocked, id=688, stack(0x0000002de0e00000,0x0000002de0f00000)]
  0x000001cb77a61000 JavaThread "Cache worker for kotlin-dsl (C:\Users\Andrea\.gradle\caches\7.5.1\kotlin-dsl)" [_thread_blocked, id=5304, stack(0x0000002de0f00000,0x0000002de1000000)]
  0x000001cb77a68800 JavaThread "jar transforms Thread 5" [_thread_blocked, id=7936, stack(0x0000002de1000000,0x0000002de1100000)]
  0x000001cb77a6c800 JavaThread "jar transforms Thread 6" [_thread_blocked, id=19168, stack(0x0000002de1100000,0x0000002de1200000)]
  0x000001cb77a69800 JavaThread "Cache worker for dependencies-accessors (C:\Users\Andrea\Desktop\AppAlternanza\AppAlessio\android\.gradle\7.5.1\dependencies-accessors)" [_thread_blocked, id=23536, stack(0x0000002de1200000,0x0000002de1300000)]
  0x000001cb77a6b800 JavaThread "Cache worker for Build Output Cleanup Cache (C:\Users\Andrea\Desktop\AppAlternanza\AppAlessio\node_modules\react-native-gradle-plugin\.gradle\buildOutputCleanup)" [_thread_blocked, id=7916, stack(0x0000002de0a00000,0x0000002de0b00000)]
  0x000001cb77a6a000 JavaThread "jar transforms Thread 7" [_thread_blocked, id=18144, stack(0x0000002de1300000,0x0000002de1400000)]
  0x000001cb77a6d800 JavaThread "Unconstrained build operations" [_thread_blocked, id=19648, stack(0x0000002de1400000,0x0000002de1500000)]
  0x000001cb77a67800 JavaThread "Unconstrained build operations Thread 2" [_thread_blocked, id=9960, stack(0x0000002de1500000,0x0000002de1600000)]
  0x000001cb77a6e000 JavaThread "Unconstrained build operations Thread 3" [_thread_blocked, id=17304, stack(0x0000002de1600000,0x0000002de1700000)]
  0x000001cb77a6f000 JavaThread "Unconstrained build operations Thread 4" [_thread_blocked, id=19464, stack(0x0000002de1700000,0x0000002de1800000)]
  0x000001cb77a70000 JavaThread "Unconstrained build operations Thread 5" [_thread_blocked, id=15128, stack(0x0000002de1800000,0x0000002de1900000)]
  0x000001cb77a6b000 JavaThread "Unconstrained build operations Thread 6" [_thread_blocked, id=2712, stack(0x0000002de1900000,0x0000002de1a00000)]
  0x000001cb75f18000 JavaThread "Unconstrained build operations Thread 7" [_thread_blocked, id=18196, stack(0x0000002de1a00000,0x0000002de1b00000)]
  0x000001cb75f18800 JavaThread "Unconstrained build operations Thread 8" [_thread_blocked, id=17020, stack(0x0000002de1b00000,0x0000002de1c00000)]
  0x000001cb75f1c000 JavaThread "Unconstrained build operations Thread 9" [_thread_blocked, id=14836, stack(0x0000002de1c00000,0x0000002de1d00000)]
  0x000001cb75f1e800 JavaThread "Unconstrained build operations Thread 10" [_thread_blocked, id=14552, stack(0x0000002de1d00000,0x0000002de1e00000)]
  0x000001cb75f1d800 JavaThread "Unconstrained build operations Thread 11" [_thread_blocked, id=6680, stack(0x0000002de1e00000,0x0000002de1f00000)]
  0x000001cb75f19800 JavaThread "Unconstrained build operations Thread 12" [_thread_blocked, id=14900, stack(0x0000002de1f00000,0x0000002de2000000)]
  0x000001cb75f1c800 JavaThread "Unconstrained build operations Thread 13" [_thread_blocked, id=16108, stack(0x0000002de2000000,0x0000002de2100000)]
  0x000001cb75f1f000 JavaThread "Unconstrained build operations Thread 14" [_thread_blocked, id=14044, stack(0x0000002de2100000,0x0000002de2200000)]
  0x000001cb75f20000 JavaThread "Unconstrained build operations Thread 15" [_thread_blocked, id=20728, stack(0x0000002de2200000,0x0000002de2300000)]
  0x000001cb75f1a800 JavaThread "Unconstrained build operations Thread 16" [_thread_blocked, id=10984, stack(0x0000002de2300000,0x0000002de2400000)]
  0x000001cb75f21000 JavaThread "Unconstrained build operations Thread 17" [_thread_blocked, id=19972, stack(0x0000002de2400000,0x0000002de2500000)]
  0x000001cb75f1b000 JavaThread "Unconstrained build operations Thread 18" [_thread_blocked, id=21516, stack(0x0000002de2500000,0x0000002de2600000)]
  0x000001cb75f25800 JavaThread "Unconstrained build operations Thread 19" [_thread_blocked, id=22796, stack(0x0000002de2600000,0x0000002de2700000)]
  0x000001cb75f25000 JavaThread "Unconstrained build operations Thread 20" [_thread_blocked, id=25848, stack(0x0000002de2700000,0x0000002de2800000)]
  0x000001cb75f26800 JavaThread "Unconstrained build operations Thread 21" [_thread_blocked, id=25856, stack(0x0000002de2800000,0x0000002de2900000)]
  0x000001cb75f23800 JavaThread "Unconstrained build operations Thread 22" [_thread_blocked, id=2964, stack(0x0000002de2900000,0x0000002de2a00000)]
  0x000001cb75f21800 JavaThread "Unconstrained build operations Thread 23" [_thread_blocked, id=14432, stack(0x0000002de2a00000,0x0000002de2b00000)]
  0x000001cb75f22800 JavaThread "Unconstrained build operations Thread 24" [_thread_blocked, id=18880, stack(0x0000002de2b00000,0x0000002de2c00000)]
  0x000001cb75f24000 JavaThread "Unconstrained build operations Thread 25" [_thread_blocked, id=23472, stack(0x0000002de2c00000,0x0000002de2d00000)]
  0x000001cb78107800 JavaThread "Unconstrained build operations Thread 26" [_thread_blocked, id=1904, stack(0x0000002de2d00000,0x0000002de2e00000)]
  0x000001cb78105000 JavaThread "Unconstrained build operations Thread 27" [_thread_blocked, id=25028, stack(0x0000002de2e00000,0x0000002de2f00000)]
  0x000001cb78108800 JavaThread "Unconstrained build operations Thread 28" [_thread_blocked, id=24936, stack(0x0000002de2f00000,0x0000002de3000000)]
  0x000001cb78106000 JavaThread "Unconstrained build operations Thread 29" [_thread_blocked, id=24928, stack(0x0000002de3000000,0x0000002de3100000)]
  0x000001cb78103800 JavaThread "Unconstrained build operations Thread 30" [_thread_blocked, id=7244, stack(0x0000002de3100000,0x0000002de3200000)]
  0x000001cb78107000 JavaThread "Unconstrained build operations Thread 31" [_thread_blocked, id=1268, stack(0x0000002de3200000,0x0000002de3300000)]
  0x000001cb78109000 JavaThread "Unconstrained build operations Thread 32" [_thread_blocked, id=24536, stack(0x0000002de3300000,0x0000002de3400000)]
  0x000001cb7810a000 JavaThread "Unconstrained build operations Thread 33" [_thread_blocked, id=21792, stack(0x0000002de3400000,0x0000002de3500000)]
  0x000001cb78104800 JavaThread "jar transforms Thread 8" [_thread_blocked, id=24276, stack(0x0000002de3500000,0x0000002de3600000)]
  0x000001cb7810e000 JavaThread "build event listener" [_thread_blocked, id=24456, stack(0x0000002de3700000,0x0000002de3800000)]
  0x000001cb78110000 JavaThread "Memory manager" [_thread_blocked, id=24468, stack(0x0000002de3800000,0x0000002de3900000)]
  0x000001cb7810f000 JavaThread "Cache worker for Build Output Cleanup Cache (C:\Users\Andrea\Desktop\AppAlternanza\AppAlessio\android\.gradle\buildOutputCleanup)" [_thread_blocked, id=25400, stack(0x0000002de3600000,0x0000002de3700000)]
  0x000001cb7810b000 JavaThread "included builds" [_thread_blocked, id=25560, stack(0x0000002de3a00000,0x0000002de3b00000)]
  0x000001cb7810b800 JavaThread "Execution worker" [_thread_blocked, id=25080, stack(0x0000002de3b00000,0x0000002de3c00000)]
  0x000001cb7810d800 JavaThread "Execution worker Thread 2" [_thread_blocked, id=15816, stack(0x0000002de3c00000,0x0000002de3d00000)]
  0x000001cb78110800 JavaThread "Execution worker Thread 3" [_thread_blocked, id=2972, stack(0x0000002de3d00000,0x0000002de3e00000)]
  0x000001cb78111800 JavaThread "Execution worker Thread 4" [_thread_blocked, id=20268, stack(0x0000002de3e00000,0x0000002de3f00000)]
  0x000001cb78112000 JavaThread "Execution worker Thread 5" [_thread_blocked, id=15916, stack(0x0000002de3f00000,0x0000002de4000000)]
  0x000001cb7810c800 JavaThread "Execution worker Thread 6" [_thread_blocked, id=16372, stack(0x0000002de4000000,0x0000002de4100000)]
  0x000001cb7d184800 JavaThread "Execution worker Thread 7" [_thread_blocked, id=12260, stack(0x0000002de4100000,0x0000002de4200000)]
  0x000001cb7d186000 JavaThread "Cache worker for execution history cache (C:\Users\Andrea\Desktop\AppAlternanza\AppAlessio\node_modules\react-native-gradle-plugin\.gradle\7.5.1\executionHistory)" [_thread_blocked, id=23544, stack(0x0000002de4200000,0x0000002de4300000)]
  0x000001cb7d188800 JavaThread "Unconstrained build operations Thread 34" [_thread_blocked, id=25004, stack(0x0000002de4300000,0x0000002de4400000)]
  0x000001cb7d189800 JavaThread "Unconstrained build operations Thread 35" [_thread_blocked, id=2696, stack(0x0000002de4400000,0x0000002de4500000)]
  0x000001cb7d187000 JavaThread "Unconstrained build operations Thread 36" [_thread_blocked, id=14752, stack(0x0000002de4500000,0x0000002de4600000)]
  0x000001cb7d187800 JavaThread "Unconstrained build operations Thread 37" [_thread_blocked, id=2948, stack(0x0000002de4600000,0x0000002de4700000)]
  0x000001cb7d18a000 JavaThread "Unconstrained build operations Thread 38" [_thread_blocked, id=6088, stack(0x0000002de4700000,0x0000002de4800000)]
  0x000001cb7d18b000 JavaThread "Unconstrained build operations Thread 39" [_thread_blocked, id=25732, stack(0x0000002de4800000,0x0000002de4900000)]
  0x000001cb7d185000 JavaThread "Unconstrained build operations Thread 40" [_thread_blocked, id=25744, stack(0x0000002de4900000,0x0000002de4a00000)]
  0x000001cb7d18c800 JavaThread "Unconstrained build operations Thread 41" [_thread_blocked, id=25752, stack(0x0000002de4a00000,0x0000002de4b00000)]
  0x000001cb7d190800 JavaThread "Unconstrained build operations Thread 42" [_thread_blocked, id=25748, stack(0x0000002de4b00000,0x0000002de4c00000)]
  0x000001cb7d18d800 JavaThread "Unconstrained build operations Thread 43" [_thread_blocked, id=25000, stack(0x0000002de4c00000,0x0000002de4d00000)]
  0x000001cb7d190000 JavaThread "Unconstrained build operations Thread 44" [_thread_blocked, id=7032, stack(0x0000002de4d00000,0x0000002de4e00000)]
  0x000001cb7d18e000 JavaThread "Unconstrained build operations Thread 45" [_thread_blocked, id=23584, stack(0x0000002de4e00000,0x0000002de4f00000)]
  0x000001cb7d18f000 JavaThread "Unconstrained build operations Thread 46" [_thread_blocked, id=23596, stack(0x0000002de4f00000,0x0000002de5000000)]
  0x000001cb7d191800 JavaThread "Unconstrained build operations Thread 47" [_thread_blocked, id=23604, stack(0x0000002de5000000,0x0000002de5100000)]
  0x000001cb7d18b800 JavaThread "Unconstrained build operations Thread 48" [_thread_blocked, id=15540, stack(0x0000002de5100000,0x0000002de5200000)]
  0x000001cb7d192000 JavaThread "Unconstrained build operations Thread 49" [_thread_blocked, id=23600, stack(0x0000002de5200000,0x0000002de5300000)]
  0x000001cb7d193000 JavaThread "Unconstrained build operations Thread 50" [_thread_blocked, id=8356, stack(0x0000002de5300000,0x0000002de5400000)]
  0x000001cb75c49800 JavaThread "Unconstrained build operations Thread 51" [_thread_blocked, id=9700, stack(0x0000002de5400000,0x0000002de5500000)]
  0x000001cb75c4a000 JavaThread "Unconstrained build operations Thread 52" [_thread_blocked, id=19352, stack(0x0000002de5500000,0x0000002de5600000)]
  0x000001cb75c4b000 JavaThread "Unconstrained build operations Thread 53" [_thread_blocked, id=20896, stack(0x0000002de5600000,0x0000002de5700000)]
  0x000001cb75c4c000 JavaThread "Unconstrained build operations Thread 54" [_thread_blocked, id=8340, stack(0x0000002de5700000,0x0000002de5800000)]
  0x000001cb75c4c800 JavaThread "Unconstrained build operations Thread 55" [_thread_blocked, id=2952, stack(0x0000002de5800000,0x0000002de5900000)]
  0x000001cb75c4d800 JavaThread "Unconstrained build operations Thread 56" [_thread_blocked, id=14320, stack(0x0000002de5900000,0x0000002de5a00000)]
  0x000001cb75c47800 JavaThread "Unconstrained build operations Thread 57" [_thread_blocked, id=9884, stack(0x0000002de5a00000,0x0000002de5b00000)]
  0x000001cb75c4e000 JavaThread "Unconstrained build operations Thread 58" [_thread_blocked, id=23572, stack(0x0000002de5b00000,0x0000002de5c00000)]
  0x000001cb75c48800 JavaThread "Unconstrained build operations Thread 59" [_thread_blocked, id=19212, stack(0x0000002de5c00000,0x0000002de5d00000)]
  0x000001cb75c54000 JavaThread "Unconstrained build operations Thread 60" [_thread_blocked, id=16116, stack(0x0000002de5d00000,0x0000002de5e00000)]
  0x000001cb75c52800 JavaThread "Unconstrained build operations Thread 61" [_thread_blocked, id=16856, stack(0x0000002de5e00000,0x0000002de5f00000)]
  0x000001cb75c4f000 JavaThread "Unconstrained build operations Thread 62" [_thread_blocked, id=20904, stack(0x0000002de5f00000,0x0000002de6000000)]
  0x000001cb75c51800 JavaThread "Unconstrained build operations Thread 63" [_thread_blocked, id=9664, stack(0x0000002de6000000,0x0000002de6100000)]
  0x000001cb75c50000 JavaThread "Unconstrained build operations Thread 64" [_thread_blocked, id=12320, stack(0x0000002de6100000,0x0000002de6200000)]
  0x000001cb75c54800 JavaThread "Unconstrained build operations Thread 65" [_thread_blocked, id=22836, stack(0x0000002de6200000,0x0000002de6300000)]
  0x000001cb75c53000 JavaThread "Unconstrained build operations Thread 66" [_thread_blocked, id=8716, stack(0x0000002de6300000,0x0000002de6400000)]
  0x000001cb75c55800 JavaThread "Unconstrained build operations Thread 67" [_thread_blocked, id=6748, stack(0x0000002de6400000,0x0000002de6500000)]
  0x000001cb75c56800 JavaThread "Unconstrained build operations Thread 68" [_thread_blocked, id=21284, stack(0x0000002de6500000,0x0000002de6600000)]
  0x000001cb75c50800 JavaThread "Unconstrained build operations Thread 69" [_thread_blocked, id=13572, stack(0x0000002de6600000,0x0000002de6700000)]
  0x000001cb7d96d000 JavaThread "Unconstrained build operations Thread 70" [_thread_blocked, id=20800, stack(0x0000002de6700000,0x0000002de6800000)]
  0x000001cb7d96b000 JavaThread "Unconstrained build operations Thread 71" [_thread_blocked, id=14764, stack(0x0000002de6800000,0x0000002de6900000)]
  0x000001cb7d96a800 JavaThread "Unconstrained build operations Thread 72" [_thread_blocked, id=20624, stack(0x0000002de6900000,0x0000002de6a00000)]
  0x000001cb7d96c000 JavaThread "Unconstrained build operations Thread 73" [_thread_blocked, id=20708, stack(0x0000002de6a00000,0x0000002de6b00000)]
  0x000001cb7d968800 JavaThread "Unconstrained build operations Thread 74" [_thread_blocked, id=14972, stack(0x0000002de6b00000,0x0000002de6c00000)]
  0x000001cb7d967000 JavaThread "Unconstrained build operations Thread 75" [_thread_blocked, id=12108, stack(0x0000002de6c00000,0x0000002de6d00000)]
  0x000001cb7d96d800 JavaThread "Unconstrained build operations Thread 76" [_thread_blocked, id=10456, stack(0x0000002de6d00000,0x0000002de6e00000)]
  0x000001cb7d968000 JavaThread "Unconstrained build operations Thread 77" [_thread_blocked, id=25112, stack(0x0000002de6e00000,0x0000002de6f00000)]
  0x000001cb7d96e800 JavaThread "Unconstrained build operations Thread 78" [_thread_blocked, id=23000, stack(0x0000002de6f00000,0x0000002de7000000)]
  0x000001cb7d96f000 JavaThread "Unconstrained build operations Thread 79" [_thread_blocked, id=13448, stack(0x0000002de7000000,0x0000002de7100000)]
  0x000001cb7d969800 JavaThread "Unconstrained build operations Thread 80" [_thread_blocked, id=25388, stack(0x0000002de7100000,0x0000002de7200000)]
  0x000001cb7ac79000 JavaThread "C2 CompilerThread1" daemon [_thread_in_native, id=24812, stack(0x0000002de7200000,0x0000002de7300000)]
  0x000001cb7b9f4800 JavaThread "C2 CompilerThread2" daemon [_thread_in_native, id=25796, stack(0x0000002de7300000,0x0000002de7400000)]

Other Threads:
  0x000001cb73f33000 VMThread "VM Thread" [stack: 0x0000002dde100000,0x0000002dde200000] [id=26056]
  0x000001cb74928800 WatcherThread [stack: 0x0000002ddeb00000,0x0000002ddec00000] [id=26216]
  0x000001cb54e4e800 GCTaskThread "GC Thread#0" [stack: 0x0000002dddc00000,0x0000002dddd00000] [id=15008]
  0x000001cb759e5800 GCTaskThread "GC Thread#1" [stack: 0x0000002dded00000,0x0000002ddee00000] [id=9644]
  0x000001cb75474800 GCTaskThread "GC Thread#2" [stack: 0x0000002ddee00000,0x0000002ddef00000] [id=12008]
  0x000001cb7556a800 GCTaskThread "GC Thread#3" [stack: 0x0000002ddef00000,0x0000002ddf000000] [id=4580]
  0x000001cb75437000 GCTaskThread "GC Thread#4" [stack: 0x0000002ddf000000,0x0000002ddf100000] [id=12936]
  0x000001cb75a0a000 GCTaskThread "GC Thread#5" [stack: 0x0000002ddf100000,0x0000002ddf200000] [id=26024]
  0x000001cb773f9800 GCTaskThread "GC Thread#6" [stack: 0x0000002ddfe00000,0x0000002ddff00000] [id=26072]
  0x000001cb77955800 GCTaskThread "GC Thread#7" [stack: 0x0000002ddff00000,0x0000002de0000000] [id=6440]
  0x000001cb54e80800 ConcurrentGCThread "G1 Main Marker" [stack: 0x0000002dddd00000,0x0000002ddde00000] [id=10396]
  0x000001cb54e81800 ConcurrentGCThread "G1 Conc#0" [stack: 0x0000002ddde00000,0x0000002dddf00000] [id=12048]
  0x000001cb756a2000 ConcurrentGCThread "G1 Conc#1" [stack: 0x0000002de0000000,0x0000002de0100000] [id=20724]
  0x000001cb54f0e800 ConcurrentGCThread "G1 Refine#0" [stack: 0x0000002dddf00000,0x0000002dde000000] [id=10104]
  0x000001cb73dc0800 ConcurrentGCThread "G1 Young RemSet Sampling" [stack: 0x0000002dde000000,0x0000002dde100000] [id=19332]

Threads with active compile tasks:
C2 CompilerThread0    41735 9445       4       org.codehaus.groovy.vmplugin.v9.Java9::checkCanSetAccessible (137 bytes)
C2 CompilerThread1    41735 9521       4       java.util.HashSet::iterator (13 bytes)
C2 CompilerThread2    41735 9476       4       org.apache.commons.io.FilenameUtils::doNormalize (541 bytes)

VM state:not at safepoint (normal execution)

VM Mutex/Monitor currently owned by a thread: None

Heap address: 0x0000000080000000, size: 2048 MB, Compressed Oops mode: 32-bit
Narrow klass base: 0x0000000000000000, Narrow klass shift: 3
Compressed class space size: 528482304 Address: 0x0000000100000000

Heap:
 garbage-first heap   total 262144K, used 158252K [0x0000000080000000, 0x0000000100000000)
  region size 1024K, 95 young (97280K), 10 survivors (10240K)
 Metaspace       used 91441K, capacity 93855K, committed 93908K, reserved 598016K
  class space    used 11968K, capacity 12965K, committed 13004K, reserved 516096K
Heap Regions: E=young(eden), S=young(survivor), O=old, HS=humongous(starts), HC=humongous(continues), CS=collection set, F=free, A=archive, TAMS=top-at-mark-start (previous, next)
|   0|0x0000000080000000, 0x0000000080100000, 0x0000000080100000|100%| O|  |TAMS 0x0000000080100000, 0x0000000080000000| Untracked 
|   1|0x0000000080100000, 0x0000000080200000, 0x0000000080200000|100%| O|  |TAMS 0x0000000080200000, 0x0000000080100000| Untracked 
|   2|0x0000000080200000, 0x0000000080300000, 0x0000000080300000|100%| O|  |TAMS 0x0000000080300000, 0x0000000080200000| Untracked 
|   3|0x0000000080300000, 0x0000000080400000, 0x0000000080400000|100%|HS|  |TAMS 0x0000000080400000, 0x0000000080300000| Complete 
|   4|0x0000000080400000, 0x0000000080500000, 0x0000000080500000|100%|HC|  |TAMS 0x0000000080500000, 0x0000000080400000| Complete 
|   5|0x0000000080500000, 0x0000000080600000, 0x0000000080600000|100%|HC|  |TAMS 0x0000000080600000, 0x0000000080500000| Complete 
|   6|0x0000000080600000, 0x0000000080700000, 0x0000000080700000|100%| O|  |TAMS 0x0000000080700000, 0x0000000080600000| Untracked 
|   7|0x0000000080700000, 0x0000000080800000, 0x0000000080800000|100%| O|  |TAMS 0x0000000080800000, 0x0000000080700000| Untracked 
|   8|0x0000000080800000, 0x0000000080900000, 0x0000000080900000|100%| O|  |TAMS 0x0000000080900000, 0x0000000080800000| Untracked 
|   9|0x0000000080900000, 0x0000000080a00000, 0x0000000080a00000|100%| O|  |TAMS 0x0000000080a00000, 0x0000000080900000| Untracked 
|  10|0x0000000080a00000, 0x0000000080b00000, 0x0000000080b00000|100%| O|  |TAMS 0x0000000080b00000, 0x0000000080a00000| Untracked 
|  11|0x0000000080b00000, 0x0000000080c00000, 0x0000000080c00000|100%| O|  |TAMS 0x0000000080c00000, 0x0000000080b00000| Untracked 
|  12|0x0000000080c00000, 0x0000000080d00000, 0x0000000080d00000|100%| O|  |TAMS 0x0000000080d00000, 0x0000000080c00000| Untracked 
|  13|0x0000000080d00000, 0x0000000080e00000, 0x0000000080e00000|100%| O|  |TAMS 0x0000000080e00000, 0x0000000080d00000| Untracked 
|  14|0x0000000080e00000, 0x0000000080f00000, 0x0000000080f00000|100%| O|  |TAMS 0x0000000080f00000, 0x0000000080e00000| Untracked 
|  15|0x0000000080f00000, 0x0000000081000000, 0x0000000081000000|100%| O|  |TAMS 0x0000000081000000, 0x0000000080f00000| Untracked 
|  16|0x0000000081000000, 0x0000000081100000, 0x0000000081100000|100%| O|  |TAMS 0x0000000081100000, 0x0000000081000000| Untracked 
|  17|0x0000000081100000, 0x0000000081200000, 0x0000000081200000|100%| O|  |TAMS 0x0000000081200000, 0x0000000081100000| Untracked 
|  18|0x0000000081200000, 0x0000000081300000, 0x0000000081300000|100%|HS|  |TAMS 0x0000000081300000, 0x0000000081200000| Complete 
|  19|0x0000000081300000, 0x0000000081400000, 0x0000000081400000|100%| O|  |TAMS 0x0000000081400000, 0x0000000081300000| Untracked 
|  20|0x0000000081400000, 0x0000000081500000, 0x0000000081500000|100%| O|  |TAMS 0x0000000081500000, 0x0000000081400000| Untracked 
|  21|0x0000000081500000, 0x0000000081600000, 0x0000000081600000|100%| O|  |TAMS 0x0000000081600000, 0x0000000081500000| Untracked 
|  22|0x0000000081600000, 0x0000000081700000, 0x0000000081700000|100%| O|  |TAMS 0x0000000081700000, 0x0000000081600000| Untracked 
|  23|0x0000000081700000, 0x0000000081800000, 0x0000000081800000|100%| O|  |TAMS 0x0000000081800000, 0x0000000081700000| Untracked 
|  24|0x0000000081800000, 0x0000000081900000, 0x0000000081900000|100%|HS|  |TAMS 0x0000000081900000, 0x0000000081800000| Complete 
|  25|0x0000000081900000, 0x0000000081a00000, 0x0000000081a00000|100%|HC|  |TAMS 0x0000000081a00000, 0x0000000081900000| Complete 
|  26|0x0000000081a00000, 0x0000000081b00000, 0x0000000081b00000|100%|HC|  |TAMS 0x0000000081b00000, 0x0000000081a00000| Complete 
|  27|0x0000000081b00000, 0x0000000081c00000, 0x0000000081c00000|100%| O|  |TAMS 0x0000000081c00000, 0x0000000081b00000| Untracked 
|  28|0x0000000081c00000, 0x0000000081d00000, 0x0000000081d00000|100%| O|  |TAMS 0x0000000081d00000, 0x0000000081c00000| Untracked 
|  29|0x0000000081d00000, 0x0000000081e00000, 0x0000000081e00000|100%| O|  |TAMS 0x0000000081e00000, 0x0000000081d00000| Untracked 
|  30|0x0000000081e00000, 0x0000000081f00000, 0x0000000081f00000|100%| O|  |TAMS 0x0000000081f00000, 0x0000000081e00000| Untracked 
|  31|0x0000000081f00000, 0x0000000082000000, 0x0000000082000000|100%| O|  |TAMS 0x0000000081ff3c00, 0x0000000081f00000| Untracked 
|  32|0x0000000082000000, 0x0000000082100000, 0x0000000082100000|100%| O|  |TAMS 0x0000000082000000, 0x0000000082000000| Untracked 
|  33|0x0000000082100000, 0x0000000082200000, 0x0000000082200000|100%| O|  |TAMS 0x0000000082100000, 0x0000000082100000| Untracked 
|  34|0x0000000082200000, 0x0000000082300000, 0x0000000082300000|100%| O|  |TAMS 0x0000000082200000, 0x0000000082200000| Untracked 
|  35|0x0000000082300000, 0x0000000082400000, 0x0000000082400000|100%| O|  |TAMS 0x0000000082300000, 0x0000000082300000| Untracked 
|  36|0x0000000082400000, 0x0000000082500000, 0x0000000082500000|100%| O|  |TAMS 0x0000000082400000, 0x0000000082400000| Untracked 
|  37|0x0000000082500000, 0x0000000082600000, 0x0000000082600000|100%|HS|  |TAMS 0x0000000082500000, 0x0000000082500000| Complete 
|  38|0x0000000082600000, 0x0000000082700000, 0x0000000082700000|100%|HS|  |TAMS 0x0000000082600000, 0x0000000082600000| Complete 
|  39|0x0000000082700000, 0x0000000082700000, 0x0000000082800000|  0%| F|  |TAMS 0x0000000082700000, 0x0000000082700000| Untracked 
|  40|0x0000000082800000, 0x0000000082900000, 0x0000000082900000|100%|HS|  |TAMS 0x0000000082800000, 0x0000000082800000| Complete 
|  41|0x0000000082900000, 0x0000000082a00000, 0x0000000082a00000|100%|HC|  |TAMS 0x0000000082900000, 0x0000000082900000| Complete 
|  42|0x0000000082a00000, 0x0000000082b00000, 0x0000000082b00000|100%| O|  |TAMS 0x0000000082a00000, 0x0000000082a00000| Untracked 
|  43|0x0000000082b00000, 0x0000000082c00000, 0x0000000082c00000|100%| O|  |TAMS 0x0000000082b00000, 0x0000000082b00000| Untracked 
|  44|0x0000000082c00000, 0x0000000082d00000, 0x0000000082d00000|100%| O|  |TAMS 0x0000000082c00000, 0x0000000082c00000| Untracked 
|  45|0x0000000082d00000, 0x0000000082e00000, 0x0000000082e00000|100%| O|  |TAMS 0x0000000082d00000, 0x0000000082d00000| Untracked 
|  46|0x0000000082e00000, 0x0000000082f00000, 0x0000000082f00000|100%| O|  |TAMS 0x0000000082e00000, 0x0000000082e00000| Untracked 
|  47|0x0000000082f00000, 0x0000000082f00000, 0x0000000083000000|  0%| F|  |TAMS 0x0000000082f00000, 0x0000000082f00000| Untracked 
|  48|0x0000000083000000, 0x0000000083000000, 0x0000000083100000|  0%| F|  |TAMS 0x0000000083000000, 0x0000000083000000| Untracked 
|  49|0x0000000083100000, 0x0000000083100000, 0x0000000083200000|  0%| F|  |TAMS 0x0000000083100000, 0x0000000083100000| Untracked 
|  50|0x0000000083200000, 0x0000000083200000, 0x0000000083300000|  0%| F|  |TAMS 0x0000000083200000, 0x0000000083200000| Untracked 
|  51|0x0000000083300000, 0x0000000083300000, 0x0000000083400000|  0%| F|  |TAMS 0x0000000083300000, 0x0000000083300000| Untracked 
|  52|0x0000000083400000, 0x0000000083400000, 0x0000000083500000|  0%| F|  |TAMS 0x0000000083400000, 0x0000000083400000| Untracked 
|  53|0x0000000083500000, 0x0000000083500000, 0x0000000083600000|  0%| F|  |TAMS 0x0000000083500000, 0x0000000083500000| Untracked 
|  54|0x0000000083600000, 0x0000000083700000, 0x0000000083700000|100%| O|  |TAMS 0x0000000083600000, 0x0000000083600000| Untracked 
|  55|0x0000000083700000, 0x0000000083800000, 0x0000000083800000|100%| O|  |TAMS 0x0000000083700000, 0x0000000083700000| Untracked 
|  56|0x0000000083800000, 0x0000000083900000, 0x0000000083900000|100%| O|  |TAMS 0x0000000083800000, 0x0000000083800000| Untracked 
|  57|0x0000000083900000, 0x0000000083a00000, 0x0000000083a00000|100%| O|  |TAMS 0x0000000083900000, 0x0000000083900000| Untracked 
|  58|0x0000000083a00000, 0x0000000083b00000, 0x0000000083b00000|100%| O|  |TAMS 0x0000000083a00000, 0x0000000083a00000| Untracked 
|  59|0x0000000083b00000, 0x0000000083c00000, 0x0000000083c00000|100%| O|  |TAMS 0x0000000083b00000, 0x0000000083b00000| Untracked 
|  60|0x0000000083c00000, 0x0000000083d00000, 0x0000000083d00000|100%| O|  |TAMS 0x0000000083c00000, 0x0000000083c00000| Untracked 
|  61|0x0000000083d00000, 0x0000000083e00000, 0x0000000083e00000|100%| O|  |TAMS 0x0000000083d00000, 0x0000000083d00000| Untracked 
|  62|0x0000000083e00000, 0x0000000083f00000, 0x0000000083f00000|100%| O|  |TAMS 0x0000000083e00000, 0x0000000083e00000| Untracked 
|  63|0x0000000083f00000, 0x0000000084000000, 0x0000000084000000|100%| O|  |TAMS 0x0000000083f00000, 0x0000000083f00000| Untracked 
|  64|0x0000000084000000, 0x0000000084100000, 0x0000000084100000|100%| O|  |TAMS 0x0000000084000000, 0x0000000084000000| Untracked 
|  65|0x0000000084100000, 0x0000000084200000, 0x0000000084200000|100%| O|  |TAMS 0x0000000084100000, 0x0000000084100000| Untracked 
|  66|0x0000000084200000, 0x0000000084300000, 0x0000000084300000|100%| O|  |TAMS 0x0000000084200000, 0x0000000084200000| Untracked 
|  67|0x0000000084300000, 0x0000000084400000, 0x0000000084400000|100%| O|  |TAMS 0x0000000084300000, 0x0000000084300000| Untracked 
|  68|0x0000000084400000, 0x00000000844fa400, 0x0000000084500000| 97%| O|  |TAMS 0x0000000084400000, 0x0000000084400000| Untracked 
|  69|0x0000000084500000, 0x0000000084500000, 0x0000000084600000|  0%| F|  |TAMS 0x0000000084500000, 0x0000000084500000| Untracked 
|  70|0x0000000084600000, 0x0000000084600000, 0x0000000084700000|  0%| F|  |TAMS 0x0000000084600000, 0x0000000084600000| Untracked 
|  71|0x0000000084700000, 0x0000000084700000, 0x0000000084800000|  0%| F|  |TAMS 0x0000000084700000, 0x0000000084700000| Untracked 
|  72|0x0000000084800000, 0x0000000084800000, 0x0000000084900000|  0%| F|  |TAMS 0x0000000084800000, 0x0000000084800000| Untracked 
|  73|0x0000000084900000, 0x0000000084900000, 0x0000000084a00000|  0%| F|  |TAMS 0x0000000084900000, 0x0000000084900000| Untracked 
|  74|0x0000000084a00000, 0x0000000084a00000, 0x0000000084b00000|  0%| F|  |TAMS 0x0000000084a00000, 0x0000000084a00000| Untracked 
|  75|0x0000000084b00000, 0x0000000084b00000, 0x0000000084c00000|  0%| F|  |TAMS 0x0000000084b00000, 0x0000000084b00000| Untracked 
|  76|0x0000000084c00000, 0x0000000084c00000, 0x0000000084d00000|  0%| F|  |TAMS 0x0000000084c00000, 0x0000000084c00000| Untracked 
|  77|0x0000000084d00000, 0x0000000084d00000, 0x0000000084e00000|  0%| F|  |TAMS 0x0000000084d00000, 0x0000000084d00000| Untracked 
|  78|0x0000000084e00000, 0x0000000084e00000, 0x0000000084f00000|  0%| F|  |TAMS 0x0000000084e00000, 0x0000000084e00000| Untracked 
|  79|0x0000000084f00000, 0x0000000084f00000, 0x0000000085000000|  0%| F|  |TAMS 0x0000000084f00000, 0x0000000084f00000| Untracked 
|  80|0x0000000085000000, 0x0000000085000000, 0x0000000085100000|  0%| F|  |TAMS 0x0000000085000000, 0x0000000085000000| Untracked 
|  81|0x0000000085100000, 0x0000000085100000, 0x0000000085200000|  0%| F|  |TAMS 0x0000000085100000, 0x0000000085100000| Untracked 
|  82|0x0000000085200000, 0x0000000085200000, 0x0000000085300000|  0%| F|  |TAMS 0x0000000085200000, 0x0000000085200000| Untracked 
|  83|0x0000000085300000, 0x0000000085300000, 0x0000000085400000|  0%| F|  |TAMS 0x0000000085300000, 0x0000000085300000| Untracked 
|  84|0x0000000085400000, 0x0000000085400000, 0x0000000085500000|  0%| F|  |TAMS 0x0000000085400000, 0x0000000085400000| Untracked 
|  85|0x0000000085500000, 0x0000000085500000, 0x0000000085600000|  0%| F|  |TAMS 0x0000000085500000, 0x0000000085500000| Untracked 
|  86|0x0000000085600000, 0x0000000085600000, 0x0000000085700000|  0%| F|  |TAMS 0x0000000085600000, 0x0000000085600000| Untracked 
|  87|0x0000000085700000, 0x0000000085700000, 0x0000000085800000|  0%| F|  |TAMS 0x0000000085700000, 0x0000000085700000| Untracked 
|  88|0x0000000085800000, 0x0000000085800000, 0x0000000085900000|  0%| F|  |TAMS 0x0000000085800000, 0x0000000085800000| Untracked 
|  89|0x0000000085900000, 0x0000000085900000, 0x0000000085a00000|  0%| F|  |TAMS 0x0000000085900000, 0x0000000085900000| Untracked 
|  90|0x0000000085a00000, 0x0000000085a00000, 0x0000000085b00000|  0%| F|  |TAMS 0x0000000085a00000, 0x0000000085a00000| Untracked 
|  91|0x0000000085b00000, 0x0000000085b00000, 0x0000000085c00000|  0%| F|  |TAMS 0x0000000085b00000, 0x0000000085b00000| Untracked 
|  92|0x0000000085c00000, 0x0000000085c00000, 0x0000000085d00000|  0%| F|  |TAMS 0x0000000085c00000, 0x0000000085c00000| Untracked 
|  93|0x0000000085d00000, 0x0000000085d00000, 0x0000000085e00000|  0%| F|  |TAMS 0x0000000085d00000, 0x0000000085d00000| Untracked 
|  94|0x0000000085e00000, 0x0000000085e00000, 0x0000000085f00000|  0%| F|  |TAMS 0x0000000085e00000, 0x0000000085e00000| Untracked 
|  95|0x0000000085f00000, 0x0000000085f00000, 0x0000000086000000|  0%| F|  |TAMS 0x0000000085f00000, 0x0000000085f00000| Untracked 
|  96|0x0000000086000000, 0x0000000086000000, 0x0000000086100000|  0%| F|  |TAMS 0x0000000086000000, 0x0000000086000000| Untracked 
|  97|0x0000000086100000, 0x0000000086100000, 0x0000000086200000|  0%| F|  |TAMS 0x0000000086100000, 0x0000000086100000| Untracked 
|  98|0x0000000086200000, 0x0000000086200000, 0x0000000086300000|  0%| F|  |TAMS 0x0000000086200000, 0x0000000086200000| Untracked 
|  99|0x0000000086300000, 0x0000000086300000, 0x0000000086400000|  0%| F|  |TAMS 0x0000000086300000, 0x0000000086300000| Untracked 
| 100|0x0000000086400000, 0x0000000086400000, 0x0000000086500000|  0%| F|  |TAMS 0x0000000086400000, 0x0000000086400000| Untracked 
| 101|0x0000000086500000, 0x0000000086500000, 0x0000000086600000|  0%| F|  |TAMS 0x0000000086500000, 0x0000000086500000| Untracked 
| 102|0x0000000086600000, 0x0000000086600000, 0x0000000086700000|  0%| F|  |TAMS 0x0000000086600000, 0x0000000086600000| Untracked 
| 103|0x0000000086700000, 0x0000000086700000, 0x0000000086800000|  0%| F|  |TAMS 0x0000000086700000, 0x0000000086700000| Untracked 
| 104|0x0000000086800000, 0x0000000086800000, 0x0000000086900000|  0%| F|  |TAMS 0x0000000086800000, 0x0000000086800000| Untracked 
| 105|0x0000000086900000, 0x0000000086900000, 0x0000000086a00000|  0%| F|  |TAMS 0x0000000086900000, 0x0000000086900000| Untracked 
| 106|0x0000000086a00000, 0x0000000086a00000, 0x0000000086b00000|  0%| F|  |TAMS 0x0000000086a00000, 0x0000000086a00000| Untracked 
| 107|0x0000000086b00000, 0x0000000086b00000, 0x0000000086c00000|  0%| F|  |TAMS 0x0000000086b00000, 0x0000000086b00000| Untracked 
| 108|0x0000000086c00000, 0x0000000086c00000, 0x0000000086d00000|  0%| F|  |TAMS 0x0000000086c00000, 0x0000000086c00000| Untracked 
| 109|0x0000000086d00000, 0x0000000086d00000, 0x0000000086e00000|  0%| F|  |TAMS 0x0000000086d00000, 0x0000000086d00000| Untracked 
| 110|0x0000000086e00000, 0x0000000086e00000, 0x0000000086f00000|  0%| F|  |TAMS 0x0000000086e00000, 0x0000000086e00000| Untracked 
| 111|0x0000000086f00000, 0x0000000086f00000, 0x0000000087000000|  0%| F|  |TAMS 0x0000000086f00000, 0x0000000086f00000| Untracked 
| 112|0x0000000087000000, 0x0000000087000000, 0x0000000087100000|  0%| F|  |TAMS 0x0000000087000000, 0x0000000087000000| Untracked 
| 113|0x0000000087100000, 0x0000000087100000, 0x0000000087200000|  0%| F|  |TAMS 0x0000000087100000, 0x0000000087100000| Untracked 
| 114|0x0000000087200000, 0x0000000087200000, 0x0000000087300000|  0%| F|  |TAMS 0x0000000087200000, 0x0000000087200000| Untracked 
| 115|0x0000000087300000, 0x0000000087300000, 0x0000000087400000|  0%| F|  |TAMS 0x0000000087300000, 0x0000000087300000| Untracked 
| 116|0x0000000087400000, 0x0000000087400000, 0x0000000087500000|  0%| F|  |TAMS 0x0000000087400000, 0x0000000087400000| Untracked 
| 117|0x0000000087500000, 0x0000000087500000, 0x0000000087600000|  0%| F|  |TAMS 0x0000000087500000, 0x0000000087500000| Untracked 
| 118|0x0000000087600000, 0x0000000087600000, 0x0000000087700000|  0%| F|  |TAMS 0x0000000087600000, 0x0000000087600000| Untracked 
| 119|0x0000000087700000, 0x0000000087700000, 0x0000000087800000|  0%| F|  |TAMS 0x0000000087700000, 0x0000000087700000| Untracked 
| 120|0x0000000087800000, 0x0000000087800000, 0x0000000087900000|  0%| F|  |TAMS 0x0000000087800000, 0x0000000087800000| Untracked 
| 121|0x0000000087900000, 0x0000000087990f00, 0x0000000087a00000| 56%| S|CS|TAMS 0x0000000087900000, 0x0000000087900000| Complete 
| 122|0x0000000087a00000, 0x0000000087b00000, 0x0000000087b00000|100%| S|CS|TAMS 0x0000000087a00000, 0x0000000087a00000| Complete 
| 123|0x0000000087b00000, 0x0000000087c00000, 0x0000000087c00000|100%| S|CS|TAMS 0x0000000087b00000, 0x0000000087b00000| Complete 
| 124|0x0000000087c00000, 0x0000000087d00000, 0x0000000087d00000|100%| S|CS|TAMS 0x0000000087c00000, 0x0000000087c00000| Complete 
| 125|0x0000000087d00000, 0x0000000087e00000, 0x0000000087e00000|100%| S|CS|TAMS 0x0000000087d00000, 0x0000000087d00000| Complete 
| 126|0x0000000087e00000, 0x0000000087f00000, 0x0000000087f00000|100%| S|CS|TAMS 0x0000000087e00000, 0x0000000087e00000| Complete 
| 127|0x0000000087f00000, 0x0000000087f00000, 0x0000000088000000|  0%| F|  |TAMS 0x0000000087f00000, 0x0000000087f00000| Untracked 
| 128|0x0000000088000000, 0x0000000088000000, 0x0000000088100000|  0%| F|  |TAMS 0x0000000088000000, 0x0000000088000000| Untracked 
| 129|0x0000000088100000, 0x0000000088100000, 0x0000000088200000|  0%| F|  |TAMS 0x0000000088100000, 0x0000000088100000| Untracked 
| 130|0x0000000088200000, 0x0000000088200000, 0x0000000088300000|  0%| F|  |TAMS 0x0000000088200000, 0x0000000088200000| Untracked 
| 131|0x0000000088300000, 0x0000000088300000, 0x0000000088400000|  0%| F|  |TAMS 0x0000000088300000, 0x0000000088300000| Untracked 
| 132|0x0000000088400000, 0x0000000088400000, 0x0000000088500000|  0%| F|  |TAMS 0x0000000088400000, 0x0000000088400000| Untracked 
| 133|0x0000000088500000, 0x0000000088500000, 0x0000000088600000|  0%| F|  |TAMS 0x0000000088500000, 0x0000000088500000| Untracked 
| 134|0x0000000088600000, 0x0000000088700000, 0x0000000088700000|100%| S|CS|TAMS 0x0000000088600000, 0x0000000088600000| Complete 
| 135|0x0000000088700000, 0x0000000088800000, 0x0000000088800000|100%| S|CS|TAMS 0x0000000088700000, 0x0000000088700000| Complete 
| 136|0x0000000088800000, 0x0000000088900000, 0x0000000088900000|100%| S|CS|TAMS 0x0000000088800000, 0x0000000088800000| Complete 
| 137|0x0000000088900000, 0x0000000088a00000, 0x0000000088a00000|100%| S|CS|TAMS 0x0000000088900000, 0x0000000088900000| Complete 
| 138|0x0000000088a00000, 0x0000000088a00000, 0x0000000088b00000|  0%| F|  |TAMS 0x0000000088a00000, 0x0000000088a00000| Untracked 
| 139|0x0000000088b00000, 0x0000000088b00000, 0x0000000088c00000|  0%| F|  |TAMS 0x0000000088b00000, 0x0000000088b00000| Untracked 
| 140|0x0000000088c00000, 0x0000000088c00000, 0x0000000088d00000|  0%| F|  |TAMS 0x0000000088c00000, 0x0000000088c00000| Untracked 
| 141|0x0000000088d00000, 0x0000000088d00000, 0x0000000088e00000|  0%| F|  |TAMS 0x0000000088d00000, 0x0000000088d00000| Untracked 
| 142|0x0000000088e00000, 0x0000000088e00000, 0x0000000088f00000|  0%| F|  |TAMS 0x0000000088e00000, 0x0000000088e00000| Untracked 
| 143|0x0000000088f00000, 0x0000000088f00000, 0x0000000089000000|  0%| F|  |TAMS 0x0000000088f00000, 0x0000000088f00000| Untracked 
| 144|0x0000000089000000, 0x0000000089000000, 0x0000000089100000|  0%| F|  |TAMS 0x0000000089000000, 0x0000000089000000| Untracked 
| 145|0x0000000089100000, 0x0000000089100000, 0x0000000089200000|  0%| F|  |TAMS 0x0000000089100000, 0x0000000089100000| Untracked 
| 146|0x0000000089200000, 0x0000000089200000, 0x0000000089300000|  0%| F|  |TAMS 0x0000000089200000, 0x0000000089200000| Untracked 
| 147|0x0000000089300000, 0x0000000089300000, 0x0000000089400000|  0%| F|  |TAMS 0x0000000089300000, 0x0000000089300000| Untracked 
| 148|0x0000000089400000, 0x0000000089400000, 0x0000000089500000|  0%| F|  |TAMS 0x0000000089400000, 0x0000000089400000| Untracked 
| 149|0x0000000089500000, 0x0000000089500000, 0x0000000089600000|  0%| F|  |TAMS 0x0000000089500000, 0x0000000089500000| Untracked 
| 150|0x0000000089600000, 0x0000000089600000, 0x0000000089700000|  0%| F|  |TAMS 0x0000000089600000, 0x0000000089600000| Untracked 
| 151|0x0000000089700000, 0x0000000089700000, 0x0000000089800000|  0%| F|  |TAMS 0x0000000089700000, 0x0000000089700000| Untracked 
| 152|0x0000000089800000, 0x0000000089800000, 0x0000000089900000|  0%| F|  |TAMS 0x0000000089800000, 0x0000000089800000| Untracked 
| 153|0x0000000089900000, 0x0000000089900000, 0x0000000089a00000|  0%| F|  |TAMS 0x0000000089900000, 0x0000000089900000| Untracked 
| 154|0x0000000089a00000, 0x0000000089a00000, 0x0000000089b00000|  0%| F|  |TAMS 0x0000000089a00000, 0x0000000089a00000| Untracked 
| 155|0x0000000089b00000, 0x0000000089b00000, 0x0000000089c00000|  0%| F|  |TAMS 0x0000000089b00000, 0x0000000089b00000| Untracked 
| 156|0x0000000089c00000, 0x0000000089c00000, 0x0000000089d00000|  0%| F|  |TAMS 0x0000000089c00000, 0x0000000089c00000| Untracked 
| 157|0x0000000089d00000, 0x0000000089d00000, 0x0000000089e00000|  0%| F|  |TAMS 0x0000000089d00000, 0x0000000089d00000| Untracked 
| 158|0x0000000089e00000, 0x0000000089e00000, 0x0000000089f00000|  0%| F|  |TAMS 0x0000000089e00000, 0x0000000089e00000| Untracked 
| 159|0x0000000089f00000, 0x0000000089f00000, 0x000000008a000000|  0%| F|  |TAMS 0x0000000089f00000, 0x0000000089f00000| Untracked 
| 160|0x000000008a000000, 0x000000008a000000, 0x000000008a100000|  0%| F|  |TAMS 0x000000008a000000, 0x000000008a000000| Untracked 
| 161|0x000000008a100000, 0x000000008a100000, 0x000000008a200000|  0%| F|  |TAMS 0x000000008a100000, 0x000000008a100000| Untracked 
| 162|0x000000008a200000, 0x000000008a200000, 0x000000008a300000|  0%| F|  |TAMS 0x000000008a200000, 0x000000008a200000| Untracked 
| 163|0x000000008a300000, 0x000000008a300000, 0x000000008a400000|  0%| F|  |TAMS 0x000000008a300000, 0x000000008a300000| Untracked 
| 164|0x000000008a400000, 0x000000008a400000, 0x000000008a500000|  0%| F|  |TAMS 0x000000008a400000, 0x000000008a400000| Untracked 
| 165|0x000000008a500000, 0x000000008a500000, 0x000000008a600000|  0%| F|  |TAMS 0x000000008a500000, 0x000000008a500000| Untracked 
| 166|0x000000008a600000, 0x000000008a600000, 0x000000008a700000|  0%| F|  |TAMS 0x000000008a600000, 0x000000008a600000| Untracked 
| 167|0x000000008a700000, 0x000000008a700000, 0x000000008a800000|  0%| F|  |TAMS 0x000000008a700000, 0x000000008a700000| Untracked 
| 168|0x000000008a800000, 0x000000008a800000, 0x000000008a900000|  0%| F|  |TAMS 0x000000008a800000, 0x000000008a800000| Untracked 
| 169|0x000000008a900000, 0x000000008a900000, 0x000000008aa00000|  0%| F|  |TAMS 0x000000008a900000, 0x000000008a900000| Untracked 
| 170|0x000000008aa00000, 0x000000008aa80800, 0x000000008ab00000| 50%| E|  |TAMS 0x000000008aa00000, 0x000000008aa00000| Complete 
| 171|0x000000008ab00000, 0x000000008ac00000, 0x000000008ac00000|100%| E|CS|TAMS 0x000000008ab00000, 0x000000008ab00000| Complete 
| 172|0x000000008ac00000, 0x000000008ad00000, 0x000000008ad00000|100%| E|CS|TAMS 0x000000008ac00000, 0x000000008ac00000| Complete 
| 173|0x000000008ad00000, 0x000000008ae00000, 0x000000008ae00000|100%| E|CS|TAMS 0x000000008ad00000, 0x000000008ad00000| Complete 
| 174|0x000000008ae00000, 0x000000008af00000, 0x000000008af00000|100%| E|CS|TAMS 0x000000008ae00000, 0x000000008ae00000| Complete 
| 175|0x000000008af00000, 0x000000008b000000, 0x000000008b000000|100%| E|CS|TAMS 0x000000008af00000, 0x000000008af00000| Complete 
| 176|0x000000008b000000, 0x000000008b100000, 0x000000008b100000|100%| E|CS|TAMS 0x000000008b000000, 0x000000008b000000| Complete 
| 177|0x000000008b100000, 0x000000008b200000, 0x000000008b200000|100%| E|CS|TAMS 0x000000008b100000, 0x000000008b100000| Complete 
| 178|0x000000008b200000, 0x000000008b300000, 0x000000008b300000|100%| E|CS|TAMS 0x000000008b200000, 0x000000008b200000| Complete 
| 179|0x000000008b300000, 0x000000008b400000, 0x000000008b400000|100%| E|CS|TAMS 0x000000008b300000, 0x000000008b300000| Complete 
| 180|0x000000008b400000, 0x000000008b500000, 0x000000008b500000|100%| E|CS|TAMS 0x000000008b400000, 0x000000008b400000| Complete 
| 181|0x000000008b500000, 0x000000008b600000, 0x000000008b600000|100%| E|CS|TAMS 0x000000008b500000, 0x000000008b500000| Complete 
| 182|0x000000008b600000, 0x000000008b700000, 0x000000008b700000|100%| E|CS|TAMS 0x000000008b600000, 0x000000008b600000| Complete 
| 183|0x000000008b700000, 0x000000008b800000, 0x000000008b800000|100%| E|CS|TAMS 0x000000008b700000, 0x000000008b700000| Complete 
| 184|0x000000008b800000, 0x000000008b900000, 0x000000008b900000|100%| E|CS|TAMS 0x000000008b800000, 0x000000008b800000| Complete 
| 185|0x000000008b900000, 0x000000008ba00000, 0x000000008ba00000|100%| E|CS|TAMS 0x000000008b900000, 0x000000008b900000| Complete 
| 186|0x000000008ba00000, 0x000000008bb00000, 0x000000008bb00000|100%| E|CS|TAMS 0x000000008ba00000, 0x000000008ba00000| Complete 
| 187|0x000000008bb00000, 0x000000008bc00000, 0x000000008bc00000|100%| E|CS|TAMS 0x000000008bb00000, 0x000000008bb00000| Complete 
| 188|0x000000008bc00000, 0x000000008bd00000, 0x000000008bd00000|100%| E|CS|TAMS 0x000000008bc00000, 0x000000008bc00000| Complete 
| 189|0x000000008bd00000, 0x000000008be00000, 0x000000008be00000|100%| E|CS|TAMS 0x000000008bd00000, 0x000000008bd00000| Complete 
| 190|0x000000008be00000, 0x000000008bf00000, 0x000000008bf00000|100%| E|CS|TAMS 0x000000008be00000, 0x000000008be00000| Complete 
| 191|0x000000008bf00000, 0x000000008c000000, 0x000000008c000000|100%| E|CS|TAMS 0x000000008bf00000, 0x000000008bf00000| Complete 
| 192|0x000000008c000000, 0x000000008c100000, 0x000000008c100000|100%| E|CS|TAMS 0x000000008c000000, 0x000000008c000000| Complete 
| 193|0x000000008c100000, 0x000000008c200000, 0x000000008c200000|100%| E|CS|TAMS 0x000000008c100000, 0x000000008c100000| Complete 
| 194|0x000000008c200000, 0x000000008c300000, 0x000000008c300000|100%| E|CS|TAMS 0x000000008c200000, 0x000000008c200000| Complete 
| 195|0x000000008c300000, 0x000000008c400000, 0x000000008c400000|100%| E|CS|TAMS 0x000000008c300000, 0x000000008c300000| Complete 
| 196|0x000000008c400000, 0x000000008c500000, 0x000000008c500000|100%| E|CS|TAMS 0x000000008c400000, 0x000000008c400000| Complete 
| 197|0x000000008c500000, 0x000000008c600000, 0x000000008c600000|100%| E|CS|TAMS 0x000000008c500000, 0x000000008c500000| Complete 
| 198|0x000000008c600000, 0x000000008c700000, 0x000000008c700000|100%| E|CS|TAMS 0x000000008c600000, 0x000000008c600000| Complete 
| 199|0x000000008c700000, 0x000000008c800000, 0x000000008c800000|100%| E|CS|TAMS 0x000000008c700000, 0x000000008c700000| Complete 
| 200|0x000000008c800000, 0x000000008c900000, 0x000000008c900000|100%| E|CS|TAMS 0x000000008c800000, 0x000000008c800000| Complete 
| 201|0x000000008c900000, 0x000000008ca00000, 0x000000008ca00000|100%| E|CS|TAMS 0x000000008c900000, 0x000000008c900000| Complete 
| 202|0x000000008ca00000, 0x000000008cb00000, 0x000000008cb00000|100%| E|CS|TAMS 0x000000008ca00000, 0x000000008ca00000| Complete 
| 203|0x000000008cb00000, 0x000000008cc00000, 0x000000008cc00000|100%| E|CS|TAMS 0x000000008cb00000, 0x000000008cb00000| Complete 
| 204|0x000000008cc00000, 0x000000008cd00000, 0x000000008cd00000|100%| E|CS|TAMS 0x000000008cc00000, 0x000000008cc00000| Complete 
| 205|0x000000008cd00000, 0x000000008ce00000, 0x000000008ce00000|100%| E|CS|TAMS 0x000000008cd00000, 0x000000008cd00000| Complete 
| 206|0x000000008ce00000, 0x000000008cf00000, 0x000000008cf00000|100%| E|CS|TAMS 0x000000008ce00000, 0x000000008ce00000| Complete 
| 207|0x000000008cf00000, 0x000000008d000000, 0x000000008d000000|100%| E|CS|TAMS 0x000000008cf00000, 0x000000008cf00000| Complete 
| 208|0x000000008d000000, 0x000000008d100000, 0x000000008d100000|100%| E|CS|TAMS 0x000000008d000000, 0x000000008d000000| Complete 
| 209|0x000000008d100000, 0x000000008d200000, 0x000000008d200000|100%| E|CS|TAMS 0x000000008d100000, 0x000000008d100000| Complete 
| 210|0x000000008d200000, 0x000000008d300000, 0x000000008d300000|100%| E|CS|TAMS 0x000000008d200000, 0x000000008d200000| Complete 
| 211|0x000000008d300000, 0x000000008d400000, 0x000000008d400000|100%| E|CS|TAMS 0x000000008d300000, 0x000000008d300000| Complete 
| 212|0x000000008d400000, 0x000000008d500000, 0x000000008d500000|100%| E|CS|TAMS 0x000000008d400000, 0x000000008d400000| Complete 
| 213|0x000000008d500000, 0x000000008d600000, 0x000000008d600000|100%| E|CS|TAMS 0x000000008d500000, 0x000000008d500000| Complete 
| 214|0x000000008d600000, 0x000000008d700000, 0x000000008d700000|100%| E|CS|TAMS 0x000000008d600000, 0x000000008d600000| Complete 
| 215|0x000000008d700000, 0x000000008d800000, 0x000000008d800000|100%| E|CS|TAMS 0x000000008d700000, 0x000000008d700000| Complete 
| 216|0x000000008d800000, 0x000000008d900000, 0x000000008d900000|100%| E|CS|TAMS 0x000000008d800000, 0x000000008d800000| Complete 
| 217|0x000000008d900000, 0x000000008da00000, 0x000000008da00000|100%| E|CS|TAMS 0x000000008d900000, 0x000000008d900000| Complete 
| 218|0x000000008da00000, 0x000000008db00000, 0x000000008db00000|100%| E|CS|TAMS 0x000000008da00000, 0x000000008da00000| Complete 
| 219|0x000000008db00000, 0x000000008dc00000, 0x000000008dc00000|100%| E|CS|TAMS 0x000000008db00000, 0x000000008db00000| Complete 
| 220|0x000000008dc00000, 0x000000008dd00000, 0x000000008dd00000|100%| E|CS|TAMS 0x000000008dc00000, 0x000000008dc00000| Complete 
| 221|0x000000008dd00000, 0x000000008de00000, 0x000000008de00000|100%| E|CS|TAMS 0x000000008dd00000, 0x000000008dd00000| Complete 
| 222|0x000000008de00000, 0x000000008df00000, 0x000000008df00000|100%| E|CS|TAMS 0x000000008de00000, 0x000000008de00000| Complete 
| 223|0x000000008df00000, 0x000000008e000000, 0x000000008e000000|100%| E|CS|TAMS 0x000000008df00000, 0x000000008df00000| Complete 
| 224|0x000000008e000000, 0x000000008e100000, 0x000000008e100000|100%| E|CS|TAMS 0x000000008e000000, 0x000000008e000000| Complete 
| 225|0x000000008e100000, 0x000000008e200000, 0x000000008e200000|100%| E|CS|TAMS 0x000000008e100000, 0x000000008e100000| Complete 
| 226|0x000000008e200000, 0x000000008e300000, 0x000000008e300000|100%| E|CS|TAMS 0x000000008e200000, 0x000000008e200000| Complete 
| 227|0x000000008e300000, 0x000000008e400000, 0x000000008e400000|100%| E|CS|TAMS 0x000000008e300000, 0x000000008e300000| Complete 
| 228|0x000000008e400000, 0x000000008e500000, 0x000000008e500000|100%| E|CS|TAMS 0x000000008e400000, 0x000000008e400000| Complete 
| 229|0x000000008e500000, 0x000000008e600000, 0x000000008e600000|100%| E|CS|TAMS 0x000000008e500000, 0x000000008e500000| Complete 
| 230|0x000000008e600000, 0x000000008e700000, 0x000000008e700000|100%| E|CS|TAMS 0x000000008e600000, 0x000000008e600000| Complete 
| 231|0x000000008e700000, 0x000000008e800000, 0x000000008e800000|100%| E|CS|TAMS 0x000000008e700000, 0x000000008e700000| Complete 
| 232|0x000000008e800000, 0x000000008e900000, 0x000000008e900000|100%| E|CS|TAMS 0x000000008e800000, 0x000000008e800000| Complete 
| 233|0x000000008e900000, 0x000000008ea00000, 0x000000008ea00000|100%| E|CS|TAMS 0x000000008e900000, 0x000000008e900000| Complete 
| 234|0x000000008ea00000, 0x000000008eb00000, 0x000000008eb00000|100%| E|CS|TAMS 0x000000008ea00000, 0x000000008ea00000| Complete 
| 235|0x000000008eb00000, 0x000000008ec00000, 0x000000008ec00000|100%| E|CS|TAMS 0x000000008eb00000, 0x000000008eb00000| Complete 
| 236|0x000000008ec00000, 0x000000008ed00000, 0x000000008ed00000|100%| E|CS|TAMS 0x000000008ec00000, 0x000000008ec00000| Complete 
| 237|0x000000008ed00000, 0x000000008ee00000, 0x000000008ee00000|100%| E|CS|TAMS 0x000000008ed00000, 0x000000008ed00000| Complete 
| 238|0x000000008ee00000, 0x000000008ef00000, 0x000000008ef00000|100%| E|CS|TAMS 0x000000008ee00000, 0x000000008ee00000| Complete 
| 239|0x000000008ef00000, 0x000000008f000000, 0x000000008f000000|100%| E|CS|TAMS 0x000000008ef00000, 0x000000008ef00000| Complete 
| 240|0x000000008f000000, 0x000000008f100000, 0x000000008f100000|100%| E|CS|TAMS 0x000000008f000000, 0x000000008f000000| Complete 
| 241|0x000000008f100000, 0x000000008f200000, 0x000000008f200000|100%| E|CS|TAMS 0x000000008f100000, 0x000000008f100000| Complete 
| 242|0x000000008f200000, 0x000000008f300000, 0x000000008f300000|100%| E|CS|TAMS 0x000000008f200000, 0x000000008f200000| Complete 
| 243|0x000000008f300000, 0x000000008f400000, 0x000000008f400000|100%| E|CS|TAMS 0x000000008f300000, 0x000000008f300000| Complete 
| 244|0x000000008f400000, 0x000000008f500000, 0x000000008f500000|100%| E|CS|TAMS 0x000000008f400000, 0x000000008f400000| Complete 
| 245|0x000000008f500000, 0x000000008f600000, 0x000000008f600000|100%| E|CS|TAMS 0x000000008f500000, 0x000000008f500000| Complete 
| 246|0x000000008f600000, 0x000000008f700000, 0x000000008f700000|100%| E|CS|TAMS 0x000000008f600000, 0x000000008f600000| Complete 
| 247|0x000000008f700000, 0x000000008f800000, 0x000000008f800000|100%| E|CS|TAMS 0x000000008f700000, 0x000000008f700000| Complete 
| 248|0x000000008f800000, 0x000000008f900000, 0x000000008f900000|100%| E|CS|TAMS 0x000000008f800000, 0x000000008f800000| Complete 
| 249|0x000000008f900000, 0x000000008fa00000, 0x000000008fa00000|100%| E|CS|TAMS 0x000000008f900000, 0x000000008f900000| Complete 
| 250|0x000000008fa00000, 0x000000008fb00000, 0x000000008fb00000|100%| E|CS|TAMS 0x000000008fa00000, 0x000000008fa00000| Complete 
| 251|0x000000008fb00000, 0x000000008fc00000, 0x000000008fc00000|100%| E|CS|TAMS 0x000000008fb00000, 0x000000008fb00000| Complete 
| 252|0x000000008fc00000, 0x000000008fd00000, 0x000000008fd00000|100%| E|CS|TAMS 0x000000008fc00000, 0x000000008fc00000| Complete 
| 253|0x000000008fd00000, 0x000000008fe00000, 0x000000008fe00000|100%| E|CS|TAMS 0x000000008fd00000, 0x000000008fd00000| Complete 
| 254|0x000000008fe00000, 0x000000008ff00000, 0x000000008ff00000|100%| E|CS|TAMS 0x000000008fe00000, 0x000000008fe00000| Complete 
| 255|0x000000008ff00000, 0x0000000090000000, 0x0000000090000000|100%| E|CS|TAMS 0x000000008ff00000, 0x000000008ff00000| Complete 

Card table byte_map: [0x000001cb6ccc0000,0x000001cb6d0c0000] _byte_map_base: 0x000001cb6c8c0000

Marking Bits (Prev, Next): (CMBitMap*) 0x000001cb54e777b0, (CMBitMap*) 0x000001cb54e77778
 Prev Bits: [0x000001cb6f4c0000, 0x000001cb714c0000)
 Next Bits: [0x000001cb6d4c0000, 0x000001cb6f4c0000)

Polling page: 0x000001cb52e50000

Metaspace:

Usage:
  Non-class:     79.01 MB capacity,    77.63 MB ( 98%) used,     1.13 MB (  1%) free+waste,   258.13 KB ( <1%) overhead. 
      Class:     12.67 MB capacity,    11.69 MB ( 92%) used,   877.98 KB (  7%) free+waste,   121.19 KB ( <1%) overhead. 
       Both:     91.68 MB capacity,    89.32 MB ( 97%) used,     1.99 MB (  2%) free+waste,   379.31 KB ( <1%) overhead. 

Virtual space:
  Non-class space:       80.00 MB reserved,      79.26 MB (>99%) committed 
      Class space:      504.00 MB reserved,      12.70 MB (  3%) committed 
             Both:      584.00 MB reserved,      91.96 MB ( 16%) committed 

Chunk freelists:
   Non-Class:  0 bytes
       Class:  0 bytes
        Both:  0 bytes

MaxMetaspaceSize: 512.00 MB
CompressedClassSpaceSize: 504.00 MB
Initial GC threshold: 20.80 MB
Current GC threshold: 98.68 MB
CDS: off

CodeHeap 'non-profiled nmethods': size=120000Kb used=6515Kb max_used=6515Kb free=113484Kb
 bounds [0x000001cb65060000, 0x000001cb656c0000, 0x000001cb6c590000]
CodeHeap 'profiled nmethods': size=120000Kb used=20864Kb max_used=20864Kb free=99135Kb
 bounds [0x000001cb5db30000, 0x000001cb5efa0000, 0x000001cb65060000]
CodeHeap 'non-nmethods': size=5760Kb used=2387Kb max_used=2449Kb free=3372Kb
 bounds [0x000001cb5d590000, 0x000001cb5d810000, 0x000001cb5db30000]
 total_blobs=10389 nmethods=9474 adapters=827
 compilation: enabled
              stopped_count=0, restarted_count=0
 full_count=0

Compilation events (20 events):
Event: 41.664 Thread 0x000001cb747b4800 nmethod 9473 0x000001cb5ef77090 code [0x000001cb5ef77240, 0x000001cb5ef77338]
Event: 41.664 Thread 0x000001cb747b4800 9474       3       org.gradle.internal.instantiation.generator.AsmBackedClassGenerator$ClassBuilderImpl::addPropertySetterOverloads (30 bytes)
Event: 41.666 Thread 0x000001cb747b4800 nmethod 9474 0x000001cb5ef77410 code [0x000001cb5ef77700, 0x000001cb5ef785f8]
Event: 41.666 Thread 0x000001cb747b4800 9475       3       org.gradle.model.internal.asm.AsmClassGeneratorUtils::visitFormalTypeParameters (108 bytes)
Event: 41.667 Thread 0x000001cb747b4800 nmethod 9475 0x000001cb5ef78b90 code [0x000001cb5ef78de0, 0x000001cb5ef794e8]
Event: 41.671 Thread 0x000001cb7b9f4800 9476       4       org.apache.commons.io.FilenameUtils::doNormalize (541 bytes)
Event: 41.672 Thread 0x000001cb747b4800 9477       3       kotlin.collections.EmptyList::iterator (7 bytes)
Event: 41.672 Thread 0x000001cb747b4800 nmethod 9477 0x000001cb5ef79890 code [0x000001cb5ef79a40, 0x000001cb5ef79b58]
Event: 41.672 Thread 0x000001cb747b4800 9478       3       org.gradle.api.internal.provider.AbstractProperty$NonFinalizedValue::disallowChanges (6 bytes)
Event: 41.672 Thread 0x000001cb747b4800 nmethod 9478 0x000001cb5ef79c10 code [0x000001cb5ef79dc0, 0x000001cb5ef79eb8]
Event: 41.672 Thread 0x000001cb747b4800 9479       3       org.gradle.api.internal.provider.AbstractProperty::disallowChanges (8 bytes)
Event: 41.672 Thread 0x000001cb747b4800 nmethod 9479 0x000001cb5ef79f90 code [0x000001cb5ef7a140, 0x000001cb5ef7a308]
Event: 41.672 Thread 0x000001cb747b4800 9480       3       java.net.URLClassLoader::findResource (33 bytes)
Event: 41.673 Thread 0x000001cb747b4800 nmethod 9480 0x000001cb5ef7a410 code [0x000001cb5ef7a620, 0x000001cb5ef7ab78]
Event: 41.673 Thread 0x000001cb747b4800 9481       3       java.net.URLClassLoader$2::<init> (15 bytes)
Event: 41.673 Thread 0x000001cb747b4800 nmethod 9481 0x000001cb5ef7ad10 code [0x000001cb5ef7aec0, 0x000001cb5ef7b0d8]
Event: 41.675 Thread 0x000001cb747b4800 9482       1       org.gradle.plugin.use.internal.DefaultPluginId::toString (5 bytes)
Event: 41.675 Thread 0x000001cb747b4800 nmethod 9482 0x000001cb656b6c10 code [0x000001cb656b6dc0, 0x000001cb656b6e78]
Event: 41.677 Thread 0x000001cb747b4800 9483       3       org.codehaus.groovy.reflection.ClassInfo::isValidWeakMetaClass (30 bytes)
Event: 41.677 Thread 0x000001cb747b4800 nmethod 9483 0x000001cb5ef7b190 code [0x000001cb5ef7b360, 0x000001cb5ef7b6f8]

GC Heap History (20 events):
Event: 5.147 GC heap before
{Heap before GC invocations=1 (full 0):
 garbage-first heap   total 262144K, used 103398K [0x0000000080000000, 0x0000000100000000)
  region size 1024K, 96 young (98304K), 3 survivors (3072K)
 Metaspace       used 20609K, capacity 21127K, committed 21296K, reserved 536576K
  class space    used 2469K, capacity 2628K, committed 2688K, reserved 516096K
}
Event: 5.159 GC heap after
{Heap after GC invocations=2 (full 0):
 garbage-first heap   total 262144K, used 17131K [0x0000000080000000, 0x0000000100000000)
  region size 1024K, 11 young (11264K), 11 survivors (11264K)
 Metaspace       used 20609K, capacity 21127K, committed 21296K, reserved 536576K
  class space    used 2469K, capacity 2628K, committed 2688K, reserved 516096K
}
Event: 5.617 GC heap before
{Heap before GC invocations=3 (full 0):
 garbage-first heap   total 262144K, used 29419K [0x0000000080000000, 0x0000000100000000)
  region size 1024K, 23 young (23552K), 11 survivors (11264K)
 Metaspace       used 22081K, capacity 22586K, committed 22832K, reserved 536576K
  class space    used 2718K, capacity 2904K, committed 2944K, reserved 516096K
}
Event: 5.622 GC heap after
{Heap after GC invocations=4 (full 0):
 garbage-first heap   total 262144K, used 17512K [0x0000000080000000, 0x0000000100000000)
  region size 1024K, 1 young (1024K), 1 survivors (1024K)
 Metaspace       used 22081K, capacity 22586K, committed 22832K, reserved 536576K
  class space    used 2718K, capacity 2904K, committed 2944K, reserved 516096K
}
Event: 7.766 GC heap before
{Heap before GC invocations=4 (full 0):
 garbage-first heap   total 262144K, used 92264K [0x0000000080000000, 0x0000000100000000)
  region size 1024K, 74 young (75776K), 1 survivors (1024K)
 Metaspace       used 29191K, capacity 29900K, committed 30128K, reserved 542720K
  class space    used 3819K, capacity 4075K, committed 4096K, reserved 516096K
}
Event: 7.770 GC heap after
{Heap after GC invocations=5 (full 0):
 garbage-first heap   total 262144K, used 19684K [0x0000000080000000, 0x0000000100000000)
  region size 1024K, 3 young (3072K), 3 survivors (3072K)
 Metaspace       used 29191K, capacity 29900K, committed 30128K, reserved 542720K
  class space    used 3819K, capacity 4075K, committed 4096K, reserved 516096K
}
Event: 8.986 GC heap before
{Heap before GC invocations=5 (full 0):
 garbage-first heap   total 262144K, used 49380K [0x0000000080000000, 0x0000000100000000)
  region size 1024K, 33 young (33792K), 3 survivors (3072K)
 Metaspace       used 35053K, capacity 35787K, committed 35920K, reserved 548864K
  class space    used 4483K, capacity 4824K, committed 4864K, reserved 516096K
}
Event: 9.004 GC heap after
{Heap after GC invocations=6 (full 0):
 garbage-first heap   total 262144K, used 21990K [0x0000000080000000, 0x0000000100000000)
  region size 1024K, 6 young (6144K), 6 survivors (6144K)
 Metaspace       used 35053K, capacity 35787K, committed 35920K, reserved 548864K
  class space    used 4483K, capacity 4824K, committed 4864K, reserved 516096K
}
Event: 18.662 GC heap before
{Heap before GC invocations=7 (full 0):
 garbage-first heap   total 262144K, used 122342K [0x0000000080000000, 0x0000000100000000)
  region size 1024K, 102 young (104448K), 6 survivors (6144K)
 Metaspace       used 42171K, capacity 43331K, committed 43600K, reserved 555008K
  class space    used 5340K, capacity 5789K, committed 5888K, reserved 516096K
}
Event: 18.681 GC heap after
{Heap after GC invocations=8 (full 0):
 garbage-first heap   total 262144K, used 29371K [0x0000000080000000, 0x0000000100000000)
  region size 1024K, 13 young (13312K), 13 survivors (13312K)
 Metaspace       used 42171K, capacity 43331K, committed 43600K, reserved 555008K
  class space    used 5340K, capacity 5789K, committed 5888K, reserved 516096K
}
Event: 20.702 GC heap before
{Heap before GC invocations=8 (full 0):
 garbage-first heap   total 262144K, used 147131K [0x0000000080000000, 0x0000000100000000)
  region size 1024K, 127 young (130048K), 13 survivors (13312K)
 Metaspace       used 50583K, capacity 51966K, committed 52304K, reserved 563200K
  class space    used 6501K, capacity 7064K, committed 7168K, reserved 516096K
}
Event: 20.716 GC heap after
{Heap after GC invocations=9 (full 0):
 garbage-first heap   total 262144K, used 33847K [0x0000000080000000, 0x0000000100000000)
  region size 1024K, 11 young (11264K), 11 survivors (11264K)
 Metaspace       used 50583K, capacity 51966K, committed 52304K, reserved 563200K
  class space    used 6501K, capacity 7064K, committed 7168K, reserved 516096K
}
Event: 22.868 GC heap before
{Heap before GC invocations=9 (full 0):
 garbage-first heap   total 262144K, used 118839K [0x0000000080000000, 0x0000000100000000)
  region size 1024K, 92 young (94208K), 11 survivors (11264K)
 Metaspace       used 58559K, capacity 60195K, committed 60296K, reserved 569344K
  class space    used 7630K, capacity 8319K, committed 8320K, reserved 516096K
}
Event: 22.890 GC heap after
{Heap after GC invocations=10 (full 0):
 garbage-first heap   total 262144K, used 42959K [0x0000000080000000, 0x0000000100000000)
  region size 1024K, 10 young (10240K), 10 survivors (10240K)
 Metaspace       used 58559K, capacity 60195K, committed 60296K, reserved 569344K
  class space    used 7630K, capacity 8319K, committed 8320K, reserved 516096K
}
Event: 25.421 GC heap before
{Heap before GC invocations=11 (full 0):
 garbage-first heap   total 262144K, used 164815K [0x0000000080000000, 0x0000000100000000)
  region size 1024K, 129 young (132096K), 10 survivors (10240K)
 Metaspace       used 66001K, capacity 67913K, committed 68180K, reserved 575488K
  class space    used 8623K, capacity 9423K, committed 9548K, reserved 516096K
}
Event: 25.436 GC heap after
{Heap after GC invocations=12 (full 0):
 garbage-first heap   total 262144K, used 48829K [0x0000000080000000, 0x0000000100000000)
  region size 1024K, 12 young (12288K), 12 survivors (12288K)
 Metaspace       used 66001K, capacity 67913K, committed 68180K, reserved 575488K
  class space    used 8623K, capacity 9423K, committed 9548K, reserved 516096K
}
Event: 28.866 GC heap before
{Heap before GC invocations=12 (full 0):
 garbage-first heap   total 262144K, used 177853K [0x0000000080000000, 0x0000000100000000)
  region size 1024K, 134 young (137216K), 12 survivors (12288K)
 Metaspace       used 75571K, capacity 77741K, committed 77908K, reserved 583680K
  class space    used 9827K, capacity 10757K, committed 10828K, reserved 516096K
}
Event: 28.883 GC heap after
{Heap after GC invocations=13 (full 0):
 garbage-first heap   total 262144K, used 63327K [0x0000000080000000, 0x0000000100000000)
  region size 1024K, 17 young (17408K), 17 survivors (17408K)
 Metaspace       used 75571K, capacity 77741K, committed 77908K, reserved 583680K
  class space    used 9827K, capacity 10757K, committed 10828K, reserved 516096K
}
Event: 31.705 GC heap before
{Heap before GC invocations=13 (full 0):
 garbage-first heap   total 262144K, used 191327K [0x0000000080000000, 0x0000000100000000)
  region size 1024K, 135 young (138240K), 17 survivors (17408K)
 Metaspace       used 84641K, capacity 87034K, committed 87252K, reserved 591872K
  class space    used 10912K, capacity 11899K, committed 11980K, reserved 516096K
}
Event: 31.721 GC heap after
{Heap after GC invocations=14 (full 0):
 garbage-first heap   total 262144K, used 72236K [0x0000000080000000, 0x0000000100000000)
  region size 1024K, 10 young (10240K), 10 survivors (10240K)
 Metaspace       used 84641K, capacity 87034K, committed 87252K, reserved 591872K
  class space    used 10912K, capacity 11899K, committed 11980K, reserved 516096K
}

Deoptimization events (20 events):
Event: 39.513 Thread 0x000001cb75e5f000 DEOPT PACKING pc=0x000001cb65419100 sp=0x0000002ddf7ef7d0
Event: 39.513 Thread 0x000001cb75e5f000 DEOPT UNPACKING pc=0x000001cb5d5da1af sp=0x0000002ddf7ef780 mode 2
Event: 39.863 Thread 0x000001cb75e5f000 DEOPT PACKING pc=0x000001cb5e5e0856 sp=0x0000002ddf7f86f0
Event: 39.863 Thread 0x000001cb75e5f000 DEOPT UNPACKING pc=0x000001cb5d5da95e sp=0x0000002ddf7f7c90 mode 0
Event: 39.973 Thread 0x000001cb75e5f000 DEOPT PACKING pc=0x000001cb5e606ca7 sp=0x0000002ddf7f84e0
Event: 39.973 Thread 0x000001cb75e5f000 DEOPT UNPACKING pc=0x000001cb5d5da95e sp=0x0000002ddf7f7970 mode 0
Event: 40.612 Thread 0x000001cb75e5f000 Uncommon trap: trap_request=0xffffff4d fr.pc=0x000001cb653ec748 relative=0x0000000000000268
Event: 40.612 Thread 0x000001cb75e5f000 Uncommon trap: reason=unstable_if action=reinterpret pc=0x000001cb653ec748 method=java.io.WinNTFileSystem.prefixLength(Ljava/lang/String;)I @ 11 c2
Event: 40.612 Thread 0x000001cb75e5f000 DEOPT PACKING pc=0x000001cb653ec748 sp=0x0000002ddf7f90d0
Event: 40.612 Thread 0x000001cb75e5f000 DEOPT UNPACKING pc=0x000001cb5d5da1af sp=0x0000002ddf7f9050 mode 2
Event: 41.388 Thread 0x000001cb75e5f000 Uncommon trap: trap_request=0xffffffde fr.pc=0x000001cb655466c4 relative=0x0000000000001504
Event: 41.388 Thread 0x000001cb75e5f000 Uncommon trap: reason=class_check action=maybe_recompile pc=0x000001cb655466c4 method=org.gradle.internal.instantiation.generator.AbstractClassGenerator$InjectionAnnotationValidator.validateMethod(Ljava/lang/reflect/Method;Lorg/gradle/internal/reflect/Pro
Event: 41.388 Thread 0x000001cb75e5f000 DEOPT PACKING pc=0x000001cb655466c4 sp=0x0000002ddf7f87e0
Event: 41.388 Thread 0x000001cb75e5f000 DEOPT UNPACKING pc=0x000001cb5d5da1af sp=0x0000002ddf7f87c8 mode 2
Event: 41.424 Thread 0x000001cb75e5f000 Uncommon trap: trap_request=0xffffffde fr.pc=0x000001cb655466c4 relative=0x0000000000001504
Event: 41.425 Thread 0x000001cb75e5f000 Uncommon trap: reason=class_check action=maybe_recompile pc=0x000001cb655466c4 method=org.gradle.internal.instantiation.generator.AbstractClassGenerator$InjectionAnnotationValidator.validateMethod(Ljava/lang/reflect/Method;Lorg/gradle/internal/reflect/Pro
Event: 41.425 Thread 0x000001cb75e5f000 DEOPT PACKING pc=0x000001cb655466c4 sp=0x0000002ddf7f8860
Event: 41.425 Thread 0x000001cb75e5f000 DEOPT UNPACKING pc=0x000001cb5d5da1af sp=0x0000002ddf7f8848 mode 2
Event: 41.671 Thread 0x000001cb75e5f000 DEOPT PACKING pc=0x000001cb5eed6e35 sp=0x0000002ddf7f7e70
Event: 41.671 Thread 0x000001cb75e5f000 DEOPT UNPACKING pc=0x000001cb5d5da95e sp=0x0000002ddf7f73c8 mode 0

Classes redefined (0 events):
No events

Internal exceptions (20 events):
Event: 41.498 Thread 0x000001cb75e5f000 Exception <a 'java/lang/ClassNotFoundException'{0x000000008b5ca650}: com/android/build/gradle/internal/api/ApkVariantOutputImplBeanInfo> (0x000000008b5ca650) thrown at [./src/hotspot/share/classfile/systemDictionary.cpp, line 230]
Event: 41.499 Thread 0x000001cb75e5f000 Exception <a 'java/lang/ClassNotFoundException'{0x000000008b5e6ea8}: com/android/build/gradle/internal/api/BaseVariantOutputImplBeanInfo> (0x000000008b5e6ea8) thrown at [./src/hotspot/share/classfile/systemDictionary.cpp, line 230]
Event: 41.501 Thread 0x000001cb75e5f000 Exception <a 'java/lang/ClassNotFoundException'{0x000000008b403eb0}: com/android/build/gradle/internal/api/BaseVariantOutputImplCustomizer> (0x000000008b403eb0) thrown at [./src/hotspot/share/classfile/systemDictionary.cpp, line 230]
Event: 41.503 Thread 0x000001cb75e5f000 Exception <a 'java/lang/ClassNotFoundException'{0x000000008b431df8}: com/android/build/gradle/internal/api/ApkVariantOutputImplCustomizer> (0x000000008b431df8) thrown at [./src/hotspot/share/classfile/systemDictionary.cpp, line 230]
Event: 41.505 Thread 0x000001cb75e5f000 Exception <a 'java/lang/ClassNotFoundException'{0x000000008b45c070}: com/android/build/gradle/internal/api/ApkVariantOutputImpl_DecoratedCustomizer> (0x000000008b45c070) thrown at [./src/hotspot/share/classfile/systemDictionary.cpp, line 230]
Event: 41.552 Thread 0x000001cb75e5f000 Exception <a 'java/lang/ClassNotFoundException'{0x000000008b253448}: com/android/build/gradle/internal/api/ApplicationVariantImpl_DecoratedBeanInfo> (0x000000008b253448) thrown at [./src/hotspot/share/classfile/systemDictionary.cpp, line 230]
Event: 41.553 Thread 0x000001cb75e5f000 Exception <a 'java/lang/ClassNotFoundException'{0x000000008b26ff58}: com/android/build/gradle/internal/api/ApplicationVariantImplBeanInfo> (0x000000008b26ff58) thrown at [./src/hotspot/share/classfile/systemDictionary.cpp, line 230]
Event: 41.554 Thread 0x000001cb75e5f000 Exception <a 'java/lang/ClassNotFoundException'{0x000000008b28bc18}: com/android/build/gradle/internal/api/ApkVariantImplBeanInfo> (0x000000008b28bc18) thrown at [./src/hotspot/share/classfile/systemDictionary.cpp, line 230]
Event: 41.556 Thread 0x000001cb75e5f000 Exception <a 'java/lang/ClassNotFoundException'{0x000000008b2a9708}: com/android/build/gradle/internal/api/InstallableVariantImplBeanInfo> (0x000000008b2a9708) thrown at [./src/hotspot/share/classfile/systemDictionary.cpp, line 230]
Event: 41.557 Thread 0x000001cb75e5f000 Exception <a 'java/lang/ClassNotFoundException'{0x000000008b2c77d0}: com/android/build/gradle/internal/api/AndroidArtifactVariantImplBeanInfo> (0x000000008b2c77d0) thrown at [./src/hotspot/share/classfile/systemDictionary.cpp, line 230]
Event: 41.558 Thread 0x000001cb75e5f000 Exception <a 'java/lang/ClassNotFoundException'{0x000000008b2e44f8}: com/android/build/gradle/internal/api/BaseVariantImplBeanInfo> (0x000000008b2e44f8) thrown at [./src/hotspot/share/classfile/systemDictionary.cpp, line 230]
Event: 41.559 Thread 0x000001cb75e5f000 Exception <a 'java/lang/ClassNotFoundException'{0x000000008b101968}: com/android/build/gradle/internal/api/BaseVariantImplCustomizer> (0x000000008b101968) thrown at [./src/hotspot/share/classfile/systemDictionary.cpp, line 230]
Event: 41.563 Thread 0x000001cb75e5f000 Exception <a 'java/lang/ClassNotFoundException'{0x000000008b163200}: com/android/build/gradle/internal/api/AndroidArtifactVariantImplCustomizer> (0x000000008b163200) thrown at [./src/hotspot/share/classfile/systemDictionary.cpp, line 230]
Event: 41.564 Thread 0x000001cb75e5f000 Exception <a 'java/lang/ClassNotFoundException'{0x000000008b1958d0}: com/android/build/gradle/internal/api/InstallableVariantImplCustomizer> (0x000000008b1958d0) thrown at [./src/hotspot/share/classfile/systemDictionary.cpp, line 230]
Event: 41.566 Thread 0x000001cb75e5f000 Exception <a 'java/lang/ClassNotFoundException'{0x000000008b1cb368}: com/android/build/gradle/internal/api/ApkVariantImplCustomizer> (0x000000008b1cb368) thrown at [./src/hotspot/share/classfile/systemDictionary.cpp, line 230]
Event: 41.568 Thread 0x000001cb75e5f000 Exception <a 'java/lang/ClassNotFoundException'{0x000000008b1ff2c8}: com/android/build/gradle/internal/api/ApplicationVariantImplCustomizer> (0x000000008b1ff2c8) thrown at [./src/hotspot/share/classfile/systemDictionary.cpp, line 230]
Event: 41.570 Thread 0x000001cb75e5f000 Exception <a 'java/lang/ClassNotFoundException'{0x000000008b0383d0}: com/android/build/gradle/internal/api/ApplicationVariantImpl_DecoratedCustomizer> (0x000000008b0383d0) thrown at [./src/hotspot/share/classfile/systemDictionary.cpp, line 230]
Event: 41.609 Thread 0x000001cb75e5f000 Exception <a 'java/lang/ClassNotFoundException'{0x000000008af14710}: com/android/build/OutputFileBeanInfo> (0x000000008af14710) thrown at [./src/hotspot/share/classfile/systemDictionary.cpp, line 230]
Event: 41.610 Thread 0x000001cb75e5f000 Exception <a 'java/lang/ClassNotFoundException'{0x000000008af2d810}: com/android/build/OutputFileCustomizer> (0x000000008af2d810) thrown at [./src/hotspot/share/classfile/systemDictionary.cpp, line 230]
Event: 41.681 Thread 0x000001cb75e5f000 Exception <a 'java/lang/NoClassDefFoundError'{0x000000008ac79db8}: org/jetbrains/kotlin/gradle/plugin/KotlinBasePluginWrapper> (0x000000008ac79db8) thrown at [./src/hotspot/share/classfile/systemDictionary.cpp, line 219]

Events (20 events):
Event: 41.679 loading class com/android/build/gradle/internal/TaskManager$addBindingDependenciesIfNecessary$viewBindingEnabled$1
Event: 41.679 loading class com/android/build/gradle/internal/TaskManager$addBindingDependenciesIfNecessary$viewBindingEnabled$1 done
Event: 41.680 loading class com/android/build/gradle/internal/TaskManager$addBindingDependenciesIfNecessary$dataBindingEnabled$1
Event: 41.680 loading class com/android/build/gradle/internal/TaskManager$addBindingDependenciesIfNecessary$dataBindingEnabled$1 done
Event: 41.681 loading class com/android/build/gradle/internal/TaskManager$createAnchorAssembleTasks$3
Event: 41.681 loading class com/android/build/gradle/internal/TaskManager$createAnchorAssembleTasks$3 done
Event: 41.681 loading class com/android/build/gradle/internal/TaskManager$createAnchorAssembleTasks$4
Event: 41.681 loading class com/android/build/gradle/internal/TaskManager$createAnchorAssembleTasks$4 done
Event: 41.682 loading class com/android/build/gradle/internal/scope/BuildArtifactSpec
Event: 41.682 loading class com/android/build/gradle/internal/scope/BuildArtifactSpec done
Event: 41.683 loading class com/android/build/gradle/internal/scope/BuildArtifactSpec$Companion
Event: 41.683 loading class com/android/build/gradle/internal/scope/BuildArtifactSpec$Companion done
Event: 41.683 loading class com/android/build/gradle/internal/scope/BuildArtifactType$JAVAC_CLASSES
Event: 41.683 loading class com/android/build/gradle/internal/scope/BuildArtifactType$JAVAC_CLASSES done
Event: 41.683 loading class com/android/build/gradle/internal/scope/BuildArtifactType
Event: 41.683 loading class com/android/build/gradle/internal/scope/BuildArtifactType done
Event: 41.683 loading class com/android/build/gradle/internal/scope/BuildArtifactType$JAVA_COMPILE_CLASSPATH
Event: 41.683 loading class com/android/build/gradle/internal/scope/BuildArtifactType$JAVA_COMPILE_CLASSPATH done
Event: 41.684 loading class com/android/build/gradle/internal/scope/ArtifactPublishingUtil
Event: 41.684 loading class com/android/build/gradle/internal/scope/ArtifactPublishingUtil done


Dynamic libraries:
0x00007ff75ccf0000 - 0x00007ff75ccfd000 	C:\Program Files\Microsoft\jdk-11.0.16.101-hotspot\bin\java.exe
0x00007ffef78b0000 - 0x00007ffef7aa8000 	C:\WINDOWS\SYSTEM32\ntdll.dll
0x00007ffef7180000 - 0x00007ffef723f000 	C:\WINDOWS\System32\KERNEL32.DLL
0x00007ffef4fa0000 - 0x00007ffef5272000 	C:\WINDOWS\System32\KERNELBASE.dll
0x00007ffef57f0000 - 0x00007ffef58f0000 	C:\WINDOWS\System32\ucrtbase.dll
0x00007ffece5d0000 - 0x00007ffece5e7000 	C:\Program Files\Microsoft\jdk-11.0.16.101-hotspot\bin\jli.dll
0x00007ffec6b90000 - 0x00007ffec6ba5000 	C:\Program Files\Microsoft\jdk-11.0.16.101-hotspot\bin\VCRUNTIME140.dll
0x00007ffef7280000 - 0x00007ffef7421000 	C:\WINDOWS\System32\USER32.dll
0x00007ffef53e0000 - 0x00007ffef5402000 	C:\WINDOWS\System32\win32u.dll
0x00007ffee2200000 - 0x00007ffee249a000 	C:\WINDOWS\WinSxS\amd64_microsoft.windows.common-controls_6595b64144ccf1df_6.0.19041.1110_none_60b5254171f9507e\COMCTL32.dll
0x00007ffef7240000 - 0x00007ffef726b000 	C:\WINDOWS\System32\GDI32.dll
0x00007ffef6cf0000 - 0x00007ffef6d8e000 	C:\WINDOWS\System32\msvcrt.dll
0x00007ffef52d0000 - 0x00007ffef53df000 	C:\WINDOWS\System32\gdi32full.dll
0x00007ffef5410000 - 0x00007ffef54ad000 	C:\WINDOWS\System32\msvcp_win.dll
0x00007ffef6370000 - 0x00007ffef63a2000 	C:\WINDOWS\System32\IMM32.DLL
0x00007ffe9c670000 - 0x00007ffe9c70b000 	C:\Program Files\Microsoft\jdk-11.0.16.101-hotspot\bin\msvcp140.dll
0x00007ffe1bac0000 - 0x00007ffe1c64a000 	C:\Program Files\Microsoft\jdk-11.0.16.101-hotspot\bin\server\jvm.dll
0x00007ffef77c0000 - 0x00007ffef786e000 	C:\WINDOWS\System32\ADVAPI32.dll
0x00007ffef6d90000 - 0x00007ffef6e2c000 	C:\WINDOWS\System32\sechost.dll
0x00007ffef7050000 - 0x00007ffef7175000 	C:\WINDOWS\System32\RPCRT4.dll
0x00007ffef7270000 - 0x00007ffef7278000 	C:\WINDOWS\System32\PSAPI.DLL
0x00007ffea77e0000 - 0x00007ffea77e9000 	C:\WINDOWS\SYSTEM32\WSOCK32.dll
0x00007ffef6e30000 - 0x00007ffef6e9b000 	C:\WINDOWS\System32\WS2_32.dll
0x00007ffee47f0000 - 0x00007ffee4817000 	C:\WINDOWS\SYSTEM32\WINMM.dll
0x00007ffeec9c0000 - 0x00007ffeec9ca000 	C:\WINDOWS\SYSTEM32\VERSION.dll
0x00007ffef3840000 - 0x00007ffef3852000 	C:\WINDOWS\SYSTEM32\kernel.appcore.dll
0x00007ffec96b0000 - 0x00007ffec96c0000 	C:\Program Files\Microsoft\jdk-11.0.16.101-hotspot\bin\verify.dll
0x00007ffeea200000 - 0x00007ffeea3e4000 	C:\WINDOWS\SYSTEM32\DBGHELP.DLL
0x00007ffedfda0000 - 0x00007ffedfdd5000 	C:\WINDOWS\SYSTEM32\dbgcore.DLL
0x00007ffef54b0000 - 0x00007ffef5532000 	C:\WINDOWS\System32\bcryptPrimitives.dll
0x00007ffec65c0000 - 0x00007ffec65e8000 	C:\Program Files\Microsoft\jdk-11.0.16.101-hotspot\bin\java.dll
0x00007ffec65b0000 - 0x00007ffec65ba000 	C:\Program Files\Microsoft\jdk-11.0.16.101-hotspot\bin\jimage.dll
0x00007ffec6080000 - 0x00007ffec6098000 	C:\Program Files\Microsoft\jdk-11.0.16.101-hotspot\bin\zip.dll
0x00007ffef63b0000 - 0x00007ffef6af4000 	C:\WINDOWS\System32\SHELL32.dll
0x00007ffef2fd0000 - 0x00007ffef3762000 	C:\WINDOWS\SYSTEM32\windows.storage.dll
0x00007ffef5980000 - 0x00007ffef5cd5000 	C:\WINDOWS\System32\combase.dll
0x00007ffef4a00000 - 0x00007ffef4a30000 	C:\WINDOWS\SYSTEM32\Wldp.dll
0x00007ffef7440000 - 0x00007ffef74ed000 	C:\WINDOWS\System32\SHCORE.dll
0x00007ffef6b60000 - 0x00007ffef6bb5000 	C:\WINDOWS\System32\shlwapi.dll
0x00007ffef4ee0000 - 0x00007ffef4eff000 	C:\WINDOWS\SYSTEM32\profapi.dll
0x00007ffec6060000 - 0x00007ffec6079000 	C:\Program Files\Microsoft\jdk-11.0.16.101-hotspot\bin\net.dll
0x00007ffeead20000 - 0x00007ffeeae2c000 	C:\WINDOWS\SYSTEM32\WINHTTP.dll
0x00007ffef4760000 - 0x00007ffef47ca000 	C:\WINDOWS\system32\mswsock.dll
0x00007ffec3260000 - 0x00007ffec3273000 	C:\Program Files\Microsoft\jdk-11.0.16.101-hotspot\bin\nio.dll
0x00007ffebffc0000 - 0x00007ffebffe7000 	C:\Users\Andrea\.gradle\native\e1d6ef7f7dcc3fd88c89a11ec53ec762bb8ba0a96d01ffa2cd45eb1d1d8dd5c5\windows-amd64\native-platform.dll
0x00007ffed31f0000 - 0x00007ffed3334000 	C:\Users\Andrea\.gradle\native\0d407fdbe67a94daf76414ababcb853783967236a71b16ec16e742cd7a986fd3\windows-amd64\native-platform-file-events.dll
0x00007ffec44a0000 - 0x00007ffec44a9000 	C:\Program Files\Microsoft\jdk-11.0.16.101-hotspot\bin\management.dll
0x00007ffec3e80000 - 0x00007ffec3e8b000 	C:\Program Files\Microsoft\jdk-11.0.16.101-hotspot\bin\management_ext.dll
0x00007ffef4960000 - 0x00007ffef4978000 	C:\WINDOWS\SYSTEM32\CRYPTSP.dll
0x00007ffef4010000 - 0x00007ffef4044000 	C:\WINDOWS\system32\rsaenh.dll
0x00007ffef55b0000 - 0x00007ffef55d7000 	C:\WINDOWS\System32\bcrypt.dll
0x00007ffef4e60000 - 0x00007ffef4e8e000 	C:\WINDOWS\SYSTEM32\USERENV.dll
0x00007ffef4950000 - 0x00007ffef495c000 	C:\WINDOWS\SYSTEM32\CRYPTBASE.dll
0x00007ffef4400000 - 0x00007ffef443b000 	C:\WINDOWS\SYSTEM32\IPHLPAPI.DLL
0x00007ffef5ce0000 - 0x00007ffef5ce8000 	C:\WINDOWS\System32\NSI.dll
0x00007ffeec590000 - 0x00007ffeec5a7000 	C:\WINDOWS\SYSTEM32\dhcpcsvc6.DLL
0x00007ffeec830000 - 0x00007ffeec84d000 	C:\WINDOWS\SYSTEM32\dhcpcsvc.DLL
0x00007ffef4450000 - 0x00007ffef451a000 	C:\WINDOWS\SYSTEM32\DNSAPI.dll

dbghelp: loaded successfully - version: 4.0.5 - missing functions: none
symbol engine: initialized successfully - sym options: 0x614 - pdb path: .;C:\Program Files\Microsoft\jdk-11.0.16.101-hotspot\bin;C:\WINDOWS\SYSTEM32;C:\WINDOWS\WinSxS\amd64_microsoft.windows.common-controls_6595b64144ccf1df_6.0.19041.1110_none_60b5254171f9507e;C:\Program Files\Microsoft\jdk-11.0.16.101-hotspot\bin\server;C:\Users\Andrea\.gradle\native\e1d6ef7f7dcc3fd88c89a11ec53ec762bb8ba0a96d01ffa2cd45eb1d1d8dd5c5\windows-amd64;C:\Users\Andrea\.gradle\native\0d407fdbe67a94daf76414ababcb853783967236a71b16ec16e742cd7a986fd3\windows-amd64

VM Arguments:
jvm_args: -XX:MaxMetaspaceSize=512m --add-opens=java.base/java.util=ALL-UNNAMED --add-opens=java.base/java.lang=ALL-UNNAMED --add-opens=java.base/java.lang.invoke=ALL-UNNAMED --add-opens=java.base/java.util=ALL-UNNAMED --add-opens=java.prefs/java.util.prefs=ALL-UNNAMED --add-opens=java.prefs/java.util.prefs=ALL-UNNAMED --add-opens=java.base/java.nio.charset=ALL-UNNAMED --add-opens=java.base/java.net=ALL-UNNAMED --add-opens=java.base/java.util.concurrent.atomic=ALL-UNNAMED -Xmx2048m -Dfile.encoding=windows-1252 -Duser.country=IT -Duser.language=it -Duser.variant 
java_command: org.gradle.launcher.daemon.bootstrap.GradleDaemon 7.5.1
java_class_path (initial): C:\Users\Andrea\.gradle\wrapper\dists\gradle-7.5.1-all\1ehga6e77gqps5uk2kc5kf1vc\gradle-7.5.1\lib\gradle-launcher-7.5.1.jar
Launcher Type: SUN_STANDARD

[Global flags]
     intx CICompilerCount                          = 4                                         {product} {ergonomic}
   size_t CompressedClassSpaceSize                 = 528482304                                 {product} {ergonomic}
     uint ConcGCThreads                            = 2                                         {product} {ergonomic}
     uint G1ConcRefinementThreads                  = 8                                         {product} {ergonomic}
   size_t G1HeapRegionSize                         = 1048576                                   {product} {ergonomic}
    uintx GCDrainStackTargetSize                   = 64                                        {product} {ergonomic}
   size_t InitialHeapSize                          = 268435456                                 {product} {ergonomic}
   size_t MarkStackSize                            = 4194304                                   {product} {ergonomic}
   size_t MaxHeapSize                              = 2147483648                                {product} {command line}
   size_t MaxMetaspaceSize                         = 536870912                                 {product} {command line}
   size_t MaxNewSize                               = 1287651328                                {product} {ergonomic}
   size_t MinHeapDeltaBytes                        = 1048576                                   {product} {ergonomic}
    uintx NonNMethodCodeHeapSize                   = 5836300                                {pd product} {ergonomic}
    uintx NonProfiledCodeHeapSize                  = 122910970                              {pd product} {ergonomic}
    uintx ProfiledCodeHeapSize                     = 122910970                              {pd product} {ergonomic}
    uintx ReservedCodeCacheSize                    = 251658240                              {pd product} {ergonomic}
     bool SegmentedCodeCache                       = true                                      {product} {ergonomic}
     bool UseCompressedClassPointers               = true                                 {lp64_product} {ergonomic}
     bool UseCompressedOops                        = true                                 {lp64_product} {ergonomic}
     bool UseG1GC                                  = true                                      {product} {ergonomic}
     bool UseLargePagesIndividualAllocation        = false                                  {pd product} {ergonomic}

Logging:
Log output configuration:
 #0: stdout all=warning uptime,level,tags
 #1: stderr all=off uptime,level,tags

Environment Variables:
JAVA_HOME=C:\Program Files\Microsoft\jdk-11.0.16.101-hotspot\
CLASSPATH=C:\Users\Andrea\Desktop\AppAlternanza\AppAlessio\android\\gradle\wrapper\gradle-wrapper.jar
PATH=C:\Users\Andrea\Desktop\AppAlternanza\AppAlessio\android\node_modules\.bin;C:\Users\Andrea\Desktop\AppAlternanza\AppAlessio\node_modules\.bin;C:\Users\Andrea\Desktop\AppAlternanza\node_modules\.bin;C:\Users\Andrea\Desktop\node_modules\.bin;C:\Users\Andrea\node_modules\.bin;C:\Users\node_modules\.bin;C:\node_modules\.bin;C:\Program Files\nodejs;C:\Users\Andrea\Desktop\AppAlternanza\AppAlessio\node_modules\.bin;C:\Users\Andrea\Desktop\AppAlternanza\AppAlessio\node_modules\.bin;C:\Users\Andrea\Desktop\AppAlternanza\node_modules\.bin;C:\Users\Andrea\Desktop\node_modules\.bin;C:\Users\Andrea\node_modules\.bin;C:\Users\node_modules\.bin;C:\node_modules\.bin;C:\Users\Andrea\AppData\Roaming\npm\node_modules\npm\node_modules\@npmcli\run-script\lib\node-gyp-bin;C:\Program Files\Microsoft\jdk-11.0.16.101-hotspot\bin;C:\Program Files\Common Files\Oracle\Java\javapath;C:\Qt\5.11.1\msvc2017_64\bin;C:\Program Files (x86)\Intel\iCLS Client\;C:\Program Files\Intel\iCLS Client\;C:\WINDOWS\system32;C:\WINDOWS;C:\WINDOWS\System32\Wbem;C:\WINDOWS\System32\WindowsPowerShell\v1.0\;C:\Program Files\Intel\Intel(R) Management Engine Components\DAL;C:\Program Files\Intel\Intel(R) Management Engine Components\IPT;C:\Program Files (x86)\Intel\Intel(R) Management Engine Components\DAL;C:\Program Files (x86)\Intel\Intel(R) Management Engine Components\IPT;C:\adb;C:\Program Files (x86)\NVIDIA Corporation\PhysX\Common;C:\WINDOWS\System32\OpenSSH\;C:\Program Files\NVIDIA Corporation\NVIDIA NvDLISR;C:\WINDOWS\system32;C:\WINDOWS;C:\WINDOWS\System32\Wbem;C:\WINDOWS\System32\WindowsPowerShell\v1.0\;C:\WINDOWS\System32\OpenSSH\;C:\Program Files\nodejs\;C:\Program Files\Microsoft SQL Server\150\Tools\Binn\;C:\Program Files\Microsoft SQL Server\Client SDK\ODBC\170\Tools\Binn\;C:\Program Files\dotnet\;C:\ProgramData\chocolatey\bin;C:\Program Files\Git\cmd;C:\Users\Andrea\AppData\Local\Android\Sdk\tools;C:\Users\Andrea\AppData\Local\Microsoft\WindowsApps;C:\Users\Andrea\AppData\Local\Microsoft\WindowsApps
USERNAME=Andrea
LANG=en_US.UTF-8
OS=Windows_NT
PROCESSOR_IDENTIFIER=Intel64 Family 6 Model 60 Stepping 3, GenuineIntel
TMP=C:\Users\Andrea\AppData\Local\Temp
TEMP=C:\Users\Andrea\AppData\Local\Temp



---------------  S Y S T E M  ---------------

OS: Windows 10 , 64 bit Build 19041 (10.0.19041.2364)
OS uptime: 0 days 16:12 hours

CPU:total 8 (initial active 8) (4 cores per cpu, 2 threads per core) family 6 model 60 stepping 3 microcode 0x27, cmov, cx8, fxsr, mmx, sse, sse2, sse3, ssse3, sse4.1, sse4.2, popcnt, avx, avx2, aes, clmul, erms, lzcnt, ht, tsc, tscinvbit, bmi1, bmi2, fma

Memory: 4k page, system-wide physical 16267M (2738M free)
TotalPageFile size 17291M (AvailPageFile size 4M)
current process WorkingSet (physical memory assigned to process): 480M, peak: 502M
current process commit charge ("private bytes"): 575M, peak: 596M

vm_info: OpenJDK 64-Bit Server VM (11.0.16.1+1-LTS) for windows-amd64 JRE (11.0.16.1+1-LTS), built on Aug 20 2022 20:09:04 by "" with MS VC++ 15.9 (VS2017)

END.
