#
# There is insufficient memory for the Java Runtime Environment to continue.
# Native memory allocation (malloc) failed to allocate 103936 bytes for Chunk::new
# Possible reasons:
#   The system is out of physical RAM or swap space
#   The process is running with CompressedOops enabled, and the Java Heap may be blocking the growth of the native heap
# Possible solutions:
#   Reduce memory load on the system
#   Increase physical memory or swap space
#   Check if swap backing store is full
#   Decrease Java heap size (-Xmx/-Xms)
#   Decrease number of Java threads
#   Decrease Java thread stack sizes (-Xss)
#   Set larger code cache with -XX:ReservedCodeCacheSize=
#   JVM is running with Unscaled Compressed Oops mode in which the Java heap is
#     placed in the first 4GB address space. The Java Heap base address is the
#     maximum limit for the native heap growth. Please use -XX:HeapBaseMinAddress
#     to set the Java Heap base and to place the Java Heap above 4GB virtual address.
# This output file may be truncated or incomplete.
#
#  Out of Memory Error (./src/hotspot/share/memory/arena.cpp:197), pid=22700, tid=14044
#
# JRE version: OpenJDK Runtime Environment Microsoft-40648 (11.0.16.1+1) (build 11.0.16.1+1-LTS)
# Java VM: OpenJDK 64-Bit Server VM Microsoft-40648 (11.0.16.1+1-LTS, mixed mode, tiered, compressed oops, g1 gc, windows-amd64)
# No core dump will be written. Minidumps are not enabled by default on client versions of Windows
#

---------------  S U M M A R Y ------------

Command Line: -Xmx64m -Xms64m -Dorg.gradle.appname=gradlew org.gradle.wrapper.GradleWrapperMain app:installDebug -PreactNativeDevServerPort=8081

Host: Intel(R) Core(TM) i7-4720HQ CPU @ 2.60GHz, 8 cores, 15G,  Windows 10 , 64 bit Build 19041 (10.0.19041.2364)
Time: Tue Jan 31 11:08:46 2023 ora solare Europa occidentale elapsed time: 0.505937 seconds (0d 0h 0m 0s)

---------------  T H R E A D  ---------------

Current thread (0x000002782eff0000):  JavaThread "C2 CompilerThread0" daemon [_thread_in_native, id=14044, stack(0x000000db00700000,0x000000db00800000)]


Current CompileTask:
C2:    506  400       4       java.util.regex.Matcher::match (154 bytes)

Stack: [0x000000db00700000,0x000000db00800000]
Native frames: (J=compiled Java code, j=interpreted, Vv=VM code, C=native code)
V  [jvm.dll+0x62652a]
V  [jvm.dll+0x7b3249]
V  [jvm.dll+0x7b4938]
V  [jvm.dll+0x7b5013]
V  [jvm.dll+0x24fca8]
V  [jvm.dll+0xc262c]
V  [jvm.dll+0xc2bec]
V  [jvm.dll+0x2c1b24]
V  [jvm.dll+0x52e84c]
V  [jvm.dll+0x2111fb]
V  [jvm.dll+0x20ae44]
V  [jvm.dll+0x207fdb]
V  [jvm.dll+0x18a411]
V  [jvm.dll+0x217954]
V  [jvm.dll+0x215b9b]
V  [jvm.dll+0x775d50]
V  [jvm.dll+0x76ec84]
V  [jvm.dll+0x625395]
C  [ucrtbase.dll+0x21bb2]
C  [KERNEL32.DLL+0x17614]
C  [ntdll.dll+0x526a1]


---------------  P R O C E S S  ---------------

Threads class SMR info:
_java_thread_list=0x000002782f2da790, length=10, elements={
0x0000027814146000, 0x000002782efca000, 0x000002782efd5000, 0x000002782efe8000,
0x000002782efea800, 0x000002782efec800, 0x000002782eff0000, 0x000002782f043800,
0x000002782f046800, 0x000002782f2ce000
}

Java Threads: ( => current thread )
  0x0000027814146000 JavaThread "main" [_thread_in_Java, id=20612, stack(0x000000db7fb00000,0x000000db7fc00000)]
  0x000002782efca000 JavaThread "Reference Handler" daemon [_thread_blocked, id=24032, stack(0x000000db00200000,0x000000db00300000)]
  0x000002782efd5000 JavaThread "Finalizer" daemon [_thread_blocked, id=18392, stack(0x000000db00300000,0x000000db00400000)]
  0x000002782efe8000 JavaThread "Signal Dispatcher" daemon [_thread_blocked, id=9404, stack(0x000000db00400000,0x000000db00500000)]
  0x000002782efea800 JavaThread "Attach Listener" daemon [_thread_blocked, id=15724, stack(0x000000db00500000,0x000000db00600000)]
  0x000002782efec800 JavaThread "Service Thread" daemon [_thread_blocked, id=25304, stack(0x000000db00600000,0x000000db00700000)]
=>0x000002782eff0000 JavaThread "C2 CompilerThread0" daemon [_thread_in_native, id=14044, stack(0x000000db00700000,0x000000db00800000)]
  0x000002782f043800 JavaThread "C1 CompilerThread0" daemon [_thread_in_native, id=20392, stack(0x000000db00800000,0x000000db00900000)]
  0x000002782f046800 JavaThread "Sweeper thread" daemon [_thread_blocked, id=25236, stack(0x000000db00900000,0x000000db00a00000)]
  0x000002782f2ce000 JavaThread "Common-Cleaner" daemon [_thread_blocked, id=23384, stack(0x000000db00b00000,0x000000db00c00000)]

Other Threads:
  0x000002782efa0800 VMThread "VM Thread" [stack: 0x000000db00100000,0x000000db00200000] [id=18044]
  0x000002782f2c3000 WatcherThread [stack: 0x000000db00a00000,0x000000db00b00000] [id=3672]
  0x000002781415e800 GCTaskThread "GC Thread#0" [stack: 0x000000db7fc00000,0x000000db7fd00000] [id=18744]
  0x0000027814167000 ConcurrentGCThread "G1 Main Marker" [stack: 0x000000db7fd00000,0x000000db7fe00000] [id=3016]
  0x0000027814169800 ConcurrentGCThread "G1 Conc#0" [stack: 0x000000db7fe00000,0x000000db7ff00000] [id=21276]
  0x00000278141d1800 ConcurrentGCThread "G1 Refine#0" [stack: 0x000000db7ff00000,0x000000db80000000] [id=14472]
  0x00000278141d3000 ConcurrentGCThread "G1 Young RemSet Sampling" [stack: 0x000000db00000000,0x000000db00100000] [id=7532]

Threads with active compile tasks:
C2 CompilerThread0      542  400       4       java.util.regex.Matcher::match (154 bytes)
C1 CompilerThread0      543  399       3       java.util.regex.Pattern::escape (1323 bytes)

VM state:not at safepoint (normal execution)

VM Mutex/Monitor currently owned by a thread: None

Heap address: 0x00000000fc000000, size: 64 MB, Compressed Oops mode: 32-bit
Narrow klass base: 0x0000000000000000, Narrow klass shift: 3
Compressed class space size: 1073741824 Address: 0x0000000100000000

Heap:
 garbage-first heap   total 65536K, used 6144K [0x00000000fc000000, 0x0000000100000000)
  region size 1024K, 8 young (8192K), 0 survivors (0K)
 Metaspace       used 7124K, capacity 7289K, committed 7424K, reserved 1056768K
  class space    used 618K, capacity 682K, committed 768K, reserved 1048576K
Heap Regions: E=young(eden), S=young(survivor), O=old, HS=humongous(starts), HC=humongous(continues), CS=collection set, F=free, A=archive, TAMS=top-at-mark-start (previous, next)
|   0|0x00000000fc000000, 0x00000000fc000000, 0x00000000fc100000|  0%| F|  |TAMS 0x00000000fc000000, 0x00000000fc000000| Untracked 
|   1|0x00000000fc100000, 0x00000000fc100000, 0x00000000fc200000|  0%| F|  |TAMS 0x00000000fc100000, 0x00000000fc100000| Untracked 
|   2|0x00000000fc200000, 0x00000000fc200000, 0x00000000fc300000|  0%| F|  |TAMS 0x00000000fc200000, 0x00000000fc200000| Untracked 
|   3|0x00000000fc300000, 0x00000000fc300000, 0x00000000fc400000|  0%| F|  |TAMS 0x00000000fc300000, 0x00000000fc300000| Untracked 
|   4|0x00000000fc400000, 0x00000000fc400000, 0x00000000fc500000|  0%| F|  |TAMS 0x00000000fc400000, 0x00000000fc400000| Untracked 
|   5|0x00000000fc500000, 0x00000000fc500000, 0x00000000fc600000|  0%| F|  |TAMS 0x00000000fc500000, 0x00000000fc500000| Untracked 
|   6|0x00000000fc600000, 0x00000000fc600000, 0x00000000fc700000|  0%| F|  |TAMS 0x00000000fc600000, 0x00000000fc600000| Untracked 
|   7|0x00000000fc700000, 0x00000000fc700000, 0x00000000fc800000|  0%| F|  |TAMS 0x00000000fc700000, 0x00000000fc700000| Untracked 
|   8|0x00000000fc800000, 0x00000000fc800000, 0x00000000fc900000|  0%| F|  |TAMS 0x00000000fc800000, 0x00000000fc800000| Untracked 
|   9|0x00000000fc900000, 0x00000000fc900000, 0x00000000fca00000|  0%| F|  |TAMS 0x00000000fc900000, 0x00000000fc900000| Untracked 
|  10|0x00000000fca00000, 0x00000000fca00000, 0x00000000fcb00000|  0%| F|  |TAMS 0x00000000fca00000, 0x00000000fca00000| Untracked 
|  11|0x00000000fcb00000, 0x00000000fcb00000, 0x00000000fcc00000|  0%| F|  |TAMS 0x00000000fcb00000, 0x00000000fcb00000| Untracked 
|  12|0x00000000fcc00000, 0x00000000fcc00000, 0x00000000fcd00000|  0%| F|  |TAMS 0x00000000fcc00000, 0x00000000fcc00000| Untracked 
|  13|0x00000000fcd00000, 0x00000000fcd00000, 0x00000000fce00000|  0%| F|  |TAMS 0x00000000fcd00000, 0x00000000fcd00000| Untracked 
|  14|0x00000000fce00000, 0x00000000fce00000, 0x00000000fcf00000|  0%| F|  |TAMS 0x00000000fce00000, 0x00000000fce00000| Untracked 
|  15|0x00000000fcf00000, 0x00000000fcf00000, 0x00000000fd000000|  0%| F|  |TAMS 0x00000000fcf00000, 0x00000000fcf00000| Untracked 
|  16|0x00000000fd000000, 0x00000000fd000000, 0x00000000fd100000|  0%| F|  |TAMS 0x00000000fd000000, 0x00000000fd000000| Untracked 
|  17|0x00000000fd100000, 0x00000000fd100000, 0x00000000fd200000|  0%| F|  |TAMS 0x00000000fd100000, 0x00000000fd100000| Untracked 
|  18|0x00000000fd200000, 0x00000000fd200000, 0x00000000fd300000|  0%| F|  |TAMS 0x00000000fd200000, 0x00000000fd200000| Untracked 
|  19|0x00000000fd300000, 0x00000000fd300000, 0x00000000fd400000|  0%| F|  |TAMS 0x00000000fd300000, 0x00000000fd300000| Untracked 
|  20|0x00000000fd400000, 0x00000000fd400000, 0x00000000fd500000|  0%| F|  |TAMS 0x00000000fd400000, 0x00000000fd400000| Untracked 
|  21|0x00000000fd500000, 0x00000000fd500000, 0x00000000fd600000|  0%| F|  |TAMS 0x00000000fd500000, 0x00000000fd500000| Untracked 
|  22|0x00000000fd600000, 0x00000000fd600000, 0x00000000fd700000|  0%| F|  |TAMS 0x00000000fd600000, 0x00000000fd600000| Untracked 
|  23|0x00000000fd700000, 0x00000000fd700000, 0x00000000fd800000|  0%| F|  |TAMS 0x00000000fd700000, 0x00000000fd700000| Untracked 
|  24|0x00000000fd800000, 0x00000000fd800000, 0x00000000fd900000|  0%| F|  |TAMS 0x00000000fd800000, 0x00000000fd800000| Untracked 
|  25|0x00000000fd900000, 0x00000000fd900000, 0x00000000fda00000|  0%| F|  |TAMS 0x00000000fd900000, 0x00000000fd900000| Untracked 
|  26|0x00000000fda00000, 0x00000000fda00000, 0x00000000fdb00000|  0%| F|  |TAMS 0x00000000fda00000, 0x00000000fda00000| Untracked 
|  27|0x00000000fdb00000, 0x00000000fdb00000, 0x00000000fdc00000|  0%| F|  |TAMS 0x00000000fdb00000, 0x00000000fdb00000| Untracked 
|  28|0x00000000fdc00000, 0x00000000fdc00000, 0x00000000fdd00000|  0%| F|  |TAMS 0x00000000fdc00000, 0x00000000fdc00000| Untracked 
|  29|0x00000000fdd00000, 0x00000000fdd00000, 0x00000000fde00000|  0%| F|  |TAMS 0x00000000fdd00000, 0x00000000fdd00000| Untracked 
|  30|0x00000000fde00000, 0x00000000fde00000, 0x00000000fdf00000|  0%| F|  |TAMS 0x00000000fde00000, 0x00000000fde00000| Untracked 
|  31|0x00000000fdf00000, 0x00000000fdf00000, 0x00000000fe000000|  0%| F|  |TAMS 0x00000000fdf00000, 0x00000000fdf00000| Untracked 
|  32|0x00000000fe000000, 0x00000000fe000000, 0x00000000fe100000|  0%| F|  |TAMS 0x00000000fe000000, 0x00000000fe000000| Untracked 
|  33|0x00000000fe100000, 0x00000000fe100000, 0x00000000fe200000|  0%| F|  |TAMS 0x00000000fe100000, 0x00000000fe100000| Untracked 
|  34|0x00000000fe200000, 0x00000000fe200000, 0x00000000fe300000|  0%| F|  |TAMS 0x00000000fe200000, 0x00000000fe200000| Untracked 
|  35|0x00000000fe300000, 0x00000000fe300000, 0x00000000fe400000|  0%| F|  |TAMS 0x00000000fe300000, 0x00000000fe300000| Untracked 
|  36|0x00000000fe400000, 0x00000000fe400000, 0x00000000fe500000|  0%| F|  |TAMS 0x00000000fe400000, 0x00000000fe400000| Untracked 
|  37|0x00000000fe500000, 0x00000000fe500000, 0x00000000fe600000|  0%| F|  |TAMS 0x00000000fe500000, 0x00000000fe500000| Untracked 
|  38|0x00000000fe600000, 0x00000000fe600000, 0x00000000fe700000|  0%| F|  |TAMS 0x00000000fe600000, 0x00000000fe600000| Untracked 
|  39|0x00000000fe700000, 0x00000000fe700000, 0x00000000fe800000|  0%| F|  |TAMS 0x00000000fe700000, 0x00000000fe700000| Untracked 
|  40|0x00000000fe800000, 0x00000000fe800000, 0x00000000fe900000|  0%| F|  |TAMS 0x00000000fe800000, 0x00000000fe800000| Untracked 
|  41|0x00000000fe900000, 0x00000000fe900000, 0x00000000fea00000|  0%| F|  |TAMS 0x00000000fe900000, 0x00000000fe900000| Untracked 
|  42|0x00000000fea00000, 0x00000000fea00000, 0x00000000feb00000|  0%| F|  |TAMS 0x00000000fea00000, 0x00000000fea00000| Untracked 
|  43|0x00000000feb00000, 0x00000000feb00000, 0x00000000fec00000|  0%| F|  |TAMS 0x00000000feb00000, 0x00000000feb00000| Untracked 
|  44|0x00000000fec00000, 0x00000000fec00000, 0x00000000fed00000|  0%| F|  |TAMS 0x00000000fec00000, 0x00000000fec00000| Untracked 
|  45|0x00000000fed00000, 0x00000000fed00000, 0x00000000fee00000|  0%| F|  |TAMS 0x00000000fed00000, 0x00000000fed00000| Untracked 
|  46|0x00000000fee00000, 0x00000000fee00000, 0x00000000fef00000|  0%| F|  |TAMS 0x00000000fee00000, 0x00000000fee00000| Untracked 
|  47|0x00000000fef00000, 0x00000000fef00000, 0x00000000ff000000|  0%| F|  |TAMS 0x00000000fef00000, 0x00000000fef00000| Untracked 
|  48|0x00000000ff000000, 0x00000000ff000000, 0x00000000ff100000|  0%| F|  |TAMS 0x00000000ff000000, 0x00000000ff000000| Untracked 
|  49|0x00000000ff100000, 0x00000000ff100000, 0x00000000ff200000|  0%| F|  |TAMS 0x00000000ff100000, 0x00000000ff100000| Untracked 
|  50|0x00000000ff200000, 0x00000000ff200000, 0x00000000ff300000|  0%| F|  |TAMS 0x00000000ff200000, 0x00000000ff200000| Untracked 
|  51|0x00000000ff300000, 0x00000000ff300000, 0x00000000ff400000|  0%| F|  |TAMS 0x00000000ff300000, 0x00000000ff300000| Untracked 
|  52|0x00000000ff400000, 0x00000000ff400000, 0x00000000ff500000|  0%| F|  |TAMS 0x00000000ff400000, 0x00000000ff400000| Untracked 
|  53|0x00000000ff500000, 0x00000000ff500000, 0x00000000ff600000|  0%| F|  |TAMS 0x00000000ff500000, 0x00000000ff500000| Untracked 
|  54|0x00000000ff600000, 0x00000000ff600000, 0x00000000ff700000|  0%| F|  |TAMS 0x00000000ff600000, 0x00000000ff600000| Untracked 
|  55|0x00000000ff700000, 0x00000000ff700000, 0x00000000ff800000|  0%| F|  |TAMS 0x00000000ff700000, 0x00000000ff700000| Untracked 
|  56|0x00000000ff800000, 0x00000000ff8f6580, 0x00000000ff900000| 96%| E|  |TAMS 0x00000000ff800000, 0x00000000ff800000| Complete 
|  57|0x00000000ff900000, 0x00000000ffa00000, 0x00000000ffa00000|100%| E|CS|TAMS 0x00000000ff900000, 0x00000000ff900000| Complete 
|  58|0x00000000ffa00000, 0x00000000ffb00000, 0x00000000ffb00000|100%| E|CS|TAMS 0x00000000ffa00000, 0x00000000ffa00000| Complete 
|  59|0x00000000ffb00000, 0x00000000ffc00000, 0x00000000ffc00000|100%| E|CS|TAMS 0x00000000ffb00000, 0x00000000ffb00000| Complete 
|  60|0x00000000ffc00000, 0x00000000ffd00000, 0x00000000ffd00000|100%| E|CS|TAMS 0x00000000ffc00000, 0x00000000ffc00000| Complete 
|  61|0x00000000ffd00000, 0x00000000ffe00000, 0x00000000ffe00000|100%| E|  |TAMS 0x00000000ffd00000, 0x00000000ffd00000| Complete 
|  62|0x00000000ffe00000, 0x00000000fff00000, 0x00000000fff00000|100%| E|CS|TAMS 0x00000000ffe00000, 0x00000000ffe00000| Complete 
|  63|0x00000000fff00000, 0x0000000100000000, 0x0000000100000000|100%| E|CS|TAMS 0x00000000fff00000, 0x00000000fff00000| Complete 

Card table byte_map: [0x00000278140a0000,0x00000278140c0000] _byte_map_base: 0x00000278138c0000

Marking Bits (Prev, Next): (CMBitMap*) 0x0000027814165d48, (CMBitMap*) 0x0000027814165d80
 Prev Bits: [0x000002782bbd0000, 0x000002782bcd0000)
 Next Bits: [0x000002782bcd0000, 0x000002782bdd0000)

Polling page: 0x0000027813920000

Metaspace:

Usage:
  Non-class:      6.45 MB capacity,     6.35 MB ( 98%) used,    95.65 KB (  1%) free+waste,     5.13 KB ( <1%) overhead. 
      Class:    682.00 KB capacity,   618.52 KB ( 91%) used,    61.05 KB (  9%) free+waste,     2.44 KB ( <1%) overhead. 
       Both:      7.12 MB capacity,     6.96 MB ( 98%) used,   156.70 KB (  2%) free+waste,     7.56 KB ( <1%) overhead. 

Virtual space:
  Non-class space:        8.00 MB reserved,       6.50 MB ( 81%) committed 
      Class space:        1.00 GB reserved,     768.00 KB ( <1%) committed 
             Both:        1.01 GB reserved,       7.25 MB ( <1%) committed 

Chunk freelists:
   Non-Class:  49.00 KB
       Class:  22.00 KB
        Both:  71.00 KB

MaxMetaspaceSize: 17179869184.00 GB
CompressedClassSpaceSize: 1.00 GB
Initial GC threshold: 20.80 MB
Current GC threshold: 20.80 MB
CDS: off

CodeHeap 'non-profiled nmethods': size=120000Kb used=122Kb max_used=122Kb free=119877Kb
 bounds [0x0000027824370000, 0x00000278245e0000, 0x000002782b8a0000]
CodeHeap 'profiled nmethods': size=120000Kb used=594Kb max_used=594Kb free=119405Kb
 bounds [0x000002781ce40000, 0x000002781d0b0000, 0x0000027824370000]
CodeHeap 'non-nmethods': size=5760Kb used=1105Kb max_used=1119Kb free=4654Kb
 bounds [0x000002781c8a0000, 0x000002781cb10000, 0x000002781ce40000]
 total_blobs=750 nmethods=398 adapters=265
 compilation: enabled
              stopped_count=0, restarted_count=0
 full_count=0

Compilation events (20 events):
Event: 0.482 Thread 0x000002782f043800 nmethod 391 0x000002781ced0b90 code [0x000002781ced0d80, 0x000002781ced1398]
Event: 0.482 Thread 0x000002782f043800  392   !   3       java.nio.DirectLongBufferU::get (31 bytes)
Event: 0.482 Thread 0x000002782f043800 nmethod 392 0x000002781ced1590 code [0x000002781ced1760, 0x000002781ced1a58]
Event: 0.482 Thread 0x000002782f043800  394       3       java.lang.ref.PhantomReference::<init> (7 bytes)
Event: 0.482 Thread 0x000002782f043800 nmethod 394 0x000002781ced1c90 code [0x000002781ced1e60, 0x000002781ced2138]
Event: 0.482 Thread 0x000002782f043800  393   !   3       java.nio.DirectLongBufferU::put (34 bytes)
Event: 0.483 Thread 0x000002782eff0000 nmethod 390 0x000002782438d990 code [0x000002782438db20, 0x000002782438db78]
Event: 0.483 Thread 0x000002782eff0000  382       4       java.lang.Character::toLowerCase (9 bytes)
Event: 0.483 Thread 0x000002782f043800 nmethod 393 0x000002781ced2210 code [0x000002781ced23e0, 0x000002781ced26d8]
Event: 0.484 Thread 0x000002782eff0000 nmethod 382 0x000002782438dc90 code [0x000002782438de20, 0x000002782438ded8]
Event: 0.486 Thread 0x000002782eff0000  395       4       java.util.regex.Matcher::reset (128 bytes)
Event: 0.487 Thread 0x000002782f043800  396       3       jdk.internal.ref.CleanerFactory::cleaner (4 bytes)
Event: 0.487 Thread 0x000002782f043800 nmethod 396 0x000002781ced2910 code [0x000002781ced2ac0, 0x000002781ced2bb8]
Event: 0.487 Thread 0x000002782f043800  397       1       java.nio.HeapByteBuffer::isDirect (2 bytes)
Event: 0.487 Thread 0x000002782f043800 nmethod 397 0x000002782438e010 code [0x000002782438e1c0, 0x000002782438e278]
Event: 0.488 Thread 0x000002782f043800  398       3       java.io.WinNTFileSystem::prefixLength (91 bytes)
Event: 0.489 Thread 0x000002782f043800 nmethod 398 0x000002781ced2c10 code [0x000002781ced2f20, 0x000002781ced4218]
Event: 0.489 Thread 0x000002782f043800  399       3       java.util.regex.Pattern::escape (1323 bytes)
Event: 0.495 Thread 0x000002782eff0000 nmethod 395 0x000002782438e310 code [0x000002782438e4e0, 0x000002782438e6d8]
Event: 0.496 Thread 0x000002782eff0000  400       4       java.util.regex.Matcher::match (154 bytes)

GC Heap History (0 events):
No events

Deoptimization events (20 events):
Event: 0.382 Thread 0x0000027814146000 DEOPT PACKING pc=0x000002781ce7109b sp=0x000000db7fbfd730
Event: 0.382 Thread 0x0000027814146000 DEOPT UNPACKING pc=0x000002781c8ea95e sp=0x000000db7fbfcba0 mode 0
Event: 0.382 Thread 0x0000027814146000 DEOPT PACKING pc=0x000002781ce9d45b sp=0x000000db7fbfd720
Event: 0.382 Thread 0x0000027814146000 DEOPT UNPACKING pc=0x000002781c8ea95e sp=0x000000db7fbfcb98 mode 0
Event: 0.383 Thread 0x0000027814146000 DEOPT PACKING pc=0x000002781ce7109b sp=0x000000db7fbfd730
Event: 0.383 Thread 0x0000027814146000 DEOPT UNPACKING pc=0x000002781c8ea95e sp=0x000000db7fbfcba0 mode 0
Event: 0.383 Thread 0x0000027814146000 DEOPT PACKING pc=0x000002781ce9d45b sp=0x000000db7fbfd720
Event: 0.383 Thread 0x0000027814146000 DEOPT UNPACKING pc=0x000002781c8ea95e sp=0x000000db7fbfcb98 mode 0
Event: 0.388 Thread 0x0000027814146000 DEOPT PACKING pc=0x000002781ce9d45b sp=0x000000db7fbfd720
Event: 0.388 Thread 0x0000027814146000 DEOPT UNPACKING pc=0x000002781c8ea95e sp=0x000000db7fbfcb98 mode 0
Event: 0.389 Thread 0x0000027814146000 DEOPT PACKING pc=0x000002781ce9d45b sp=0x000000db7fbfd720
Event: 0.389 Thread 0x0000027814146000 DEOPT UNPACKING pc=0x000002781c8ea95e sp=0x000000db7fbfcb98 mode 0
Event: 0.390 Thread 0x0000027814146000 DEOPT PACKING pc=0x000002781ce9d45b sp=0x000000db7fbfd680
Event: 0.390 Thread 0x0000027814146000 DEOPT UNPACKING pc=0x000002781c8ea95e sp=0x000000db7fbfcaf8 mode 0
Event: 0.458 Thread 0x0000027814146000 DEOPT PACKING pc=0x000002781ce94288 sp=0x000000db7fbfd6c0
Event: 0.458 Thread 0x0000027814146000 DEOPT UNPACKING pc=0x000002781c8ea95e sp=0x000000db7fbfcb90 mode 0
Event: 0.467 Thread 0x0000027814146000 DEOPT PACKING pc=0x000002781ce94288 sp=0x000000db7fbfd6c0
Event: 0.467 Thread 0x0000027814146000 DEOPT UNPACKING pc=0x000002781c8ea95e sp=0x000000db7fbfcb90 mode 0
Event: 0.468 Thread 0x0000027814146000 DEOPT PACKING pc=0x000002781ce94288 sp=0x000000db7fbfd6c0
Event: 0.468 Thread 0x0000027814146000 DEOPT UNPACKING pc=0x000002781c8ea95e sp=0x000000db7fbfcb90 mode 0

Classes redefined (0 events):
No events

Internal exceptions (3 events):
Event: 0.295 Thread 0x0000027814146000 Exception <a 'java/lang/NoSuchMethodError'{0x00000000ffc60fe0}: 'int java.lang.invoke.DirectMethodHandle$Holder.invokeStaticInit(java.lang.Object, java.lang.Object)'> (0x00000000ffc60fe0) thrown at [./src/hotspot/share/interpreter/linkResolver.cpp, line 773]
Event: 0.360 Thread 0x0000027814146000 Exception <a 'java/lang/NoSuchMethodError'{0x00000000ffb352b8}: 'int java.lang.invoke.DirectMethodHandle$Holder.invokeSpecial(java.lang.Object, java.lang.Object, java.lang.Object, java.lang.Object)'> (0x00000000ffb352b8) thrown at [./src/hotspot/share/interpreter/linkResolver.cpp, line 773]
Event: 0.372 Thread 0x0000027814146000 Exception <a 'java/lang/NoSuchMethodError'{0x00000000ffb6dd20}: 'int java.lang.invoke.DirectMethodHandle$Holder.invokeSpecialIFC(java.lang.Object, java.lang.Object, int)'> (0x00000000ffb6dd20) thrown at [./src/hotspot/share/interpreter/linkResolver.cpp, line 773]

Events (20 events):
Event: 0.348 loading class org/gradle/internal/service/CachingServiceLocator
Event: 0.348 loading class org/gradle/internal/service/CachingServiceLocator done
Event: 0.355 loading class org/gradle/api/internal/classpath/DefaultModuleRegistry$DefaultModule
Event: 0.355 loading class org/gradle/api/internal/classpath/DefaultModuleRegistry$DefaultModule done
Event: 0.356 loading class java/util/Collections$SingletonSet
Event: 0.356 loading class java/util/Collections$SingletonSet done
Event: 0.357 loading class java/util/Collections$1
Event: 0.357 loading class java/util/Collections$1 done
Event: 0.361 loading class org/gradle/api/internal/classpath/DefaultModuleRegistry
Event: 0.361 loading class org/gradle/api/internal/classpath/DefaultModuleRegistry done
Event: 0.369 loading class java/lang/invoke/DirectMethodHandle$Constructor
Event: 0.369 loading class java/lang/invoke/DirectMethodHandle$Constructor done
Event: 0.370 loading class org/gradle/util/internal/GUtil
Event: 0.370 loading class org/gradle/util/internal/GUtil done
Event: 0.371 loading class org/gradle/api/Transformer
Event: 0.371 loading class org/gradle/api/Transformer done
Event: 0.374 loading class org/gradle/internal/IoActions
Event: 0.374 loading class org/gradle/internal/IoActions done
Event: 0.375 loading class org/gradle/api/Action
Event: 0.375 loading class org/gradle/api/Action done


Dynamic libraries:
0x00007ff613cf0000 - 0x00007ff613cfd000 	C:\Program Files\Microsoft\jdk-11.0.16.101-hotspot\bin\java.exe
0x00007fff65490000 - 0x00007fff65688000 	C:\WINDOWS\SYSTEM32\ntdll.dll
0x00007fff65190000 - 0x00007fff6524f000 	C:\WINDOWS\System32\KERNEL32.DLL
0x00007fff62ec0000 - 0x00007fff63192000 	C:\WINDOWS\System32\KERNELBASE.dll
0x00007fff631a0000 - 0x00007fff632a0000 	C:\WINDOWS\System32\ucrtbase.dll
0x00007ffedb990000 - 0x00007ffedb9a7000 	C:\Program Files\Microsoft\jdk-11.0.16.101-hotspot\bin\jli.dll
0x00007ffedb970000 - 0x00007ffedb985000 	C:\Program Files\Microsoft\jdk-11.0.16.101-hotspot\bin\VCRUNTIME140.dll
0x00007fff64c10000 - 0x00007fff64db1000 	C:\WINDOWS\System32\USER32.dll
0x00007fff62b80000 - 0x00007fff62ba2000 	C:\WINDOWS\System32\win32u.dll
0x00007fff63f40000 - 0x00007fff63f6b000 	C:\WINDOWS\System32\GDI32.dll
0x00007fff51460000 - 0x00007fff516fa000 	C:\WINDOWS\WinSxS\amd64_microsoft.windows.common-controls_6595b64144ccf1df_6.0.19041.1110_none_60b5254171f9507e\COMCTL32.dll
0x00007fff633c0000 - 0x00007fff634cf000 	C:\WINDOWS\System32\gdi32full.dll
0x00007fff63f80000 - 0x00007fff6401e000 	C:\WINDOWS\System32\msvcrt.dll
0x00007fff62be0000 - 0x00007fff62c7d000 	C:\WINDOWS\System32\msvcp_win.dll
0x00007fff63f00000 - 0x00007fff63f32000 	C:\WINDOWS\System32\IMM32.DLL
0x00007ffedb8a0000 - 0x00007ffedb93b000 	C:\Program Files\Microsoft\jdk-11.0.16.101-hotspot\bin\msvcp140.dll
0x00007ffedad10000 - 0x00007ffedb89a000 	C:\Program Files\Microsoft\jdk-11.0.16.101-hotspot\bin\server\jvm.dll
0x00007fff63660000 - 0x00007fff6370e000 	C:\WINDOWS\System32\ADVAPI32.dll
0x00007fff65300000 - 0x00007fff6539c000 	C:\WINDOWS\System32\sechost.dll
0x00007fff63530000 - 0x00007fff63655000 	C:\WINDOWS\System32\RPCRT4.dll
0x00007fff63f70000 - 0x00007fff63f78000 	C:\WINDOWS\System32\PSAPI.DLL
0x00007fff5cc20000 - 0x00007fff5cc29000 	C:\WINDOWS\SYSTEM32\WSOCK32.dll
0x00007fff65120000 - 0x00007fff6518b000 	C:\WINDOWS\System32\WS2_32.dll
0x00007fff52ea0000 - 0x00007fff52ec7000 	C:\WINDOWS\SYSTEM32\WINMM.dll
0x00007fff5a9b0000 - 0x00007fff5a9ba000 	C:\WINDOWS\SYSTEM32\VERSION.dll
0x00007fff61400000 - 0x00007fff61412000 	C:\WINDOWS\SYSTEM32\kernel.appcore.dll
0x00007fff37e90000 - 0x00007fff37ea0000 	C:\Program Files\Microsoft\jdk-11.0.16.101-hotspot\bin\verify.dll
0x00007fff58670000 - 0x00007fff58854000 	C:\WINDOWS\SYSTEM32\DBGHELP.DLL
0x00007fff4df30000 - 0x00007fff4df65000 	C:\WINDOWS\SYSTEM32\dbgcore.DLL
0x00007fff62cd0000 - 0x00007fff62d52000 	C:\WINDOWS\System32\bcryptPrimitives.dll
0x00007ffedace0000 - 0x00007ffedad08000 	C:\Program Files\Microsoft\jdk-11.0.16.101-hotspot\bin\java.dll
0x00007fff1a270000 - 0x00007fff1a27a000 	C:\Program Files\Microsoft\jdk-11.0.16.101-hotspot\bin\jimage.dll
0x00007ffedacc0000 - 0x00007ffedacd8000 	C:\Program Files\Microsoft\jdk-11.0.16.101-hotspot\bin\zip.dll
0x00007fff637b0000 - 0x00007fff63ef4000 	C:\WINDOWS\System32\SHELL32.dll
0x00007fff60c20000 - 0x00007fff613b2000 	C:\WINDOWS\SYSTEM32\windows.storage.dll
0x00007fff640a0000 - 0x00007fff643f5000 	C:\WINDOWS\System32\combase.dll
0x00007fff625e0000 - 0x00007fff62610000 	C:\WINDOWS\SYSTEM32\Wldp.dll
0x00007fff65250000 - 0x00007fff652fd000 	C:\WINDOWS\System32\SHCORE.dll
0x00007fff634d0000 - 0x00007fff63525000 	C:\WINDOWS\System32\shlwapi.dll
0x00007fff62ac0000 - 0x00007fff62adf000 	C:\WINDOWS\SYSTEM32\profapi.dll
0x00007ffedaca0000 - 0x00007ffedacb9000 	C:\Program Files\Microsoft\jdk-11.0.16.101-hotspot\bin\net.dll
0x00007fff59260000 - 0x00007fff5936c000 	C:\WINDOWS\SYSTEM32\WINHTTP.dll
0x00007fff62340000 - 0x00007fff623aa000 	C:\WINDOWS\system32\mswsock.dll
0x00007ffedac80000 - 0x00007ffedac93000 	C:\Program Files\Microsoft\jdk-11.0.16.101-hotspot\bin\nio.dll

dbghelp: loaded successfully - version: 4.0.5 - missing functions: none
symbol engine: initialized successfully - sym options: 0x614 - pdb path: .;C:\Program Files\Microsoft\jdk-11.0.16.101-hotspot\bin;C:\WINDOWS\SYSTEM32;C:\WINDOWS\WinSxS\amd64_microsoft.windows.common-controls_6595b64144ccf1df_6.0.19041.1110_none_60b5254171f9507e;C:\Program Files\Microsoft\jdk-11.0.16.101-hotspot\bin\server

VM Arguments:
jvm_args: -Xmx64m -Xms64m -Dorg.gradle.appname=gradlew 
java_command: org.gradle.wrapper.GradleWrapperMain app:installDebug -PreactNativeDevServerPort=8081
java_class_path (initial): C:\Users\Andrea\Desktop\AppAlternanza\AppAlessio\android\\gradle\wrapper\gradle-wrapper.jar
Launcher Type: SUN_STANDARD

[Global flags]
     intx CICompilerCount                          = 4                                         {product} {ergonomic}
     uint ConcGCThreads                            = 2                                         {product} {ergonomic}
     uint G1ConcRefinementThreads                  = 8                                         {product} {ergonomic}
   size_t G1HeapRegionSize                         = 1048576                                   {product} {ergonomic}
    uintx GCDrainStackTargetSize                   = 64                                        {product} {ergonomic}
   size_t InitialHeapSize                          = 67108864                                  {product} {command line}
   size_t MarkStackSize                            = 4194304                                   {product} {ergonomic}
   size_t MaxHeapSize                              = 67108864                                  {product} {command line}
   size_t MaxNewSize                               = 39845888                                  {product} {ergonomic}
   size_t MinHeapDeltaBytes                        = 1048576                                   {product} {ergonomic}
    uintx NonNMethodCodeHeapSize                   = 5836300                                {pd product} {ergonomic}
    uintx NonProfiledCodeHeapSize                  = 122910970                              {pd product} {ergonomic}
    uintx ProfiledCodeHeapSize                     = 122910970                              {pd product} {ergonomic}
    uintx ReservedCodeCacheSize                    = 251658240                              {pd product} {ergonomic}
     bool SegmentedCodeCache                       = true                                      {product} {ergonomic}
     bool UseCompressedClassPointers               = true                                 {lp64_product} {ergonomic}
     bool UseCompressedOops                        = true                                 {lp64_product} {ergonomic}
     bool UseG1GC                                  = true                                      {product} {ergonomic}
     bool UseLargePagesIndividualAllocation        = false                                  {pd product} {ergonomic}

Logging:
Log output configuration:
 #0: stdout all=warning uptime,level,tags
 #1: stderr all=off uptime,level,tags

Environment Variables:
JAVA_HOME=C:\Program Files\Microsoft\jdk-11.0.16.101-hotspot\
CLASSPATH=C:\Users\Andrea\Desktop\AppAlternanza\AppAlessio\android\\gradle\wrapper\gradle-wrapper.jar
PATH=C:\Users\Andrea\Desktop\AppAlternanza\AppAlessio\android\node_modules\.bin;C:\Users\Andrea\Desktop\AppAlternanza\AppAlessio\node_modules\.bin;C:\Users\Andrea\Desktop\AppAlternanza\node_modules\.bin;C:\Users\Andrea\Desktop\node_modules\.bin;C:\Users\Andrea\node_modules\.bin;C:\Users\node_modules\.bin;C:\node_modules\.bin;C:\Program Files\nodejs;C:\Users\Andrea\Desktop\AppAlternanza\AppAlessio\node_modules\.bin;C:\Users\Andrea\Desktop\AppAlternanza\AppAlessio\node_modules\.bin;C:\Users\Andrea\Desktop\AppAlternanza\node_modules\.bin;C:\Users\Andrea\Desktop\node_modules\.bin;C:\Users\Andrea\node_modules\.bin;C:\Users\node_modules\.bin;C:\node_modules\.bin;C:\Users\Andrea\AppData\Roaming\npm\node_modules\npm\node_modules\@npmcli\run-script\lib\node-gyp-bin;C:\Users\Andrea\Desktop\AppAlternanza\AppAlessio\node_modules\.bin;C:\Users\Andrea\Desktop\AppAlternanza\node_modules\.bin;C:\Users\Andrea\Desktop\node_modules\.bin;C:\Users\Andrea\node_modules\.bin;C:\Users\node_modules\.bin;C:\node_modules\.bin;C:\Program Files\nodejs;C:\Users\Andrea\Desktop\AppAlternanza\AppAlessio\node_modules\react-native\scripts\node_modules\.bin;C:\Users\Andrea\Desktop\AppAlternanza\AppAlessio\node_modules\react-native\node_modules\.bin;C:\Users\Andrea\Desktop\AppAlternanza\AppAlessio\node_modules\node_modules\.bin;C:\Users\Andrea\Desktop\AppAlternanza\AppAlessio\node_modules\.bin;C:\Users\Andrea\Desktop\AppAlternanza\node_modules\.bin;C:\Users\Andrea\Desktop\node_modules\.bin;C:\Users\Andrea\node_modules\.bin;C:\Users\node_modules\.bin;C:\node_modules\.bin;C:\Program Files\nodejs;C:\Users\Andrea\Desktop\AppAlternanza\AppAlessio\node_modules\.bin;C:\Users\Andrea\Desktop\AppAlternanza\AppAlessio\node_modules\.bin;C:\Users\Andrea\Desktop\AppAlternanza\node_modules\.bin;C:\Users\Andrea\Desktop\node_modules\.bin;C:\Users\Andrea\node_modules\.bin;C:\Users\node_modules\.bin;C:\node_modules\.bin;C:\Users\Andrea\AppData\Roaming\npm\node_modules\npm\node_modules\@npmcli\run-script\lib\node-gyp-bin;C:\P
USERNAME=Andrea
LANG=en_US.UTF-8
OS=Windows_NT
PROCESSOR_IDENTIFIER=Intel64 Family 6 Model 60 Stepping 3, GenuineIntel
TMP=C:\Users\Andrea\AppData\Local\Temp
TEMP=C:\Users\Andrea\AppData\Local\Temp



---------------  S Y S T E M  ---------------

OS: Windows 10 , 64 bit Build 19041 (10.0.19041.2364)
OS uptime: 0 days 17:28 hours

CPU:total 8 (initial active 8) (4 cores per cpu, 2 threads per core) family 6 model 60 stepping 3 microcode 0x27, cmov, cx8, fxsr, mmx, sse, sse2, sse3, ssse3, sse4.1, sse4.2, popcnt, avx, avx2, aes, clmul, erms, lzcnt, ht, tsc, tscinvbit, bmi1, bmi2, fma

Memory: 4k page, system-wide physical 16267M (2629M free)
TotalPageFile size 17291M (AvailPageFile size 1M)
current process WorkingSet (physical memory assigned to process): 45M, peak: 45M
current process commit charge ("private bytes"): 144M, peak: 144M

vm_info: OpenJDK 64-Bit Server VM (11.0.16.1+1-LTS) for windows-amd64 JRE (11.0.16.1+1-LTS), built on Aug 20 2022 20:09:04 by "" with MS VC++ 15.9 (VS2017)

END.
