#
# There is insufficient memory for the Java Runtime Environment to continue.
# Native memory allocation (malloc) failed to allocate 1041616 bytes for Chunk::new
# Possible reasons:
#   The system is out of physical RAM or swap space
#   The process is running with CompressedOops enabled, and the Java Heap may be blocking the growth of the native heap
# Possible solutions:
#   Reduce memory load on the system
#   Increase physical memory or swap space
#   Check if swap backing store is full
#   Decrease Java heap size (-Xmx/-Xms)
#   Decrease number of Java threads
#   Decrease Java thread stack sizes (-Xss)
#   Set larger code cache with -XX:ReservedCodeCacheSize=
#   JVM is running with Unscaled Compressed Oops mode in which the Java heap is
#     placed in the first 4GB address space. The Java Heap base address is the
#     maximum limit for the native heap growth. Please use -XX:HeapBaseMinAddress
#     to set the Java Heap base and to place the Java Heap above 4GB virtual address.
# This output file may be truncated or incomplete.
#
#  Out of Memory Error (./src/hotspot/share/memory/arena.cpp:197), pid=25824, tid=9008
#
# JRE version: OpenJDK Runtime Environment Microsoft-40648 (11.0.16.1+1) (build 11.0.16.1+1-LTS)
# Java VM: OpenJDK 64-Bit Server VM Microsoft-40648 (11.0.16.1+1-LTS, mixed mode, tiered, compressed oops, g1 gc, windows-amd64)
# No core dump will be written. Minidumps are not enabled by default on client versions of Windows
#

---------------  S U M M A R Y ------------

Command Line: -XX:MaxMetaspaceSize=512m --add-opens=java.base/java.util=ALL-UNNAMED --add-opens=java.base/java.lang=ALL-UNNAMED --add-opens=java.base/java.lang.invoke=ALL-UNNAMED --add-opens=java.base/java.util=ALL-UNNAMED --add-opens=java.prefs/java.util.prefs=ALL-UNNAMED --add-opens=java.prefs/java.util.prefs=ALL-UNNAMED --add-opens=java.base/java.nio.charset=ALL-UNNAMED --add-opens=java.base/java.net=ALL-UNNAMED --add-opens=java.base/java.util.concurrent.atomic=ALL-UNNAMED -Xmx2048m -Dfile.encoding=windows-1252 -Duser.country=IT -Duser.language=it -Duser.variant org.gradle.launcher.daemon.bootstrap.GradleDaemon 7.5.1

Host: Intel(R) Core(TM) i7-4720HQ CPU @ 2.60GHz, 8 cores, 15G,  Windows 10 , 64 bit Build 19041 (10.0.19041.2364)
Time: Wed Feb  1 09:34:22 2023 ora solare Europa occidentale elapsed time: 31.495273 seconds (0d 0h 0m 31s)

---------------  T H R E A D  ---------------

Current thread (0x0000023cba8ff800):  JavaThread "C2 CompilerThread0" daemon [_thread_in_native, id=9008, stack(0x0000008680d00000,0x0000008680e00000)]


Current CompileTask:
C2:  31495 8241   !   4       java.util.jar.Attributes::read (354 bytes)

Stack: [0x0000008680d00000,0x0000008680e00000]
Native frames: (J=compiled Java code, j=interpreted, Vv=VM code, C=native code)
V  [jvm.dll+0x62652a]
V  [jvm.dll+0x7b3249]
V  [jvm.dll+0x7b4938]
V  [jvm.dll+0x7b5013]
V  [jvm.dll+0x24fca8]
V  [jvm.dll+0xc262c]
V  [jvm.dll+0xc2bec]
V  [jvm.dll+0x359e77]
V  [jvm.dll+0x326003]
V  [jvm.dll+0x32533a]
V  [jvm.dll+0x208fd5]
V  [jvm.dll+0x2080fd]
V  [jvm.dll+0x18a411]
V  [jvm.dll+0x217954]
V  [jvm.dll+0x215b9b]
V  [jvm.dll+0x775d50]
V  [jvm.dll+0x76ec84]
V  [jvm.dll+0x625395]
C  [ucrtbase.dll+0x21bb2]
C  [KERNEL32.DLL+0x17614]
C  [ntdll.dll+0x526a1]


---------------  P R O C E S S  ---------------

Threads class SMR info:
_java_thread_list=0x0000023cc00b2c20, length=136, elements={
0x0000023c98fd6000, 0x0000023cba07c800, 0x0000023cba07e000, 0x0000023cba8f9000,
0x0000023cba8fd000, 0x0000023cba8fe800, 0x0000023cba8ff800, 0x0000023cba901800,
0x0000023cba906800, 0x0000023cbaa71000, 0x0000023cbcdf2800, 0x0000023cbbd2c000,
0x0000023cbce60800, 0x0000023cbcdf2000, 0x0000023cbcfb6800, 0x0000023cbcee1000,
0x0000023cbc402000, 0x0000023cbac52000, 0x0000023cbac53800, 0x0000023cbaef7000,
0x0000023cbc00a800, 0x0000023cbc007800, 0x0000023cbc00c000, 0x0000023cbc00b800,
0x0000023cbc00d000, 0x0000023cbc00e000, 0x0000023cbc009800, 0x0000023cbc009000,
0x0000023cbc008000, 0x0000023cbe520800, 0x0000023cbe51d800, 0x0000023cbe51b000,
0x0000023cbe51f000, 0x0000023cbe520000, 0x0000023cbe51c800, 0x0000023cbe526800,
0x0000023cbe524800, 0x0000023cbe525800, 0x0000023cbe527000, 0x0000023cbe521800,
0x0000023cbe528000, 0x0000023cbe522000, 0x0000023cbe524000, 0x0000023cbe529000,
0x0000023cbe523000, 0x0000023cbe529800, 0x0000023cc03dc800, 0x0000023cc03db800,
0x0000023cc03dd800, 0x0000023cc03d7800, 0x0000023cc03de000, 0x0000023cc03d8800,
0x0000023cc03df000, 0x0000023cc03d9000, 0x0000023cc03db000, 0x0000023cc03e0000,
0x0000023cc03da000, 0x0000023cc03e6800, 0x0000023cc03e4000, 0x0000023cc03e4800,
0x0000023cc03e5800, 0x0000023cc03e2000, 0x0000023cc03e3000, 0x0000023cc03e0800,
0x0000023cc03e1800, 0x0000023cbd057800, 0x0000023cbd05a800, 0x0000023cbd05b800,
0x0000023cbd056800, 0x0000023cbd05d000, 0x0000023cbd05e000, 0x0000023cbd05a000,
0x0000023cbd05c800, 0x0000023cbd058800, 0x0000023cbd05f000, 0x0000023cbd059000,
0x0000023cbd064800, 0x0000023cc24b7800, 0x0000023cbd063000, 0x0000023cbd063800,
0x0000023cbd05f800, 0x0000023cbd060800, 0x0000023cbd061800, 0x0000023cbd065800,
0x0000023cbd062000, 0x0000023cc0548000, 0x0000023cc0547000, 0x0000023cc0544800,
0x0000023cc0544000, 0x0000023cc0543000, 0x0000023cc054b800, 0x0000023cc0549800,
0x0000023cc0549000, 0x0000023cc054a800, 0x0000023cc0545800, 0x0000023cc054c000,
0x0000023cc0546800, 0x0000023cc054d800, 0x0000023cc054d000, 0x0000023cc054e800,
0x0000023cc0550000, 0x0000023cc0551000, 0x0000023cc054f800, 0x0000023cc0552000,
0x0000023cc073e000, 0x0000023cc0742000, 0x0000023cc073e800, 0x0000023cc073f800,
0x0000023cc0740800, 0x0000023cc073d000, 0x0000023cc073c000, 0x0000023cc0745000,
0x0000023cc0743000, 0x0000023cc0743800, 0x0000023cc0744800, 0x0000023cc0746000,
0x0000023cc0741000, 0x0000023cc0749800, 0x0000023cc0748800, 0x0000023cc0747800,
0x0000023cc0747000, 0x0000023cc074a000, 0x0000023cc074b000, 0x0000023cbe397000,
0x0000023cbe39d800, 0x0000023cbe39c000, 0x0000023cbe399800, 0x0000023cbe397800,
0x0000023cbe39e000, 0x0000023cbe39a000, 0x0000023cbe39c800, 0x0000023cbe398800,
0x0000023cbe39f000, 0x0000023cbe39b000, 0x0000023cbe3a0000, 0x0000023cc1f21800
}

Java Threads: ( => current thread )
  0x0000023c98fd6000 JavaThread "main" [_thread_blocked, id=14428, stack(0x0000008680100000,0x0000008680200000)]
  0x0000023cba07c800 JavaThread "Reference Handler" daemon [_thread_blocked, id=11460, stack(0x0000008680800000,0x0000008680900000)]
  0x0000023cba07e000 JavaThread "Finalizer" daemon [_thread_blocked, id=21260, stack(0x0000008680900000,0x0000008680a00000)]
  0x0000023cba8f9000 JavaThread "Signal Dispatcher" daemon [_thread_blocked, id=26540, stack(0x0000008680a00000,0x0000008680b00000)]
  0x0000023cba8fd000 JavaThread "Attach Listener" daemon [_thread_blocked, id=17724, stack(0x0000008680b00000,0x0000008680c00000)]
  0x0000023cba8fe800 JavaThread "Service Thread" daemon [_thread_blocked, id=11728, stack(0x0000008680c00000,0x0000008680d00000)]
=>0x0000023cba8ff800 JavaThread "C2 CompilerThread0" daemon [_thread_in_native, id=9008, stack(0x0000008680d00000,0x0000008680e00000)]
  0x0000023cba901800 JavaThread "C1 CompilerThread0" daemon [_thread_in_native, id=22148, stack(0x0000008680e00000,0x0000008680f00000)]
  0x0000023cba906800 JavaThread "Sweeper thread" daemon [_thread_blocked, id=26448, stack(0x0000008680f00000,0x0000008681000000)]
  0x0000023cbaa71000 JavaThread "Common-Cleaner" daemon [_thread_blocked, id=25792, stack(0x0000008681000000,0x0000008681100000)]
  0x0000023cbcdf2800 JavaThread "Daemon health stats" [_thread_blocked, id=3140, stack(0x0000008681900000,0x0000008681a00000)]
  0x0000023cbbd2c000 JavaThread "Incoming local TCP Connector on port 1680" [_thread_in_native, id=6440, stack(0x0000008681200000,0x0000008681300000)]
  0x0000023cbce60800 JavaThread "Daemon periodic checks" [_thread_blocked, id=7584, stack(0x0000008681800000,0x0000008681900000)]
  0x0000023cbcdf2000 JavaThread "Daemon" [_thread_blocked, id=7468, stack(0x0000008681a00000,0x0000008681b00000)]
  0x0000023cbcfb6800 JavaThread "Handler for socket connection from /127.0.0.1:1680 to /127.0.0.1:1681" [_thread_in_native, id=8368, stack(0x0000008681b00000,0x0000008681c00000)]
  0x0000023cbcee1000 JavaThread "Cancel handler" [_thread_blocked, id=7900, stack(0x0000008681c00000,0x0000008681d00000)]
  0x0000023cbc402000 JavaThread "Daemon worker" [_thread_in_Java, id=5564, stack(0x0000008681d00000,0x0000008681e00000)]
  0x0000023cbac52000 JavaThread "Asynchronous log dispatcher for DefaultDaemonConnection: socket connection from /127.0.0.1:1680 to /127.0.0.1:1681" [_thread_blocked, id=24964, stack(0x0000008681e00000,0x0000008681f00000)]
  0x0000023cbac53800 JavaThread "Stdin handler" [_thread_blocked, id=11788, stack(0x0000008681f00000,0x0000008682000000)]
  0x0000023cbaef7000 JavaThread "Daemon client event forwarder" [_thread_blocked, id=5288, stack(0x0000008682000000,0x0000008682100000)]
  0x0000023cbc00a800 JavaThread "Cache worker for journal cache (C:\Users\Andrea\.gradle\caches\journal-1)" [_thread_blocked, id=25076, stack(0x0000008682100000,0x0000008682200000)]
  0x0000023cbc007800 JavaThread "File lock request listener" [_thread_in_native, id=3044, stack(0x0000008682200000,0x0000008682300000)]
  0x0000023cbc00c000 JavaThread "Cache worker for file hash cache (C:\Users\Andrea\.gradle\caches\7.5.1\fileHashes)" [_thread_blocked, id=7916, stack(0x0000008682500000,0x0000008682600000)]
  0x0000023cbc00b800 JavaThread "File watcher server" daemon [_thread_in_native, id=23544, stack(0x0000008682800000,0x0000008682900000)]
  0x0000023cbc00d000 JavaThread "File watcher consumer" daemon [_thread_blocked, id=25004, stack(0x0000008682900000,0x0000008682a00000)]
  0x0000023cbc00e000 JavaThread "Cache worker for checksums cache (C:\Users\Andrea\Desktop\AppAlternanza\AppAlessio\android\.gradle\7.5.1\checksums)" [_thread_blocked, id=2696, stack(0x0000008682700000,0x0000008682800000)]
  0x0000023cbc009800 JavaThread "Cache worker for cache directory md-rule (C:\Users\Andrea\.gradle\caches\7.5.1\md-rule)" [_thread_blocked, id=14752, stack(0x0000008682a00000,0x0000008682b00000)]
  0x0000023cbc009000 JavaThread "Cache worker for file content cache (C:\Users\Andrea\.gradle\caches\7.5.1\fileContent)" [_thread_blocked, id=2948, stack(0x0000008682b00000,0x0000008682c00000)]
  0x0000023cbc008000 JavaThread "Cache worker for file hash cache (C:\Users\Andrea\Desktop\AppAlternanza\AppAlessio\android\.gradle\7.5.1\fileHashes)" [_thread_blocked, id=25752, stack(0x0000008682d00000,0x0000008682e00000)]
  0x0000023cbe520800 JavaThread "Cache worker for cache directory md-supplier (C:\Users\Andrea\.gradle\caches\7.5.1\md-supplier)" [_thread_blocked, id=25748, stack(0x0000008682e00000,0x0000008682f00000)]
  0x0000023cbe51d800 JavaThread "Cache worker for execution history cache (C:\Users\Andrea\.gradle\caches\7.5.1\executionHistory)" [_thread_blocked, id=23604, stack(0x0000008682f00000,0x0000008683000000)]
  0x0000023cbe51b000 JavaThread "jar transforms" [_thread_blocked, id=22836, stack(0x0000008683100000,0x0000008683200000)]
  0x0000023cbe51f000 JavaThread "jar transforms Thread 2" [_thread_blocked, id=8716, stack(0x0000008683200000,0x0000008683300000)]
  0x0000023cbe520000 JavaThread "jar transforms Thread 3" [_thread_blocked, id=20800, stack(0x0000008683000000,0x0000008683100000)]
  0x0000023cbe51c800 JavaThread "jar transforms Thread 4" [_thread_blocked, id=14764, stack(0x0000008683300000,0x0000008683400000)]
  0x0000023cbe526800 JavaThread "Cache worker for kotlin-dsl (C:\Users\Andrea\.gradle\caches\7.5.1\kotlin-dsl)" [_thread_blocked, id=22740, stack(0x0000008683500000,0x0000008683600000)]
  0x0000023cbe524800 JavaThread "jar transforms Thread 5" [_thread_blocked, id=16736, stack(0x0000008683600000,0x0000008683700000)]
  0x0000023cbe525800 JavaThread "jar transforms Thread 6" [_thread_blocked, id=4108, stack(0x0000008683700000,0x0000008683800000)]
  0x0000023cbe527000 JavaThread "Cache worker for dependencies-accessors (C:\Users\Andrea\Desktop\AppAlternanza\AppAlessio\android\.gradle\7.5.1\dependencies-accessors)" [_thread_blocked, id=13512, stack(0x0000008683800000,0x0000008683900000)]
  0x0000023cbe521800 JavaThread "Cache worker for Build Output Cleanup Cache (C:\Users\Andrea\Desktop\AppAlternanza\AppAlessio\node_modules\react-native-gradle-plugin\.gradle\buildOutputCleanup)" [_thread_blocked, id=9076, stack(0x0000008682c00000,0x0000008682d00000)]
  0x0000023cbe528000 JavaThread "jar transforms Thread 7" [_thread_blocked, id=10444, stack(0x0000008683400000,0x0000008683500000)]
  0x0000023cbe522000 JavaThread "Unconstrained build operations" [_thread_blocked, id=25772, stack(0x0000008683a00000,0x0000008683b00000)]
  0x0000023cbe524000 JavaThread "Unconstrained build operations Thread 2" [_thread_blocked, id=26564, stack(0x0000008683b00000,0x0000008683c00000)]
  0x0000023cbe529000 JavaThread "Unconstrained build operations Thread 3" [_thread_blocked, id=10020, stack(0x0000008683c00000,0x0000008683d00000)]
  0x0000023cbe523000 JavaThread "Unconstrained build operations Thread 4" [_thread_blocked, id=26080, stack(0x0000008683d00000,0x0000008683e00000)]
  0x0000023cbe529800 JavaThread "Unconstrained build operations Thread 5" [_thread_blocked, id=25764, stack(0x0000008683e00000,0x0000008683f00000)]
  0x0000023cc03dc800 JavaThread "Unconstrained build operations Thread 6" [_thread_blocked, id=23240, stack(0x0000008683f00000,0x0000008684000000)]
  0x0000023cc03db800 JavaThread "Unconstrained build operations Thread 7" [_thread_blocked, id=21660, stack(0x0000008684000000,0x0000008684100000)]
  0x0000023cc03dd800 JavaThread "Unconstrained build operations Thread 8" [_thread_blocked, id=26004, stack(0x0000008684100000,0x0000008684200000)]
  0x0000023cc03d7800 JavaThread "Unconstrained build operations Thread 9" [_thread_blocked, id=26580, stack(0x0000008684200000,0x0000008684300000)]
  0x0000023cc03de000 JavaThread "Unconstrained build operations Thread 10" [_thread_blocked, id=26584, stack(0x0000008684300000,0x0000008684400000)]
  0x0000023cc03d8800 JavaThread "Unconstrained build operations Thread 11" [_thread_blocked, id=26588, stack(0x0000008684400000,0x0000008684500000)]
  0x0000023cc03df000 JavaThread "Unconstrained build operations Thread 12" [_thread_blocked, id=26592, stack(0x0000008684500000,0x0000008684600000)]
  0x0000023cc03d9000 JavaThread "Unconstrained build operations Thread 13" [_thread_blocked, id=26424, stack(0x0000008684600000,0x0000008684700000)]
  0x0000023cc03db000 JavaThread "Unconstrained build operations Thread 14" [_thread_blocked, id=26300, stack(0x0000008684700000,0x0000008684800000)]
  0x0000023cc03e0000 JavaThread "Unconstrained build operations Thread 15" [_thread_blocked, id=26288, stack(0x0000008684800000,0x0000008684900000)]
  0x0000023cc03da000 JavaThread "Unconstrained build operations Thread 16" [_thread_blocked, id=26000, stack(0x0000008684900000,0x0000008684a00000)]
  0x0000023cc03e6800 JavaThread "Unconstrained build operations Thread 17" [_thread_blocked, id=24896, stack(0x0000008684a00000,0x0000008684b00000)]
  0x0000023cc03e4000 JavaThread "Unconstrained build operations Thread 18" [_thread_blocked, id=26460, stack(0x0000008684b00000,0x0000008684c00000)]
  0x0000023cc03e4800 JavaThread "Unconstrained build operations Thread 19" [_thread_blocked, id=25768, stack(0x0000008684c00000,0x0000008684d00000)]
  0x0000023cc03e5800 JavaThread "Unconstrained build operations Thread 20" [_thread_blocked, id=26600, stack(0x0000008684d00000,0x0000008684e00000)]
  0x0000023cc03e2000 JavaThread "Unconstrained build operations Thread 21" [_thread_blocked, id=1016, stack(0x0000008684e00000,0x0000008684f00000)]
  0x0000023cc03e3000 JavaThread "Unconstrained build operations Thread 22" [_thread_blocked, id=26016, stack(0x0000008684f00000,0x0000008685000000)]
  0x0000023cc03e0800 JavaThread "Unconstrained build operations Thread 23" [_thread_blocked, id=22748, stack(0x0000008685000000,0x0000008685100000)]
  0x0000023cc03e1800 JavaThread "Unconstrained build operations Thread 24" [_thread_blocked, id=6684, stack(0x0000008685100000,0x0000008685200000)]
  0x0000023cbd057800 JavaThread "Unconstrained build operations Thread 25" [_thread_blocked, id=26472, stack(0x0000008685200000,0x0000008685300000)]
  0x0000023cbd05a800 JavaThread "Unconstrained build operations Thread 26" [_thread_blocked, id=26596, stack(0x0000008685300000,0x0000008685400000)]
  0x0000023cbd05b800 JavaThread "Unconstrained build operations Thread 27" [_thread_blocked, id=24836, stack(0x0000008685400000,0x0000008685500000)]
  0x0000023cbd056800 JavaThread "Unconstrained build operations Thread 28" [_thread_blocked, id=26536, stack(0x0000008685500000,0x0000008685600000)]
  0x0000023cbd05d000 JavaThread "Unconstrained build operations Thread 29" [_thread_blocked, id=26516, stack(0x0000008685600000,0x0000008685700000)]
  0x0000023cbd05e000 JavaThread "Unconstrained build operations Thread 30" [_thread_blocked, id=26556, stack(0x0000008685700000,0x0000008685800000)]
  0x0000023cbd05a000 JavaThread "Unconstrained build operations Thread 31" [_thread_blocked, id=25996, stack(0x0000008685800000,0x0000008685900000)]
  0x0000023cbd05c800 JavaThread "Unconstrained build operations Thread 32" [_thread_blocked, id=26520, stack(0x0000008685900000,0x0000008685a00000)]
  0x0000023cbd058800 JavaThread "Unconstrained build operations Thread 33" [_thread_blocked, id=26140, stack(0x0000008685a00000,0x0000008685b00000)]
  0x0000023cbd05f000 JavaThread "jar transforms Thread 8" [_thread_blocked, id=26032, stack(0x0000008685b00000,0x0000008685c00000)]
  0x0000023cbd059000 JavaThread "build event listener" [_thread_blocked, id=25760, stack(0x0000008685c00000,0x0000008685d00000)]
  0x0000023cbd064800 JavaThread "Memory manager" [_thread_blocked, id=26496, stack(0x0000008685d00000,0x0000008685e00000)]
  0x0000023cc24b7800 JavaThread "C2 CompilerThread1" daemon [_thread_in_native, id=25256, stack(0x0000008683900000,0x0000008683a00000)]
  0x0000023cbd063000 JavaThread "Cache worker for Build Output Cleanup Cache (C:\Users\Andrea\Desktop\AppAlternanza\AppAlessio\android\.gradle\buildOutputCleanup)" [_thread_blocked, id=19656, stack(0x0000008685e00000,0x0000008685f00000)]
  0x0000023cbd063800 JavaThread "included builds" [_thread_blocked, id=8092, stack(0x0000008686000000,0x0000008686100000)]
  0x0000023cbd05f800 JavaThread "Execution worker" [_thread_blocked, id=11548, stack(0x0000008686100000,0x0000008686200000)]
  0x0000023cbd060800 JavaThread "Execution worker Thread 2" [_thread_blocked, id=22792, stack(0x0000008686200000,0x0000008686300000)]
  0x0000023cbd061800 JavaThread "Execution worker Thread 3" [_thread_blocked, id=24360, stack(0x0000008686300000,0x0000008686400000)]
  0x0000023cbd065800 JavaThread "Execution worker Thread 4" [_thread_blocked, id=9564, stack(0x0000008686400000,0x0000008686500000)]
  0x0000023cbd062000 JavaThread "Execution worker Thread 5" [_thread_blocked, id=15880, stack(0x0000008686500000,0x0000008686600000)]
  0x0000023cc0548000 JavaThread "Execution worker Thread 6" [_thread_blocked, id=24580, stack(0x0000008686600000,0x0000008686700000)]
  0x0000023cc0547000 JavaThread "Execution worker Thread 7" [_thread_blocked, id=7968, stack(0x0000008686700000,0x0000008686800000)]
  0x0000023cc0544800 JavaThread "Cache worker for execution history cache (C:\Users\Andrea\Desktop\AppAlternanza\AppAlessio\node_modules\react-native-gradle-plugin\.gradle\7.5.1\executionHistory)" [_thread_blocked, id=25144, stack(0x0000008686800000,0x0000008686900000)]
  0x0000023cc0544000 JavaThread "Unconstrained build operations Thread 34" [_thread_blocked, id=24700, stack(0x0000008686900000,0x0000008686a00000)]
  0x0000023cc0543000 JavaThread "Unconstrained build operations Thread 35" [_thread_blocked, id=19048, stack(0x0000008686a00000,0x0000008686b00000)]
  0x0000023cc054b800 JavaThread "Unconstrained build operations Thread 36" [_thread_blocked, id=25480, stack(0x0000008686b00000,0x0000008686c00000)]
  0x0000023cc0549800 JavaThread "Unconstrained build operations Thread 37" [_thread_blocked, id=1984, stack(0x0000008686c00000,0x0000008686d00000)]
  0x0000023cc0549000 JavaThread "Unconstrained build operations Thread 38" [_thread_blocked, id=6084, stack(0x0000008686d00000,0x0000008686e00000)]
  0x0000023cc054a800 JavaThread "Unconstrained build operations Thread 39" [_thread_blocked, id=20500, stack(0x0000008686e00000,0x0000008686f00000)]
  0x0000023cc0545800 JavaThread "Unconstrained build operations Thread 40" [_thread_blocked, id=25484, stack(0x0000008686f00000,0x0000008687000000)]
  0x0000023cc054c000 JavaThread "Unconstrained build operations Thread 41" [_thread_blocked, id=9348, stack(0x0000008687000000,0x0000008687100000)]
  0x0000023cc0546800 JavaThread "Unconstrained build operations Thread 42" [_thread_blocked, id=6604, stack(0x0000008687100000,0x0000008687200000)]
  0x0000023cc054d800 JavaThread "Unconstrained build operations Thread 43" [_thread_blocked, id=13392, stack(0x0000008687200000,0x0000008687300000)]
  0x0000023cc054d000 JavaThread "Unconstrained build operations Thread 44" [_thread_blocked, id=12096, stack(0x0000008687300000,0x0000008687400000)]
  0x0000023cc054e800 JavaThread "Unconstrained build operations Thread 45" [_thread_blocked, id=22892, stack(0x0000008687400000,0x0000008687500000)]
  0x0000023cc0550000 JavaThread "Unconstrained build operations Thread 46" [_thread_blocked, id=21632, stack(0x0000008687500000,0x0000008687600000)]
  0x0000023cc0551000 JavaThread "Unconstrained build operations Thread 47" [_thread_blocked, id=8392, stack(0x0000008687600000,0x0000008687700000)]
  0x0000023cc054f800 JavaThread "Unconstrained build operations Thread 48" [_thread_blocked, id=15388, stack(0x0000008687700000,0x0000008687800000)]
  0x0000023cc0552000 JavaThread "Unconstrained build operations Thread 49" [_thread_blocked, id=24816, stack(0x0000008687800000,0x0000008687900000)]
  0x0000023cc073e000 JavaThread "Unconstrained build operations Thread 50" [_thread_blocked, id=25012, stack(0x0000008687900000,0x0000008687a00000)]
  0x0000023cc0742000 JavaThread "Unconstrained build operations Thread 51" [_thread_blocked, id=25228, stack(0x0000008687a00000,0x0000008687b00000)]
  0x0000023cc073e800 JavaThread "Unconstrained build operations Thread 52" [_thread_blocked, id=16868, stack(0x0000008687b00000,0x0000008687c00000)]
  0x0000023cc073f800 JavaThread "Unconstrained build operations Thread 53" [_thread_blocked, id=9896, stack(0x0000008687c00000,0x0000008687d00000)]
  0x0000023cc0740800 JavaThread "Unconstrained build operations Thread 54" [_thread_blocked, id=12756, stack(0x0000008687d00000,0x0000008687e00000)]
  0x0000023cc073d000 JavaThread "Unconstrained build operations Thread 55" [_thread_blocked, id=25268, stack(0x0000008685f00000,0x0000008686000000)]
  0x0000023cc073c000 JavaThread "Unconstrained build operations Thread 56" [_thread_blocked, id=25488, stack(0x0000008687e00000,0x0000008687f00000)]
  0x0000023cc0745000 JavaThread "Unconstrained build operations Thread 57" [_thread_blocked, id=25492, stack(0x0000008687f00000,0x0000008688000000)]
  0x0000023cc0743000 JavaThread "Unconstrained build operations Thread 58" [_thread_blocked, id=20924, stack(0x0000008688000000,0x0000008688100000)]
  0x0000023cc0743800 JavaThread "Unconstrained build operations Thread 59" [_thread_blocked, id=24208, stack(0x0000008688100000,0x0000008688200000)]
  0x0000023cc0744800 JavaThread "Unconstrained build operations Thread 60" [_thread_blocked, id=12216, stack(0x0000008688200000,0x0000008688300000)]
  0x0000023cc0746000 JavaThread "Unconstrained build operations Thread 61" [_thread_blocked, id=6820, stack(0x0000008688300000,0x0000008688400000)]
  0x0000023cc0741000 JavaThread "Unconstrained build operations Thread 62" [_thread_blocked, id=25272, stack(0x0000008688400000,0x0000008688500000)]
  0x0000023cc0749800 JavaThread "Unconstrained build operations Thread 63" [_thread_blocked, id=3124, stack(0x0000008688500000,0x0000008688600000)]
  0x0000023cc0748800 JavaThread "Unconstrained build operations Thread 64" [_thread_blocked, id=13560, stack(0x0000008688600000,0x0000008688700000)]
  0x0000023cc0747800 JavaThread "Unconstrained build operations Thread 65" [_thread_blocked, id=24080, stack(0x0000008688700000,0x0000008688800000)]
  0x0000023cc0747000 JavaThread "Unconstrained build operations Thread 66" [_thread_blocked, id=22684, stack(0x0000008688800000,0x0000008688900000)]
  0x0000023cc074a000 JavaThread "Unconstrained build operations Thread 67" [_thread_blocked, id=25508, stack(0x0000008688900000,0x0000008688a00000)]
  0x0000023cc074b000 JavaThread "Unconstrained build operations Thread 68" [_thread_blocked, id=25500, stack(0x0000008688a00000,0x0000008688b00000)]
  0x0000023cbe397000 JavaThread "Unconstrained build operations Thread 69" [_thread_blocked, id=496, stack(0x0000008688b00000,0x0000008688c00000)]
  0x0000023cbe39d800 JavaThread "Unconstrained build operations Thread 70" [_thread_blocked, id=14364, stack(0x0000008688c00000,0x0000008688d00000)]
  0x0000023cbe39c000 JavaThread "Unconstrained build operations Thread 71" [_thread_blocked, id=14824, stack(0x0000008688d00000,0x0000008688e00000)]
  0x0000023cbe399800 JavaThread "Unconstrained build operations Thread 72" [_thread_blocked, id=19816, stack(0x0000008688e00000,0x0000008688f00000)]
  0x0000023cbe397800 JavaThread "Unconstrained build operations Thread 73" [_thread_blocked, id=6572, stack(0x0000008688f00000,0x0000008689000000)]
  0x0000023cbe39e000 JavaThread "Unconstrained build operations Thread 74" [_thread_blocked, id=25528, stack(0x0000008689000000,0x0000008689100000)]
  0x0000023cbe39a000 JavaThread "Unconstrained build operations Thread 75" [_thread_blocked, id=25496, stack(0x0000008689100000,0x0000008689200000)]
  0x0000023cbe39c800 JavaThread "Unconstrained build operations Thread 76" [_thread_blocked, id=20256, stack(0x0000008689200000,0x0000008689300000)]
  0x0000023cbe398800 JavaThread "Unconstrained build operations Thread 77" [_thread_blocked, id=15960, stack(0x0000008689300000,0x0000008689400000)]
  0x0000023cbe39f000 JavaThread "Unconstrained build operations Thread 78" [_thread_blocked, id=20336, stack(0x0000008689400000,0x0000008689500000)]
  0x0000023cbe39b000 JavaThread "Unconstrained build operations Thread 79" [_thread_blocked, id=19220, stack(0x0000008689500000,0x0000008689600000)]
  0x0000023cbe3a0000 JavaThread "Unconstrained build operations Thread 80" [_thread_blocked, id=19472, stack(0x0000008689600000,0x0000008689700000)]
  0x0000023cc1f21800 JavaThread "C2 CompilerThread2" daemon [_thread_in_native, id=1244, stack(0x0000008689700000,0x0000008689800000)]

Other Threads:
  0x0000023cba067000 VMThread "VM Thread" [stack: 0x0000008680700000,0x0000008680800000] [id=11288]
  0x0000023cbaaa3000 WatcherThread [stack: 0x0000008681100000,0x0000008681200000] [id=26096]
  0x0000023c98fee800 GCTaskThread "GC Thread#0" [stack: 0x0000008680200000,0x0000008680300000] [id=19836]
  0x0000023cbb802800 GCTaskThread "GC Thread#1" [stack: 0x0000008681300000,0x0000008681400000] [id=23672]
  0x0000023cbb861800 GCTaskThread "GC Thread#2" [stack: 0x0000008681400000,0x0000008681500000] [id=21388]
  0x0000023cbb862000 GCTaskThread "GC Thread#3" [stack: 0x0000008681500000,0x0000008681600000] [id=23504]
  0x0000023cbb87f800 GCTaskThread "GC Thread#4" [stack: 0x0000008681600000,0x0000008681700000] [id=14676]
  0x0000023cbb880000 GCTaskThread "GC Thread#5" [stack: 0x0000008681700000,0x0000008681800000] [id=17908]
  0x0000023cbae5d800 GCTaskThread "GC Thread#6" [stack: 0x0000008682300000,0x0000008682400000] [id=5304]
  0x0000023cbae5a800 GCTaskThread "GC Thread#7" [stack: 0x0000008682400000,0x0000008682500000] [id=19168]
  0x0000023c9901f800 ConcurrentGCThread "G1 Main Marker" [stack: 0x0000008680300000,0x0000008680400000] [id=12968]
  0x0000023c99020800 ConcurrentGCThread "G1 Conc#0" [stack: 0x0000008680400000,0x0000008680500000] [id=24664]
  0x0000023cbcdc6000 ConcurrentGCThread "G1 Conc#1" [stack: 0x0000008682600000,0x0000008682700000] [id=18144]
  0x0000023c990ae000 ConcurrentGCThread "G1 Refine#0" [stack: 0x0000008680500000,0x0000008680600000] [id=19240]
  0x0000023cb9efe800 ConcurrentGCThread "G1 Young RemSet Sampling" [stack: 0x0000008680600000,0x0000008680700000] [id=16172]

Threads with active compile tasks:
C2 CompilerThread0    31543 8241   !   4       java.util.jar.Attributes::read (354 bytes)
C2 CompilerThread1    31543 8313       4       java.lang.Character::isWhitespace (5 bytes)
C2 CompilerThread2    31543 8180       4       org.gradle.internal.service.DefaultServiceRegistry$ClassInspector$ClassDetails::collectTypes (63 bytes)

VM state:not at safepoint (normal execution)

VM Mutex/Monitor currently owned by a thread:  ([mutex/lock_event])
[0x0000023c98fd3a50] Compile_lock - owner thread: 0x0000000000000000

Heap address: 0x0000000080000000, size: 2048 MB, Compressed Oops mode: 32-bit
Narrow klass base: 0x0000000000000000, Narrow klass shift: 3
Compressed class space size: 528482304 Address: 0x0000000100000000

Heap:
 garbage-first heap   total 262144K, used 189906K [0x0000000080000000, 0x0000000100000000)
  region size 1024K, 149 young (152576K), 14 survivors (14336K)
 Metaspace       used 79827K, capacity 82020K, committed 82132K, reserved 587776K
  class space    used 10276K, capacity 11179K, committed 11264K, reserved 516096K
Heap Regions: E=young(eden), S=young(survivor), O=old, HS=humongous(starts), HC=humongous(continues), CS=collection set, F=free, A=archive, TAMS=top-at-mark-start (previous, next)
|   0|0x0000000080000000, 0x0000000080100000, 0x0000000080100000|100%| O|  |TAMS 0x0000000080100000, 0x0000000080000000| Untracked 
|   1|0x0000000080100000, 0x0000000080200000, 0x0000000080200000|100%| O|  |TAMS 0x0000000080200000, 0x0000000080100000| Untracked 
|   2|0x0000000080200000, 0x0000000080300000, 0x0000000080300000|100%| O|  |TAMS 0x0000000080300000, 0x0000000080200000| Untracked 
|   3|0x0000000080300000, 0x0000000080400000, 0x0000000080400000|100%|HS|  |TAMS 0x0000000080400000, 0x0000000080300000| Complete 
|   4|0x0000000080400000, 0x0000000080500000, 0x0000000080500000|100%|HC|  |TAMS 0x0000000080500000, 0x0000000080400000| Complete 
|   5|0x0000000080500000, 0x0000000080600000, 0x0000000080600000|100%|HC|  |TAMS 0x0000000080600000, 0x0000000080500000| Complete 
|   6|0x0000000080600000, 0x0000000080700000, 0x0000000080700000|100%| O|  |TAMS 0x0000000080700000, 0x0000000080600000| Untracked 
|   7|0x0000000080700000, 0x0000000080800000, 0x0000000080800000|100%| O|  |TAMS 0x0000000080800000, 0x0000000080700000| Untracked 
|   8|0x0000000080800000, 0x0000000080900000, 0x0000000080900000|100%| O|  |TAMS 0x0000000080900000, 0x0000000080800000| Untracked 
|   9|0x0000000080900000, 0x0000000080a00000, 0x0000000080a00000|100%| O|  |TAMS 0x0000000080a00000, 0x0000000080900000| Untracked 
|  10|0x0000000080a00000, 0x0000000080b00000, 0x0000000080b00000|100%| O|  |TAMS 0x0000000080b00000, 0x0000000080a00000| Untracked 
|  11|0x0000000080b00000, 0x0000000080c00000, 0x0000000080c00000|100%| O|  |TAMS 0x0000000080c00000, 0x0000000080b00000| Untracked 
|  12|0x0000000080c00000, 0x0000000080d00000, 0x0000000080d00000|100%| O|  |TAMS 0x0000000080d00000, 0x0000000080c00000| Untracked 
|  13|0x0000000080d00000, 0x0000000080e00000, 0x0000000080e00000|100%| O|  |TAMS 0x0000000080e00000, 0x0000000080d00000| Untracked 
|  14|0x0000000080e00000, 0x0000000080f00000, 0x0000000080f00000|100%| O|  |TAMS 0x0000000080f00000, 0x0000000080e00000| Untracked 
|  15|0x0000000080f00000, 0x0000000081000000, 0x0000000081000000|100%| O|  |TAMS 0x0000000081000000, 0x0000000080f00000| Untracked 
|  16|0x0000000081000000, 0x0000000081100000, 0x0000000081100000|100%| O|  |TAMS 0x0000000081100000, 0x0000000081000000| Untracked 
|  17|0x0000000081100000, 0x0000000081200000, 0x0000000081200000|100%|HS|  |TAMS 0x0000000081200000, 0x0000000081100000| Complete 
|  18|0x0000000081200000, 0x0000000081300000, 0x0000000081300000|100%|HS|  |TAMS 0x0000000081300000, 0x0000000081200000| Complete 
|  19|0x0000000081300000, 0x0000000081400000, 0x0000000081400000|100%|HC|  |TAMS 0x0000000081400000, 0x0000000081300000| Complete 
|  20|0x0000000081400000, 0x0000000081500000, 0x0000000081500000|100%|HC|  |TAMS 0x0000000081500000, 0x0000000081400000| Complete 
|  21|0x0000000081500000, 0x0000000081600000, 0x0000000081600000|100%| O|  |TAMS 0x0000000081600000, 0x0000000081500000| Untracked 
|  22|0x0000000081600000, 0x0000000081700000, 0x0000000081700000|100%| O|  |TAMS 0x0000000081700000, 0x0000000081600000| Untracked 
|  23|0x0000000081700000, 0x0000000081800000, 0x0000000081800000|100%| O|  |TAMS 0x0000000081800000, 0x0000000081700000| Untracked 
|  24|0x0000000081800000, 0x0000000081900000, 0x0000000081900000|100%| O|  |TAMS 0x0000000081900000, 0x0000000081800000| Untracked 
|  25|0x0000000081900000, 0x0000000081a00000, 0x0000000081a00000|100%| O|  |TAMS 0x0000000081a00000, 0x0000000081900000| Untracked 
|  26|0x0000000081a00000, 0x0000000081b00000, 0x0000000081b00000|100%| O|  |TAMS 0x0000000081b00000, 0x0000000081a00000| Untracked 
|  27|0x0000000081b00000, 0x0000000081c00000, 0x0000000081c00000|100%| O|  |TAMS 0x0000000081c00000, 0x0000000081b00000| Untracked 
|  28|0x0000000081c00000, 0x0000000081d00000, 0x0000000081d00000|100%| O|  |TAMS 0x0000000081d00000, 0x0000000081c00000| Untracked 
|  29|0x0000000081d00000, 0x0000000081e00000, 0x0000000081e00000|100%| O|  |TAMS 0x0000000081e00000, 0x0000000081d00000| Untracked 
|  30|0x0000000081e00000, 0x0000000081f00000, 0x0000000081f00000|100%| O|  |TAMS 0x0000000081f00000, 0x0000000081e00000| Untracked 
|  31|0x0000000081f00000, 0x0000000082000000, 0x0000000082000000|100%| O|  |TAMS 0x0000000082000000, 0x0000000081f00000| Untracked 
|  32|0x0000000082000000, 0x0000000082100000, 0x0000000082100000|100%| O|  |TAMS 0x0000000082100000, 0x0000000082000000| Untracked 
|  33|0x0000000082100000, 0x0000000082174800, 0x0000000082200000| 45%| O|  |TAMS 0x0000000082174800, 0x0000000082100000| Untracked 
|  34|0x0000000082200000, 0x0000000082300000, 0x0000000082300000|100%|HS|  |TAMS 0x0000000082200000, 0x0000000082200000| Complete 
|  35|0x0000000082300000, 0x0000000082400000, 0x0000000082400000|100%|HS|  |TAMS 0x0000000082300000, 0x0000000082300000| Complete 
|  36|0x0000000082400000, 0x0000000082500000, 0x0000000082500000|100%|HS|  |TAMS 0x0000000082400000, 0x0000000082400000| Complete 
|  37|0x0000000082500000, 0x0000000082600000, 0x0000000082600000|100%|HS|  |TAMS 0x0000000082500000, 0x0000000082500000| Complete 
|  38|0x0000000082600000, 0x0000000082700000, 0x0000000082700000|100%|HC|  |TAMS 0x0000000082600000, 0x0000000082600000| Complete 
|  39|0x0000000082700000, 0x0000000082700000, 0x0000000082800000|  0%| F|  |TAMS 0x0000000082700000, 0x0000000082700000| Untracked 
|  40|0x0000000082800000, 0x0000000082800000, 0x0000000082900000|  0%| F|  |TAMS 0x0000000082800000, 0x0000000082800000| Untracked 
|  41|0x0000000082900000, 0x0000000082900000, 0x0000000082a00000|  0%| F|  |TAMS 0x0000000082900000, 0x0000000082900000| Untracked 
|  42|0x0000000082a00000, 0x0000000082a00000, 0x0000000082b00000|  0%| F|  |TAMS 0x0000000082a00000, 0x0000000082a00000| Untracked 
|  43|0x0000000082b00000, 0x0000000082b00000, 0x0000000082c00000|  0%| F|  |TAMS 0x0000000082b00000, 0x0000000082b00000| Untracked 
|  44|0x0000000082c00000, 0x0000000082c00000, 0x0000000082d00000|  0%| F|  |TAMS 0x0000000082c00000, 0x0000000082c00000| Untracked 
|  45|0x0000000082d00000, 0x0000000082d00000, 0x0000000082e00000|  0%| F|  |TAMS 0x0000000082d00000, 0x0000000082d00000| Untracked 
|  46|0x0000000082e00000, 0x0000000082e00000, 0x0000000082f00000|  0%| F|  |TAMS 0x0000000082e00000, 0x0000000082e00000| Untracked 
|  47|0x0000000082f00000, 0x0000000082f00000, 0x0000000083000000|  0%| F|  |TAMS 0x0000000082f00000, 0x0000000082f00000| Untracked 
|  48|0x0000000083000000, 0x0000000083000000, 0x0000000083100000|  0%| F|  |TAMS 0x0000000083000000, 0x0000000083000000| Untracked 
|  49|0x0000000083100000, 0x0000000083100000, 0x0000000083200000|  0%| F|  |TAMS 0x0000000083100000, 0x0000000083100000| Untracked 
|  50|0x0000000083200000, 0x0000000083200000, 0x0000000083300000|  0%| F|  |TAMS 0x0000000083200000, 0x0000000083200000| Untracked 
|  51|0x0000000083300000, 0x0000000083300000, 0x0000000083400000|  0%| F|  |TAMS 0x0000000083300000, 0x0000000083300000| Untracked 
|  52|0x0000000083400000, 0x0000000083400000, 0x0000000083500000|  0%| F|  |TAMS 0x0000000083400000, 0x0000000083400000| Untracked 
|  53|0x0000000083500000, 0x0000000083500000, 0x0000000083600000|  0%| F|  |TAMS 0x0000000083500000, 0x0000000083500000| Untracked 
|  54|0x0000000083600000, 0x0000000083600000, 0x0000000083700000|  0%| F|  |TAMS 0x0000000083600000, 0x0000000083600000| Untracked 
|  55|0x0000000083700000, 0x0000000083700000, 0x0000000083800000|  0%| F|  |TAMS 0x0000000083700000, 0x0000000083700000| Untracked 
|  56|0x0000000083800000, 0x0000000083800000, 0x0000000083900000|  0%| F|  |TAMS 0x0000000083800000, 0x0000000083800000| Untracked 
|  57|0x0000000083900000, 0x0000000083900000, 0x0000000083a00000|  0%| F|  |TAMS 0x0000000083900000, 0x0000000083900000| Untracked 
|  58|0x0000000083a00000, 0x0000000083a00000, 0x0000000083b00000|  0%| F|  |TAMS 0x0000000083a00000, 0x0000000083a00000| Untracked 
|  59|0x0000000083b00000, 0x0000000083b00000, 0x0000000083c00000|  0%| F|  |TAMS 0x0000000083b00000, 0x0000000083b00000| Untracked 
|  60|0x0000000083c00000, 0x0000000083c00000, 0x0000000083d00000|  0%| F|  |TAMS 0x0000000083c00000, 0x0000000083c00000| Untracked 
|  61|0x0000000083d00000, 0x0000000083d00000, 0x0000000083e00000|  0%| F|  |TAMS 0x0000000083d00000, 0x0000000083d00000| Untracked 
|  62|0x0000000083e00000, 0x0000000083e00000, 0x0000000083f00000|  0%| F|  |TAMS 0x0000000083e00000, 0x0000000083e00000| Untracked 
|  63|0x0000000083f00000, 0x0000000083f00000, 0x0000000084000000|  0%| F|  |TAMS 0x0000000083f00000, 0x0000000083f00000| Untracked 
|  64|0x0000000084000000, 0x0000000084000000, 0x0000000084100000|  0%| F|  |TAMS 0x0000000084000000, 0x0000000084000000| Untracked 
|  65|0x0000000084100000, 0x0000000084100000, 0x0000000084200000|  0%| F|  |TAMS 0x0000000084100000, 0x0000000084100000| Untracked 
|  66|0x0000000084200000, 0x0000000084200000, 0x0000000084300000|  0%| F|  |TAMS 0x0000000084200000, 0x0000000084200000| Untracked 
|  67|0x0000000084300000, 0x0000000084300000, 0x0000000084400000|  0%| F|  |TAMS 0x0000000084300000, 0x0000000084300000| Untracked 
|  68|0x0000000084400000, 0x0000000084400000, 0x0000000084500000|  0%| F|  |TAMS 0x0000000084400000, 0x0000000084400000| Untracked 
|  69|0x0000000084500000, 0x0000000084500000, 0x0000000084600000|  0%| F|  |TAMS 0x0000000084500000, 0x0000000084500000| Untracked 
|  70|0x0000000084600000, 0x0000000084600000, 0x0000000084700000|  0%| F|  |TAMS 0x0000000084600000, 0x0000000084600000| Untracked 
|  71|0x0000000084700000, 0x0000000084700000, 0x0000000084800000|  0%| F|  |TAMS 0x0000000084700000, 0x0000000084700000| Untracked 
|  72|0x0000000084800000, 0x0000000084800000, 0x0000000084900000|  0%| F|  |TAMS 0x0000000084800000, 0x0000000084800000| Untracked 
|  73|0x0000000084900000, 0x0000000084900000, 0x0000000084a00000|  0%| F|  |TAMS 0x0000000084900000, 0x0000000084900000| Untracked 
|  74|0x0000000084a00000, 0x0000000084a00000, 0x0000000084b00000|  0%| F|  |TAMS 0x0000000084a00000, 0x0000000084a00000| Untracked 
|  75|0x0000000084b00000, 0x0000000084b00000, 0x0000000084c00000|  0%| F|  |TAMS 0x0000000084b00000, 0x0000000084b00000| Untracked 
|  76|0x0000000084c00000, 0x0000000084c00000, 0x0000000084d00000|  0%| F|  |TAMS 0x0000000084c00000, 0x0000000084c00000| Untracked 
|  77|0x0000000084d00000, 0x0000000084d00000, 0x0000000084e00000|  0%| F|  |TAMS 0x0000000084d00000, 0x0000000084d00000| Untracked 
|  78|0x0000000084e00000, 0x0000000084e00000, 0x0000000084f00000|  0%| F|  |TAMS 0x0000000084e00000, 0x0000000084e00000| Untracked 
|  79|0x0000000084f00000, 0x0000000084f00000, 0x0000000085000000|  0%| F|  |TAMS 0x0000000084f00000, 0x0000000084f00000| Untracked 
|  80|0x0000000085000000, 0x0000000085000000, 0x0000000085100000|  0%| F|  |TAMS 0x0000000085000000, 0x0000000085000000| Untracked 
|  81|0x0000000085100000, 0x0000000085100000, 0x0000000085200000|  0%| F|  |TAMS 0x0000000085100000, 0x0000000085100000| Untracked 
|  82|0x0000000085200000, 0x0000000085200000, 0x0000000085300000|  0%| F|  |TAMS 0x0000000085200000, 0x0000000085200000| Untracked 
|  83|0x0000000085300000, 0x0000000085300000, 0x0000000085400000|  0%| F|  |TAMS 0x0000000085300000, 0x0000000085300000| Untracked 
|  84|0x0000000085400000, 0x0000000085400000, 0x0000000085500000|  0%| F|  |TAMS 0x0000000085400000, 0x0000000085400000| Untracked 
|  85|0x0000000085500000, 0x0000000085500000, 0x0000000085600000|  0%| F|  |TAMS 0x0000000085500000, 0x0000000085500000| Untracked 
|  86|0x0000000085600000, 0x0000000085600000, 0x0000000085700000|  0%| F|  |TAMS 0x0000000085600000, 0x0000000085600000| Untracked 
|  87|0x0000000085700000, 0x0000000085700000, 0x0000000085800000|  0%| F|  |TAMS 0x0000000085700000, 0x0000000085700000| Untracked 
|  88|0x0000000085800000, 0x0000000085800000, 0x0000000085900000|  0%| F|  |TAMS 0x0000000085800000, 0x0000000085800000| Untracked 
|  89|0x0000000085900000, 0x0000000085900000, 0x0000000085a00000|  0%| F|  |TAMS 0x0000000085900000, 0x0000000085900000| Untracked 
|  90|0x0000000085a00000, 0x0000000085a00000, 0x0000000085b00000|  0%| F|  |TAMS 0x0000000085a00000, 0x0000000085a00000| Untracked 
|  91|0x0000000085b00000, 0x0000000085b00000, 0x0000000085c00000|  0%| F|  |TAMS 0x0000000085b00000, 0x0000000085b00000| Untracked 
|  92|0x0000000085c00000, 0x0000000085c00000, 0x0000000085d00000|  0%| F|  |TAMS 0x0000000085c00000, 0x0000000085c00000| Untracked 
|  93|0x0000000085d00000, 0x0000000085d00000, 0x0000000085e00000|  0%| F|  |TAMS 0x0000000085d00000, 0x0000000085d00000| Untracked 
|  94|0x0000000085e00000, 0x0000000085e00000, 0x0000000085f00000|  0%| F|  |TAMS 0x0000000085e00000, 0x0000000085e00000| Untracked 
|  95|0x0000000085f00000, 0x0000000085f00000, 0x0000000086000000|  0%| F|  |TAMS 0x0000000085f00000, 0x0000000085f00000| Untracked 
|  96|0x0000000086000000, 0x0000000086000000, 0x0000000086100000|  0%| F|  |TAMS 0x0000000086000000, 0x0000000086000000| Untracked 
|  97|0x0000000086100000, 0x0000000086100000, 0x0000000086200000|  0%| F|  |TAMS 0x0000000086100000, 0x0000000086100000| Untracked 
|  98|0x0000000086200000, 0x0000000086200000, 0x0000000086300000|  0%| F|  |TAMS 0x0000000086200000, 0x0000000086200000| Untracked 
|  99|0x0000000086300000, 0x0000000086300000, 0x0000000086400000|  0%| F|  |TAMS 0x0000000086300000, 0x0000000086300000| Untracked 
| 100|0x0000000086400000, 0x0000000086400000, 0x0000000086500000|  0%| F|  |TAMS 0x0000000086400000, 0x0000000086400000| Untracked 
| 101|0x0000000086500000, 0x0000000086600000, 0x0000000086600000|100%| S|CS|TAMS 0x0000000086500000, 0x0000000086500000| Complete 
| 102|0x0000000086600000, 0x0000000086700000, 0x0000000086700000|100%| S|CS|TAMS 0x0000000086600000, 0x0000000086600000| Complete 
| 103|0x0000000086700000, 0x0000000086800000, 0x0000000086800000|100%| S|CS|TAMS 0x0000000086700000, 0x0000000086700000| Complete 
| 104|0x0000000086800000, 0x0000000086900000, 0x0000000086900000|100%| S|CS|TAMS 0x0000000086800000, 0x0000000086800000| Complete 
| 105|0x0000000086900000, 0x0000000086a00000, 0x0000000086a00000|100%| S|CS|TAMS 0x0000000086900000, 0x0000000086900000| Complete 
| 106|0x0000000086a00000, 0x0000000086b00000, 0x0000000086b00000|100%| S|CS|TAMS 0x0000000086a00000, 0x0000000086a00000| Complete 
| 107|0x0000000086b00000, 0x0000000086c00000, 0x0000000086c00000|100%| S|CS|TAMS 0x0000000086b00000, 0x0000000086b00000| Complete 
| 108|0x0000000086c00000, 0x0000000086d00000, 0x0000000086d00000|100%| S|CS|TAMS 0x0000000086c00000, 0x0000000086c00000| Complete 
| 109|0x0000000086d00000, 0x0000000086e00000, 0x0000000086e00000|100%| S|CS|TAMS 0x0000000086d00000, 0x0000000086d00000| Complete 
| 110|0x0000000086e00000, 0x0000000086f00000, 0x0000000086f00000|100%| S|CS|TAMS 0x0000000086e00000, 0x0000000086e00000| Complete 
| 111|0x0000000086f00000, 0x0000000087000000, 0x0000000087000000|100%| S|CS|TAMS 0x0000000086f00000, 0x0000000086f00000| Complete 
| 112|0x0000000087000000, 0x0000000087100000, 0x0000000087100000|100%| S|CS|TAMS 0x0000000087000000, 0x0000000087000000| Complete 
| 113|0x0000000087100000, 0x0000000087200000, 0x0000000087200000|100%| S|CS|TAMS 0x0000000087100000, 0x0000000087100000| Complete 
| 114|0x0000000087200000, 0x0000000087300000, 0x0000000087300000|100%| S|CS|TAMS 0x0000000087200000, 0x0000000087200000| Complete 
| 115|0x0000000087300000, 0x0000000087300000, 0x0000000087400000|  0%| F|  |TAMS 0x0000000087300000, 0x0000000087300000| Untracked 
| 116|0x0000000087400000, 0x0000000087400000, 0x0000000087500000|  0%| F|  |TAMS 0x0000000087400000, 0x0000000087400000| Untracked 
| 117|0x0000000087500000, 0x0000000087500000, 0x0000000087600000|  0%| F|  |TAMS 0x0000000087500000, 0x0000000087500000| Untracked 
| 118|0x0000000087600000, 0x0000000087600000, 0x0000000087700000|  0%| F|  |TAMS 0x0000000087600000, 0x0000000087600000| Untracked 
| 119|0x0000000087700000, 0x0000000087700000, 0x0000000087800000|  0%| F|  |TAMS 0x0000000087700000, 0x0000000087700000| Untracked 
| 120|0x0000000087800000, 0x0000000087880800, 0x0000000087900000| 50%| E|  |TAMS 0x0000000087800000, 0x0000000087800000| Complete 
| 121|0x0000000087900000, 0x0000000087a00000, 0x0000000087a00000|100%| E|CS|TAMS 0x0000000087900000, 0x0000000087900000| Complete 
| 122|0x0000000087a00000, 0x0000000087b00000, 0x0000000087b00000|100%| E|CS|TAMS 0x0000000087a00000, 0x0000000087a00000| Complete 
| 123|0x0000000087b00000, 0x0000000087c00000, 0x0000000087c00000|100%| E|CS|TAMS 0x0000000087b00000, 0x0000000087b00000| Complete 
| 124|0x0000000087c00000, 0x0000000087d00000, 0x0000000087d00000|100%| E|CS|TAMS 0x0000000087c00000, 0x0000000087c00000| Complete 
| 125|0x0000000087d00000, 0x0000000087e00000, 0x0000000087e00000|100%| E|CS|TAMS 0x0000000087d00000, 0x0000000087d00000| Complete 
| 126|0x0000000087e00000, 0x0000000087f00000, 0x0000000087f00000|100%| E|CS|TAMS 0x0000000087e00000, 0x0000000087e00000| Complete 
| 127|0x0000000087f00000, 0x0000000088000000, 0x0000000088000000|100%| E|CS|TAMS 0x0000000087f00000, 0x0000000087f00000| Complete 
| 128|0x0000000088000000, 0x0000000088100000, 0x0000000088100000|100%| E|CS|TAMS 0x0000000088000000, 0x0000000088000000| Complete 
| 129|0x0000000088100000, 0x0000000088200000, 0x0000000088200000|100%| E|CS|TAMS 0x0000000088100000, 0x0000000088100000| Complete 
| 130|0x0000000088200000, 0x0000000088300000, 0x0000000088300000|100%| E|CS|TAMS 0x0000000088200000, 0x0000000088200000| Complete 
| 131|0x0000000088300000, 0x0000000088400000, 0x0000000088400000|100%| E|CS|TAMS 0x0000000088300000, 0x0000000088300000| Complete 
| 132|0x0000000088400000, 0x0000000088500000, 0x0000000088500000|100%| E|CS|TAMS 0x0000000088400000, 0x0000000088400000| Complete 
| 133|0x0000000088500000, 0x0000000088600000, 0x0000000088600000|100%| E|CS|TAMS 0x0000000088500000, 0x0000000088500000| Complete 
| 134|0x0000000088600000, 0x0000000088700000, 0x0000000088700000|100%| E|CS|TAMS 0x0000000088600000, 0x0000000088600000| Complete 
| 135|0x0000000088700000, 0x0000000088800000, 0x0000000088800000|100%| E|CS|TAMS 0x0000000088700000, 0x0000000088700000| Complete 
| 136|0x0000000088800000, 0x0000000088900000, 0x0000000088900000|100%| E|CS|TAMS 0x0000000088800000, 0x0000000088800000| Complete 
| 137|0x0000000088900000, 0x0000000088a00000, 0x0000000088a00000|100%| E|CS|TAMS 0x0000000088900000, 0x0000000088900000| Complete 
| 138|0x0000000088a00000, 0x0000000088b00000, 0x0000000088b00000|100%| E|CS|TAMS 0x0000000088a00000, 0x0000000088a00000| Complete 
| 139|0x0000000088b00000, 0x0000000088c00000, 0x0000000088c00000|100%| E|CS|TAMS 0x0000000088b00000, 0x0000000088b00000| Complete 
| 140|0x0000000088c00000, 0x0000000088d00000, 0x0000000088d00000|100%| E|CS|TAMS 0x0000000088c00000, 0x0000000088c00000| Complete 
| 141|0x0000000088d00000, 0x0000000088e00000, 0x0000000088e00000|100%| E|CS|TAMS 0x0000000088d00000, 0x0000000088d00000| Complete 
| 142|0x0000000088e00000, 0x0000000088f00000, 0x0000000088f00000|100%| E|CS|TAMS 0x0000000088e00000, 0x0000000088e00000| Complete 
| 143|0x0000000088f00000, 0x0000000089000000, 0x0000000089000000|100%| E|CS|TAMS 0x0000000088f00000, 0x0000000088f00000| Complete 
| 144|0x0000000089000000, 0x0000000089100000, 0x0000000089100000|100%| E|CS|TAMS 0x0000000089000000, 0x0000000089000000| Complete 
| 145|0x0000000089100000, 0x0000000089200000, 0x0000000089200000|100%| E|CS|TAMS 0x0000000089100000, 0x0000000089100000| Complete 
| 146|0x0000000089200000, 0x0000000089300000, 0x0000000089300000|100%| E|CS|TAMS 0x0000000089200000, 0x0000000089200000| Complete 
| 147|0x0000000089300000, 0x0000000089400000, 0x0000000089400000|100%| E|CS|TAMS 0x0000000089300000, 0x0000000089300000| Complete 
| 148|0x0000000089400000, 0x0000000089500000, 0x0000000089500000|100%| E|CS|TAMS 0x0000000089400000, 0x0000000089400000| Complete 
| 149|0x0000000089500000, 0x0000000089600000, 0x0000000089600000|100%| E|CS|TAMS 0x0000000089500000, 0x0000000089500000| Complete 
| 150|0x0000000089600000, 0x0000000089700000, 0x0000000089700000|100%| E|CS|TAMS 0x0000000089600000, 0x0000000089600000| Complete 
| 151|0x0000000089700000, 0x0000000089800000, 0x0000000089800000|100%| E|CS|TAMS 0x0000000089700000, 0x0000000089700000| Complete 
| 152|0x0000000089800000, 0x0000000089900000, 0x0000000089900000|100%| E|CS|TAMS 0x0000000089800000, 0x0000000089800000| Complete 
| 153|0x0000000089900000, 0x0000000089a00000, 0x0000000089a00000|100%| E|CS|TAMS 0x0000000089900000, 0x0000000089900000| Complete 
| 154|0x0000000089a00000, 0x0000000089b00000, 0x0000000089b00000|100%| E|CS|TAMS 0x0000000089a00000, 0x0000000089a00000| Complete 
| 155|0x0000000089b00000, 0x0000000089c00000, 0x0000000089c00000|100%| E|CS|TAMS 0x0000000089b00000, 0x0000000089b00000| Complete 
| 156|0x0000000089c00000, 0x0000000089d00000, 0x0000000089d00000|100%| E|CS|TAMS 0x0000000089c00000, 0x0000000089c00000| Complete 
| 157|0x0000000089d00000, 0x0000000089e00000, 0x0000000089e00000|100%| E|CS|TAMS 0x0000000089d00000, 0x0000000089d00000| Complete 
| 158|0x0000000089e00000, 0x0000000089f00000, 0x0000000089f00000|100%| E|CS|TAMS 0x0000000089e00000, 0x0000000089e00000| Complete 
| 159|0x0000000089f00000, 0x000000008a000000, 0x000000008a000000|100%| E|CS|TAMS 0x0000000089f00000, 0x0000000089f00000| Complete 
| 160|0x000000008a000000, 0x000000008a100000, 0x000000008a100000|100%| E|CS|TAMS 0x000000008a000000, 0x000000008a000000| Complete 
| 161|0x000000008a100000, 0x000000008a200000, 0x000000008a200000|100%| E|CS|TAMS 0x000000008a100000, 0x000000008a100000| Complete 
| 162|0x000000008a200000, 0x000000008a300000, 0x000000008a300000|100%| E|  |TAMS 0x000000008a200000, 0x000000008a200000| Complete 
| 163|0x000000008a300000, 0x000000008a400000, 0x000000008a400000|100%| E|CS|TAMS 0x000000008a300000, 0x000000008a300000| Complete 
| 164|0x000000008a400000, 0x000000008a500000, 0x000000008a500000|100%| E|CS|TAMS 0x000000008a400000, 0x000000008a400000| Complete 
| 165|0x000000008a500000, 0x000000008a600000, 0x000000008a600000|100%| E|CS|TAMS 0x000000008a500000, 0x000000008a500000| Complete 
| 166|0x000000008a600000, 0x000000008a700000, 0x000000008a700000|100%| E|CS|TAMS 0x000000008a600000, 0x000000008a600000| Complete 
| 167|0x000000008a700000, 0x000000008a800000, 0x000000008a800000|100%| E|CS|TAMS 0x000000008a700000, 0x000000008a700000| Complete 
| 168|0x000000008a800000, 0x000000008a900000, 0x000000008a900000|100%| E|CS|TAMS 0x000000008a800000, 0x000000008a800000| Complete 
| 169|0x000000008a900000, 0x000000008aa00000, 0x000000008aa00000|100%| E|CS|TAMS 0x000000008a900000, 0x000000008a900000| Complete 
| 170|0x000000008aa00000, 0x000000008ab00000, 0x000000008ab00000|100%| E|CS|TAMS 0x000000008aa00000, 0x000000008aa00000| Complete 
| 171|0x000000008ab00000, 0x000000008ac00000, 0x000000008ac00000|100%| E|CS|TAMS 0x000000008ab00000, 0x000000008ab00000| Complete 
| 172|0x000000008ac00000, 0x000000008ad00000, 0x000000008ad00000|100%| E|CS|TAMS 0x000000008ac00000, 0x000000008ac00000| Complete 
| 173|0x000000008ad00000, 0x000000008ae00000, 0x000000008ae00000|100%| E|CS|TAMS 0x000000008ad00000, 0x000000008ad00000| Complete 
| 174|0x000000008ae00000, 0x000000008af00000, 0x000000008af00000|100%| E|CS|TAMS 0x000000008ae00000, 0x000000008ae00000| Complete 
| 175|0x000000008af00000, 0x000000008b000000, 0x000000008b000000|100%| E|CS|TAMS 0x000000008af00000, 0x000000008af00000| Complete 
| 176|0x000000008b000000, 0x000000008b100000, 0x000000008b100000|100%| E|CS|TAMS 0x000000008b000000, 0x000000008b000000| Complete 
| 177|0x000000008b100000, 0x000000008b200000, 0x000000008b200000|100%| E|CS|TAMS 0x000000008b100000, 0x000000008b100000| Complete 
| 178|0x000000008b200000, 0x000000008b300000, 0x000000008b300000|100%| E|CS|TAMS 0x000000008b200000, 0x000000008b200000| Complete 
| 179|0x000000008b300000, 0x000000008b400000, 0x000000008b400000|100%| E|CS|TAMS 0x000000008b300000, 0x000000008b300000| Complete 
| 180|0x000000008b400000, 0x000000008b500000, 0x000000008b500000|100%| E|CS|TAMS 0x000000008b400000, 0x000000008b400000| Complete 
| 181|0x000000008b500000, 0x000000008b600000, 0x000000008b600000|100%| E|CS|TAMS 0x000000008b500000, 0x000000008b500000| Complete 
| 182|0x000000008b600000, 0x000000008b700000, 0x000000008b700000|100%| E|CS|TAMS 0x000000008b600000, 0x000000008b600000| Complete 
| 183|0x000000008b700000, 0x000000008b800000, 0x000000008b800000|100%| E|CS|TAMS 0x000000008b700000, 0x000000008b700000| Complete 
| 184|0x000000008b800000, 0x000000008b900000, 0x000000008b900000|100%| E|CS|TAMS 0x000000008b800000, 0x000000008b800000| Complete 
| 185|0x000000008b900000, 0x000000008ba00000, 0x000000008ba00000|100%| E|CS|TAMS 0x000000008b900000, 0x000000008b900000| Complete 
| 186|0x000000008ba00000, 0x000000008bb00000, 0x000000008bb00000|100%| E|CS|TAMS 0x000000008ba00000, 0x000000008ba00000| Complete 
| 187|0x000000008bb00000, 0x000000008bc00000, 0x000000008bc00000|100%| E|CS|TAMS 0x000000008bb00000, 0x000000008bb00000| Complete 
| 188|0x000000008bc00000, 0x000000008bd00000, 0x000000008bd00000|100%| E|CS|TAMS 0x000000008bc00000, 0x000000008bc00000| Complete 
| 189|0x000000008bd00000, 0x000000008be00000, 0x000000008be00000|100%| E|CS|TAMS 0x000000008bd00000, 0x000000008bd00000| Complete 
| 190|0x000000008be00000, 0x000000008bf00000, 0x000000008bf00000|100%| E|CS|TAMS 0x000000008be00000, 0x000000008be00000| Complete 
| 191|0x000000008bf00000, 0x000000008c000000, 0x000000008c000000|100%| E|CS|TAMS 0x000000008bf00000, 0x000000008bf00000| Complete 
| 192|0x000000008c000000, 0x000000008c100000, 0x000000008c100000|100%| E|CS|TAMS 0x000000008c000000, 0x000000008c000000| Complete 
| 193|0x000000008c100000, 0x000000008c200000, 0x000000008c200000|100%| E|CS|TAMS 0x000000008c100000, 0x000000008c100000| Complete 
| 194|0x000000008c200000, 0x000000008c300000, 0x000000008c300000|100%| E|CS|TAMS 0x000000008c200000, 0x000000008c200000| Complete 
| 195|0x000000008c300000, 0x000000008c400000, 0x000000008c400000|100%| E|CS|TAMS 0x000000008c300000, 0x000000008c300000| Complete 
| 196|0x000000008c400000, 0x000000008c500000, 0x000000008c500000|100%| E|CS|TAMS 0x000000008c400000, 0x000000008c400000| Complete 
| 197|0x000000008c500000, 0x000000008c600000, 0x000000008c600000|100%| E|CS|TAMS 0x000000008c500000, 0x000000008c500000| Complete 
| 198|0x000000008c600000, 0x000000008c700000, 0x000000008c700000|100%| E|CS|TAMS 0x000000008c600000, 0x000000008c600000| Complete 
| 199|0x000000008c700000, 0x000000008c800000, 0x000000008c800000|100%| E|CS|TAMS 0x000000008c700000, 0x000000008c700000| Complete 
| 200|0x000000008c800000, 0x000000008c900000, 0x000000008c900000|100%| E|CS|TAMS 0x000000008c800000, 0x000000008c800000| Complete 
| 201|0x000000008c900000, 0x000000008ca00000, 0x000000008ca00000|100%| E|CS|TAMS 0x000000008c900000, 0x000000008c900000| Complete 
| 202|0x000000008ca00000, 0x000000008cb00000, 0x000000008cb00000|100%| E|CS|TAMS 0x000000008ca00000, 0x000000008ca00000| Complete 
| 203|0x000000008cb00000, 0x000000008cc00000, 0x000000008cc00000|100%| E|CS|TAMS 0x000000008cb00000, 0x000000008cb00000| Complete 
| 204|0x000000008cc00000, 0x000000008cd00000, 0x000000008cd00000|100%| E|CS|TAMS 0x000000008cc00000, 0x000000008cc00000| Complete 
| 205|0x000000008cd00000, 0x000000008ce00000, 0x000000008ce00000|100%| E|CS|TAMS 0x000000008cd00000, 0x000000008cd00000| Complete 
| 206|0x000000008ce00000, 0x000000008cf00000, 0x000000008cf00000|100%| E|CS|TAMS 0x000000008ce00000, 0x000000008ce00000| Complete 
| 207|0x000000008cf00000, 0x000000008d000000, 0x000000008d000000|100%| E|CS|TAMS 0x000000008cf00000, 0x000000008cf00000| Complete 
| 208|0x000000008d000000, 0x000000008d100000, 0x000000008d100000|100%| E|CS|TAMS 0x000000008d000000, 0x000000008d000000| Complete 
| 209|0x000000008d100000, 0x000000008d200000, 0x000000008d200000|100%| E|CS|TAMS 0x000000008d100000, 0x000000008d100000| Complete 
| 210|0x000000008d200000, 0x000000008d300000, 0x000000008d300000|100%| E|CS|TAMS 0x000000008d200000, 0x000000008d200000| Complete 
| 211|0x000000008d300000, 0x000000008d400000, 0x000000008d400000|100%| E|CS|TAMS 0x000000008d300000, 0x000000008d300000| Complete 
| 212|0x000000008d400000, 0x000000008d500000, 0x000000008d500000|100%| E|CS|TAMS 0x000000008d400000, 0x000000008d400000| Complete 
| 213|0x000000008d500000, 0x000000008d600000, 0x000000008d600000|100%| E|CS|TAMS 0x000000008d500000, 0x000000008d500000| Complete 
| 214|0x000000008d600000, 0x000000008d700000, 0x000000008d700000|100%| E|CS|TAMS 0x000000008d600000, 0x000000008d600000| Complete 
| 215|0x000000008d700000, 0x000000008d800000, 0x000000008d800000|100%| E|CS|TAMS 0x000000008d700000, 0x000000008d700000| Complete 
| 216|0x000000008d800000, 0x000000008d900000, 0x000000008d900000|100%| E|CS|TAMS 0x000000008d800000, 0x000000008d800000| Complete 
| 217|0x000000008d900000, 0x000000008da00000, 0x000000008da00000|100%| E|CS|TAMS 0x000000008d900000, 0x000000008d900000| Complete 
| 218|0x000000008da00000, 0x000000008db00000, 0x000000008db00000|100%| E|CS|TAMS 0x000000008da00000, 0x000000008da00000| Complete 
| 219|0x000000008db00000, 0x000000008dc00000, 0x000000008dc00000|100%| E|CS|TAMS 0x000000008db00000, 0x000000008db00000| Complete 
| 220|0x000000008dc00000, 0x000000008dd00000, 0x000000008dd00000|100%| E|CS|TAMS 0x000000008dc00000, 0x000000008dc00000| Complete 
| 221|0x000000008dd00000, 0x000000008de00000, 0x000000008de00000|100%| E|CS|TAMS 0x000000008dd00000, 0x000000008dd00000| Complete 
| 222|0x000000008de00000, 0x000000008df00000, 0x000000008df00000|100%| E|CS|TAMS 0x000000008de00000, 0x000000008de00000| Complete 
| 223|0x000000008df00000, 0x000000008e000000, 0x000000008e000000|100%| E|CS|TAMS 0x000000008df00000, 0x000000008df00000| Complete 
| 224|0x000000008e000000, 0x000000008e100000, 0x000000008e100000|100%| E|CS|TAMS 0x000000008e000000, 0x000000008e000000| Complete 
| 225|0x000000008e100000, 0x000000008e200000, 0x000000008e200000|100%| E|CS|TAMS 0x000000008e100000, 0x000000008e100000| Complete 
| 226|0x000000008e200000, 0x000000008e300000, 0x000000008e300000|100%| E|CS|TAMS 0x000000008e200000, 0x000000008e200000| Complete 
| 227|0x000000008e300000, 0x000000008e400000, 0x000000008e400000|100%| E|CS|TAMS 0x000000008e300000, 0x000000008e300000| Complete 
| 228|0x000000008e400000, 0x000000008e500000, 0x000000008e500000|100%| E|CS|TAMS 0x000000008e400000, 0x000000008e400000| Complete 
| 229|0x000000008e500000, 0x000000008e600000, 0x000000008e600000|100%| E|CS|TAMS 0x000000008e500000, 0x000000008e500000| Complete 
| 230|0x000000008e600000, 0x000000008e700000, 0x000000008e700000|100%| E|CS|TAMS 0x000000008e600000, 0x000000008e600000| Complete 
| 231|0x000000008e700000, 0x000000008e800000, 0x000000008e800000|100%| E|CS|TAMS 0x000000008e700000, 0x000000008e700000| Complete 
| 232|0x000000008e800000, 0x000000008e900000, 0x000000008e900000|100%| E|CS|TAMS 0x000000008e800000, 0x000000008e800000| Complete 
| 233|0x000000008e900000, 0x000000008ea00000, 0x000000008ea00000|100%| E|CS|TAMS 0x000000008e900000, 0x000000008e900000| Complete 
| 234|0x000000008ea00000, 0x000000008eb00000, 0x000000008eb00000|100%| E|CS|TAMS 0x000000008ea00000, 0x000000008ea00000| Complete 
| 235|0x000000008eb00000, 0x000000008ec00000, 0x000000008ec00000|100%| E|CS|TAMS 0x000000008eb00000, 0x000000008eb00000| Complete 
| 236|0x000000008ec00000, 0x000000008ed00000, 0x000000008ed00000|100%| E|CS|TAMS 0x000000008ec00000, 0x000000008ec00000| Complete 
| 237|0x000000008ed00000, 0x000000008ee00000, 0x000000008ee00000|100%| E|CS|TAMS 0x000000008ed00000, 0x000000008ed00000| Complete 
| 238|0x000000008ee00000, 0x000000008ef00000, 0x000000008ef00000|100%| E|CS|TAMS 0x000000008ee00000, 0x000000008ee00000| Complete 
| 239|0x000000008ef00000, 0x000000008f000000, 0x000000008f000000|100%| E|CS|TAMS 0x000000008ef00000, 0x000000008ef00000| Complete 
| 240|0x000000008f000000, 0x000000008f100000, 0x000000008f100000|100%| E|CS|TAMS 0x000000008f000000, 0x000000008f000000| Complete 
| 241|0x000000008f100000, 0x000000008f200000, 0x000000008f200000|100%| E|CS|TAMS 0x000000008f100000, 0x000000008f100000| Complete 
| 242|0x000000008f200000, 0x000000008f300000, 0x000000008f300000|100%| E|CS|TAMS 0x000000008f200000, 0x000000008f200000| Complete 
| 243|0x000000008f300000, 0x000000008f400000, 0x000000008f400000|100%| E|CS|TAMS 0x000000008f300000, 0x000000008f300000| Complete 
| 244|0x000000008f400000, 0x000000008f500000, 0x000000008f500000|100%| E|CS|TAMS 0x000000008f400000, 0x000000008f400000| Complete 
| 245|0x000000008f500000, 0x000000008f600000, 0x000000008f600000|100%| E|CS|TAMS 0x000000008f500000, 0x000000008f500000| Complete 
| 246|0x000000008f600000, 0x000000008f700000, 0x000000008f700000|100%| E|CS|TAMS 0x000000008f600000, 0x000000008f600000| Complete 
| 247|0x000000008f700000, 0x000000008f800000, 0x000000008f800000|100%| E|CS|TAMS 0x000000008f700000, 0x000000008f700000| Complete 
| 248|0x000000008f800000, 0x000000008f900000, 0x000000008f900000|100%| E|CS|TAMS 0x000000008f800000, 0x000000008f800000| Complete 
| 249|0x000000008f900000, 0x000000008fa00000, 0x000000008fa00000|100%| E|CS|TAMS 0x000000008f900000, 0x000000008f900000| Complete 
| 250|0x000000008fa00000, 0x000000008fb00000, 0x000000008fb00000|100%| E|CS|TAMS 0x000000008fa00000, 0x000000008fa00000| Complete 
| 251|0x000000008fb00000, 0x000000008fc00000, 0x000000008fc00000|100%| E|CS|TAMS 0x000000008fb00000, 0x000000008fb00000| Complete 
| 252|0x000000008fc00000, 0x000000008fd00000, 0x000000008fd00000|100%| E|CS|TAMS 0x000000008fc00000, 0x000000008fc00000| Complete 
| 253|0x000000008fd00000, 0x000000008fe00000, 0x000000008fe00000|100%| E|CS|TAMS 0x000000008fd00000, 0x000000008fd00000| Complete 
| 254|0x000000008fe00000, 0x000000008ff00000, 0x000000008ff00000|100%| E|CS|TAMS 0x000000008fe00000, 0x000000008fe00000| Complete 
| 255|0x000000008ff00000, 0x0000000090000000, 0x0000000090000000|100%| E|CS|TAMS 0x000000008ff00000, 0x000000008ff00000| Complete 

Card table byte_map: [0x0000023cb2d70000,0x0000023cb3170000] _byte_map_base: 0x0000023cb2970000

Marking Bits (Prev, Next): (CMBitMap*) 0x0000023c99016e90, (CMBitMap*) 0x0000023c99016e58
 Prev Bits: [0x0000023cb5570000, 0x0000023cb7570000)
 Next Bits: [0x0000023cb3570000, 0x0000023cb5570000)

Polling page: 0x0000023c990b0000

Metaspace:

Usage:
  Non-class:     69.18 MB capacity,    67.93 MB ( 98%) used,     1.02 MB (  1%) free+waste,   237.50 KB ( <1%) overhead. 
      Class:     10.92 MB capacity,    10.04 MB ( 92%) used,   788.95 KB (  7%) free+waste,   112.63 KB (  1%) overhead. 
       Both:     80.10 MB capacity,    77.97 MB ( 97%) used,     1.79 MB (  2%) free+waste,   350.13 KB ( <1%) overhead. 

Virtual space:
  Non-class space:       70.00 MB reserved,      69.21 MB ( 99%) committed 
      Class space:      504.00 MB reserved,      11.00 MB (  2%) committed 
             Both:      574.00 MB reserved,      80.21 MB ( 14%) committed 

Chunk freelists:
   Non-Class:  27.00 KB
       Class:  21.00 KB
        Both:  48.00 KB

MaxMetaspaceSize: 512.00 MB
CompressedClassSpaceSize: 504.00 MB
Initial GC threshold: 20.80 MB
Current GC threshold: 98.68 MB
CDS: off

CodeHeap 'non-profiled nmethods': size=120000Kb used=4940Kb max_used=4940Kb free=115059Kb
 bounds [0x0000023caa9e0000, 0x0000023caaec0000, 0x0000023cb1f10000]
CodeHeap 'profiled nmethods': size=120000Kb used=17793Kb max_used=17793Kb free=102206Kb
 bounds [0x0000023ca34b0000, 0x0000023ca4620000, 0x0000023caa9e0000]
CodeHeap 'non-nmethods': size=5760Kb used=2372Kb max_used=2421Kb free=3387Kb
 bounds [0x0000023ca2f10000, 0x0000023ca3180000, 0x0000023ca34b0000]
 total_blobs=9213 nmethods=8318 adapters=807
 compilation: enabled
              stopped_count=0, restarted_count=0
 full_count=0

Compilation events (20 events):
Event: 31.464 Thread 0x0000023cba901800 8297  s    3       java.io.ByteArrayInputStream::skip (43 bytes)
Event: 31.464 Thread 0x0000023cba901800 nmethod 8297 0x0000023ca45ebc10 code [0x0000023ca45ebdc0, 0x0000023ca45ec0d8]
Event: 31.464 Thread 0x0000023cba901800 8298       3       java.io.InputStream::read (9 bytes)
Event: 31.465 Thread 0x0000023cba901800 nmethod 8298 0x0000023ca45ec190 code [0x0000023ca45ec340, 0x0000023ca45ec508]
Event: 31.466 Thread 0x0000023cba901800 8299       3       java.lang.String::equalsIgnoreCase (45 bytes)
Event: 31.468 Thread 0x0000023cba901800 nmethod 8299 0x0000023ca45ec610 code [0x0000023ca45ec820, 0x0000023ca45ecd68]
Event: 31.471 Thread 0x0000023cc24b7800 nmethod 8287 0x0000023caaeada10 code [0x0000023caaeadbe0, 0x0000023caaeae308]
Event: 31.471 Thread 0x0000023cc24b7800 8290       4       java.util.jar.Attributes$Name::hash (148 bytes)
Event: 31.478 Thread 0x0000023cc24b7800 nmethod 8290 0x0000023caaeae810 code [0x0000023caaeae9c0, 0x0000023caaeaebe8]
Event: 31.478 Thread 0x0000023cc24b7800 8288   !   4       java.lang.StringCoding::decode (362 bytes)
Event: 31.482 Thread 0x0000023cba901800 8300       3       jdk.internal.misc.Unsafe::getCharUnaligned (12 bytes)
Event: 31.482 Thread 0x0000023cba901800 nmethod 8300 0x0000023ca45ecf90 code [0x0000023ca45ed140, 0x0000023ca45ed378]
Event: 31.483 Thread 0x0000023cba901800 8303       3       jdk.internal.misc.Unsafe::convEndian (16 bytes)
Event: 31.483 Thread 0x0000023cba901800 nmethod 8303 0x0000023ca45ed490 code [0x0000023ca45ed640, 0x0000023ca45ed7f8]
Event: 31.483 Thread 0x0000023cba901800 8304       3       java.nio.HeapByteBuffer::getChar (25 bytes)
Event: 31.483 Thread 0x0000023cba901800 nmethod 8304 0x0000023ca45ed890 code [0x0000023ca45eda80, 0x0000023ca45edee8]
Event: 31.484 Thread 0x0000023cba901800 8305       2       java.lang.Character::reverseBytes (14 bytes)
Event: 31.484 Thread 0x0000023cba901800 nmethod 8305 0x0000023ca45ee110 code [0x0000023ca45ee2c0, 0x0000023ca45ee3b8]
Event: 31.484 Thread 0x0000023cba901800 8301       3       jdk.internal.misc.Unsafe::getCharUnaligned (34 bytes)
Event: 31.484 Thread 0x0000023cba901800 nmethod 8301 0x0000023ca45ee490 code [0x0000023ca45ee660, 0x0000023ca45ee9f8]

GC Heap History (18 events):
Event: 1.961 GC heap before
{Heap before GC invocations=0 (full 0):
 garbage-first heap   total 262144K, used 29696K [0x0000000080000000, 0x0000000100000000)
  region size 1024K, 24 young (24576K), 0 survivors (0K)
 Metaspace       used 10064K, capacity 10328K, committed 10624K, reserved 526336K
  class space    used 1018K, capacity 1105K, committed 1152K, reserved 516096K
}
Event: 1.972 GC heap after
{Heap after GC invocations=1 (full 0):
 garbage-first heap   total 262144K, used 9568K [0x0000000080000000, 0x0000000100000000)
  region size 1024K, 3 young (3072K), 3 survivors (3072K)
 Metaspace       used 10064K, capacity 10328K, committed 10624K, reserved 526336K
  class space    used 1018K, capacity 1105K, committed 1152K, reserved 516096K
}
Event: 6.118 GC heap before
{Heap before GC invocations=1 (full 0):
 garbage-first heap   total 262144K, used 96608K [0x0000000080000000, 0x0000000100000000)
  region size 1024K, 87 young (89088K), 3 survivors (3072K)
 Metaspace       used 20035K, capacity 20499K, committed 20736K, reserved 534528K
  class space    used 2376K, capacity 2521K, committed 2560K, reserved 516096K
}
Event: 6.127 GC heap after
{Heap after GC invocations=2 (full 0):
 garbage-first heap   total 262144K, used 16865K [0x0000000080000000, 0x0000000100000000)
  region size 1024K, 11 young (11264K), 11 survivors (11264K)
 Metaspace       used 20035K, capacity 20499K, committed 20736K, reserved 534528K
  class space    used 2376K, capacity 2521K, committed 2560K, reserved 516096K
}
Event: 6.271 GC heap before
{Heap before GC invocations=2 (full 0):
 garbage-first heap   total 262144K, used 25057K [0x0000000080000000, 0x0000000100000000)
  region size 1024K, 20 young (20480K), 11 survivors (11264K)
 Metaspace       used 20631K, capacity 21131K, committed 21296K, reserved 536576K
  class space    used 2471K, capacity 2628K, committed 2688K, reserved 516096K
}
Event: 6.285 GC heap after
{Heap after GC invocations=3 (full 0):
 garbage-first heap   total 262144K, used 17739K [0x0000000080000000, 0x0000000100000000)
  region size 1024K, 1 young (1024K), 1 survivors (1024K)
 Metaspace       used 20631K, capacity 21131K, committed 21296K, reserved 536576K
  class space    used 2471K, capacity 2628K, committed 2688K, reserved 516096K
}
Event: 8.650 GC heap before
{Heap before GC invocations=4 (full 0):
 garbage-first heap   total 262144K, used 117067K [0x0000000080000000, 0x0000000100000000)
  region size 1024K, 98 young (100352K), 1 survivors (1024K)
 Metaspace       used 30125K, capacity 30890K, committed 31152K, reserved 544768K
  class space    used 3977K, capacity 4253K, committed 4352K, reserved 516096K
}
Event: 8.655 GC heap after
{Heap after GC invocations=5 (full 0):
 garbage-first heap   total 262144K, used 20301K [0x0000000080000000, 0x0000000100000000)
  region size 1024K, 4 young (4096K), 4 survivors (4096K)
 Metaspace       used 30125K, capacity 30890K, committed 31152K, reserved 544768K
  class space    used 3977K, capacity 4253K, committed 4352K, reserved 516096K
}
Event: 9.460 GC heap before
{Heap before GC invocations=5 (full 0):
 garbage-first heap   total 262144K, used 40781K [0x0000000080000000, 0x0000000100000000)
  region size 1024K, 25 young (25600K), 4 survivors (4096K)
 Metaspace       used 35058K, capacity 35791K, committed 35920K, reserved 548864K
  class space    used 4484K, capacity 4824K, committed 4864K, reserved 516096K
}
Event: 9.478 GC heap after
{Heap after GC invocations=6 (full 0):
 garbage-first heap   total 262144K, used 22494K [0x0000000080000000, 0x0000000100000000)
  region size 1024K, 6 young (6144K), 6 survivors (6144K)
 Metaspace       used 35058K, capacity 35791K, committed 35920K, reserved 548864K
  class space    used 4484K, capacity 4824K, committed 4864K, reserved 516096K
}
Event: 21.624 GC heap before
{Heap before GC invocations=7 (full 0):
 garbage-first heap   total 262144K, used 152542K [0x0000000080000000, 0x0000000100000000)
  region size 1024K, 130 young (133120K), 6 survivors (6144K)
 Metaspace       used 44683K, capacity 45942K, committed 46288K, reserved 557056K
  class space    used 5651K, capacity 6146K, committed 6272K, reserved 516096K
}
Event: 21.638 GC heap after
{Heap after GC invocations=8 (full 0):
 garbage-first heap   total 262144K, used 30734K [0x0000000080000000, 0x0000000100000000)
  region size 1024K, 14 young (14336K), 14 survivors (14336K)
 Metaspace       used 44683K, capacity 45942K, committed 46288K, reserved 557056K
  class space    used 5651K, capacity 6146K, committed 6272K, reserved 516096K
}
Event: 24.358 GC heap before
{Heap before GC invocations=8 (full 0):
 garbage-first heap   total 262144K, used 167950K [0x0000000080000000, 0x0000000100000000)
  region size 1024K, 145 young (148480K), 14 survivors (14336K)
 Metaspace       used 55281K, capacity 56857K, committed 57168K, reserved 567296K
  class space    used 7177K, capacity 7825K, committed 7936K, reserved 516096K
}
Event: 24.378 GC heap after
{Heap after GC invocations=9 (full 0):
 garbage-first heap   total 262144K, used 41223K [0x0000000080000000, 0x0000000100000000)
  region size 1024K, 15 young (15360K), 15 survivors (15360K)
 Metaspace       used 55281K, capacity 56857K, committed 57168K, reserved 567296K
  class space    used 7177K, capacity 7825K, committed 7936K, reserved 516096K
}
Event: 25.471 GC heap before
{Heap before GC invocations=9 (full 0):
 garbage-first heap   total 262144K, used 80135K [0x0000000080000000, 0x0000000100000000)
  region size 1024K, 54 young (55296K), 15 survivors (15360K)
 Metaspace       used 58526K, capacity 60187K, committed 60296K, reserved 569344K
  class space    used 7631K, capacity 8315K, committed 8320K, reserved 516096K
}
Event: 25.501 GC heap after
{Heap after GC invocations=10 (full 0):
 garbage-first heap   total 262144K, used 43076K [0x0000000080000000, 0x0000000100000000)
  region size 1024K, 9 young (9216K), 9 survivors (9216K)
 Metaspace       used 58526K, capacity 60187K, committed 60296K, reserved 569344K
  class space    used 7631K, capacity 8315K, committed 8320K, reserved 516096K
}
Event: 28.158 GC heap before
{Heap before GC invocations=11 (full 0):
 garbage-first heap   total 262144K, used 178244K [0x0000000080000000, 0x0000000100000000)
  region size 1024K, 141 young (144384K), 9 survivors (9216K)
 Metaspace       used 66834K, capacity 68890K, committed 68948K, reserved 577536K
  class space    used 8744K, capacity 9569K, committed 9600K, reserved 516096K
}
Event: 28.179 GC heap after
{Heap after GC invocations=12 (full 0):
 garbage-first heap   total 262144K, used 48594K [0x0000000080000000, 0x0000000100000000)
  region size 1024K, 14 young (14336K), 14 survivors (14336K)
 Metaspace       used 66834K, capacity 68890K, committed 68948K, reserved 577536K
  class space    used 8744K, capacity 9569K, committed 9600K, reserved 516096K
}

Deoptimization events (20 events):
Event: 31.334 Thread 0x0000023cbc402000 Uncommon trap: trap_request=0xffffff4d fr.pc=0x0000023caacd8be4 relative=0x0000000000000644
Event: 31.334 Thread 0x0000023cbc402000 Uncommon trap: reason=unstable_if action=reinterpret pc=0x0000023caacd8be4 method=java.util.jar.JarFile.maybeInstantiateVerifier()V @ 91 c2
Event: 31.334 Thread 0x0000023cbc402000 DEOPT PACKING pc=0x0000023caacd8be4 sp=0x0000008681df3c20
Event: 31.334 Thread 0x0000023cbc402000 DEOPT UNPACKING pc=0x0000023ca2f5a1af sp=0x0000008681df3a90 mode 2
Event: 31.347 Thread 0x0000023cbc402000 Uncommon trap: trap_request=0xffffff4d fr.pc=0x0000023caab54cfc relative=0x000000000000013c
Event: 31.347 Thread 0x0000023cbc402000 Uncommon trap: reason=unstable_if action=reinterpret pc=0x0000023caab54cfc method=java.lang.ThreadLocal.get()Ljava/lang/Object; @ 11 c2
Event: 31.347 Thread 0x0000023cbc402000 DEOPT PACKING pc=0x0000023caab54cfc sp=0x0000008681df3780
Event: 31.347 Thread 0x0000023cbc402000 DEOPT UNPACKING pc=0x0000023ca2f5a1af sp=0x0000008681df3730 mode 2
Event: 31.466 Thread 0x0000023cbc402000 Uncommon trap: trap_request=0xffffff4d fr.pc=0x0000023caab632dc relative=0x000000000000013c
Event: 31.466 Thread 0x0000023cbc402000 Uncommon trap: reason=unstable_if action=reinterpret pc=0x0000023caab632dc method=java.util.Arrays.hashCode([B)I @ 1 c2
Event: 31.466 Thread 0x0000023cbc402000 DEOPT PACKING pc=0x0000023caab632dc sp=0x0000008681df32c0
Event: 31.466 Thread 0x0000023cbc402000 DEOPT UNPACKING pc=0x0000023ca2f5a1af sp=0x0000008681df3238 mode 2
Event: 31.466 Thread 0x0000023cbc402000 Uncommon trap: trap_request=0xffffff4d fr.pc=0x0000023caac3aedc relative=0x000000000000049c
Event: 31.466 Thread 0x0000023cbc402000 Uncommon trap: reason=unstable_if action=reinterpret pc=0x0000023caac3aedc method=java.lang.StringLatin1.regionMatchesCI([BI[BII)Z @ 66 c2
Event: 31.466 Thread 0x0000023cbc402000 DEOPT PACKING pc=0x0000023caac3aedc sp=0x0000008681df32d0
Event: 31.466 Thread 0x0000023cbc402000 DEOPT UNPACKING pc=0x0000023ca2f5a1af sp=0x0000008681df3148 mode 2
Event: 31.485 Thread 0x0000023cbc402000 Uncommon trap: trap_request=0xffffff4d fr.pc=0x0000023caab62704 relative=0x0000000000000344
Event: 31.485 Thread 0x0000023cbc402000 Uncommon trap: reason=unstable_if action=reinterpret pc=0x0000023caab62704 method=java.lang.StringUTF16.compress([CII)[B @ 13 c2
Event: 31.485 Thread 0x0000023cbc402000 DEOPT PACKING pc=0x0000023caab62704 sp=0x0000008681df15e0
Event: 31.485 Thread 0x0000023cbc402000 DEOPT UNPACKING pc=0x0000023ca2f5a1af sp=0x0000008681df14a8 mode 2

Classes redefined (0 events):
No events

Internal exceptions (20 events):
Event: 29.660 Thread 0x0000023cbc402000 Exception <a 'java/security/PrivilegedActionException'{0x000000008bb53920}> (0x000000008bb53920) thrown at [./src/hotspot/share/prims/jvm.cpp, line 1306]
Event: 29.660 Thread 0x0000023cbc402000 Exception <a 'java/security/PrivilegedActionException'{0x000000008bb54e88}> (0x000000008bb54e88) thrown at [./src/hotspot/share/prims/jvm.cpp, line 1306]
Event: 29.660 Thread 0x0000023cbc402000 Exception <a 'java/security/PrivilegedActionException'{0x000000008bb58090}> (0x000000008bb58090) thrown at [./src/hotspot/share/prims/jvm.cpp, line 1306]
Event: 29.660 Thread 0x0000023cbc402000 Exception <a 'java/security/PrivilegedActionException'{0x000000008bb595f8}> (0x000000008bb595f8) thrown at [./src/hotspot/share/prims/jvm.cpp, line 1306]
Event: 29.661 Thread 0x0000023cbc402000 Exception <a 'java/security/PrivilegedActionException'{0x000000008bb5c770}> (0x000000008bb5c770) thrown at [./src/hotspot/share/prims/jvm.cpp, line 1306]
Event: 29.661 Thread 0x0000023cbc402000 Exception <a 'java/security/PrivilegedActionException'{0x000000008bb5dcd8}> (0x000000008bb5dcd8) thrown at [./src/hotspot/share/prims/jvm.cpp, line 1306]
Event: 29.687 Thread 0x0000023cbc402000 Exception <a 'java/security/PrivilegedActionException'{0x000000008ba4b470}> (0x000000008ba4b470) thrown at [./src/hotspot/share/prims/jvm.cpp, line 1306]
Event: 29.687 Thread 0x0000023cbc402000 Exception <a 'java/security/PrivilegedActionException'{0x000000008ba4c9d8}> (0x000000008ba4c9d8) thrown at [./src/hotspot/share/prims/jvm.cpp, line 1306]
Event: 29.688 Thread 0x0000023cbc402000 Exception <a 'java/security/PrivilegedActionException'{0x000000008ba4fb50}> (0x000000008ba4fb50) thrown at [./src/hotspot/share/prims/jvm.cpp, line 1306]
Event: 29.688 Thread 0x0000023cbc402000 Exception <a 'java/security/PrivilegedActionException'{0x000000008ba510b8}> (0x000000008ba510b8) thrown at [./src/hotspot/share/prims/jvm.cpp, line 1306]
Event: 29.688 Thread 0x0000023cbc402000 Exception <a 'java/security/PrivilegedActionException'{0x000000008ba542e8}> (0x000000008ba542e8) thrown at [./src/hotspot/share/prims/jvm.cpp, line 1306]
Event: 29.688 Thread 0x0000023cbc402000 Exception <a 'java/security/PrivilegedActionException'{0x000000008ba55850}> (0x000000008ba55850) thrown at [./src/hotspot/share/prims/jvm.cpp, line 1306]
Event: 29.689 Thread 0x0000023cbc402000 Exception <a 'java/security/PrivilegedActionException'{0x000000008ba589e0}> (0x000000008ba589e0) thrown at [./src/hotspot/share/prims/jvm.cpp, line 1306]
Event: 29.689 Thread 0x0000023cbc402000 Exception <a 'java/security/PrivilegedActionException'{0x000000008ba59f48}> (0x000000008ba59f48) thrown at [./src/hotspot/share/prims/jvm.cpp, line 1306]
Event: 29.689 Thread 0x0000023cbc402000 Exception <a 'java/security/PrivilegedActionException'{0x000000008ba5d118}> (0x000000008ba5d118) thrown at [./src/hotspot/share/prims/jvm.cpp, line 1306]
Event: 29.689 Thread 0x0000023cbc402000 Exception <a 'java/security/PrivilegedActionException'{0x000000008ba5e680}> (0x000000008ba5e680) thrown at [./src/hotspot/share/prims/jvm.cpp, line 1306]
Event: 29.690 Thread 0x0000023cbc402000 Exception <a 'java/security/PrivilegedActionException'{0x000000008ba618b0}> (0x000000008ba618b0) thrown at [./src/hotspot/share/prims/jvm.cpp, line 1306]
Event: 29.690 Thread 0x0000023cbc402000 Exception <a 'java/security/PrivilegedActionException'{0x000000008ba62e18}> (0x000000008ba62e18) thrown at [./src/hotspot/share/prims/jvm.cpp, line 1306]
Event: 31.347 Thread 0x0000023cbc402000 Implicit null exception at 0x0000023caab54c0b to 0x0000023caab54ce8
Event: 31.466 Thread 0x0000023cbc402000 Implicit null exception at 0x0000023caab631ac to 0x0000023caab632ce

Events (20 events):
Event: 31.482 loading class sun/text/normalizer/Trie2$UTrie2Header
Event: 31.482 loading class sun/text/normalizer/Trie2$UTrie2Header done
Event: 31.486 loading class sun/text/normalizer/Norm2AllModes$ComposeNormalizer2
Event: 31.486 loading class sun/text/normalizer/Norm2AllModes$Normalizer2WithImpl
Event: 31.486 loading class sun/text/normalizer/Norm2AllModes$Normalizer2WithImpl done
Event: 31.486 loading class sun/text/normalizer/Norm2AllModes$ComposeNormalizer2 done
Event: 31.486 loading class sun/text/normalizer/Norm2AllModes$DecomposeNormalizer2
Event: 31.487 loading class sun/text/normalizer/Norm2AllModes$DecomposeNormalizer2 done
Event: 31.487 loading class java/security/Signature
Event: 31.488 loading class java/security/SignatureSpi
Event: 31.488 loading class java/security/SignatureSpi done
Event: 31.488 loading class java/security/Signature done
Event: 31.488 loading class java/security/Signature$1
Event: 31.489 loading class jdk/internal/misc/JavaSecuritySignatureAccess
Event: 31.489 loading class jdk/internal/misc/JavaSecuritySignatureAccess done
Event: 31.489 loading class java/security/Signature$1 done
Event: 31.489 loading class sun/security/jca/ServiceId
Event: 31.489 loading class sun/security/jca/ServiceId done
Event: 31.489 loading class java/security/Signature$Delegate
Event: 31.489 loading class java/security/Signature$Delegate done


Dynamic libraries:
0x00007ff75ccf0000 - 0x00007ff75ccfd000 	C:\Program Files\Microsoft\jdk-11.0.16.101-hotspot\bin\java.exe
0x00007ffef78b0000 - 0x00007ffef7aa8000 	C:\WINDOWS\SYSTEM32\ntdll.dll
0x00007ffef7180000 - 0x00007ffef723f000 	C:\WINDOWS\System32\KERNEL32.DLL
0x00007ffef4fa0000 - 0x00007ffef5272000 	C:\WINDOWS\System32\KERNELBASE.dll
0x00007ffef57f0000 - 0x00007ffef58f0000 	C:\WINDOWS\System32\ucrtbase.dll
0x00007ffeedbe0000 - 0x00007ffeedbf5000 	C:\Program Files\Microsoft\jdk-11.0.16.101-hotspot\bin\VCRUNTIME140.dll
0x00007ffeedc00000 - 0x00007ffeedc17000 	C:\Program Files\Microsoft\jdk-11.0.16.101-hotspot\bin\jli.dll
0x00007ffef7280000 - 0x00007ffef7421000 	C:\WINDOWS\System32\USER32.dll
0x00007ffef53e0000 - 0x00007ffef5402000 	C:\WINDOWS\System32\win32u.dll
0x00007ffef7240000 - 0x00007ffef726b000 	C:\WINDOWS\System32\GDI32.dll
0x00007ffef52d0000 - 0x00007ffef53df000 	C:\WINDOWS\System32\gdi32full.dll
0x00007ffef5410000 - 0x00007ffef54ad000 	C:\WINDOWS\System32\msvcp_win.dll
0x00007ffee2200000 - 0x00007ffee249a000 	C:\WINDOWS\WinSxS\amd64_microsoft.windows.common-controls_6595b64144ccf1df_6.0.19041.1110_none_60b5254171f9507e\COMCTL32.dll
0x00007ffef6cf0000 - 0x00007ffef6d8e000 	C:\WINDOWS\System32\msvcrt.dll
0x00007ffef6370000 - 0x00007ffef63a2000 	C:\WINDOWS\System32\IMM32.DLL
0x00007ffee5070000 - 0x00007ffee510b000 	C:\Program Files\Microsoft\jdk-11.0.16.101-hotspot\bin\msvcp140.dll
0x00007ffeb57a0000 - 0x00007ffeb632a000 	C:\Program Files\Microsoft\jdk-11.0.16.101-hotspot\bin\server\jvm.dll
0x00007ffef77c0000 - 0x00007ffef786e000 	C:\WINDOWS\System32\ADVAPI32.dll
0x00007ffef6d90000 - 0x00007ffef6e2c000 	C:\WINDOWS\System32\sechost.dll
0x00007ffef7050000 - 0x00007ffef7175000 	C:\WINDOWS\System32\RPCRT4.dll
0x00007ffef7270000 - 0x00007ffef7278000 	C:\WINDOWS\System32\PSAPI.DLL
0x00007ffea77e0000 - 0x00007ffea77e9000 	C:\WINDOWS\SYSTEM32\WSOCK32.dll
0x00007ffef6e30000 - 0x00007ffef6e9b000 	C:\WINDOWS\System32\WS2_32.dll
0x00007ffee47f0000 - 0x00007ffee4817000 	C:\WINDOWS\SYSTEM32\WINMM.dll
0x00007ffeec9c0000 - 0x00007ffeec9ca000 	C:\WINDOWS\SYSTEM32\VERSION.dll
0x00007ffef3840000 - 0x00007ffef3852000 	C:\WINDOWS\SYSTEM32\kernel.appcore.dll
0x00007ffee5480000 - 0x00007ffee5490000 	C:\Program Files\Microsoft\jdk-11.0.16.101-hotspot\bin\verify.dll
0x00007ffeea200000 - 0x00007ffeea3e4000 	C:\WINDOWS\SYSTEM32\DBGHELP.DLL
0x00007ffedfda0000 - 0x00007ffedfdd5000 	C:\WINDOWS\SYSTEM32\dbgcore.DLL
0x00007ffef54b0000 - 0x00007ffef5532000 	C:\WINDOWS\System32\bcryptPrimitives.dll
0x00007ffee5450000 - 0x00007ffee5478000 	C:\Program Files\Microsoft\jdk-11.0.16.101-hotspot\bin\java.dll
0x00007ffee5440000 - 0x00007ffee544a000 	C:\Program Files\Microsoft\jdk-11.0.16.101-hotspot\bin\jimage.dll
0x00007ffee5050000 - 0x00007ffee5068000 	C:\Program Files\Microsoft\jdk-11.0.16.101-hotspot\bin\zip.dll
0x00007ffef63b0000 - 0x00007ffef6af4000 	C:\WINDOWS\System32\SHELL32.dll
0x00007ffef2fd0000 - 0x00007ffef3762000 	C:\WINDOWS\SYSTEM32\windows.storage.dll
0x00007ffef5980000 - 0x00007ffef5cd5000 	C:\WINDOWS\System32\combase.dll
0x00007ffef4a00000 - 0x00007ffef4a30000 	C:\WINDOWS\SYSTEM32\Wldp.dll
0x00007ffef7440000 - 0x00007ffef74ed000 	C:\WINDOWS\System32\SHCORE.dll
0x00007ffef6b60000 - 0x00007ffef6bb5000 	C:\WINDOWS\System32\shlwapi.dll
0x00007ffef4ee0000 - 0x00007ffef4eff000 	C:\WINDOWS\SYSTEM32\profapi.dll
0x00007ffee4ee0000 - 0x00007ffee4ef9000 	C:\Program Files\Microsoft\jdk-11.0.16.101-hotspot\bin\net.dll
0x00007ffeead20000 - 0x00007ffeeae2c000 	C:\WINDOWS\SYSTEM32\WINHTTP.dll
0x00007ffef4760000 - 0x00007ffef47ca000 	C:\WINDOWS\system32\mswsock.dll
0x00007ffee4ec0000 - 0x00007ffee4ed3000 	C:\Program Files\Microsoft\jdk-11.0.16.101-hotspot\bin\nio.dll
0x00007ffee4e90000 - 0x00007ffee4eb7000 	C:\Users\Andrea\.gradle\native\e1d6ef7f7dcc3fd88c89a11ec53ec762bb8ba0a96d01ffa2cd45eb1d1d8dd5c5\windows-amd64\native-platform.dll
0x00007ffed31f0000 - 0x00007ffed3334000 	C:\Users\Andrea\.gradle\native\0d407fdbe67a94daf76414ababcb853783967236a71b16ec16e742cd7a986fd3\windows-amd64\native-platform-file-events.dll
0x00007ffee4e70000 - 0x00007ffee4e79000 	C:\Program Files\Microsoft\jdk-11.0.16.101-hotspot\bin\management.dll
0x00007ffee4e60000 - 0x00007ffee4e6b000 	C:\Program Files\Microsoft\jdk-11.0.16.101-hotspot\bin\management_ext.dll
0x00007ffef4960000 - 0x00007ffef4978000 	C:\WINDOWS\SYSTEM32\CRYPTSP.dll
0x00007ffef4010000 - 0x00007ffef4044000 	C:\WINDOWS\system32\rsaenh.dll
0x00007ffef55b0000 - 0x00007ffef55d7000 	C:\WINDOWS\System32\bcrypt.dll
0x00007ffef4e60000 - 0x00007ffef4e8e000 	C:\WINDOWS\SYSTEM32\USERENV.dll
0x00007ffef4950000 - 0x00007ffef495c000 	C:\WINDOWS\SYSTEM32\CRYPTBASE.dll
0x00007ffef4400000 - 0x00007ffef443b000 	C:\WINDOWS\SYSTEM32\IPHLPAPI.DLL
0x00007ffef5ce0000 - 0x00007ffef5ce8000 	C:\WINDOWS\System32\NSI.dll
0x00007ffeec590000 - 0x00007ffeec5a7000 	C:\WINDOWS\SYSTEM32\dhcpcsvc6.DLL
0x00007ffeec830000 - 0x00007ffeec84d000 	C:\WINDOWS\SYSTEM32\dhcpcsvc.DLL
0x00007ffef4450000 - 0x00007ffef451a000 	C:\WINDOWS\SYSTEM32\DNSAPI.dll

dbghelp: loaded successfully - version: 4.0.5 - missing functions: none
symbol engine: initialized successfully - sym options: 0x614 - pdb path: .;C:\Program Files\Microsoft\jdk-11.0.16.101-hotspot\bin;C:\WINDOWS\SYSTEM32;C:\WINDOWS\WinSxS\amd64_microsoft.windows.common-controls_6595b64144ccf1df_6.0.19041.1110_none_60b5254171f9507e;C:\Program Files\Microsoft\jdk-11.0.16.101-hotspot\bin\server;C:\Users\Andrea\.gradle\native\e1d6ef7f7dcc3fd88c89a11ec53ec762bb8ba0a96d01ffa2cd45eb1d1d8dd5c5\windows-amd64;C:\Users\Andrea\.gradle\native\0d407fdbe67a94daf76414ababcb853783967236a71b16ec16e742cd7a986fd3\windows-amd64

VM Arguments:
jvm_args: -XX:MaxMetaspaceSize=512m --add-opens=java.base/java.util=ALL-UNNAMED --add-opens=java.base/java.lang=ALL-UNNAMED --add-opens=java.base/java.lang.invoke=ALL-UNNAMED --add-opens=java.base/java.util=ALL-UNNAMED --add-opens=java.prefs/java.util.prefs=ALL-UNNAMED --add-opens=java.prefs/java.util.prefs=ALL-UNNAMED --add-opens=java.base/java.nio.charset=ALL-UNNAMED --add-opens=java.base/java.net=ALL-UNNAMED --add-opens=java.base/java.util.concurrent.atomic=ALL-UNNAMED -Xmx2048m -Dfile.encoding=windows-1252 -Duser.country=IT -Duser.language=it -Duser.variant 
java_command: org.gradle.launcher.daemon.bootstrap.GradleDaemon 7.5.1
java_class_path (initial): C:\Users\Andrea\.gradle\wrapper\dists\gradle-7.5.1-all\1ehga6e77gqps5uk2kc5kf1vc\gradle-7.5.1\lib\gradle-launcher-7.5.1.jar
Launcher Type: SUN_STANDARD

[Global flags]
     intx CICompilerCount                          = 4                                         {product} {ergonomic}
   size_t CompressedClassSpaceSize                 = 528482304                                 {product} {ergonomic}
     uint ConcGCThreads                            = 2                                         {product} {ergonomic}
     uint G1ConcRefinementThreads                  = 8                                         {product} {ergonomic}
   size_t G1HeapRegionSize                         = 1048576                                   {product} {ergonomic}
    uintx GCDrainStackTargetSize                   = 64                                        {product} {ergonomic}
   size_t InitialHeapSize                          = 268435456                                 {product} {ergonomic}
   size_t MarkStackSize                            = 4194304                                   {product} {ergonomic}
   size_t MaxHeapSize                              = 2147483648                                {product} {command line}
   size_t MaxMetaspaceSize                         = 536870912                                 {product} {command line}
   size_t MaxNewSize                               = 1287651328                                {product} {ergonomic}
   size_t MinHeapDeltaBytes                        = 1048576                                   {product} {ergonomic}
    uintx NonNMethodCodeHeapSize                   = 5836300                                {pd product} {ergonomic}
    uintx NonProfiledCodeHeapSize                  = 122910970                              {pd product} {ergonomic}
    uintx ProfiledCodeHeapSize                     = 122910970                              {pd product} {ergonomic}
    uintx ReservedCodeCacheSize                    = 251658240                              {pd product} {ergonomic}
     bool SegmentedCodeCache                       = true                                      {product} {ergonomic}
     bool UseCompressedClassPointers               = true                                 {lp64_product} {ergonomic}
     bool UseCompressedOops                        = true                                 {lp64_product} {ergonomic}
     bool UseG1GC                                  = true                                      {product} {ergonomic}
     bool UseLargePagesIndividualAllocation        = false                                  {pd product} {ergonomic}

Logging:
Log output configuration:
 #0: stdout all=warning uptime,level,tags
 #1: stderr all=off uptime,level,tags

Environment Variables:
JAVA_HOME=C:\Program Files\Microsoft\jdk-11.0.16.101-hotspot\
CLASSPATH=C:\Users\Andrea\Desktop\AppAlternanza\AppAlessio\android\\gradle\wrapper\gradle-wrapper.jar
PATH=C:\Users\Andrea\Desktop\AppAlternanza\AppAlessio\android\node_modules\.bin;C:\Users\Andrea\Desktop\AppAlternanza\AppAlessio\node_modules\.bin;C:\Users\Andrea\Desktop\AppAlternanza\node_modules\.bin;C:\Users\Andrea\Desktop\node_modules\.bin;C:\Users\Andrea\node_modules\.bin;C:\Users\node_modules\.bin;C:\node_modules\.bin;C:\Program Files\nodejs;C:\Users\Andrea\Desktop\AppAlternanza\AppAlessio\node_modules\.bin;C:\Users\Andrea\Desktop\AppAlternanza\AppAlessio\node_modules\.bin;C:\Users\Andrea\Desktop\AppAlternanza\node_modules\.bin;C:\Users\Andrea\Desktop\node_modules\.bin;C:\Users\Andrea\node_modules\.bin;C:\Users\node_modules\.bin;C:\node_modules\.bin;C:\Users\Andrea\AppData\Roaming\npm\node_modules\npm\node_modules\@npmcli\run-script\lib\node-gyp-bin;C:\Program Files\Microsoft\jdk-11.0.16.101-hotspot\bin;C:\Program Files\Common Files\Oracle\Java\javapath;C:\Qt\5.11.1\msvc2017_64\bin;C:\Program Files (x86)\Intel\iCLS Client\;C:\Program Files\Intel\iCLS Client\;C:\WINDOWS\system32;C:\WINDOWS;C:\WINDOWS\System32\Wbem;C:\WINDOWS\System32\WindowsPowerShell\v1.0\;C:\Program Files\Intel\Intel(R) Management Engine Components\DAL;C:\Program Files\Intel\Intel(R) Management Engine Components\IPT;C:\Program Files (x86)\Intel\Intel(R) Management Engine Components\DAL;C:\Program Files (x86)\Intel\Intel(R) Management Engine Components\IPT;C:\adb;C:\Program Files (x86)\NVIDIA Corporation\PhysX\Common;C:\WINDOWS\System32\OpenSSH\;C:\Program Files\NVIDIA Corporation\NVIDIA NvDLISR;C:\WINDOWS\system32;C:\WINDOWS;C:\WINDOWS\System32\Wbem;C:\WINDOWS\System32\WindowsPowerShell\v1.0\;C:\WINDOWS\System32\OpenSSH\;C:\Program Files\nodejs\;C:\Program Files\Microsoft SQL Server\150\Tools\Binn\;C:\Program Files\Microsoft SQL Server\Client SDK\ODBC\170\Tools\Binn\;C:\Program Files\dotnet\;C:\ProgramData\chocolatey\bin;C:\Program Files\Git\cmd;C:\Users\Andrea\AppData\Local\Android\Sdk\tools;C:\Users\Andrea\AppData\Local\Microsoft\WindowsApps;C:\Users\Andrea\AppData\Local\Microsoft\WindowsApps
USERNAME=Andrea
LANG=en_US.UTF-8
OS=Windows_NT
PROCESSOR_IDENTIFIER=Intel64 Family 6 Model 60 Stepping 3, GenuineIntel
TMP=C:\Users\Andrea\AppData\Local\Temp
TEMP=C:\Users\Andrea\AppData\Local\Temp



---------------  S Y S T E M  ---------------

OS: Windows 10 , 64 bit Build 19041 (10.0.19041.2364)
OS uptime: 0 days 16:13 hours

CPU:total 8 (initial active 8) (4 cores per cpu, 2 threads per core) family 6 model 60 stepping 3 microcode 0x27, cmov, cx8, fxsr, mmx, sse, sse2, sse3, ssse3, sse4.1, sse4.2, popcnt, avx, avx2, aes, clmul, erms, lzcnt, ht, tsc, tscinvbit, bmi1, bmi2, fma

Memory: 4k page, system-wide physical 16267M (2492M free)
TotalPageFile size 17291M (AvailPageFile size 8M)
current process WorkingSet (physical memory assigned to process): 447M, peak: 449M
current process commit charge ("private bytes"): 553M, peak: 555M

vm_info: OpenJDK 64-Bit Server VM (11.0.16.1+1-LTS) for windows-amd64 JRE (11.0.16.1+1-LTS), built on Aug 20 2022 20:09:04 by "" with MS VC++ 15.9 (VS2017)

END.
