#
# There is insufficient memory for the Java Runtime Environment to continue.
# Native memory allocation (mmap) failed to map 67108864 bytes for Failed to commit area from 0x00000000fc000000 to 0x0000000100000000 of length 67108864.
# Possible reasons:
#   The system is out of physical RAM or swap space
#   The process is running with CompressedOops enabled, and the Java Heap may be blocking the growth of the native heap
# Possible solutions:
#   Reduce memory load on the system
#   Increase physical memory or swap space
#   Check if swap backing store is full
#   Decrease Java heap size (-Xmx/-Xms)
#   Decrease number of Java threads
#   Decrease Java thread stack sizes (-Xss)
#   Set larger code cache with -XX:ReservedCodeCacheSize=
# This output file may be truncated or incomplete.
#
#  Out of Memory Error (./src/hotspot/os/windows/os_windows.cpp:3386), pid=7724, tid=17952
#
# JRE version:  (11.0.16.1+1) (build )
# Java VM: OpenJDK 64-Bit Server VM (11.0.16.1+1-LTS, mixed mode, sharing, tiered, compressed oops, g1 gc, windows-amd64)
# No core dump will be written. Minidumps are not enabled by default on client versions of Windows
#

---------------  S U M M A R Y ------------

Command Line: -Xmx64m -Xms64m -Dorg.gradle.appname=gradlew org.gradle.wrapper.GradleWrapperMain app:installDebug -PreactNativeDevServerPort=8081

Host: Intel(R) Core(TM) i7-4720HQ CPU @ 2.60GHz, 8 cores, 15G,  Windows 10 , 64 bit Build 19041 (10.0.19041.2364)
Time: Tue Jan 24 11:34:58 2023 ora solare Europa occidentale elapsed time: 0.018749 seconds (0d 0h 0m 0s)

---------------  T H R E A D  ---------------

Current thread (0x0000022552542800):  JavaThread "Unknown thread" [_thread_in_vm, id=17952, stack(0x000000d2d8c00000,0x000000d2d8d00000)]

Stack: [0x000000d2d8c00000,0x000000d2d8d00000]
Native frames: (J=compiled Java code, j=interpreted, Vv=VM code, C=native code)
V  [jvm.dll+0x62652a]
V  [jvm.dll+0x7b3249]
V  [jvm.dll+0x7b4938]
V  [jvm.dll+0x7b5013]
V  [jvm.dll+0x24fca8]
V  [jvm.dll+0x62383a]
V  [jvm.dll+0x617fe5]
V  [jvm.dll+0x307bac]
V  [jvm.dll+0x307a32]
V  [jvm.dll+0x30c746]
V  [jvm.dll+0x352b9f]
V  [jvm.dll+0x3525d0]
V  [jvm.dll+0x2e4ba8]
V  [jvm.dll+0x2e5d06]
V  [jvm.dll+0x78d097]
V  [jvm.dll+0x78e81f]
V  [jvm.dll+0x35f8e9]
V  [jvm.dll+0x770000]
V  [jvm.dll+0x3cd40f]
V  [jvm.dll+0x3cf7a1]
C  [jli.dll+0x5207]
C  [ucrtbase.dll+0x21bb2]
C  [KERNEL32.DLL+0x17614]
C  [ntdll.dll+0x526a1]


---------------  P R O C E S S  ---------------

Threads class SMR info:
_java_thread_list=0x00000225522c6d80, length=0, elements={
}

Java Threads: ( => current thread )

Other Threads:
  0x000002255255b000 GCTaskThread "GC Thread#0" [stack: 0x000000d2d8d00000,0x000000d2d8e00000] [id=5432]
  0x0000022552564800 ConcurrentGCThread "G1 Main Marker" [stack: 0x000000d2d8e00000,0x000000d2d8f00000] [id=14920]
  0x0000022552565800 ConcurrentGCThread "G1 Conc#0" [stack: 0x000000d2d8f00000,0x000000d2d9000000] [id=19260]

[error occurred during error reporting (printing all threads), id 0xc0000005, EXCEPTION_ACCESS_VIOLATION (0xc0000005) at pc=0x00007ffdf6674377]

VM state:not at safepoint (not fully initialized)

VM Mutex/Monitor currently owned by a thread:  ([mutex/lock_event])
[0x000002255253e010] Heap_lock - owner thread: 0x0000022552542800

Heap address: 0x00000000fc000000, size: 64 MB, Compressed Oops mode: Non-zero based: 0x00000000fc000000
Narrow klass base: 0x0000000000000000, Narrow klass shift: 0

GC Heap History (0 events):
No events

Deoptimization events (0 events):
No events

Classes redefined (0 events):
No events

Internal exceptions (0 events):
No events

Events (1 events):
Event: 0.011 Loaded shared library C:\Program Files\Microsoft\jdk-11.0.16.101-hotspot\bin\zip.dll


Dynamic libraries:
0x00007ff7a0f10000 - 0x00007ff7a0f1d000 	C:\Program Files\Microsoft\jdk-11.0.16.101-hotspot\bin\java.exe
0x00007ffe70330000 - 0x00007ffe70528000 	C:\WINDOWS\SYSTEM32\ntdll.dll
0x00007ffe6ec70000 - 0x00007ffe6ed2f000 	C:\WINDOWS\System32\KERNEL32.DLL
0x00007ffe6dcb0000 - 0x00007ffe6df82000 	C:\WINDOWS\System32\KERNELBASE.dll
0x00007ffe6e020000 - 0x00007ffe6e120000 	C:\WINDOWS\System32\ucrtbase.dll
0x00007ffe43b90000 - 0x00007ffe43ba5000 	C:\Program Files\Microsoft\jdk-11.0.16.101-hotspot\bin\VCRUNTIME140.dll
0x00007ffe43a70000 - 0x00007ffe43a87000 	C:\Program Files\Microsoft\jdk-11.0.16.101-hotspot\bin\jli.dll
0x00007ffe6eac0000 - 0x00007ffe6ec61000 	C:\WINDOWS\System32\USER32.dll
0x00007ffe5aa70000 - 0x00007ffe5ad0a000 	C:\WINDOWS\WinSxS\amd64_microsoft.windows.common-controls_6595b64144ccf1df_6.0.19041.1110_none_60b5254171f9507e\COMCTL32.dll
0x00007ffe6dc80000 - 0x00007ffe6dca2000 	C:\WINDOWS\System32\win32u.dll
0x00007ffe6e7f0000 - 0x00007ffe6e88e000 	C:\WINDOWS\System32\msvcrt.dll
0x00007ffe6e890000 - 0x00007ffe6e8bb000 	C:\WINDOWS\System32\GDI32.dll
0x00007ffe6e1c0000 - 0x00007ffe6e2cf000 	C:\WINDOWS\System32\gdi32full.dll
0x00007ffe6e120000 - 0x00007ffe6e1bd000 	C:\WINDOWS\System32\msvcp_win.dll
0x00007ffe701f0000 - 0x00007ffe70222000 	C:\WINDOWS\System32\IMM32.DLL
0x00007ffe1a030000 - 0x00007ffe1a0cb000 	C:\Program Files\Microsoft\jdk-11.0.16.101-hotspot\bin\msvcp140.dll
0x00007ffdf6380000 - 0x00007ffdf6f0a000 	C:\Program Files\Microsoft\jdk-11.0.16.101-hotspot\bin\server\jvm.dll
0x00007ffe6e8c0000 - 0x00007ffe6e96e000 	C:\WINDOWS\System32\ADVAPI32.dll
0x00007ffe6ee60000 - 0x00007ffe6eefc000 	C:\WINDOWS\System32\sechost.dll
0x00007ffe6f970000 - 0x00007ffe6fa95000 	C:\WINDOWS\System32\RPCRT4.dll
0x00007ffe6ea20000 - 0x00007ffe6ea28000 	C:\WINDOWS\System32\PSAPI.DLL
0x00007ffe440a0000 - 0x00007ffe440a9000 	C:\WINDOWS\SYSTEM32\WSOCK32.dll
0x00007ffe6f7f0000 - 0x00007ffe6f85b000 	C:\WINDOWS\System32\WS2_32.dll
0x00007ffe5ccb0000 - 0x00007ffe5ccd7000 	C:\WINDOWS\SYSTEM32\WINMM.dll
0x00007ffe65210000 - 0x00007ffe6521a000 	C:\WINDOWS\SYSTEM32\VERSION.dll
0x00007ffe6c2a0000 - 0x00007ffe6c2b2000 	C:\WINDOWS\SYSTEM32\kernel.appcore.dll
0x00007ffe43b80000 - 0x00007ffe43b90000 	C:\Program Files\Microsoft\jdk-11.0.16.101-hotspot\bin\verify.dll
0x00007ffe63570000 - 0x00007ffe63754000 	C:\WINDOWS\SYSTEM32\DBGHELP.DLL
0x00007ffe57cd0000 - 0x00007ffe57d05000 	C:\WINDOWS\SYSTEM32\dbgcore.DLL
0x00007ffe6df90000 - 0x00007ffe6e012000 	C:\WINDOWS\System32\bcryptPrimitives.dll
0x00007ffe410f0000 - 0x00007ffe41118000 	C:\Program Files\Microsoft\jdk-11.0.16.101-hotspot\bin\java.dll
0x00007ffe43a60000 - 0x00007ffe43a6a000 	C:\Program Files\Microsoft\jdk-11.0.16.101-hotspot\bin\jimage.dll
0x00007ffe410d0000 - 0x00007ffe410e8000 	C:\Program Files\Microsoft\jdk-11.0.16.101-hotspot\bin\zip.dll

dbghelp: loaded successfully - version: 4.0.5 - missing functions: none
symbol engine: initialized successfully - sym options: 0x614 - pdb path: .;C:\Program Files\Microsoft\jdk-11.0.16.101-hotspot\bin;C:\WINDOWS\SYSTEM32;C:\WINDOWS\WinSxS\amd64_microsoft.windows.common-controls_6595b64144ccf1df_6.0.19041.1110_none_60b5254171f9507e;C:\Program Files\Microsoft\jdk-11.0.16.101-hotspot\bin\server

VM Arguments:
jvm_args: -Xmx64m -Xms64m -Dorg.gradle.appname=gradlew 
java_command: org.gradle.wrapper.GradleWrapperMain app:installDebug -PreactNativeDevServerPort=8081
java_class_path (initial): C:\Users\Andrea\Desktop\AppAlessio\android\\gradle\wrapper\gradle-wrapper.jar
Launcher Type: SUN_STANDARD

[Global flags]
     intx CICompilerCount                          = 4                                         {product} {ergonomic}
     uint ConcGCThreads                            = 2                                         {product} {ergonomic}
     uint G1ConcRefinementThreads                  = 8                                         {product} {ergonomic}
   size_t G1HeapRegionSize                         = 1048576                                   {product} {ergonomic}
    uintx GCDrainStackTargetSize                   = 64                                        {product} {ergonomic}
   size_t InitialHeapSize                          = 67108864                                  {product} {command line}
   size_t MarkStackSize                            = 4194304                                   {product} {ergonomic}
   size_t MaxHeapSize                              = 67108864                                  {product} {command line}
   size_t MinHeapDeltaBytes                        = 1048576                                   {product} {ergonomic}
    uintx NonNMethodCodeHeapSize                   = 5836300                                {pd product} {ergonomic}
    uintx NonProfiledCodeHeapSize                  = 122910970                              {pd product} {ergonomic}
    uintx ProfiledCodeHeapSize                     = 122910970                              {pd product} {ergonomic}
    uintx ReservedCodeCacheSize                    = 251658240                              {pd product} {ergonomic}
     bool SegmentedCodeCache                       = true                                      {product} {ergonomic}
     bool UseCompressedClassPointers               = true                                 {lp64_product} {ergonomic}
     bool UseCompressedOops                        = true                                 {lp64_product} {ergonomic}
     bool UseG1GC                                  = true                                      {product} {ergonomic}
     bool UseLargePagesIndividualAllocation        = false                                  {pd product} {ergonomic}

Logging:
Log output configuration:
 #0: stdout all=warning uptime,level,tags
 #1: stderr all=off uptime,level,tags

Environment Variables:
JAVA_HOME=C:\Program Files\Microsoft\jdk-11.0.16.101-hotspot\
CLASSPATH=C:\Users\Andrea\Desktop\AppAlessio\android\\gradle\wrapper\gradle-wrapper.jar
PATH=C:\Users\Andrea\Desktop\AppAlessio\android\node_modules\.bin;C:\Users\Andrea\Desktop\AppAlessio\node_modules\.bin;C:\Users\Andrea\Desktop\node_modules\.bin;C:\Users\Andrea\node_modules\.bin;C:\Users\node_modules\.bin;C:\node_modules\.bin;C:\Program Files\nodejs;C:\Users\Andrea\Desktop\AppAlessio\node_modules\.bin;C:\Users\Andrea\Desktop\AppAlessio\node_modules\.bin;C:\Users\Andrea\Desktop\node_modules\.bin;C:\Users\Andrea\node_modules\.bin;C:\Users\node_modules\.bin;C:\node_modules\.bin;C:\Users\Andrea\AppData\Roaming\npm\node_modules\npm\node_modules\@npmcli\run-script\lib\node-gyp-bin;C:\Program Files\Microsoft\jdk-11.0.16.101-hotspot\bin;C:\Program Files\Common Files\Oracle\Java\javapath;C:\Qt\5.11.1\msvc2017_64\bin;C:\Program Files (x86)\Intel\iCLS Client\;C:\Program Files\Intel\iCLS Client\;C:\WINDOWS\system32;C:\WINDOWS;C:\WINDOWS\System32\Wbem;C:\WINDOWS\System32\WindowsPowerShell\v1.0\;C:\Program Files\Intel\Intel(R) Management Engine Components\DAL;C:\Program Files\Intel\Intel(R) Management Engine Components\IPT;C:\Program Files (x86)\Intel\Intel(R) Management Engine Components\DAL;C:\Program Files (x86)\Intel\Intel(R) Management Engine Components\IPT;C:\adb;C:\Program Files (x86)\NVIDIA Corporation\PhysX\Common;C:\WINDOWS\System32\OpenSSH\;C:\Program Files\NVIDIA Corporation\NVIDIA NvDLISR;C:\WINDOWS\system32;C:\WINDOWS;C:\WINDOWS\System32\Wbem;C:\WINDOWS\System32\WindowsPowerShell\v1.0\;C:\WINDOWS\System32\OpenSSH\;C:\Program Files\nodejs\;C:\Program Files\Microsoft SQL Server\150\Tools\Binn\;C:\Program Files\Microsoft SQL Server\Client SDK\ODBC\170\Tools\Binn\;C:\Program Files\dotnet\;C:\ProgramData\chocolatey\bin;C:\Program Files\Git\cmd;C:\Users\Andrea\AppData\Local\Microsoft\WindowsApps;C:\Users\Andrea\AppData\Local\Microsoft\WindowsApps;C:\Users\Andrea\.dotnet\tools;C:\Users\Andrea\AppData\Local\GitHubDesktop\bin;C:\Users\Andrea\AppData\Local\Programs\Microsoft VS Code\bin;C:\Users\Andrea\AppData\Roaming\npm;C:\Users\Andrea\AppData\Local\Android\Sd
USERNAME=Andrea
LANG=en_US.UTF-8
OS=Windows_NT
PROCESSOR_IDENTIFIER=Intel64 Family 6 Model 60 Stepping 3, GenuineIntel
TMP=C:\Users\Andrea\AppData\Local\Temp
TEMP=C:\Users\Andrea\AppData\Local\Temp



---------------  S Y S T E M  ---------------

OS: Windows 10 , 64 bit Build 19041 (10.0.19041.2364)
OS uptime: 0 days 1:29 hours

CPU:total 8 (initial active 8) (4 cores per cpu, 2 threads per core) family 6 model 60 stepping 3 microcode 0x27, cmov, cx8, fxsr, mmx, sse, sse2, sse3, ssse3, sse4.1, sse4.2, popcnt, avx, avx2, aes, clmul, erms, lzcnt, ht, tsc, tscinvbit, bmi1, bmi2, fma

Memory: 4k page, system-wide physical 16267M (4236M free)
TotalPageFile size 17291M (AvailPageFile size 11M)
current process WorkingSet (physical memory assigned to process): 9M, peak: 9M
current process commit charge ("private bytes"): 59M, peak: 123M

vm_info: OpenJDK 64-Bit Server VM (11.0.16.1+1-LTS) for windows-amd64 JRE (11.0.16.1+1-LTS), built on Aug 20 2022 20:09:04 by "" with MS VC++ 15.9 (VS2017)

END.
